{"C:\\Users\\Emmanuel\\Desktop\\New folder (2)\\HelloBooks\\server\\runtest\\test.js":{"path":"C:\\Users\\Emmanuel\\Desktop\\New folder (2)\\HelloBooks\\server\\runtest\\test.js","statementMap":{"0":{"start":{"line":3,"column":12},"end":{"line":3,"column":27}},"1":{"start":{"line":5,"column":13},"end":{"line":5,"column":42}},"2":{"start":{"line":7,"column":17},"end":{"line":7,"column":37}},"3":{"start":{"line":9,"column":18},"end":{"line":9,"column":52}},"4":{"start":{"line":11,"column":13},"end":{"line":11,"column":29}},"5":{"start":{"line":13,"column":14},"end":{"line":13,"column":44}},"6":{"start":{"line":15,"column":14},"end":{"line":15,"column":39}},"7":{"start":{"line":17,"column":15},"end":{"line":17,"column":46}},"8":{"start":{"line":19,"column":13},"end":{"line":19,"column":44}},"9":{"start":{"line":21,"column":14},"end":{"line":21,"column":44}},"10":{"start":{"line":23,"column":39},"end":{"line":23,"column":93}},"11":{"start":{"line":25,"column":13},"end":{"line":25,"column":34}},"12":{"start":{"line":26,"column":15},"end":{"line":26,"column":68}},"13":{"start":{"line":27,"column":12},"end":{"line":27,"column":69}},"14":{"start":{"line":28,"column":16},"end":{"line":28,"column":70}},"15":{"start":{"line":29,"column":13},"end":{"line":29,"column":71}},"16":{"start":{"line":30,"column":12},"end":{"line":30,"column":14}},"17":{"start":{"line":31,"column":13},"end":{"line":31,"column":15}},"18":{"start":{"line":32,"column":16},"end":{"line":32,"column":68}},"19":{"start":{"line":33,"column":17},"end":{"line":33,"column":74}},"20":{"start":{"line":35,"column":17},"end":{"line":35,"column":19}},"21":{"start":{"line":36,"column":12},"end":{"line":40,"column":1}},"22":{"start":{"line":41,"column":12},"end":{"line":45,"column":1}},"23":{"start":{"line":46,"column":12},"end":{"line":50,"column":1}},"24":{"start":{"line":51,"column":12},"end":{"line":55,"column":1}},"25":{"start":{"line":56,"column":11},"end":{"line":60,"column":1}},"26":{"start":{"line":61,"column":11},"end":{"line":69,"column":1}},"27":{"start":{"line":70,"column":12},"end":{"line":78,"column":1}},"28":{"start":{"line":79,"column":12},"end":{"line":87,"column":1}},"29":{"start":{"line":88,"column":0},"end":{"line":90,"column":3}},"30":{"start":{"line":89,"column":2},"end":{"line":89,"column":70}},"31":{"start":{"line":91,"column":14},"end":{"line":91,"column":33}},"32":{"start":{"line":93,"column":0},"end":{"line":102,"column":3}},"33":{"start":{"line":94,"column":2},"end":{"line":101,"column":5}},"34":{"start":{"line":95,"column":4},"end":{"line":100,"column":7}},"35":{"start":{"line":96,"column":6},"end":{"line":96,"column":37}},"36":{"start":{"line":97,"column":6},"end":{"line":97,"column":24}},"37":{"start":{"line":98,"column":6},"end":{"line":98,"column":42}},"38":{"start":{"line":98,"column":15},"end":{"line":98,"column":42}},"39":{"start":{"line":99,"column":6},"end":{"line":99,"column":20}},"40":{"start":{"line":103,"column":0},"end":{"line":112,"column":3}},"41":{"start":{"line":104,"column":2},"end":{"line":111,"column":5}},"42":{"start":{"line":105,"column":4},"end":{"line":110,"column":7}},"43":{"start":{"line":106,"column":6},"end":{"line":106,"column":37}},"44":{"start":{"line":107,"column":6},"end":{"line":107,"column":24}},"45":{"start":{"line":108,"column":6},"end":{"line":108,"column":42}},"46":{"start":{"line":108,"column":15},"end":{"line":108,"column":42}},"47":{"start":{"line":109,"column":6},"end":{"line":109,"column":20}},"48":{"start":{"line":114,"column":0},"end":{"line":123,"column":3}},"49":{"start":{"line":115,"column":2},"end":{"line":122,"column":5}},"50":{"start":{"line":116,"column":4},"end":{"line":121,"column":7}},"51":{"start":{"line":117,"column":6},"end":{"line":117,"column":37}},"52":{"start":{"line":118,"column":6},"end":{"line":118,"column":24}},"53":{"start":{"line":119,"column":6},"end":{"line":119,"column":40}},"54":{"start":{"line":119,"column":15},"end":{"line":119,"column":40}},"55":{"start":{"line":120,"column":6},"end":{"line":120,"column":20}},"56":{"start":{"line":126,"column":0},"end":{"line":135,"column":3}},"57":{"start":{"line":127,"column":2},"end":{"line":134,"column":5}},"58":{"start":{"line":128,"column":4},"end":{"line":133,"column":7}},"59":{"start":{"line":129,"column":6},"end":{"line":129,"column":37}},"60":{"start":{"line":130,"column":6},"end":{"line":130,"column":24}},"61":{"start":{"line":131,"column":6},"end":{"line":131,"column":32}},"62":{"start":{"line":131,"column":15},"end":{"line":131,"column":32}},"63":{"start":{"line":132,"column":6},"end":{"line":132,"column":20}},"64":{"start":{"line":138,"column":0},"end":{"line":147,"column":3}},"65":{"start":{"line":139,"column":2},"end":{"line":146,"column":5}},"66":{"start":{"line":140,"column":4},"end":{"line":145,"column":7}},"67":{"start":{"line":141,"column":6},"end":{"line":141,"column":37}},"68":{"start":{"line":142,"column":6},"end":{"line":142,"column":24}},"69":{"start":{"line":143,"column":6},"end":{"line":143,"column":32}},"70":{"start":{"line":143,"column":15},"end":{"line":143,"column":32}},"71":{"start":{"line":144,"column":6},"end":{"line":144,"column":20}},"72":{"start":{"line":149,"column":0},"end":{"line":158,"column":3}},"73":{"start":{"line":150,"column":2},"end":{"line":157,"column":5}},"74":{"start":{"line":151,"column":4},"end":{"line":156,"column":7}},"75":{"start":{"line":152,"column":6},"end":{"line":152,"column":37}},"76":{"start":{"line":153,"column":6},"end":{"line":153,"column":24}},"77":{"start":{"line":154,"column":6},"end":{"line":154,"column":32}},"78":{"start":{"line":154,"column":15},"end":{"line":154,"column":32}},"79":{"start":{"line":155,"column":6},"end":{"line":155,"column":20}},"80":{"start":{"line":160,"column":0},"end":{"line":170,"column":3}},"81":{"start":{"line":161,"column":2},"end":{"line":169,"column":5}},"82":{"start":{"line":162,"column":4},"end":{"line":168,"column":7}},"83":{"start":{"line":163,"column":6},"end":{"line":163,"column":31}},"84":{"start":{"line":164,"column":6},"end":{"line":164,"column":37}},"85":{"start":{"line":165,"column":6},"end":{"line":165,"column":24}},"86":{"start":{"line":166,"column":6},"end":{"line":166,"column":32}},"87":{"start":{"line":166,"column":15},"end":{"line":166,"column":32}},"88":{"start":{"line":167,"column":6},"end":{"line":167,"column":20}},"89":{"start":{"line":172,"column":0},"end":{"line":182,"column":3}},"90":{"start":{"line":173,"column":2},"end":{"line":181,"column":5}},"91":{"start":{"line":174,"column":4},"end":{"line":180,"column":7}},"92":{"start":{"line":175,"column":6},"end":{"line":175,"column":32}},"93":{"start":{"line":176,"column":6},"end":{"line":176,"column":37}},"94":{"start":{"line":177,"column":6},"end":{"line":177,"column":24}},"95":{"start":{"line":178,"column":6},"end":{"line":178,"column":32}},"96":{"start":{"line":178,"column":15},"end":{"line":178,"column":32}},"97":{"start":{"line":179,"column":6},"end":{"line":179,"column":20}},"98":{"start":{"line":184,"column":0},"end":{"line":193,"column":3}},"99":{"start":{"line":185,"column":2},"end":{"line":192,"column":5}},"100":{"start":{"line":186,"column":4},"end":{"line":191,"column":7}},"101":{"start":{"line":187,"column":6},"end":{"line":187,"column":37}},"102":{"start":{"line":188,"column":6},"end":{"line":188,"column":24}},"103":{"start":{"line":189,"column":6},"end":{"line":189,"column":32}},"104":{"start":{"line":189,"column":15},"end":{"line":189,"column":32}},"105":{"start":{"line":190,"column":6},"end":{"line":190,"column":20}},"106":{"start":{"line":195,"column":0},"end":{"line":205,"column":3}},"107":{"start":{"line":196,"column":2},"end":{"line":204,"column":5}},"108":{"start":{"line":197,"column":4},"end":{"line":203,"column":7}},"109":{"start":{"line":198,"column":6},"end":{"line":198,"column":34}},"110":{"start":{"line":199,"column":6},"end":{"line":199,"column":37}},"111":{"start":{"line":200,"column":6},"end":{"line":200,"column":24}},"112":{"start":{"line":201,"column":6},"end":{"line":201,"column":32}},"113":{"start":{"line":201,"column":15},"end":{"line":201,"column":32}},"114":{"start":{"line":202,"column":6},"end":{"line":202,"column":20}},"115":{"start":{"line":207,"column":0},"end":{"line":216,"column":3}},"116":{"start":{"line":208,"column":2},"end":{"line":215,"column":5}},"117":{"start":{"line":209,"column":4},"end":{"line":214,"column":7}},"118":{"start":{"line":210,"column":6},"end":{"line":210,"column":37}},"119":{"start":{"line":211,"column":6},"end":{"line":211,"column":24}},"120":{"start":{"line":212,"column":6},"end":{"line":212,"column":32}},"121":{"start":{"line":212,"column":15},"end":{"line":212,"column":32}},"122":{"start":{"line":213,"column":6},"end":{"line":213,"column":20}},"123":{"start":{"line":218,"column":0},"end":{"line":227,"column":3}},"124":{"start":{"line":219,"column":2},"end":{"line":226,"column":5}},"125":{"start":{"line":220,"column":4},"end":{"line":225,"column":7}},"126":{"start":{"line":221,"column":6},"end":{"line":221,"column":37}},"127":{"start":{"line":222,"column":6},"end":{"line":222,"column":24}},"128":{"start":{"line":223,"column":6},"end":{"line":223,"column":32}},"129":{"start":{"line":223,"column":15},"end":{"line":223,"column":32}},"130":{"start":{"line":224,"column":6},"end":{"line":224,"column":20}},"131":{"start":{"line":229,"column":0},"end":{"line":238,"column":3}},"132":{"start":{"line":230,"column":2},"end":{"line":237,"column":5}},"133":{"start":{"line":231,"column":4},"end":{"line":236,"column":7}},"134":{"start":{"line":232,"column":6},"end":{"line":232,"column":37}},"135":{"start":{"line":233,"column":6},"end":{"line":233,"column":24}},"136":{"start":{"line":234,"column":6},"end":{"line":234,"column":32}},"137":{"start":{"line":234,"column":15},"end":{"line":234,"column":32}},"138":{"start":{"line":235,"column":6},"end":{"line":235,"column":20}},"139":{"start":{"line":241,"column":0},"end":{"line":250,"column":3}},"140":{"start":{"line":242,"column":2},"end":{"line":249,"column":5}},"141":{"start":{"line":243,"column":4},"end":{"line":248,"column":7}},"142":{"start":{"line":244,"column":6},"end":{"line":244,"column":37}},"143":{"start":{"line":245,"column":6},"end":{"line":245,"column":24}},"144":{"start":{"line":246,"column":6},"end":{"line":246,"column":32}},"145":{"start":{"line":246,"column":15},"end":{"line":246,"column":32}},"146":{"start":{"line":247,"column":6},"end":{"line":247,"column":20}},"147":{"start":{"line":252,"column":0},"end":{"line":261,"column":3}},"148":{"start":{"line":253,"column":2},"end":{"line":260,"column":5}},"149":{"start":{"line":254,"column":4},"end":{"line":259,"column":7}},"150":{"start":{"line":255,"column":6},"end":{"line":255,"column":37}},"151":{"start":{"line":256,"column":6},"end":{"line":256,"column":24}},"152":{"start":{"line":257,"column":6},"end":{"line":257,"column":32}},"153":{"start":{"line":257,"column":15},"end":{"line":257,"column":32}},"154":{"start":{"line":258,"column":6},"end":{"line":258,"column":20}},"155":{"start":{"line":263,"column":0},"end":{"line":272,"column":3}},"156":{"start":{"line":264,"column":2},"end":{"line":271,"column":5}},"157":{"start":{"line":265,"column":4},"end":{"line":270,"column":7}},"158":{"start":{"line":266,"column":6},"end":{"line":266,"column":37}},"159":{"start":{"line":267,"column":6},"end":{"line":267,"column":24}},"160":{"start":{"line":268,"column":6},"end":{"line":268,"column":32}},"161":{"start":{"line":268,"column":15},"end":{"line":268,"column":32}},"162":{"start":{"line":269,"column":6},"end":{"line":269,"column":20}},"163":{"start":{"line":274,"column":0},"end":{"line":283,"column":3}},"164":{"start":{"line":275,"column":2},"end":{"line":282,"column":5}},"165":{"start":{"line":276,"column":4},"end":{"line":281,"column":7}},"166":{"start":{"line":277,"column":6},"end":{"line":277,"column":37}},"167":{"start":{"line":278,"column":6},"end":{"line":278,"column":24}},"168":{"start":{"line":279,"column":6},"end":{"line":279,"column":32}},"169":{"start":{"line":279,"column":15},"end":{"line":279,"column":32}},"170":{"start":{"line":280,"column":6},"end":{"line":280,"column":20}},"171":{"start":{"line":285,"column":0},"end":{"line":294,"column":3}},"172":{"start":{"line":286,"column":2},"end":{"line":293,"column":5}},"173":{"start":{"line":287,"column":4},"end":{"line":292,"column":7}},"174":{"start":{"line":288,"column":6},"end":{"line":288,"column":37}},"175":{"start":{"line":289,"column":6},"end":{"line":289,"column":24}},"176":{"start":{"line":290,"column":6},"end":{"line":290,"column":32}},"177":{"start":{"line":290,"column":15},"end":{"line":290,"column":32}},"178":{"start":{"line":291,"column":6},"end":{"line":291,"column":20}},"179":{"start":{"line":296,"column":0},"end":{"line":305,"column":3}},"180":{"start":{"line":297,"column":2},"end":{"line":304,"column":5}},"181":{"start":{"line":298,"column":4},"end":{"line":303,"column":7}},"182":{"start":{"line":299,"column":6},"end":{"line":299,"column":37}},"183":{"start":{"line":300,"column":6},"end":{"line":300,"column":24}},"184":{"start":{"line":301,"column":6},"end":{"line":301,"column":32}},"185":{"start":{"line":301,"column":15},"end":{"line":301,"column":32}},"186":{"start":{"line":302,"column":6},"end":{"line":302,"column":20}},"187":{"start":{"line":307,"column":0},"end":{"line":316,"column":3}},"188":{"start":{"line":308,"column":2},"end":{"line":315,"column":5}},"189":{"start":{"line":309,"column":4},"end":{"line":314,"column":7}},"190":{"start":{"line":310,"column":6},"end":{"line":310,"column":37}},"191":{"start":{"line":311,"column":6},"end":{"line":311,"column":24}},"192":{"start":{"line":312,"column":6},"end":{"line":312,"column":32}},"193":{"start":{"line":312,"column":15},"end":{"line":312,"column":32}},"194":{"start":{"line":313,"column":6},"end":{"line":313,"column":20}},"195":{"start":{"line":318,"column":0},"end":{"line":327,"column":3}},"196":{"start":{"line":319,"column":2},"end":{"line":326,"column":5}},"197":{"start":{"line":320,"column":4},"end":{"line":325,"column":7}},"198":{"start":{"line":321,"column":6},"end":{"line":321,"column":37}},"199":{"start":{"line":322,"column":6},"end":{"line":322,"column":24}},"200":{"start":{"line":323,"column":6},"end":{"line":323,"column":32}},"201":{"start":{"line":323,"column":15},"end":{"line":323,"column":32}},"202":{"start":{"line":324,"column":6},"end":{"line":324,"column":20}},"203":{"start":{"line":329,"column":0},"end":{"line":338,"column":3}},"204":{"start":{"line":330,"column":2},"end":{"line":337,"column":5}},"205":{"start":{"line":331,"column":4},"end":{"line":336,"column":7}},"206":{"start":{"line":332,"column":6},"end":{"line":332,"column":37}},"207":{"start":{"line":333,"column":6},"end":{"line":333,"column":24}},"208":{"start":{"line":334,"column":6},"end":{"line":334,"column":32}},"209":{"start":{"line":334,"column":15},"end":{"line":334,"column":32}},"210":{"start":{"line":335,"column":6},"end":{"line":335,"column":20}},"211":{"start":{"line":340,"column":0},"end":{"line":349,"column":3}},"212":{"start":{"line":341,"column":2},"end":{"line":348,"column":5}},"213":{"start":{"line":342,"column":4},"end":{"line":347,"column":7}},"214":{"start":{"line":343,"column":6},"end":{"line":343,"column":37}},"215":{"start":{"line":344,"column":6},"end":{"line":344,"column":24}},"216":{"start":{"line":345,"column":6},"end":{"line":345,"column":32}},"217":{"start":{"line":345,"column":15},"end":{"line":345,"column":32}},"218":{"start":{"line":346,"column":6},"end":{"line":346,"column":20}}},"fnMap":{"0":{"name":"_interopRequireDefault","decl":{"start":{"line":23,"column":9},"end":{"line":23,"column":31}},"loc":{"start":{"line":23,"column":37},"end":{"line":23,"column":95}},"line":23},"1":{"name":"(anonymous_1)","decl":{"start":{"line":88,"column":35},"end":{"line":88,"column":36}},"loc":{"start":{"line":88,"column":47},"end":{"line":90,"column":1}},"line":88},"2":{"name":"(anonymous_2)","decl":{"start":{"line":93,"column":28},"end":{"line":93,"column":29}},"loc":{"start":{"line":93,"column":40},"end":{"line":102,"column":1}},"line":93},"3":{"name":"(anonymous_3)","decl":{"start":{"line":94,"column":34},"end":{"line":94,"column":35}},"loc":{"start":{"line":94,"column":50},"end":{"line":101,"column":3}},"line":94},"4":{"name":"(anonymous_4)","decl":{"start":{"line":95,"column":109},"end":{"line":95,"column":110}},"loc":{"start":{"line":95,"column":124},"end":{"line":100,"column":5}},"line":95},"5":{"name":"(anonymous_5)","decl":{"start":{"line":103,"column":28},"end":{"line":103,"column":29}},"loc":{"start":{"line":103,"column":40},"end":{"line":112,"column":1}},"line":103},"6":{"name":"(anonymous_6)","decl":{"start":{"line":104,"column":34},"end":{"line":104,"column":35}},"loc":{"start":{"line":104,"column":50},"end":{"line":111,"column":3}},"line":104},"7":{"name":"(anonymous_7)","decl":{"start":{"line":105,"column":109},"end":{"line":105,"column":110}},"loc":{"start":{"line":105,"column":124},"end":{"line":110,"column":5}},"line":105},"8":{"name":"(anonymous_8)","decl":{"start":{"line":114,"column":50},"end":{"line":114,"column":51}},"loc":{"start":{"line":114,"column":62},"end":{"line":123,"column":1}},"line":114},"9":{"name":"(anonymous_9)","decl":{"start":{"line":115,"column":38},"end":{"line":115,"column":39}},"loc":{"start":{"line":115,"column":54},"end":{"line":122,"column":3}},"line":115},"10":{"name":"(anonymous_10)","decl":{"start":{"line":116,"column":109},"end":{"line":116,"column":110}},"loc":{"start":{"line":116,"column":124},"end":{"line":121,"column":5}},"line":116},"11":{"name":"(anonymous_11)","decl":{"start":{"line":126,"column":41},"end":{"line":126,"column":42}},"loc":{"start":{"line":126,"column":53},"end":{"line":135,"column":1}},"line":126},"12":{"name":"(anonymous_12)","decl":{"start":{"line":127,"column":44},"end":{"line":127,"column":45}},"loc":{"start":{"line":127,"column":60},"end":{"line":134,"column":3}},"line":127},"13":{"name":"(anonymous_13)","decl":{"start":{"line":128,"column":108},"end":{"line":128,"column":109}},"loc":{"start":{"line":128,"column":123},"end":{"line":133,"column":5}},"line":128},"14":{"name":"(anonymous_14)","decl":{"start":{"line":138,"column":41},"end":{"line":138,"column":42}},"loc":{"start":{"line":138,"column":53},"end":{"line":147,"column":1}},"line":138},"15":{"name":"(anonymous_15)","decl":{"start":{"line":139,"column":26},"end":{"line":139,"column":27}},"loc":{"start":{"line":139,"column":42},"end":{"line":146,"column":3}},"line":139},"16":{"name":"(anonymous_16)","decl":{"start":{"line":140,"column":108},"end":{"line":140,"column":109}},"loc":{"start":{"line":140,"column":123},"end":{"line":145,"column":5}},"line":140},"17":{"name":"(anonymous_17)","decl":{"start":{"line":149,"column":44},"end":{"line":149,"column":45}},"loc":{"start":{"line":149,"column":56},"end":{"line":158,"column":1}},"line":149},"18":{"name":"(anonymous_18)","decl":{"start":{"line":150,"column":26},"end":{"line":150,"column":27}},"loc":{"start":{"line":150,"column":42},"end":{"line":157,"column":3}},"line":150},"19":{"name":"(anonymous_19)","decl":{"start":{"line":151,"column":109},"end":{"line":151,"column":110}},"loc":{"start":{"line":151,"column":124},"end":{"line":156,"column":5}},"line":151},"20":{"name":"(anonymous_20)","decl":{"start":{"line":160,"column":44},"end":{"line":160,"column":45}},"loc":{"start":{"line":160,"column":56},"end":{"line":170,"column":1}},"line":160},"21":{"name":"(anonymous_21)","decl":{"start":{"line":161,"column":26},"end":{"line":161,"column":27}},"loc":{"start":{"line":161,"column":42},"end":{"line":169,"column":3}},"line":161},"22":{"name":"(anonymous_22)","decl":{"start":{"line":162,"column":109},"end":{"line":162,"column":110}},"loc":{"start":{"line":162,"column":129},"end":{"line":168,"column":5}},"line":162},"23":{"name":"(anonymous_23)","decl":{"start":{"line":172,"column":44},"end":{"line":172,"column":45}},"loc":{"start":{"line":172,"column":56},"end":{"line":182,"column":1}},"line":172},"24":{"name":"(anonymous_24)","decl":{"start":{"line":173,"column":26},"end":{"line":173,"column":27}},"loc":{"start":{"line":173,"column":42},"end":{"line":181,"column":3}},"line":173},"25":{"name":"(anonymous_25)","decl":{"start":{"line":174,"column":109},"end":{"line":174,"column":110}},"loc":{"start":{"line":174,"column":129},"end":{"line":180,"column":5}},"line":174},"26":{"name":"(anonymous_26)","decl":{"start":{"line":184,"column":25},"end":{"line":184,"column":26}},"loc":{"start":{"line":184,"column":37},"end":{"line":193,"column":1}},"line":184},"27":{"name":"(anonymous_27)","decl":{"start":{"line":185,"column":34},"end":{"line":185,"column":35}},"loc":{"start":{"line":185,"column":50},"end":{"line":192,"column":3}},"line":185},"28":{"name":"(anonymous_28)","decl":{"start":{"line":186,"column":109},"end":{"line":186,"column":110}},"loc":{"start":{"line":186,"column":124},"end":{"line":191,"column":5}},"line":186},"29":{"name":"(anonymous_29)","decl":{"start":{"line":195,"column":45},"end":{"line":195,"column":46}},"loc":{"start":{"line":195,"column":57},"end":{"line":205,"column":1}},"line":195},"30":{"name":"(anonymous_30)","decl":{"start":{"line":196,"column":26},"end":{"line":196,"column":27}},"loc":{"start":{"line":196,"column":42},"end":{"line":204,"column":3}},"line":196},"31":{"name":"(anonymous_31)","decl":{"start":{"line":197,"column":109},"end":{"line":197,"column":110}},"loc":{"start":{"line":197,"column":129},"end":{"line":203,"column":5}},"line":197},"32":{"name":"(anonymous_32)","decl":{"start":{"line":207,"column":35},"end":{"line":207,"column":36}},"loc":{"start":{"line":207,"column":47},"end":{"line":216,"column":1}},"line":207},"33":{"name":"(anonymous_33)","decl":{"start":{"line":208,"column":26},"end":{"line":208,"column":27}},"loc":{"start":{"line":208,"column":42},"end":{"line":215,"column":3}},"line":208},"34":{"name":"(anonymous_34)","decl":{"start":{"line":209,"column":101},"end":{"line":209,"column":102}},"loc":{"start":{"line":209,"column":116},"end":{"line":214,"column":5}},"line":209},"35":{"name":"(anonymous_35)","decl":{"start":{"line":218,"column":39},"end":{"line":218,"column":40}},"loc":{"start":{"line":218,"column":51},"end":{"line":227,"column":1}},"line":218},"36":{"name":"(anonymous_36)","decl":{"start":{"line":219,"column":26},"end":{"line":219,"column":27}},"loc":{"start":{"line":219,"column":42},"end":{"line":226,"column":3}},"line":219},"37":{"name":"(anonymous_37)","decl":{"start":{"line":220,"column":102},"end":{"line":220,"column":103}},"loc":{"start":{"line":220,"column":117},"end":{"line":225,"column":5}},"line":220},"38":{"name":"(anonymous_38)","decl":{"start":{"line":229,"column":60},"end":{"line":229,"column":61}},"loc":{"start":{"line":229,"column":72},"end":{"line":238,"column":1}},"line":229},"39":{"name":"(anonymous_39)","decl":{"start":{"line":230,"column":26},"end":{"line":230,"column":27}},"loc":{"start":{"line":230,"column":42},"end":{"line":237,"column":3}},"line":230},"40":{"name":"(anonymous_40)","decl":{"start":{"line":231,"column":102},"end":{"line":231,"column":103}},"loc":{"start":{"line":231,"column":117},"end":{"line":236,"column":5}},"line":231},"41":{"name":"(anonymous_41)","decl":{"start":{"line":241,"column":34},"end":{"line":241,"column":35}},"loc":{"start":{"line":241,"column":46},"end":{"line":250,"column":1}},"line":241},"42":{"name":"(anonymous_42)","decl":{"start":{"line":242,"column":26},"end":{"line":242,"column":27}},"loc":{"start":{"line":242,"column":42},"end":{"line":249,"column":3}},"line":242},"43":{"name":"(anonymous_43)","decl":{"start":{"line":243,"column":96},"end":{"line":243,"column":97}},"loc":{"start":{"line":243,"column":111},"end":{"line":248,"column":5}},"line":243},"44":{"name":"(anonymous_44)","decl":{"start":{"line":252,"column":40},"end":{"line":252,"column":41}},"loc":{"start":{"line":252,"column":52},"end":{"line":261,"column":1}},"line":252},"45":{"name":"(anonymous_45)","decl":{"start":{"line":253,"column":26},"end":{"line":253,"column":27}},"loc":{"start":{"line":253,"column":42},"end":{"line":260,"column":3}},"line":253},"46":{"name":"(anonymous_46)","decl":{"start":{"line":254,"column":56},"end":{"line":254,"column":57}},"loc":{"start":{"line":254,"column":71},"end":{"line":259,"column":5}},"line":254},"47":{"name":"(anonymous_47)","decl":{"start":{"line":263,"column":34},"end":{"line":263,"column":35}},"loc":{"start":{"line":263,"column":46},"end":{"line":272,"column":1}},"line":263},"48":{"name":"(anonymous_48)","decl":{"start":{"line":264,"column":26},"end":{"line":264,"column":27}},"loc":{"start":{"line":264,"column":42},"end":{"line":271,"column":3}},"line":264},"49":{"name":"(anonymous_49)","decl":{"start":{"line":265,"column":84},"end":{"line":265,"column":85}},"loc":{"start":{"line":265,"column":99},"end":{"line":270,"column":5}},"line":265},"50":{"name":"(anonymous_50)","decl":{"start":{"line":274,"column":35},"end":{"line":274,"column":36}},"loc":{"start":{"line":274,"column":47},"end":{"line":283,"column":1}},"line":274},"51":{"name":"(anonymous_51)","decl":{"start":{"line":275,"column":26},"end":{"line":275,"column":27}},"loc":{"start":{"line":275,"column":42},"end":{"line":282,"column":3}},"line":275},"52":{"name":"(anonymous_52)","decl":{"start":{"line":276,"column":89},"end":{"line":276,"column":90}},"loc":{"start":{"line":276,"column":104},"end":{"line":281,"column":5}},"line":276},"53":{"name":"(anonymous_53)","decl":{"start":{"line":285,"column":40},"end":{"line":285,"column":41}},"loc":{"start":{"line":285,"column":52},"end":{"line":294,"column":1}},"line":285},"54":{"name":"(anonymous_54)","decl":{"start":{"line":286,"column":26},"end":{"line":286,"column":27}},"loc":{"start":{"line":286,"column":42},"end":{"line":293,"column":3}},"line":286},"55":{"name":"(anonymous_55)","decl":{"start":{"line":287,"column":55},"end":{"line":287,"column":56}},"loc":{"start":{"line":287,"column":70},"end":{"line":292,"column":5}},"line":287},"56":{"name":"(anonymous_56)","decl":{"start":{"line":296,"column":32},"end":{"line":296,"column":33}},"loc":{"start":{"line":296,"column":44},"end":{"line":305,"column":1}},"line":296},"57":{"name":"(anonymous_57)","decl":{"start":{"line":297,"column":26},"end":{"line":297,"column":27}},"loc":{"start":{"line":297,"column":42},"end":{"line":304,"column":3}},"line":297},"58":{"name":"(anonymous_58)","decl":{"start":{"line":298,"column":95},"end":{"line":298,"column":96}},"loc":{"start":{"line":298,"column":110},"end":{"line":303,"column":5}},"line":298},"59":{"name":"(anonymous_59)","decl":{"start":{"line":307,"column":33},"end":{"line":307,"column":34}},"loc":{"start":{"line":307,"column":45},"end":{"line":316,"column":1}},"line":307},"60":{"name":"(anonymous_60)","decl":{"start":{"line":308,"column":26},"end":{"line":308,"column":27}},"loc":{"start":{"line":308,"column":42},"end":{"line":315,"column":3}},"line":308},"61":{"name":"(anonymous_61)","decl":{"start":{"line":309,"column":100},"end":{"line":309,"column":101}},"loc":{"start":{"line":309,"column":115},"end":{"line":314,"column":5}},"line":309},"62":{"name":"(anonymous_62)","decl":{"start":{"line":318,"column":38},"end":{"line":318,"column":39}},"loc":{"start":{"line":318,"column":50},"end":{"line":327,"column":1}},"line":318},"63":{"name":"(anonymous_63)","decl":{"start":{"line":319,"column":26},"end":{"line":319,"column":27}},"loc":{"start":{"line":319,"column":42},"end":{"line":326,"column":3}},"line":319},"64":{"name":"(anonymous_64)","decl":{"start":{"line":320,"column":66},"end":{"line":320,"column":67}},"loc":{"start":{"line":320,"column":81},"end":{"line":325,"column":5}},"line":320},"65":{"name":"(anonymous_65)","decl":{"start":{"line":329,"column":38},"end":{"line":329,"column":39}},"loc":{"start":{"line":329,"column":50},"end":{"line":338,"column":1}},"line":329},"66":{"name":"(anonymous_66)","decl":{"start":{"line":330,"column":26},"end":{"line":330,"column":27}},"loc":{"start":{"line":330,"column":42},"end":{"line":337,"column":3}},"line":330},"67":{"name":"(anonymous_67)","decl":{"start":{"line":331,"column":95},"end":{"line":331,"column":96}},"loc":{"start":{"line":331,"column":110},"end":{"line":336,"column":5}},"line":331},"68":{"name":"(anonymous_68)","decl":{"start":{"line":340,"column":43},"end":{"line":340,"column":44}},"loc":{"start":{"line":340,"column":55},"end":{"line":349,"column":1}},"line":340},"69":{"name":"(anonymous_69)","decl":{"start":{"line":341,"column":26},"end":{"line":341,"column":27}},"loc":{"start":{"line":341,"column":42},"end":{"line":348,"column":3}},"line":341},"70":{"name":"(anonymous_70)","decl":{"start":{"line":342,"column":96},"end":{"line":342,"column":97}},"loc":{"start":{"line":342,"column":111},"end":{"line":347,"column":5}},"line":342}},"branchMap":{"0":{"loc":{"start":{"line":23,"column":46},"end":{"line":23,"column":92}},"type":"cond-expr","locations":[{"start":{"line":23,"column":70},"end":{"line":23,"column":73}},{"start":{"line":23,"column":76},"end":{"line":23,"column":92}}],"line":23},"1":{"loc":{"start":{"line":23,"column":46},"end":{"line":23,"column":67}},"type":"binary-expr","locations":[{"start":{"line":23,"column":46},"end":{"line":23,"column":49}},{"start":{"line":23,"column":53},"end":{"line":23,"column":67}}],"line":23},"2":{"loc":{"start":{"line":98,"column":6},"end":{"line":98,"column":42}},"type":"if","locations":[{"start":{"line":98,"column":6},"end":{"line":98,"column":42}},{"start":{"line":98,"column":6},"end":{"line":98,"column":42}}],"line":98},"3":{"loc":{"start":{"line":108,"column":6},"end":{"line":108,"column":42}},"type":"if","locations":[{"start":{"line":108,"column":6},"end":{"line":108,"column":42}},{"start":{"line":108,"column":6},"end":{"line":108,"column":42}}],"line":108},"4":{"loc":{"start":{"line":119,"column":6},"end":{"line":119,"column":40}},"type":"if","locations":[{"start":{"line":119,"column":6},"end":{"line":119,"column":40}},{"start":{"line":119,"column":6},"end":{"line":119,"column":40}}],"line":119},"5":{"loc":{"start":{"line":131,"column":6},"end":{"line":131,"column":32}},"type":"if","locations":[{"start":{"line":131,"column":6},"end":{"line":131,"column":32}},{"start":{"line":131,"column":6},"end":{"line":131,"column":32}}],"line":131},"6":{"loc":{"start":{"line":143,"column":6},"end":{"line":143,"column":32}},"type":"if","locations":[{"start":{"line":143,"column":6},"end":{"line":143,"column":32}},{"start":{"line":143,"column":6},"end":{"line":143,"column":32}}],"line":143},"7":{"loc":{"start":{"line":154,"column":6},"end":{"line":154,"column":32}},"type":"if","locations":[{"start":{"line":154,"column":6},"end":{"line":154,"column":32}},{"start":{"line":154,"column":6},"end":{"line":154,"column":32}}],"line":154},"8":{"loc":{"start":{"line":166,"column":6},"end":{"line":166,"column":32}},"type":"if","locations":[{"start":{"line":166,"column":6},"end":{"line":166,"column":32}},{"start":{"line":166,"column":6},"end":{"line":166,"column":32}}],"line":166},"9":{"loc":{"start":{"line":178,"column":6},"end":{"line":178,"column":32}},"type":"if","locations":[{"start":{"line":178,"column":6},"end":{"line":178,"column":32}},{"start":{"line":178,"column":6},"end":{"line":178,"column":32}}],"line":178},"10":{"loc":{"start":{"line":189,"column":6},"end":{"line":189,"column":32}},"type":"if","locations":[{"start":{"line":189,"column":6},"end":{"line":189,"column":32}},{"start":{"line":189,"column":6},"end":{"line":189,"column":32}}],"line":189},"11":{"loc":{"start":{"line":201,"column":6},"end":{"line":201,"column":32}},"type":"if","locations":[{"start":{"line":201,"column":6},"end":{"line":201,"column":32}},{"start":{"line":201,"column":6},"end":{"line":201,"column":32}}],"line":201},"12":{"loc":{"start":{"line":212,"column":6},"end":{"line":212,"column":32}},"type":"if","locations":[{"start":{"line":212,"column":6},"end":{"line":212,"column":32}},{"start":{"line":212,"column":6},"end":{"line":212,"column":32}}],"line":212},"13":{"loc":{"start":{"line":223,"column":6},"end":{"line":223,"column":32}},"type":"if","locations":[{"start":{"line":223,"column":6},"end":{"line":223,"column":32}},{"start":{"line":223,"column":6},"end":{"line":223,"column":32}}],"line":223},"14":{"loc":{"start":{"line":234,"column":6},"end":{"line":234,"column":32}},"type":"if","locations":[{"start":{"line":234,"column":6},"end":{"line":234,"column":32}},{"start":{"line":234,"column":6},"end":{"line":234,"column":32}}],"line":234},"15":{"loc":{"start":{"line":246,"column":6},"end":{"line":246,"column":32}},"type":"if","locations":[{"start":{"line":246,"column":6},"end":{"line":246,"column":32}},{"start":{"line":246,"column":6},"end":{"line":246,"column":32}}],"line":246},"16":{"loc":{"start":{"line":257,"column":6},"end":{"line":257,"column":32}},"type":"if","locations":[{"start":{"line":257,"column":6},"end":{"line":257,"column":32}},{"start":{"line":257,"column":6},"end":{"line":257,"column":32}}],"line":257},"17":{"loc":{"start":{"line":268,"column":6},"end":{"line":268,"column":32}},"type":"if","locations":[{"start":{"line":268,"column":6},"end":{"line":268,"column":32}},{"start":{"line":268,"column":6},"end":{"line":268,"column":32}}],"line":268},"18":{"loc":{"start":{"line":279,"column":6},"end":{"line":279,"column":32}},"type":"if","locations":[{"start":{"line":279,"column":6},"end":{"line":279,"column":32}},{"start":{"line":279,"column":6},"end":{"line":279,"column":32}}],"line":279},"19":{"loc":{"start":{"line":290,"column":6},"end":{"line":290,"column":32}},"type":"if","locations":[{"start":{"line":290,"column":6},"end":{"line":290,"column":32}},{"start":{"line":290,"column":6},"end":{"line":290,"column":32}}],"line":290},"20":{"loc":{"start":{"line":301,"column":6},"end":{"line":301,"column":32}},"type":"if","locations":[{"start":{"line":301,"column":6},"end":{"line":301,"column":32}},{"start":{"line":301,"column":6},"end":{"line":301,"column":32}}],"line":301},"21":{"loc":{"start":{"line":312,"column":6},"end":{"line":312,"column":32}},"type":"if","locations":[{"start":{"line":312,"column":6},"end":{"line":312,"column":32}},{"start":{"line":312,"column":6},"end":{"line":312,"column":32}}],"line":312},"22":{"loc":{"start":{"line":323,"column":6},"end":{"line":323,"column":32}},"type":"if","locations":[{"start":{"line":323,"column":6},"end":{"line":323,"column":32}},{"start":{"line":323,"column":6},"end":{"line":323,"column":32}}],"line":323},"23":{"loc":{"start":{"line":334,"column":6},"end":{"line":334,"column":32}},"type":"if","locations":[{"start":{"line":334,"column":6},"end":{"line":334,"column":32}},{"start":{"line":334,"column":6},"end":{"line":334,"column":32}}],"line":334},"24":{"loc":{"start":{"line":345,"column":6},"end":{"line":345,"column":32}},"type":"if","locations":[{"start":{"line":345,"column":6},"end":{"line":345,"column":32}},{"start":{"line":345,"column":6},"end":{"line":345,"column":32}}],"line":345}},"s":{"0":1,"1":1,"2":1,"3":1,"4":1,"5":1,"6":1,"7":1,"8":1,"9":1,"10":5,"11":1,"12":1,"13":1,"14":1,"15":1,"16":1,"17":1,"18":1,"19":1,"20":1,"21":1,"22":1,"23":1,"24":1,"25":1,"26":1,"27":1,"28":1,"29":1,"30":1,"31":1,"32":1,"33":1,"34":1,"35":1,"36":1,"37":1,"38":0,"39":1,"40":1,"41":1,"42":1,"43":1,"44":1,"45":1,"46":0,"47":1,"48":1,"49":1,"50":1,"51":1,"52":1,"53":1,"54":0,"55":1,"56":1,"57":1,"58":1,"59":1,"60":1,"61":1,"62":0,"63":1,"64":1,"65":1,"66":1,"67":1,"68":1,"69":1,"70":0,"71":1,"72":1,"73":1,"74":1,"75":1,"76":1,"77":1,"78":0,"79":1,"80":1,"81":1,"82":1,"83":1,"84":1,"85":1,"86":1,"87":0,"88":1,"89":1,"90":1,"91":1,"92":1,"93":1,"94":1,"95":1,"96":0,"97":1,"98":1,"99":1,"100":1,"101":1,"102":1,"103":1,"104":0,"105":1,"106":1,"107":1,"108":1,"109":1,"110":1,"111":1,"112":1,"113":0,"114":1,"115":1,"116":1,"117":1,"118":1,"119":1,"120":1,"121":0,"122":1,"123":1,"124":1,"125":1,"126":1,"127":1,"128":1,"129":0,"130":1,"131":1,"132":1,"133":1,"134":1,"135":1,"136":1,"137":0,"138":1,"139":1,"140":1,"141":1,"142":1,"143":1,"144":1,"145":0,"146":1,"147":1,"148":1,"149":1,"150":1,"151":1,"152":1,"153":0,"154":1,"155":1,"156":1,"157":1,"158":1,"159":1,"160":1,"161":0,"162":1,"163":1,"164":1,"165":1,"166":1,"167":1,"168":1,"169":0,"170":1,"171":1,"172":1,"173":1,"174":1,"175":1,"176":1,"177":0,"178":1,"179":1,"180":1,"181":1,"182":1,"183":1,"184":1,"185":0,"186":1,"187":1,"188":1,"189":1,"190":1,"191":1,"192":1,"193":0,"194":1,"195":1,"196":1,"197":1,"198":1,"199":1,"200":1,"201":0,"202":1,"203":1,"204":1,"205":1,"206":1,"207":1,"208":1,"209":0,"210":1,"211":1,"212":1,"213":1,"214":1,"215":1,"216":1,"217":0,"218":1},"f":{"0":5,"1":1,"2":1,"3":1,"4":1,"5":1,"6":1,"7":1,"8":1,"9":1,"10":1,"11":1,"12":1,"13":1,"14":1,"15":1,"16":1,"17":1,"18":1,"19":1,"20":1,"21":1,"22":1,"23":1,"24":1,"25":1,"26":1,"27":1,"28":1,"29":1,"30":1,"31":1,"32":1,"33":1,"34":1,"35":1,"36":1,"37":1,"38":1,"39":1,"40":1,"41":1,"42":1,"43":1,"44":1,"45":1,"46":1,"47":1,"48":1,"49":1,"50":1,"51":1,"52":1,"53":1,"54":1,"55":1,"56":1,"57":1,"58":1,"59":1,"60":1,"61":1,"62":1,"63":1,"64":1,"65":1,"66":1,"67":1,"68":1,"69":1,"70":1},"b":{"0":[1,4],"1":[5,5],"2":[0,1],"3":[0,1],"4":[0,1],"5":[0,1],"6":[0,1],"7":[0,1],"8":[0,1],"9":[0,1],"10":[0,1],"11":[0,1],"12":[0,1],"13":[0,1],"14":[0,1],"15":[0,1],"16":[0,1],"17":[0,1],"18":[0,1],"19":[0,1],"20":[0,1],"21":[0,1],"22":[0,1],"23":[0,1],"24":[0,1]},"_coverageSchema":"332fd63041d2c1bcb487cc26dd0d5f7d97098a6c","hash":"3e652a6e7f476f6737eece22eccb235469a2a8a2","contentHash":"a792bdd0c7e80ad0c20d191e4c03eefe_11.1.0"},"C:\\Users\\Emmanuel\\Desktop\\New folder (2)\\HelloBooks\\server\\dist\\server.js":{"path":"C:\\Users\\Emmanuel\\Desktop\\New folder (2)\\HelloBooks\\server\\dist\\server.js","statementMap":{"0":{"start":{"line":3,"column":0},"end":{"line":5,"column":3}},"1":{"start":{"line":7,"column":15},"end":{"line":7,"column":33}},"2":{"start":{"line":9,"column":16},"end":{"line":9,"column":48}},"3":{"start":{"line":11,"column":18},"end":{"line":11,"column":40}},"4":{"start":{"line":13,"column":19},"end":{"line":13,"column":54}},"5":{"start":{"line":15,"column":14},"end":{"line":15,"column":31}},"6":{"start":{"line":17,"column":15},"end":{"line":17,"column":46}},"7":{"start":{"line":19,"column":13},"end":{"line":19,"column":38}},"8":{"start":{"line":21,"column":14},"end":{"line":21,"column":44}},"9":{"start":{"line":23,"column":39},"end":{"line":23,"column":93}},"10":{"start":{"line":25,"column":10},"end":{"line":25,"column":34}},"11":{"start":{"line":26,"column":13},"end":{"line":26,"column":29}},"12":{"start":{"line":27,"column":0},"end":{"line":27,"column":37}},"13":{"start":{"line":28,"column":0},"end":{"line":28,"column":61}},"14":{"start":{"line":29,"column":0},"end":{"line":29,"column":37}},"15":{"start":{"line":30,"column":0},"end":{"line":30,"column":65}},"16":{"start":{"line":31,"column":0},"end":{"line":31,"column":23}},"17":{"start":{"line":32,"column":0},"end":{"line":32,"column":75}},"18":{"start":{"line":34,"column":16},"end":{"line":34,"column":36}},"19":{"start":{"line":35,"column":16},"end":{"line":35,"column":36}},"20":{"start":{"line":36,"column":17},"end":{"line":36,"column":38}},"21":{"start":{"line":37,"column":19},"end":{"line":37,"column":42}},"22":{"start":{"line":38,"column":25},"end":{"line":38,"column":54}},"23":{"start":{"line":40,"column":0},"end":{"line":40,"column":19}},"24":{"start":{"line":42,"column":0},"end":{"line":42,"column":19}},"25":{"start":{"line":44,"column":0},"end":{"line":44,"column":20}},"26":{"start":{"line":46,"column":0},"end":{"line":46,"column":22}},"27":{"start":{"line":48,"column":0},"end":{"line":48,"column":28}},"28":{"start":{"line":49,"column":0},"end":{"line":53,"column":3}},"29":{"start":{"line":50,"column":2},"end":{"line":50,"column":64}},"30":{"start":{"line":52,"column":2},"end":{"line":52,"column":64}},"31":{"start":{"line":54,"column":0},"end":{"line":54,"column":22}}},"fnMap":{"0":{"name":"_interopRequireDefault","decl":{"start":{"line":23,"column":9},"end":{"line":23,"column":31}},"loc":{"start":{"line":23,"column":37},"end":{"line":23,"column":95}},"line":23},"1":{"name":"(anonymous_1)","decl":{"start":{"line":49,"column":20},"end":{"line":49,"column":21}},"loc":{"start":{"line":49,"column":40},"end":{"line":51,"column":1}},"line":49},"2":{"name":"(anonymous_2)","decl":{"start":{"line":51,"column":7},"end":{"line":51,"column":8}},"loc":{"start":{"line":51,"column":27},"end":{"line":53,"column":1}},"line":51}},"branchMap":{"0":{"loc":{"start":{"line":23,"column":46},"end":{"line":23,"column":92}},"type":"cond-expr","locations":[{"start":{"line":23,"column":70},"end":{"line":23,"column":73}},{"start":{"line":23,"column":76},"end":{"line":23,"column":92}}],"line":23},"1":{"loc":{"start":{"line":23,"column":46},"end":{"line":23,"column":67}},"type":"binary-expr","locations":[{"start":{"line":23,"column":46},"end":{"line":23,"column":49}},{"start":{"line":23,"column":53},"end":{"line":23,"column":67}}],"line":23}},"s":{"0":1,"1":1,"2":1,"3":1,"4":1,"5":1,"6":1,"7":1,"8":1,"9":4,"10":1,"11":1,"12":1,"13":1,"14":1,"15":1,"16":1,"17":1,"18":1,"19":1,"20":1,"21":1,"22":1,"23":1,"24":1,"25":1,"26":1,"27":1,"28":1,"29":0,"30":0,"31":1},"f":{"0":4,"1":0,"2":0},"b":{"0":[1,3],"1":[4,4]},"_coverageSchema":"332fd63041d2c1bcb487cc26dd0d5f7d97098a6c","hash":"c88327098b8d7ca8241d20925bfc86acb18ca2c1","contentHash":"fa24fa14f85f43f8099935a7c76ad432_11.1.0"},"C:\\Users\\Emmanuel\\Desktop\\New folder (2)\\HelloBooks\\server\\dist\\routes\\index.js":{"path":"C:\\Users\\Emmanuel\\Desktop\\New folder (2)\\HelloBooks\\server\\dist\\routes\\index.js","statementMap":{"0":{"start":{"line":3,"column":0},"end":{"line":5,"column":3}},"1":{"start":{"line":7,"column":12},"end":{"line":7,"column":29}},"2":{"start":{"line":9,"column":13},"end":{"line":9,"column":42}},"3":{"start":{"line":11,"column":12},"end":{"line":11,"column":29}},"4":{"start":{"line":13,"column":13},"end":{"line":13,"column":42}},"5":{"start":{"line":15,"column":13},"end":{"line":15,"column":31}},"6":{"start":{"line":17,"column":14},"end":{"line":17,"column":44}},"7":{"start":{"line":19,"column":15},"end":{"line":19,"column":35}},"8":{"start":{"line":21,"column":16},"end":{"line":21,"column":48}},"9":{"start":{"line":23,"column":21},"end":{"line":23,"column":47}},"10":{"start":{"line":25,"column":22},"end":{"line":25,"column":60}},"11":{"start":{"line":27,"column":39},"end":{"line":27,"column":93}},"12":{"start":{"line":29,"column":0},"end":{"line":31,"column":2}}},"fnMap":{"0":{"name":"_interopRequireDefault","decl":{"start":{"line":27,"column":9},"end":{"line":27,"column":31}},"loc":{"start":{"line":27,"column":37},"end":{"line":27,"column":95}},"line":27}},"branchMap":{"0":{"loc":{"start":{"line":27,"column":46},"end":{"line":27,"column":92}},"type":"cond-expr","locations":[{"start":{"line":27,"column":70},"end":{"line":27,"column":73}},{"start":{"line":27,"column":76},"end":{"line":27,"column":92}}],"line":27},"1":{"loc":{"start":{"line":27,"column":46},"end":{"line":27,"column":67}},"type":"binary-expr","locations":[{"start":{"line":27,"column":46},"end":{"line":27,"column":49}},{"start":{"line":27,"column":53},"end":{"line":27,"column":67}}],"line":27}},"s":{"0":1,"1":1,"2":1,"3":1,"4":1,"5":1,"6":1,"7":1,"8":1,"9":1,"10":1,"11":5,"12":1},"f":{"0":5},"b":{"0":[5,0],"1":[5,5]},"_coverageSchema":"332fd63041d2c1bcb487cc26dd0d5f7d97098a6c","hash":"95decbba6ebcc0accfdaeb29292fa7055627aa51","contentHash":"741e4ce2758f80916b90e0db1dcf9cd2_11.1.0"},"C:\\Users\\Emmanuel\\Desktop\\New folder (2)\\HelloBooks\\server\\dist\\routes\\user.js":{"path":"C:\\Users\\Emmanuel\\Desktop\\New folder (2)\\HelloBooks\\server\\dist\\routes\\user.js","statementMap":{"0":{"start":{"line":3,"column":0},"end":{"line":5,"column":3}},"1":{"start":{"line":7,"column":15},"end":{"line":7,"column":33}},"2":{"start":{"line":9,"column":16},"end":{"line":9,"column":48}},"3":{"start":{"line":11,"column":19},"end":{"line":11,"column":44}},"4":{"start":{"line":13,"column":20},"end":{"line":13,"column":56}},"5":{"start":{"line":15,"column":18},"end":{"line":15,"column":53}},"6":{"start":{"line":17,"column":19},"end":{"line":17,"column":54}},"7":{"start":{"line":19,"column":18},"end":{"line":19,"column":53}},"8":{"start":{"line":21,"column":19},"end":{"line":21,"column":54}},"9":{"start":{"line":23,"column":39},"end":{"line":23,"column":93}},"10":{"start":{"line":25,"column":21},"end":{"line":25,"column":48}},"11":{"start":{"line":26,"column":28},"end":{"line":26,"column":60}},"12":{"start":{"line":27,"column":13},"end":{"line":27,"column":39}},"13":{"start":{"line":29,"column":0},"end":{"line":29,"column":59}},"14":{"start":{"line":31,"column":0},"end":{"line":31,"column":61}},"15":{"start":{"line":33,"column":0},"end":{"line":33,"column":191}},"16":{"start":{"line":35,"column":0},"end":{"line":35,"column":160}},"17":{"start":{"line":37,"column":0},"end":{"line":37,"column":162}},"18":{"start":{"line":38,"column":0},"end":{"line":38,"column":25}}},"fnMap":{"0":{"name":"_interopRequireDefault","decl":{"start":{"line":23,"column":9},"end":{"line":23,"column":31}},"loc":{"start":{"line":23,"column":37},"end":{"line":23,"column":95}},"line":23}},"branchMap":{"0":{"loc":{"start":{"line":23,"column":46},"end":{"line":23,"column":92}},"type":"cond-expr","locations":[{"start":{"line":23,"column":70},"end":{"line":23,"column":73}},{"start":{"line":23,"column":76},"end":{"line":23,"column":92}}],"line":23},"1":{"loc":{"start":{"line":23,"column":46},"end":{"line":23,"column":67}},"type":"binary-expr","locations":[{"start":{"line":23,"column":46},"end":{"line":23,"column":49}},{"start":{"line":23,"column":53},"end":{"line":23,"column":67}}],"line":23}},"s":{"0":1,"1":1,"2":1,"3":1,"4":1,"5":1,"6":1,"7":1,"8":1,"9":4,"10":1,"11":1,"12":1,"13":1,"14":1,"15":1,"16":1,"17":1,"18":1},"f":{"0":4},"b":{"0":[3,1],"1":[4,4]},"_coverageSchema":"332fd63041d2c1bcb487cc26dd0d5f7d97098a6c","hash":"85dade36e06591acb2ec66b8b08943cce9ca9464","contentHash":"3ded51668bbc3d1fa677ad5d19eeb251_11.1.0"},"C:\\Users\\Emmanuel\\Desktop\\New folder (2)\\HelloBooks\\server\\dist\\controllers\\index.js":{"path":"C:\\Users\\Emmanuel\\Desktop\\New folder (2)\\HelloBooks\\server\\dist\\controllers\\index.js","statementMap":{"0":{"start":{"line":3,"column":0},"end":{"line":5,"column":3}},"1":{"start":{"line":7,"column":12},"end":{"line":7,"column":29}},"2":{"start":{"line":9,"column":13},"end":{"line":9,"column":42}},"3":{"start":{"line":11,"column":13},"end":{"line":11,"column":31}},"4":{"start":{"line":13,"column":14},"end":{"line":13,"column":44}},"5":{"start":{"line":15,"column":12},"end":{"line":15,"column":29}},"6":{"start":{"line":17,"column":13},"end":{"line":17,"column":42}},"7":{"start":{"line":19,"column":18},"end":{"line":19,"column":41}},"8":{"start":{"line":21,"column":19},"end":{"line":21,"column":54}},"9":{"start":{"line":23,"column":21},"end":{"line":23,"column":47}},"10":{"start":{"line":25,"column":22},"end":{"line":25,"column":60}},"11":{"start":{"line":27,"column":39},"end":{"line":27,"column":93}},"12":{"start":{"line":29,"column":0},"end":{"line":31,"column":2}}},"fnMap":{"0":{"name":"_interopRequireDefault","decl":{"start":{"line":27,"column":9},"end":{"line":27,"column":31}},"loc":{"start":{"line":27,"column":37},"end":{"line":27,"column":95}},"line":27}},"branchMap":{"0":{"loc":{"start":{"line":27,"column":46},"end":{"line":27,"column":92}},"type":"cond-expr","locations":[{"start":{"line":27,"column":70},"end":{"line":27,"column":73}},{"start":{"line":27,"column":76},"end":{"line":27,"column":92}}],"line":27},"1":{"loc":{"start":{"line":27,"column":46},"end":{"line":27,"column":67}},"type":"binary-expr","locations":[{"start":{"line":27,"column":46},"end":{"line":27,"column":49}},{"start":{"line":27,"column":53},"end":{"line":27,"column":67}}],"line":27}},"s":{"0":1,"1":1,"2":1,"3":1,"4":1,"5":1,"6":1,"7":1,"8":1,"9":1,"10":1,"11":5,"12":1},"f":{"0":5},"b":{"0":[5,0],"1":[5,5]},"_coverageSchema":"332fd63041d2c1bcb487cc26dd0d5f7d97098a6c","hash":"91f37ff6be4fbca2e491c6916b7f1a2de6c9b308","contentHash":"67d9aec1407bed5353806053860f73ea_11.1.0"},"C:\\Users\\Emmanuel\\Desktop\\New folder (2)\\HelloBooks\\server\\dist\\controllers\\user.js":{"path":"C:\\Users\\Emmanuel\\Desktop\\New folder (2)\\HelloBooks\\server\\dist\\controllers\\user.js","statementMap":{"0":{"start":{"line":3,"column":0},"end":{"line":5,"column":3}},"1":{"start":{"line":7,"column":20},"end":{"line":7,"column":43}},"2":{"start":{"line":9,"column":21},"end":{"line":9,"column":58}},"3":{"start":{"line":11,"column":14},"end":{"line":11,"column":31}},"4":{"start":{"line":13,"column":15},"end":{"line":13,"column":46}},"5":{"start":{"line":15,"column":14},"end":{"line":15,"column":34}},"6":{"start":{"line":17,"column":15},"end":{"line":17,"column":46}},"7":{"start":{"line":19,"column":14},"end":{"line":19,"column":34}},"8":{"start":{"line":21,"column":15},"end":{"line":21,"column":46}},"9":{"start":{"line":23,"column":39},"end":{"line":23,"column":93}},"10":{"start":{"line":25,"column":11},"end":{"line":25,"column":43}},"11":{"start":{"line":26,"column":11},"end":{"line":26,"column":33}},"12":{"start":{"line":28,"column":20},"end":{"line":30,"column":1}},"13":{"start":{"line":29,"column":2},"end":{"line":29,"column":158}},"14":{"start":{"line":31,"column":0},"end":{"line":66,"column":2}},"15":{"start":{"line":33,"column":15},"end":{"line":33,"column":65}},"16":{"start":{"line":34,"column":4},"end":{"line":45,"column":7}},"17":{"start":{"line":41,"column":20},"end":{"line":41,"column":39}},"18":{"start":{"line":42,"column":6},"end":{"line":42,"column":68}},"19":{"start":{"line":44,"column":6},"end":{"line":44,"column":62}},"20":{"start":{"line":50,"column":4},"end":{"line":64,"column":7}},"21":{"start":{"line":53,"column":6},"end":{"line":55,"column":7}},"22":{"start":{"line":54,"column":8},"end":{"line":54,"column":54}},"23":{"start":{"line":57,"column":6},"end":{"line":59,"column":7}},"24":{"start":{"line":58,"column":8},"end":{"line":58,"column":71}},"25":{"start":{"line":60,"column":20},"end":{"line":60,"column":39}},"26":{"start":{"line":61,"column":6},"end":{"line":61,"column":68}},"27":{"start":{"line":63,"column":6},"end":{"line":63,"column":49}}},"fnMap":{"0":{"name":"_interopRequireDefault","decl":{"start":{"line":23,"column":9},"end":{"line":23,"column":31}},"loc":{"start":{"line":23,"column":37},"end":{"line":23,"column":95}},"line":23},"1":{"name":"generateToken","decl":{"start":{"line":28,"column":29},"end":{"line":28,"column":42}},"loc":{"start":{"line":28,"column":49},"end":{"line":30,"column":1}},"line":28},"2":{"name":"create","decl":{"start":{"line":32,"column":19},"end":{"line":32,"column":25}},"loc":{"start":{"line":32,"column":36},"end":{"line":46,"column":3}},"line":32},"3":{"name":"(anonymous_3)","decl":{"start":{"line":40,"column":12},"end":{"line":40,"column":13}},"loc":{"start":{"line":40,"column":28},"end":{"line":43,"column":5}},"line":40},"4":{"name":"(anonymous_4)","decl":{"start":{"line":43,"column":13},"end":{"line":43,"column":14}},"loc":{"start":{"line":43,"column":30},"end":{"line":45,"column":5}},"line":43},"5":{"name":"findUser","decl":{"start":{"line":49,"column":21},"end":{"line":49,"column":29}},"loc":{"start":{"line":49,"column":40},"end":{"line":65,"column":3}},"line":49},"6":{"name":"(anonymous_6)","decl":{"start":{"line":52,"column":16},"end":{"line":52,"column":17}},"loc":{"start":{"line":52,"column":32},"end":{"line":62,"column":5}},"line":52},"7":{"name":"(anonymous_7)","decl":{"start":{"line":62,"column":13},"end":{"line":62,"column":14}},"loc":{"start":{"line":62,"column":30},"end":{"line":64,"column":5}},"line":62}},"branchMap":{"0":{"loc":{"start":{"line":23,"column":46},"end":{"line":23,"column":92}},"type":"cond-expr","locations":[{"start":{"line":23,"column":70},"end":{"line":23,"column":73}},{"start":{"line":23,"column":76},"end":{"line":23,"column":92}}],"line":23},"1":{"loc":{"start":{"line":23,"column":46},"end":{"line":23,"column":67}},"type":"binary-expr","locations":[{"start":{"line":23,"column":46},"end":{"line":23,"column":49}},{"start":{"line":23,"column":53},"end":{"line":23,"column":67}}],"line":23},"2":{"loc":{"start":{"line":53,"column":6},"end":{"line":55,"column":7}},"type":"if","locations":[{"start":{"line":53,"column":6},"end":{"line":55,"column":7}},{"start":{"line":53,"column":6},"end":{"line":55,"column":7}}],"line":53},"3":{"loc":{"start":{"line":57,"column":6},"end":{"line":59,"column":7}},"type":"if","locations":[{"start":{"line":57,"column":6},"end":{"line":59,"column":7}},{"start":{"line":57,"column":6},"end":{"line":59,"column":7}}],"line":57}},"s":{"0":1,"1":1,"2":1,"3":1,"4":1,"5":1,"6":1,"7":1,"8":1,"9":4,"10":1,"11":1,"12":1,"13":4,"14":1,"15":4,"16":4,"17":2,"18":2,"19":2,"20":4,"21":4,"22":1,"23":3,"24":1,"25":2,"26":2,"27":0},"f":{"0":4,"1":4,"2":4,"3":2,"4":2,"5":4,"6":4,"7":0},"b":{"0":[1,3],"1":[4,4],"2":[1,3],"3":[1,2]},"_coverageSchema":"332fd63041d2c1bcb487cc26dd0d5f7d97098a6c","hash":"afccf6d41ea0a46a9b2581f9299345077132e868","contentHash":"ee9adbfeaa47cdbf147717921a568e86_11.1.0"},"C:\\Users\\Emmanuel\\Desktop\\New folder (2)\\HelloBooks\\server\\dist\\models\\index.js":{"path":"C:\\Users\\Emmanuel\\Desktop\\New folder (2)\\HelloBooks\\server\\dist\\models\\index.js","statementMap":{"0":{"start":{"line":3,"column":10},"end":{"line":3,"column":23}},"1":{"start":{"line":5,"column":11},"end":{"line":5,"column":38}},"2":{"start":{"line":7,"column":12},"end":{"line":7,"column":27}},"3":{"start":{"line":9,"column":13},"end":{"line":9,"column":42}},"4":{"start":{"line":11,"column":17},"end":{"line":11,"column":37}},"5":{"start":{"line":13,"column":18},"end":{"line":13,"column":52}},"6":{"start":{"line":15,"column":14},"end":{"line":15,"column":41}},"7":{"start":{"line":17,"column":15},"end":{"line":17,"column":46}},"8":{"start":{"line":19,"column":39},"end":{"line":19,"column":93}},"9":{"start":{"line":21,"column":0},"end":{"line":21,"column":27}},"10":{"start":{"line":23,"column":15},"end":{"line":23,"column":55}},"11":{"start":{"line":24,"column":10},"end":{"line":24,"column":47}},"12":{"start":{"line":25,"column":14},"end":{"line":25,"column":35}},"13":{"start":{"line":27,"column":9},"end":{"line":27,"column":11}},"14":{"start":{"line":29,"column":16},"end":{"line":29,"column":22}},"15":{"start":{"line":30,"column":0},"end":{"line":34,"column":1}},"16":{"start":{"line":31,"column":2},"end":{"line":31,"column":77}},"17":{"start":{"line":33,"column":2},"end":{"line":33,"column":101}},"18":{"start":{"line":36,"column":0},"end":{"line":41,"column":3}},"19":{"start":{"line":37,"column":2},"end":{"line":37,"column":82}},"20":{"start":{"line":39,"column":14},"end":{"line":39,"column":68}},"21":{"start":{"line":40,"column":2},"end":{"line":40,"column":25}},"22":{"start":{"line":43,"column":0},"end":{"line":47,"column":3}},"23":{"start":{"line":44,"column":2},"end":{"line":46,"column":3}},"24":{"start":{"line":45,"column":4},"end":{"line":45,"column":32}},"25":{"start":{"line":49,"column":0},"end":{"line":49,"column":25}},"26":{"start":{"line":50,"column":0},"end":{"line":50,"column":35}},"27":{"start":{"line":52,"column":0},"end":{"line":52,"column":20}}},"fnMap":{"0":{"name":"_interopRequireDefault","decl":{"start":{"line":19,"column":9},"end":{"line":19,"column":31}},"loc":{"start":{"line":19,"column":37},"end":{"line":19,"column":95}},"line":19},"1":{"name":"(anonymous_1)","decl":{"start":{"line":36,"column":43},"end":{"line":36,"column":44}},"loc":{"start":{"line":36,"column":59},"end":{"line":38,"column":1}},"line":36},"2":{"name":"(anonymous_2)","decl":{"start":{"line":38,"column":11},"end":{"line":38,"column":12}},"loc":{"start":{"line":38,"column":27},"end":{"line":41,"column":1}},"line":38},"3":{"name":"(anonymous_3)","decl":{"start":{"line":43,"column":24},"end":{"line":43,"column":25}},"loc":{"start":{"line":43,"column":45},"end":{"line":47,"column":1}},"line":43}},"branchMap":{"0":{"loc":{"start":{"line":19,"column":46},"end":{"line":19,"column":92}},"type":"cond-expr","locations":[{"start":{"line":19,"column":70},"end":{"line":19,"column":73}},{"start":{"line":19,"column":76},"end":{"line":19,"column":92}}],"line":19},"1":{"loc":{"start":{"line":19,"column":46},"end":{"line":19,"column":67}},"type":"binary-expr","locations":[{"start":{"line":19,"column":46},"end":{"line":19,"column":49}},{"start":{"line":19,"column":53},"end":{"line":19,"column":67}}],"line":19},"2":{"loc":{"start":{"line":24,"column":10},"end":{"line":24,"column":47}},"type":"binary-expr","locations":[{"start":{"line":24,"column":10},"end":{"line":24,"column":30}},{"start":{"line":24,"column":34},"end":{"line":24,"column":47}}],"line":24},"3":{"loc":{"start":{"line":30,"column":0},"end":{"line":34,"column":1}},"type":"if","locations":[{"start":{"line":30,"column":0},"end":{"line":34,"column":1}},{"start":{"line":30,"column":0},"end":{"line":34,"column":1}}],"line":30},"4":{"loc":{"start":{"line":37,"column":9},"end":{"line":37,"column":81}},"type":"binary-expr","locations":[{"start":{"line":37,"column":9},"end":{"line":37,"column":32}},{"start":{"line":37,"column":36},"end":{"line":37,"column":53}},{"start":{"line":37,"column":57},"end":{"line":37,"column":81}}],"line":37},"5":{"loc":{"start":{"line":44,"column":2},"end":{"line":46,"column":3}},"type":"if","locations":[{"start":{"line":44,"column":2},"end":{"line":46,"column":3}},{"start":{"line":44,"column":2},"end":{"line":46,"column":3}}],"line":44}},"s":{"0":1,"1":1,"2":1,"3":1,"4":1,"5":1,"6":1,"7":1,"8":4,"9":1,"10":1,"11":1,"12":1,"13":1,"14":1,"15":1,"16":0,"17":1,"18":1,"19":8,"20":7,"21":7,"22":1,"23":6,"24":0,"25":1,"26":1,"27":1},"f":{"0":4,"1":8,"2":7,"3":6},"b":{"0":[0,4],"1":[4,4],"2":[1,0],"3":[0,1],"4":[8,8,7],"5":[0,6]},"_coverageSchema":"332fd63041d2c1bcb487cc26dd0d5f7d97098a6c","hash":"7c71d414034d39ce1601e8d66ff479e806791fbe","contentHash":"c9ec408b9b1bfaab509fec28f75cd9f2_11.1.0"},"C:\\Users\\Emmanuel\\Desktop\\New folder (2)\\HelloBooks\\server\\dist\\config\\config.js":{"path":"C:\\Users\\Emmanuel\\Desktop\\New folder (2)\\HelloBooks\\server\\dist\\config\\config.js","statementMap":{"0":{"start":{"line":3,"column":13},"end":{"line":3,"column":30}},"1":{"start":{"line":5,"column":0},"end":{"line":5,"column":16}},"2":{"start":{"line":7,"column":13},"end":{"line":27,"column":1}},"3":{"start":{"line":28,"column":0},"end":{"line":28,"column":24}}},"fnMap":{},"branchMap":{},"s":{"0":1,"1":1,"2":1,"3":1},"f":{},"b":{},"_coverageSchema":"332fd63041d2c1bcb487cc26dd0d5f7d97098a6c","hash":"433983619babc4ae05c81c5839a3868b5510cec2","contentHash":"f255f60cb209b69733ff1a50286dc36b_11.1.0"},"C:\\Users\\Emmanuel\\Desktop\\New folder (2)\\HelloBooks\\server\\dist\\models\\admin.js":{"path":"C:\\Users\\Emmanuel\\Desktop\\New folder (2)\\HelloBooks\\server\\dist\\models\\admin.js","statementMap":{"0":{"start":{"line":3,"column":12},"end":{"line":48,"column":1}},"1":{"start":{"line":4,"column":14},"end":{"line":46,"column":4}},"2":{"start":{"line":47,"column":2},"end":{"line":47,"column":15}},"3":{"start":{"line":49,"column":0},"end":{"line":49,"column":23}}},"fnMap":{"0":{"name":"admin","decl":{"start":{"line":3,"column":21},"end":{"line":3,"column":26}},"loc":{"start":{"line":3,"column":49},"end":{"line":48,"column":1}},"line":3},"1":{"name":"associate","decl":{"start":{"line":42,"column":26},"end":{"line":42,"column":35}},"loc":{"start":{"line":42,"column":44},"end":{"line":44,"column":7}},"line":42}},"branchMap":{},"s":{"0":1,"1":1,"2":1,"3":1},"f":{"0":1,"1":0},"b":{},"_coverageSchema":"332fd63041d2c1bcb487cc26dd0d5f7d97098a6c","hash":"c420cae043fd187b4f7382c8d7125e2ef9062fef","contentHash":"7333961b2bf90b3d86f31392e65e2452_11.1.0"},"C:\\Users\\Emmanuel\\Desktop\\New folder (2)\\HelloBooks\\server\\dist\\models\\book.js":{"path":"C:\\Users\\Emmanuel\\Desktop\\New folder (2)\\HelloBooks\\server\\dist\\models\\book.js","statementMap":{"0":{"start":{"line":3,"column":11},"end":{"line":21,"column":1}},"1":{"start":{"line":4,"column":13},"end":{"line":19,"column":4}},"2":{"start":{"line":20,"column":2},"end":{"line":20,"column":14}},"3":{"start":{"line":22,"column":0},"end":{"line":22,"column":22}}},"fnMap":{"0":{"name":"book","decl":{"start":{"line":3,"column":20},"end":{"line":3,"column":24}},"loc":{"start":{"line":3,"column":47},"end":{"line":21,"column":1}},"line":3},"1":{"name":"associate","decl":{"start":{"line":15,"column":26},"end":{"line":15,"column":35}},"loc":{"start":{"line":15,"column":44},"end":{"line":17,"column":7}},"line":15}},"branchMap":{},"s":{"0":1,"1":1,"2":1,"3":1},"f":{"0":1,"1":0},"b":{},"_coverageSchema":"332fd63041d2c1bcb487cc26dd0d5f7d97098a6c","hash":"a641adb07b84ed48dca5880553e3b23f15fee308","contentHash":"37efe4c13b3aa1fbffdc2b452f5c97d8_11.1.0"},"C:\\Users\\Emmanuel\\Desktop\\New folder (2)\\HelloBooks\\server\\dist\\models\\bookinfo.js":{"path":"C:\\Users\\Emmanuel\\Desktop\\New folder (2)\\HelloBooks\\server\\dist\\models\\bookinfo.js","statementMap":{"0":{"start":{"line":3,"column":15},"end":{"line":14,"column":1}},"1":{"start":{"line":4,"column":17},"end":{"line":12,"column":4}},"2":{"start":{"line":13,"column":2},"end":{"line":13,"column":18}},"3":{"start":{"line":15,"column":0},"end":{"line":15,"column":26}}},"fnMap":{"0":{"name":"bookInfo","decl":{"start":{"line":3,"column":24},"end":{"line":3,"column":32}},"loc":{"start":{"line":3,"column":55},"end":{"line":14,"column":1}},"line":3},"1":{"name":"associate","decl":{"start":{"line":8,"column":26},"end":{"line":8,"column":35}},"loc":{"start":{"line":8,"column":44},"end":{"line":10,"column":7}},"line":8}},"branchMap":{},"s":{"0":1,"1":1,"2":1,"3":1},"f":{"0":1,"1":0},"b":{},"_coverageSchema":"332fd63041d2c1bcb487cc26dd0d5f7d97098a6c","hash":"db37d3a124507ee3ae376ca0f98dac8efc58347c","contentHash":"d2b41263e20446c02622cd96b8e3a46f_11.1.0"},"C:\\Users\\Emmanuel\\Desktop\\New folder (2)\\HelloBooks\\server\\dist\\models\\borrowbook.js":{"path":"C:\\Users\\Emmanuel\\Desktop\\New folder (2)\\HelloBooks\\server\\dist\\models\\borrowbook.js","statementMap":{"0":{"start":{"line":3,"column":17},"end":{"line":20,"column":1}},"1":{"start":{"line":4,"column":13},"end":{"line":4,"column":36}},"2":{"start":{"line":5,"column":19},"end":{"line":17,"column":4}},"3":{"start":{"line":18,"column":2},"end":{"line":18,"column":55}},"4":{"start":{"line":19,"column":2},"end":{"line":19,"column":20}},"5":{"start":{"line":21,"column":0},"end":{"line":21,"column":28}}},"fnMap":{"0":{"name":"borrowbook","decl":{"start":{"line":3,"column":26},"end":{"line":3,"column":36}},"loc":{"start":{"line":3,"column":59},"end":{"line":20,"column":1}},"line":3},"1":{"name":"associate","decl":{"start":{"line":13,"column":26},"end":{"line":13,"column":35}},"loc":{"start":{"line":13,"column":44},"end":{"line":15,"column":7}},"line":13}},"branchMap":{},"s":{"0":1,"1":1,"2":1,"3":1,"4":1,"5":1},"f":{"0":1,"1":0},"b":{},"_coverageSchema":"332fd63041d2c1bcb487cc26dd0d5f7d97098a6c","hash":"d6dbad97ba69810232fd0b4a52002138f11136a3","contentHash":"1de51fc33853899f899ca90790bbe88d_11.1.0"},"C:\\Users\\Emmanuel\\Desktop\\New folder (2)\\HelloBooks\\server\\dist\\models\\notification.js":{"path":"C:\\Users\\Emmanuel\\Desktop\\New folder (2)\\HelloBooks\\server\\dist\\models\\notification.js","statementMap":{"0":{"start":{"line":3,"column":19},"end":{"line":18,"column":1}},"1":{"start":{"line":4,"column":21},"end":{"line":16,"column":4}},"2":{"start":{"line":17,"column":2},"end":{"line":17,"column":22}},"3":{"start":{"line":19,"column":0},"end":{"line":19,"column":30}}},"fnMap":{"0":{"name":"notification","decl":{"start":{"line":3,"column":28},"end":{"line":3,"column":40}},"loc":{"start":{"line":3,"column":63},"end":{"line":18,"column":1}},"line":3},"1":{"name":"associate","decl":{"start":{"line":12,"column":26},"end":{"line":12,"column":35}},"loc":{"start":{"line":12,"column":44},"end":{"line":14,"column":7}},"line":12}},"branchMap":{},"s":{"0":1,"1":1,"2":1,"3":1},"f":{"0":1,"1":0},"b":{},"_coverageSchema":"332fd63041d2c1bcb487cc26dd0d5f7d97098a6c","hash":"d4753489ee7376615d8f62507a5430c699fc8d15","contentHash":"b6e8bf905cd31c668b2b31421145af41_11.1.0"},"C:\\Users\\Emmanuel\\Desktop\\New folder (2)\\HelloBooks\\server\\dist\\models\\user.js":{"path":"C:\\Users\\Emmanuel\\Desktop\\New folder (2)\\HelloBooks\\server\\dist\\models\\user.js","statementMap":{"0":{"start":{"line":3,"column":0},"end":{"line":5,"column":3}},"1":{"start":{"line":7,"column":0},"end":{"line":19,"column":2}},"2":{"start":{"line":8,"column":13},"end":{"line":17,"column":4}},"3":{"start":{"line":18,"column":2},"end":{"line":18,"column":14}}},"fnMap":{"0":{"name":"(anonymous_0)","decl":{"start":{"line":7,"column":18},"end":{"line":7,"column":19}},"loc":{"start":{"line":7,"column":50},"end":{"line":19,"column":1}},"line":7},"1":{"name":"associate","decl":{"start":{"line":13,"column":26},"end":{"line":13,"column":35}},"loc":{"start":{"line":13,"column":44},"end":{"line":15,"column":7}},"line":13}},"branchMap":{},"s":{"0":1,"1":1,"2":1,"3":1},"f":{"0":1,"1":0},"b":{},"_coverageSchema":"332fd63041d2c1bcb487cc26dd0d5f7d97098a6c","hash":"6aeb43b7a8c1ae58d621a18c1c2e1dcb8869b08c","contentHash":"5d91f2510efc2ccbcf9aefeeca901d1d_11.1.0"},"C:\\Users\\Emmanuel\\Desktop\\New folder (2)\\HelloBooks\\server\\dist\\models\\users.js":{"path":"C:\\Users\\Emmanuel\\Desktop\\New folder (2)\\HelloBooks\\server\\dist\\models\\users.js","statementMap":{"0":{"start":{"line":3,"column":11},"end":{"line":84,"column":1}},"1":{"start":{"line":4,"column":13},"end":{"line":82,"column":4}},"2":{"start":{"line":83,"column":2},"end":{"line":83,"column":14}},"3":{"start":{"line":85,"column":0},"end":{"line":85,"column":22}}},"fnMap":{"0":{"name":"user","decl":{"start":{"line":3,"column":20},"end":{"line":3,"column":24}},"loc":{"start":{"line":3,"column":47},"end":{"line":84,"column":1}},"line":3},"1":{"name":"associate","decl":{"start":{"line":78,"column":26},"end":{"line":78,"column":35}},"loc":{"start":{"line":78,"column":44},"end":{"line":80,"column":7}},"line":78}},"branchMap":{},"s":{"0":1,"1":1,"2":1,"3":1},"f":{"0":1,"1":0},"b":{},"_coverageSchema":"332fd63041d2c1bcb487cc26dd0d5f7d97098a6c","hash":"9039cf93980821b343e140139e40637487f23371","contentHash":"3937dd47f918bf138cc556311062c70a_11.1.0"},"C:\\Users\\Emmanuel\\Desktop\\New folder (2)\\HelloBooks\\server\\dist\\controllers\\admin.js":{"path":"C:\\Users\\Emmanuel\\Desktop\\New folder (2)\\HelloBooks\\server\\dist\\controllers\\admin.js","statementMap":{"0":{"start":{"line":3,"column":0},"end":{"line":5,"column":3}},"1":{"start":{"line":7,"column":20},"end":{"line":7,"column":43}},"2":{"start":{"line":9,"column":21},"end":{"line":9,"column":58}},"3":{"start":{"line":11,"column":14},"end":{"line":11,"column":31}},"4":{"start":{"line":13,"column":15},"end":{"line":13,"column":46}},"5":{"start":{"line":15,"column":14},"end":{"line":15,"column":34}},"6":{"start":{"line":17,"column":15},"end":{"line":17,"column":46}},"7":{"start":{"line":19,"column":14},"end":{"line":19,"column":34}},"8":{"start":{"line":21,"column":15},"end":{"line":21,"column":46}},"9":{"start":{"line":23,"column":39},"end":{"line":23,"column":93}},"10":{"start":{"line":25,"column":11},"end":{"line":25,"column":33}},"11":{"start":{"line":26,"column":11},"end":{"line":26,"column":43}},"12":{"start":{"line":27,"column":0},"end":{"line":84,"column":2}},"13":{"start":{"line":30,"column":15},"end":{"line":30,"column":65}},"14":{"start":{"line":31,"column":4},"end":{"line":51,"column":7}},"15":{"start":{"line":34,"column":6},"end":{"line":48,"column":7}},"16":{"start":{"line":35,"column":8},"end":{"line":45,"column":11}},"17":{"start":{"line":42,"column":10},"end":{"line":42,"column":47}},"18":{"start":{"line":44,"column":10},"end":{"line":44,"column":67}},"19":{"start":{"line":47,"column":8},"end":{"line":47,"column":80}},"20":{"start":{"line":50,"column":6},"end":{"line":50,"column":63}},"21":{"start":{"line":56,"column":4},"end":{"line":75,"column":7}},"22":{"start":{"line":60,"column":6},"end":{"line":62,"column":7}},"23":{"start":{"line":61,"column":8},"end":{"line":61,"column":68}},"24":{"start":{"line":63,"column":6},"end":{"line":72,"column":7}},"25":{"start":{"line":64,"column":8},"end":{"line":64,"column":64}},"26":{"start":{"line":66,"column":22},"end":{"line":66,"column":155}},"27":{"start":{"line":67,"column":8},"end":{"line":71,"column":11}},"28":{"start":{"line":74,"column":6},"end":{"line":74,"column":63}},"29":{"start":{"line":78,"column":4},"end":{"line":82,"column":7}},"30":{"start":{"line":81,"column":6},"end":{"line":81,"column":42}}},"fnMap":{"0":{"name":"_interopRequireDefault","decl":{"start":{"line":23,"column":9},"end":{"line":23,"column":31}},"loc":{"start":{"line":23,"column":37},"end":{"line":23,"column":95}},"line":23},"1":{"name":"create","decl":{"start":{"line":29,"column":19},"end":{"line":29,"column":25}},"loc":{"start":{"line":29,"column":36},"end":{"line":52,"column":3}},"line":29},"2":{"name":"(anonymous_2)","decl":{"start":{"line":33,"column":12},"end":{"line":33,"column":13}},"loc":{"start":{"line":33,"column":29},"end":{"line":49,"column":5}},"line":33},"3":{"name":"(anonymous_3)","decl":{"start":{"line":41,"column":16},"end":{"line":41,"column":17}},"loc":{"start":{"line":41,"column":35},"end":{"line":43,"column":9}},"line":41},"4":{"name":"(anonymous_4)","decl":{"start":{"line":43,"column":17},"end":{"line":43,"column":18}},"loc":{"start":{"line":43,"column":34},"end":{"line":45,"column":9}},"line":43},"5":{"name":"(anonymous_5)","decl":{"start":{"line":49,"column":13},"end":{"line":49,"column":14}},"loc":{"start":{"line":49,"column":30},"end":{"line":51,"column":5}},"line":49},"6":{"name":"findAdmin","decl":{"start":{"line":55,"column":22},"end":{"line":55,"column":31}},"loc":{"start":{"line":55,"column":42},"end":{"line":76,"column":3}},"line":55},"7":{"name":"(anonymous_7)","decl":{"start":{"line":59,"column":16},"end":{"line":59,"column":17}},"loc":{"start":{"line":59,"column":33},"end":{"line":73,"column":5}},"line":59},"8":{"name":"(anonymous_8)","decl":{"start":{"line":73,"column":13},"end":{"line":73,"column":14}},"loc":{"start":{"line":73,"column":30},"end":{"line":75,"column":5}},"line":73},"9":{"name":"findAdmins","decl":{"start":{"line":77,"column":23},"end":{"line":77,"column":33}},"loc":{"start":{"line":77,"column":44},"end":{"line":83,"column":3}},"line":77},"10":{"name":"(anonymous_10)","decl":{"start":{"line":80,"column":12},"end":{"line":80,"column":13}},"loc":{"start":{"line":80,"column":30},"end":{"line":82,"column":5}},"line":80}},"branchMap":{"0":{"loc":{"start":{"line":23,"column":46},"end":{"line":23,"column":92}},"type":"cond-expr","locations":[{"start":{"line":23,"column":70},"end":{"line":23,"column":73}},{"start":{"line":23,"column":76},"end":{"line":23,"column":92}}],"line":23},"1":{"loc":{"start":{"line":23,"column":46},"end":{"line":23,"column":67}},"type":"binary-expr","locations":[{"start":{"line":23,"column":46},"end":{"line":23,"column":49}},{"start":{"line":23,"column":53},"end":{"line":23,"column":67}}],"line":23},"2":{"loc":{"start":{"line":34,"column":6},"end":{"line":48,"column":7}},"type":"if","locations":[{"start":{"line":34,"column":6},"end":{"line":48,"column":7}},{"start":{"line":34,"column":6},"end":{"line":48,"column":7}}],"line":34},"3":{"loc":{"start":{"line":60,"column":6},"end":{"line":62,"column":7}},"type":"if","locations":[{"start":{"line":60,"column":6},"end":{"line":62,"column":7}},{"start":{"line":60,"column":6},"end":{"line":62,"column":7}}],"line":60},"4":{"loc":{"start":{"line":63,"column":6},"end":{"line":72,"column":7}},"type":"if","locations":[{"start":{"line":63,"column":6},"end":{"line":72,"column":7}},{"start":{"line":63,"column":6},"end":{"line":72,"column":7}}],"line":63}},"s":{"0":1,"1":1,"2":1,"3":1,"4":1,"5":1,"6":1,"7":1,"8":1,"9":4,"10":1,"11":1,"12":1,"13":1,"14":1,"15":1,"16":1,"17":1,"18":0,"19":0,"20":0,"21":1,"22":1,"23":0,"24":1,"25":0,"26":1,"27":1,"28":0,"29":0,"30":0},"f":{"0":4,"1":1,"2":1,"3":1,"4":0,"5":0,"6":1,"7":1,"8":0,"9":0,"10":0},"b":{"0":[1,3],"1":[4,4],"2":[1,0],"3":[0,1],"4":[0,1]},"_coverageSchema":"332fd63041d2c1bcb487cc26dd0d5f7d97098a6c","hash":"6eaa88b3cbee504cab3ca03dd605f9a20064b31c","contentHash":"4d0b0e0d8d020497a0e7d0497103f13c_11.1.0"},"C:\\Users\\Emmanuel\\Desktop\\New folder (2)\\HelloBooks\\server\\dist\\controllers\\book.js":{"path":"C:\\Users\\Emmanuel\\Desktop\\New folder (2)\\HelloBooks\\server\\dist\\controllers\\book.js","statementMap":{"0":{"start":{"line":3,"column":0},"end":{"line":5,"column":3}},"1":{"start":{"line":7,"column":14},"end":{"line":7,"column":34}},"2":{"start":{"line":9,"column":15},"end":{"line":9,"column":46}},"3":{"start":{"line":11,"column":39},"end":{"line":11,"column":93}},"4":{"start":{"line":13,"column":11},"end":{"line":13,"column":32}},"5":{"start":{"line":15,"column":0},"end":{"line":83,"column":2}},"6":{"start":{"line":17,"column":4},"end":{"line":29,"column":7}},"7":{"start":{"line":26,"column":6},"end":{"line":26,"column":43}},"8":{"start":{"line":28,"column":6},"end":{"line":28,"column":62}},"9":{"start":{"line":34,"column":4},"end":{"line":44,"column":7}},"10":{"start":{"line":37,"column":6},"end":{"line":41,"column":7}},"11":{"start":{"line":38,"column":8},"end":{"line":38,"column":47}},"12":{"start":{"line":40,"column":8},"end":{"line":40,"column":35}},"13":{"start":{"line":43,"column":6},"end":{"line":43,"column":62}},"14":{"start":{"line":49,"column":4},"end":{"line":57,"column":7}},"15":{"start":{"line":50,"column":6},"end":{"line":54,"column":7}},"16":{"start":{"line":51,"column":8},"end":{"line":51,"column":38}},"17":{"start":{"line":53,"column":8},"end":{"line":53,"column":35}},"18":{"start":{"line":56,"column":6},"end":{"line":56,"column":41}},"19":{"start":{"line":62,"column":4},"end":{"line":81,"column":7}},"20":{"start":{"line":66,"column":6},"end":{"line":78,"column":7}},"21":{"start":{"line":67,"column":8},"end":{"line":67,"column":38}},"22":{"start":{"line":69,"column":8},"end":{"line":77,"column":11}},"23":{"start":{"line":80,"column":6},"end":{"line":80,"column":63}}},"fnMap":{"0":{"name":"_interopRequireDefault","decl":{"start":{"line":11,"column":9},"end":{"line":11,"column":31}},"loc":{"start":{"line":11,"column":37},"end":{"line":11,"column":95}},"line":11},"1":{"name":"create","decl":{"start":{"line":16,"column":19},"end":{"line":16,"column":25}},"loc":{"start":{"line":16,"column":36},"end":{"line":30,"column":3}},"line":16},"2":{"name":"(anonymous_2)","decl":{"start":{"line":25,"column":12},"end":{"line":25,"column":13}},"loc":{"start":{"line":25,"column":31},"end":{"line":27,"column":5}},"line":25},"3":{"name":"(anonymous_3)","decl":{"start":{"line":27,"column":13},"end":{"line":27,"column":14}},"loc":{"start":{"line":27,"column":30},"end":{"line":29,"column":5}},"line":27},"4":{"name":"findOne","decl":{"start":{"line":33,"column":20},"end":{"line":33,"column":27}},"loc":{"start":{"line":33,"column":38},"end":{"line":45,"column":3}},"line":33},"5":{"name":"(anonymous_5)","decl":{"start":{"line":36,"column":16},"end":{"line":36,"column":17}},"loc":{"start":{"line":36,"column":32},"end":{"line":42,"column":5}},"line":36},"6":{"name":"(anonymous_6)","decl":{"start":{"line":42,"column":13},"end":{"line":42,"column":14}},"loc":{"start":{"line":42,"column":30},"end":{"line":44,"column":5}},"line":42},"7":{"name":"findAll","decl":{"start":{"line":48,"column":20},"end":{"line":48,"column":27}},"loc":{"start":{"line":48,"column":38},"end":{"line":58,"column":3}},"line":48},"8":{"name":"(anonymous_8)","decl":{"start":{"line":49,"column":33},"end":{"line":49,"column":34}},"loc":{"start":{"line":49,"column":49},"end":{"line":55,"column":5}},"line":49},"9":{"name":"(anonymous_9)","decl":{"start":{"line":55,"column":13},"end":{"line":55,"column":14}},"loc":{"start":{"line":55,"column":30},"end":{"line":57,"column":5}},"line":55},"10":{"name":"findBook","decl":{"start":{"line":61,"column":21},"end":{"line":61,"column":29}},"loc":{"start":{"line":61,"column":40},"end":{"line":82,"column":3}},"line":61},"11":{"name":"(anonymous_11)","decl":{"start":{"line":65,"column":12},"end":{"line":65,"column":13}},"loc":{"start":{"line":65,"column":28},"end":{"line":79,"column":5}},"line":65},"12":{"name":"(anonymous_12)","decl":{"start":{"line":79,"column":13},"end":{"line":79,"column":14}},"loc":{"start":{"line":79,"column":30},"end":{"line":81,"column":5}},"line":79}},"branchMap":{"0":{"loc":{"start":{"line":11,"column":46},"end":{"line":11,"column":92}},"type":"cond-expr","locations":[{"start":{"line":11,"column":70},"end":{"line":11,"column":73}},{"start":{"line":11,"column":76},"end":{"line":11,"column":92}}],"line":11},"1":{"loc":{"start":{"line":11,"column":46},"end":{"line":11,"column":67}},"type":"binary-expr","locations":[{"start":{"line":11,"column":46},"end":{"line":11,"column":49}},{"start":{"line":11,"column":53},"end":{"line":11,"column":67}}],"line":11},"2":{"loc":{"start":{"line":37,"column":6},"end":{"line":41,"column":7}},"type":"if","locations":[{"start":{"line":37,"column":6},"end":{"line":41,"column":7}},{"start":{"line":37,"column":6},"end":{"line":41,"column":7}}],"line":37},"3":{"loc":{"start":{"line":50,"column":6},"end":{"line":54,"column":7}},"type":"if","locations":[{"start":{"line":50,"column":6},"end":{"line":54,"column":7}},{"start":{"line":50,"column":6},"end":{"line":54,"column":7}}],"line":50},"4":{"loc":{"start":{"line":66,"column":6},"end":{"line":78,"column":7}},"type":"if","locations":[{"start":{"line":66,"column":6},"end":{"line":78,"column":7}},{"start":{"line":66,"column":6},"end":{"line":78,"column":7}}],"line":66}},"s":{"0":1,"1":1,"2":1,"3":1,"4":1,"5":1,"6":3,"7":3,"8":0,"9":0,"10":0,"11":0,"12":0,"13":0,"14":2,"15":2,"16":0,"17":2,"18":0,"19":0,"20":0,"21":0,"22":0,"23":0},"f":{"0":1,"1":3,"2":3,"3":0,"4":0,"5":0,"6":0,"7":2,"8":2,"9":0,"10":0,"11":0,"12":0},"b":{"0":[0,1],"1":[1,1],"2":[0,0],"3":[0,2],"4":[0,0]},"_coverageSchema":"332fd63041d2c1bcb487cc26dd0d5f7d97098a6c","hash":"68192edf2feabf2e8ce542e79358574a3bc4ce37","contentHash":"ee114e38ece9518b98926a460e0fd0d4_11.1.0"},"C:\\Users\\Emmanuel\\Desktop\\New folder (2)\\HelloBooks\\server\\dist\\controllers\\borrowbook.js":{"path":"C:\\Users\\Emmanuel\\Desktop\\New folder (2)\\HelloBooks\\server\\dist\\controllers\\borrowbook.js","statementMap":{"0":{"start":{"line":3,"column":0},"end":{"line":5,"column":3}},"1":{"start":{"line":7,"column":14},"end":{"line":7,"column":34}},"2":{"start":{"line":9,"column":15},"end":{"line":9,"column":46}},"3":{"start":{"line":11,"column":39},"end":{"line":11,"column":93}},"4":{"start":{"line":13,"column":11},"end":{"line":13,"column":32}},"5":{"start":{"line":14,"column":17},"end":{"line":14,"column":44}},"6":{"start":{"line":16,"column":20},"end":{"line":30,"column":1}},"7":{"start":{"line":17,"column":16},"end":{"line":17,"column":22}},"8":{"start":{"line":18,"column":2},"end":{"line":21,"column":3}},"9":{"start":{"line":19,"column":4},"end":{"line":19,"column":71}},"10":{"start":{"line":20,"column":4},"end":{"line":20,"column":19}},"11":{"start":{"line":22,"column":2},"end":{"line":25,"column":3}},"12":{"start":{"line":23,"column":4},"end":{"line":23,"column":71}},"13":{"start":{"line":24,"column":4},"end":{"line":24,"column":19}},"14":{"start":{"line":26,"column":2},"end":{"line":29,"column":3}},"15":{"start":{"line":27,"column":4},"end":{"line":27,"column":71}},"16":{"start":{"line":28,"column":4},"end":{"line":28,"column":19}},"17":{"start":{"line":32,"column":0},"end":{"line":137,"column":2}},"18":{"start":{"line":35,"column":4},"end":{"line":71,"column":7}},"19":{"start":{"line":39,"column":6},"end":{"line":41,"column":7}},"20":{"start":{"line":40,"column":8},"end":{"line":40,"column":71}},"21":{"start":{"line":42,"column":6},"end":{"line":70,"column":9}},"22":{"start":{"line":48,"column":8},"end":{"line":69,"column":9}},"23":{"start":{"line":49,"column":10},"end":{"line":65,"column":14}},"24":{"start":{"line":56,"column":12},"end":{"line":56,"column":50}},"25":{"start":{"line":6
[...]
":{"line":30,"column":6},"end":{"line":30,"column":62}},"15":{"start":{"line":34,"column":4},"end":{"line":38,"column":5}},"16":{"start":{"line":35,"column":6},"end":{"line":35,"column":13}},"17":{"start":{"line":37,"column":6},"end":{"line":37,"column":78}},"18":{"start":{"line":41,"column":4},"end":{"line":45,"column":5}},"19":{"start":{"line":42,"column":6},"end":{"line":42,"column":13}},"20":{"start":{"line":44,"column":6},"end":{"line":44,"column":79}}},"fnMap":{"0":{"name":"_interopRequireDefault","decl":{"start":{"line":15,"column":9},"end":{"line":15,"column":31}},"loc":{"start":{"line":15,"column":37},"end":{"line":15,"column":95}},"line":15},"1":{"name":"checkAuthentication","decl":{"start":{"line":18,"column":32},"end":{"line":18,"column":51}},"loc":{"start":{"line":18,"column":68},"end":{"line":32,"column":3}},"line":18},"2":{"name":"(anonymous_2)","decl":{"start":{"line":21,"column":75},"end":{"line":21,"column":76}},"loc":{"start":{"line":21,"column":99},"end":{"line":28,"column":7}},"line":21},"3":{"name":"authorizeUser","decl":{"start":{"line":33,"column":26},"end":{"line":33,"column":39}},"loc":{"start":{"line":33,"column":56},"end":{"line":39,"column":3}},"line":33},"4":{"name":"authorizeAdmin","decl":{"start":{"line":40,"column":27},"end":{"line":40,"column":41}},"loc":{"start":{"line":40,"column":58},"end":{"line":46,"column":3}},"line":40}},"branchMap":{"0":{"loc":{"start":{"line":15,"column":46},"end":{"line":15,"column":92}},"type":"cond-expr","locations":[{"start":{"line":15,"column":70},"end":{"line":15,"column":73}},{"start":{"line":15,"column":76},"end":{"line":15,"column":92}}],"line":15},"1":{"loc":{"start":{"line":15,"column":46},"end":{"line":15,"column":67}},"type":"binary-expr","locations":[{"start":{"line":15,"column":46},"end":{"line":15,"column":49}},{"start":{"line":15,"column":53},"end":{"line":15,"column":67}}],"line":15},"2":{"loc":{"start":{"line":19,"column":16},"end":{"line":19,"column":63}},"type":"binary-expr","locations":[{"start":{"line":19,"column":16},"end":{"line":19,"column":30}},{"start":{"line":19,"column":34},"end":{"line":19,"column":63}}],"line":19},"3":{"loc":{"start":{"line":20,"column":4},"end":{"line":31,"column":5}},"type":"if","locations":[{"start":{"line":20,"column":4},"end":{"line":31,"column":5}},{"start":{"line":20,"column":4},"end":{"line":31,"column":5}}],"line":20},"4":{"loc":{"start":{"line":22,"column":8},"end":{"line":27,"column":9}},"type":"if","locations":[{"start":{"line":22,"column":8},"end":{"line":27,"column":9}},{"start":{"line":22,"column":8},"end":{"line":27,"column":9}}],"line":22},"5":{"loc":{"start":{"line":34,"column":4},"end":{"line":38,"column":5}},"type":"if","locations":[{"start":{"line":34,"column":4},"end":{"line":38,"column":5}},{"start":{"line":34,"column":4},"end":{"line":38,"column":5}}],"line":34},"6":{"loc":{"start":{"line":41,"column":4},"end":{"line":45,"column":5}},"type":"if","locations":[{"start":{"line":41,"column":4},"end":{"line":45,"column":5}},{"start":{"line":41,"column":4},"end":{"line":45,"column":5}}],"line":41}},"s":{"0":1,"1":1,"2":1,"3":1,"4":1,"5":2,"6":1,"7":13,"8":13,"9":10,"10":10,"11":0,"12":10,"13":10,"14":3,"15":4,"16":3,"17":1,"18":4,"19":3,"20":1},"f":{"0":2,"1":13,"2":10,"3":4,"4":4},"b":{"0":[1,1],"1":[2,2],"2":[13,13],"3":[10,3],"4":[0,10],"5":[3,1],"6":[3,1]},"_coverageSchema":"332fd63041d2c1bcb487cc26dd0d5f7d97098a6c","hash":"2e705e19b220ab475046898824ba4e4e831c72dc","contentHash":"72d268b8c88641e5d06a2b38fc503a65_11.1.0"},"C:\\Users\\Emmanuel\\Desktop\\New folder (2)\\HelloBooks\\server\\dist\\middleware\\borrowBook.js":{"path":"C:\\Users\\Emmanuel\\Desktop\\New folder (2)\\HelloBooks\\server\\dist\\middleware\\borrowBook.js","statementMap":{"0":{"start":{"line":3,"column":0},"end":{"line":5,"column":3}},"1":{"start":{"line":7,"column":14},"end":{"line":7,"column":34}},"2":{"start":{"line":9,"column":15},"end":{"line":9,"column":46}},"3":{"start":{"line":11,"column":39},"end":{"line":11,"column":93}},"4":{"start":{"line":13,"column":17},"end":{"line":13,"column":44}},"5":{"start":{"line":15,"column":18},"end":{"line":26,"column":1}},"6":{"start":{"line":16,"column":2},"end":{"line":25,"column":5}},"7":{"start":{"line":22,"column":4},"end":{"line":24,"column":7}},"8":{"start":{"line":23,"column":6},"end":{"line":23,"column":37}},"9":{"start":{"line":28,"column":16},"end":{"line":61,"column":1}},"10":{"start":{"line":29,"column":13},"end":{"line":29,"column":29}},"11":{"start":{"line":30,"column":13},"end":{"line":30,"column":29}},"12":{"start":{"line":31,"column":2},"end":{"line":60,"column":5}},"13":{"start":{"line":32,"column":24},"end":{"line":32,"column":28}},"14":{"start":{"line":33,"column":4},"end":{"line":51,"column":5}},"15":{"start":{"line":34,"column":26},"end":{"line":34,"column":51}},"16":{"start":{"line":35,"column":6},"end":{"line":37,"column":7}},"17":{"start":{"line":36,"column":8},"end":{"line":36,"column":30}},"18":{"start":{"line":38,"column":6},"end":{"line":38,"column":27}},"19":{"start":{"line":39,"column":11},"end":{"line":51,"column":5}},"20":{"start":{"line":40,"column":27},"end":{"line":40,"column":52}},"21":{"start":{"line":41,"column":6},"end":{"line":43,"column":7}},"22":{"start":{"line":42,"column":8},"end":{"line":42,"column":30}},"23":{"start":{"line":44,"column":6},"end":{"line":44,"column":27}},"24":{"start":{"line":45,"column":11},"end":{"line":51,"column":5}},"25":{"start":{"line":46,"column":28},"end":{"line":46,"column":53}},"26":{"start":{"line":47,"column":6},"end":{"line":49,"column":7}},"27":{"start":{"line":48,"column":8},"end":{"line":48,"column":30}},"28":{"start":{"line":50,"column":6},"end":{"line":50,"column":27}},"29":{"start":{"line":53,"column":4},"end":{"line":55,"column":5}},"30":{"start":{"line":54,"column":6},"end":{"line":54,"column":20}},"31":{"start":{"line":56,"column":4},"end":{"line":58,"column":5}},"32":{"start":{"line":57,"column":6},"end":{"line":57,"column":122}},"33":{"start":{"line":59,"column":4},"end":{"line":59,"column":69}},"34":{"start":{"line":63,"column":16},"end":{"line":76,"column":1}},"35":{"start":{"line":64,"column":2},"end":{"line":75,"column":5}},"36":{"start":{"line":70,"column":15},"end":{"line":70,"column":24}},"37":{"start":{"line":71,"column":4},"end":{"line":73,"column":5}},"38":{"start":{"line":72,"column":6},"end":{"line":72,"column":88}},"39":{"start":{"line":74,"column":4},"end":{"line":74,"column":18}},"40":{"start":{"line":78,"column":0},"end":{"line":80,"column":2}}},"fnMap":{"0":{"name":"_interopRequireDefault","decl":{"start":{"line":11,"column":9},"end":{"line":11,"column":31}},"loc":{"start":{"line":11,"column":37},"end":{"line":11,"column":95}},"line":11},"1":{"name":"findBorrows","decl":{"start":{"line":15,"column":27},"end":{"line":15,"column":38}},"loc":{"start":{"line":15,"column":43},"end":{"line":26,"column":1}},"line":15},"2":{"name":"(anonymous_2)","decl":{"start":{"line":21,"column":10},"end":{"line":21,"column":11}},"loc":{"start":{"line":21,"column":35},"end":{"line":25,"column":3}},"line":21},"3":{"name":"(anonymous_3)","decl":{"start":{"line":22,"column":29},"end":{"line":22,"column":30}},"loc":{"start":{"line":22,"column":53},"end":{"line":24,"column":5}},"line":22},"4":{"name":"checkStar","decl":{"start":{"line":28,"column":25},"end":{"line":28,"column":34}},"loc":{"start":{"line":28,"column":51},"end":{"line":61,"column":1}},"line":28},"5":{"name":"(anonymous_5)","decl":{"start":{"line":31,"column":25},"end":{"line":31,"column":26}},"loc":{"start":{"line":31,"column":55},"end":{"line":52,"column":3}},"line":31},"6":{"name":"(anonymous_6)","decl":{"start":{"line":52,"column":10},"end":{"line":52,"column":11}},"loc":{"start":{"line":52,"column":28},"end":{"line":60,"column":3}},"line":52},"7":{"name":"checkDebt","decl":{"start":{"line":63,"column":25},"end":{"line":63,"column":34}},"loc":{"start":{"line":63,"column":51},"end":{"line":76,"column":1}},"line":63},"8":{"name":"(anonymous_8)","decl":{"start":{"line":69,"column":10},"end":{"line":69,"column":11}},"loc":{"start":{"line":69,"column":31},"end":{"line":75,"column":3}},"line":69}},"branchMap":{"0":{"loc":{"start":{"line":11,"column":46},"end":{"line":11,"column":92}},"type":"cond-expr","locations":[{"start":{"line":11,"column":70},"end":{"line":11,"column":73}},{"start":{"line":11,"column":76},"end":{"line":11,"column":92}}],"line":11},"1":{"loc":{"start":{"line":11,"column":46},"end":{"line":11,"column":67}},"type":"binary-expr","locations":[{"start":{"line":11,"column":46},"end":{"line":11,"column":49}},{"start":{"line":11,"column":53},"end":{"line":11,"column":67}}],"line":11},"2":{"loc":{"start":{"line":33,"column":4},"end":{"line":51,"column":5}},"type":"if","locations":[{"start":{"line":33,"column":4},"end":{"line":51,"column":5}},{"start":{"line":33,"column":4},"end":{"line":51,"column":5}}],"line":33},"3":{"loc":{"start":{"line":35,"column":6},"end":{"line":37,"column":7}},"type":"if","locations":[{"start":{"line":35,"column":6},"end":{"line":37,"column":7}},{"start":{"line":35,"column":6},"end":{"line":37,"column":7}}],"line":35},"4":{"loc":{"start":{"line":39,"column":11},"end":{"line":51,"column":5}},"type":"if","locations":[{"start":{"line":39,"column":11},"end":{"line":51,"column":5}},{"start":{"line":39,"column":11},"end":{"line":51,"column":5}}],"line":39},"5":{"loc":{"start":{"line":41,"column":6},"end":{"line":43,"column":7}},"type":"if","locations":[{"start":{"line":41,"column":6},"end":{"line":43,"column":7}},{"start":{"line":41,"column":6},"end":{"line":43,"column":7}}],"line":41},"6":{"loc":{"start":{"line":45,"column":11},"end":{"line":51,"column":5}},"type":"if","locations":[{"start":{"line":45,"column":11},"end":{"line":51,"column":5}},{"start":{"line":45,"column":11},"end":{"line":51,"column":5}}],"line":45},"7":{"loc":{"start":{"line":47,"column":6},"end":{"line":49,"column":7}},"type":"if","locations":[{"start":{"line":47,"column":6},"end":{"line":49,"column":7}},{"start":{"line":47,"column":6},"end":{"line":49,"column":7}}],"line":47},"8":{"loc":{"start":{"line":53,"column":4},"end":{"line":55,"column":5}},"type":"if","locations":[{"start":{"line":53,"column":4},"end":{"line":55,"column":5}},{"start":{"line":53,"column":4},"end":{"line":55,"column":5}}],"line":53},"9":{"loc":{"start":{"line":56,"column":4},"end":{"line":58,"column":5}},"type":"if","locations":[{"start":{"line":56,"column":4},"end":{"line":58,"column":5}},{"start":{"line":56,"column":4},"end":{"line":58,"column":5}}],"line":56},"10":{"loc":{"start":{"line":71,"column":4},"end":{"line":73,"column":5}},"type":"if","locations":[{"start":{"line":71,"column":4},"end":{"line":73,"column":5}},{"start":{"line":71,"column":4},"end":{"line":73,"column":5}}],"line":71}},"s":{"0":1,"1":1,"2":1,"3":1,"4":1,"5":1,"6":3,"7":3,"8":1,"9":1,"10":3,"11":3,"12":3,"13":3,"14":3,"15":3,"16":3,"17":1,"18":3,"19":0,"20":0,"21":0,"22":0,"23":0,"24":0,"25":0,"26":0,"27":0,"28":0,"29":3,"30":2,"31":1,"32":1,"33":0,"34":1,"35":0,"36":0,"37":0,"38":0,"39":0,"40":1},"f":{"0":1,"1":3,"2":3,"3":1,"4":3,"5":3,"6":3,"7":0,"8":0},"b":{"0":[0,1],"1":[1,1],"2":[3,0],"3":[1,2],"4":[0,0],"5":[0,0],"6":[0,0],"7":[0,0],"8":[2,1],"9":[1,0],"10":[0,0]},"_coverageSchema":"332fd63041d2c1bcb487cc26dd0d5f7d97098a6c","hash":"3e034ea377d7eeb731f822e9358fad7028f5af65","contentHash":"83f28b2b850de4cd3936750123138bf5_11.1.0"},"C:\\Users\\Emmanuel\\Desktop\\New folder (2)\\HelloBooks\\server\\dist\\routes\\book.js":{"path":"C:\\Users\\Emmanuel\\Desktop\\New folder (2)\\HelloBooks\\server\\dist\\routes\\book.js","statementMap":{"0":{"start":{"line":3,"column":0},"end":{"line":5,"column":3}},"1":{"start":{"line":7,"column":15},"end":{"line":7,"column":33}},"2":{"start":{"line":9,"column":16},"end":{"line":9,"column":48}},"3":{"start":{"line":11,"column":19},"end":{"line":11,"column":44}},"4":{"start":{"line":13,"column":20},"end":{"line":13,"column":56}},"5":{"start":{"line":15,"column":18},"end":{"line":15,"column":53}},"6":{"start":{"line":17,"column":19},"end":{"line":17,"column":54}},"7":{"start":{"line":19,"column":39},"end":{"line":19,"column":93}},"8":{"start":{"line":21,"column":22},"end":{"line":21,"column":48}},"9":{"start":{"line":22,"column":13},"end":{"line":22,"column":39}},"10":{"start":{"line":24,"column":0},"end":{"line":24,"column":132}},"11":{"start":{"line":26,"column":0},"end":{"line":26,"column":95}},"12":{"start":{"line":28,"column":0},"end":{"line":28,"column":99}},"13":{"start":{"line":30,"column":0},"end":{"line":30,"column":137}},"14":{"start":{"line":34,"column":0},"end":{"line":34,"column":25}}},"fnMap":{"0":{"name":"_interopRequireDefault","decl":{"start":{"line":19,"column":9},"end":{"line":19,"column":31}},"loc":{"start":{"line":19,"column":37},"end":{"line":19,"column":95}},"line":19}},"branchMap":{"0":{"loc":{"start":{"line":19,"column":46},"end":{"line":19,"column":92}},"type":"cond-expr","locations":[{"start":{"line":19,"column":70},"end":{"line":19,"column":73}},{"start":{"line":19,"column":76},"end":{"line":19,"column":92}}],"line":19},"1":{"loc":{"start":{"line":19,"column":46},"end":{"line":19,"column":67}},"type":"binary-expr","locations":[{"start":{"line":19,"column":46},"end":{"line":19,"column":49}},{"start":{"line":19,"column":53},"end":{"line":19,"column":67}}],"line":19}},"s":{"0":1,"1":1,"2":1,"3":1,"4":1,"5":1,"6":1,"7":3,"8":1,"9":1,"10":1,"11":1,"12":1,"13":1,"14":1},"f":{"0":3},"b":{"0":[2,1],"1":[3,3]},"_coverageSchema":"332fd63041d2c1bcb487cc26dd0d5f7d97098a6c","hash":"e9c359f2aaf00d7ec39f9dc3154328dc61b5b84c","contentHash":"9bd8b8501363978f817aaa6582eab1d0_11.1.0"},"C:\\Users\\Emmanuel\\Desktop\\New folder (2)\\HelloBooks\\server\\dist\\routes\\admin.js":{"path":"C:\\Users\\Emmanuel\\Desktop\\New folder (2)\\HelloBooks\\server\\dist\\routes\\admin.js","statementMap":{"0":{"start":{"line":3,"column":0},"end":{"line":5,"column":3}},"1":{"start":{"line":7,"column":15},"end":{"line":7,"column":33}},"2":{"start":{"line":9,"column":16},"end":{"line":9,"column":48}},"3":{"start":{"line":11,"column":19},"end":{"line":11,"column":44}},"4":{"start":{"line":13,"column":20},"end":{"line":13,"column":56}},"5":{"start":{"line":15,"column":18},"end":{"line":15,"column":53}},"6":{"start":{"line":17,"column":19},"end":{"line":17,"column":54}},"7":{"start":{"line":19,"column":39},"end":{"line":19,"column":93}},"8":{"start":{"line":21,"column":28},"end":{"line":21,"column":60}},"9":{"start":{"line":23,"column":23},"end":{"line":23,"column":50}},"10":{"start":{"line":24,"column":13},"end":{"line":24,"column":39}},"11":{"start":{"line":25,"column":0},"end":{"line":25,"column":61}},"12":{"start":{"line":27,"column":0},"end":{"line":27,"column":64}},"13":{"start":{"line":28,"column":0},"end":{"line":28,"column":58}},"14":{"start":{"line":29,"column":0},"end":{"line":29,"column":163}},"15":{"start":{"line":31,"column":0},"end":{"line":31,"column":25}}},"fnMap":{"0":{"name":"_interopRequireDefault","decl":{"start":{"line":19,"column":9},"end":{"line":19,"column":31}},"loc":{"start":{"line":19,"column":37},"end":{"line":19,"column":95}},"line":19}},"branchMap":{"0":{"loc":{"start":{"line":19,"column":46},"end":{"line":19,"column":92}},"type":"cond-expr","locations":[{"start":{"line":19,"column":70},"end":{"line":19,"column":73}},{"start":{"line":19,"column":76},"end":{"line":19,"column":92}}],"line":19},"1":{"loc":{"start":{"line":19,"column":46},"end":{"line":19,"column":67}},"type":"binary-expr","locations":[{"start":{"line":19,"column":46},"end":{"line":19,"column":49}},{"start":{"line":19,"column":53},"end":{"line":19,"column":67}}],"line":19}},"s":{"0":1,"1":1,"2":1,"3":1,"4":1,"5":1,"6":1,"7":3,"8":1,"9":1,"10":1,"11":1,"12":1,"13":1,"14":1,"15":1},"f":{"0":3},"b":{"0":[2,1],"1":[3,3]},"_coverageSchema":"332fd63041d2c1bcb487cc26dd0d5f7d97098a6c","hash":"8f295f77184c4c8a22ba34db69a7f749affc545d","contentHash":"e6fed48bd4de592f7b5508496f0c04c4_11.1.0"},"C:\\Users\\Emmanuel\\Desktop\\New folder (2)\\HelloBooks\\server\\dist\\routes\\landing.js":{"path":"C:\\Users\\Emmanuel\\Desktop\\New folder (2)\\HelloBooks\\server\\dist\\routes\\landing.js","statementMap":{"0":{"start":{"line":3,"column":0},"end":{"line":5,"column":3}},"1":{"start":{"line":7,"column":15},"end":{"line":7,"column":33}},"2":{"start":{"line":9,"column":16},"end":{"line":9,"column":48}},"3":{"start":{"line":11,"column":39},"end":{"line":11,"column":93}},"4":{"start":{"line":13,"column":13},"end":{"line":13,"column":39}},"5":{"start":{"line":15,"column":0},"end":{"line":17,"column":3}},"6":{"start":{"line":16,"column":2},"end":{"line":16,"column":54}},"7":{"start":{"line":18,"column":0},"end":{"line":18,"column":25}}},"fnMap":{"0":{"name":"_interopRequireDefault","decl":{"start":{"line":11,"column":9},"end":{"line":11,"column":31}},"loc":{"start":{"line":11,"column":37},"end":{"line":11,"column":95}},"line":11},"1":{"name":"(anonymous_1)","decl":{"start":{"line":15,"column":22},"end":{"line":15,"column":23}},"loc":{"start":{"line":15,"column":42},"end":{"line":17,"column":1}},"line":15}},"branchMap":{"0":{"loc":{"start":{"line":11,"column":46},"end":{"line":11,"column":92}},"type":"cond-expr","locations":[{"start":{"line":11,"column":70},"end":{"line":11,"column":73}},{"start":{"line":11,"column":76},"end":{"line":11,"column":92}}],"line":11},"1":{"loc":{"start":{"line":11,"column":46},"end":{"line":11,"column":67}},"type":"binary-expr","locations":[{"start":{"line":11,"column":46},"end":{"line":11,"column":49}},{"start":{"line":11,"column":53},"end":{"line":11,"column":67}}],"line":11}},"s":{"0":1,"1":1,"2":1,"3":1,"4":1,"5":1,"6":0,"7":1},"f":{"0":1,"1":0},"b":{"0":[0,1],"1":[1,1]},"_coverageSchema":"332fd63041d2c1bcb487cc26dd0d5f7d97098a6c","hash":"c0c8f5c293314b4b26b975989da89c36126f2d3a","contentHash":"cdffffa1da043a82fde5fbf68220a857_11.1.0"},"C:\\Users\\Emmanuel\\Desktop\\New folder (2)\\HelloBooks\\server\\dist\\routes\\notifications.js":{"path":"C:\\Users\\Emmanuel\\Desktop\\New folder (2)\\HelloBooks\\server\\dist\\routes\\notifications.js","statementMap":{"0":{"start":{"line":3,"column":0},"end":{"line":5,"column":3}},"1":{"start":{"line":7,"column":15},"end":{"line":7,"column":33}},"2":{"start":{"line":9,"column":16},"end":{"line":9,"column":48}},"3":{"start":{"line":11,"column":19},"end":{"line":11,"column":44}},"4":{"start":{"line":13,"column":20},"end":{"line":13,"column":56}},"5":{"start":{"line":15,"column":18},"end":{"line":15,"column":53}},"6":{"start":{"line":17,"column":19},"end":{"line":17,"column":54}},"7":{"start":{"line":19,"column":39},"end":{"line":19,"column":93}},"8":{"start":{"line":21,"column":20},"end":{"line":21,"column":54}},"9":{"start":{"line":22,"column":13},"end":{"line":22,"column":39}},"10":{"start":{"line":24,"column":0},"end":{"line":24,"column":113}},"11":{"start":{"line":26,"column":0},"end":{"line":26,"column":155}},"12":{"start":{"line":28,"column":0},"end":{"line":28,"column":158}},"13":{"start":{"line":30,"column":0},"end":{"line":30,"column":25}}},"fnMap":{"0":{"name":"_interopRequireDefault","decl":{"start":{"line":19,"column":9},"end":{"line":19,"column":31}},"loc":{"start":{"line":19,"column":37},"end":{"line":19,"column":95}},"line":19}},"branchMap":{"0":{"loc":{"start":{"line":19,"column":46},"end":{"line":19,"column":92}},"type":"cond-expr","locations":[{"start":{"line":19,"column":70},"end":{"line":19,"column":73}},{"start":{"line":19,"column":76},"end":{"line":19,"column":92}}],"line":19},"1":{"loc":{"start":{"line":19,"column":46},"end":{"line":19,"column":67}},"type":"binary-expr","locations":[{"start":{"line":19,"column":46},"end":{"line":19,"column":49}},{"start":{"line":19,"column":53},"end":{"line":19,"column":67}}],"line":19}},"s":{"0":1,"1":1,"2":1,"3":1,"4":1,"5":1,"6":1,"7":3,"8":1,"9":1,"10":1,"11":1,"12":1,"13":1},"f":{"0":3},"b":{"0":[2,1],"1":[3,3]},"_coverageSchema":"332fd63041d2c1bcb487cc26dd0d5f7d97098a6c","hash":"587fc345a809eb5315dba58b60ca0f1fb0db53c2","contentHash":"3558c4942ef62c9df15cab0259a8e68a_11.1.0"}}