<?xml version="1.0" encoding="UTF-8"?>
<coverage generated="1517009053776" clover="3.2.0">
  <project timestamp="1517009053776" name="All files">
    <metrics statements="793" coveredstatements="649" conditionals="408" coveredconditionals="231" methods="235" coveredmethods="200" elements="1436" coveredelements="1080" complexity="0" loc="793" ncloc="793" packages="8" files="43" classes="43">
      <package name="actions">
        <metrics statements="267" coveredstatements="201" conditionals="106" coveredconditionals="48" methods="129" coveredmethods="106"/>
        <file name="books.js" path="/Users/andeladeveloper/Desktop/hellobooks-fix/HelloBooks/client/actions/books.js">
          <metrics statements="109" coveredstatements="80" conditionals="48" coveredconditionals="22" methods="56" coveredmethods="50"/>
          <line num="47" count="6" type="stmt"/>
          <line num="55" count="6" type="stmt"/>
          <line num="56" count="2" type="stmt"/>
          <line num="57" count="2" type="stmt"/>
          <line num="59" count="1" type="cond" truecount="1" falsecount="1"/>
          <line num="60" count="1" type="cond" truecount="1" falsecount="1"/>
          <line num="61" count="1" type="stmt"/>
          <line num="67" count="0" type="stmt"/>
          <line num="69" count="1" type="cond" truecount="1" falsecount="1"/>
          <line num="70" count="1" type="stmt"/>
          <line num="75" count="0" type="stmt"/>
          <line num="85" count="6" type="stmt"/>
          <line num="86" count="0" type="stmt"/>
          <line num="97" count="6" type="stmt"/>
          <line num="98" count="2" type="stmt"/>
          <line num="99" count="2" type="stmt"/>
          <line num="101" count="1" type="cond" truecount="1" falsecount="1"/>
          <line num="102" count="1" type="stmt"/>
          <line num="107" count="0" type="stmt"/>
          <line num="109" count="1" type="cond" truecount="1" falsecount="1"/>
          <line num="110" count="1" type="cond" truecount="1" falsecount="1"/>
          <line num="111" count="1" type="stmt"/>
          <line num="117" count="0" type="stmt"/>
          <line num="125" count="6" type="stmt"/>
          <line num="133" count="6" type="stmt"/>
          <line num="141" count="6" type="stmt"/>
          <line num="149" count="6" type="stmt"/>
          <line num="157" count="6" type="stmt"/>
          <line num="168" count="6" type="stmt"/>
          <line num="169" count="2" type="stmt"/>
          <line num="170" count="2" type="stmt"/>
          <line num="172" count="1" type="cond" truecount="1" falsecount="1"/>
          <line num="173" count="1" type="stmt"/>
          <line num="178" count="0" type="stmt"/>
          <line num="180" count="1" type="cond" truecount="1" falsecount="1"/>
          <line num="181" count="1" type="stmt"/>
          <line num="186" count="0" type="stmt"/>
          <line num="196" count="6" type="stmt"/>
          <line num="197" count="2" type="stmt"/>
          <line num="198" count="2" type="stmt"/>
          <line num="200" count="1" type="cond" truecount="1" falsecount="1"/>
          <line num="201" count="1" type="stmt"/>
          <line num="206" count="0" type="stmt"/>
          <line num="208" count="1" type="cond" truecount="1" falsecount="1"/>
          <line num="209" count="1" type="stmt"/>
          <line num="214" count="0" type="stmt"/>
          <line num="226" count="6" type="stmt"/>
          <line num="227" count="2" type="stmt"/>
          <line num="228" count="2" type="stmt"/>
          <line num="230" count="1" type="cond" truecount="1" falsecount="1"/>
          <line num="231" count="1" type="stmt"/>
          <line num="236" count="0" type="stmt"/>
          <line num="238" count="1" type="cond" truecount="1" falsecount="1"/>
          <line num="239" count="1" type="stmt"/>
          <line num="244" count="0" type="stmt"/>
          <line num="254" count="6" type="stmt"/>
          <line num="255" count="2" type="stmt"/>
          <line num="256" count="2" type="stmt"/>
          <line num="258" count="1" type="cond" truecount="1" falsecount="1"/>
          <line num="259" count="1" type="stmt"/>
          <line num="264" count="0" type="stmt"/>
          <line num="266" count="1" type="cond" truecount="1" falsecount="1"/>
          <line num="267" count="1" type="stmt"/>
          <line num="272" count="0" type="stmt"/>
          <line num="282" count="6" type="stmt"/>
          <line num="283" count="0" type="stmt"/>
          <line num="284" count="0" type="stmt"/>
          <line num="286" count="0" type="cond" truecount="0" falsecount="2"/>
          <line num="287" count="0" type="stmt"/>
          <line num="292" count="0" type="stmt"/>
          <line num="294" count="0" type="cond" truecount="0" falsecount="2"/>
          <line num="295" count="0" type="stmt"/>
          <line num="300" count="0" type="stmt"/>
          <line num="311" count="6" type="stmt"/>
          <line num="312" count="2" type="stmt"/>
          <line num="313" count="2" type="stmt"/>
          <line num="315" count="1" type="cond" truecount="1" falsecount="1"/>
          <line num="316" count="1" type="stmt"/>
          <line num="321" count="0" type="stmt"/>
          <line num="323" count="1" type="cond" truecount="1" falsecount="1"/>
          <line num="324" count="1" type="stmt"/>
          <line num="329" count="0" type="stmt"/>
          <line num="340" count="6" type="stmt"/>
          <line num="341" count="2" type="stmt"/>
          <line num="342" count="2" type="stmt"/>
          <line num="344" count="1" type="cond" truecount="1" falsecount="1"/>
          <line num="345" count="1" type="stmt"/>
          <line num="350" count="0" type="stmt"/>
          <line num="352" count="1" type="cond" truecount="1" falsecount="1"/>
          <line num="353" count="1" type="stmt"/>
          <line num="358" count="0" type="stmt"/>
          <line num="369" count="6" type="stmt"/>
          <line num="370" count="2" type="stmt"/>
          <line num="371" count="2" type="stmt"/>
          <line num="373" count="1" type="cond" truecount="1" falsecount="1"/>
          <line num="374" count="1" type="stmt"/>
          <line num="379" count="0" type="stmt"/>
          <line num="381" count="1" type="cond" truecount="1" falsecount="1"/>
          <line num="382" count="1" type="stmt"/>
          <line num="387" count="0" type="stmt"/>
          <line num="399" count="6" type="stmt"/>
          <line num="400" count="2" type="stmt"/>
          <line num="401" count="2" type="stmt"/>
          <line num="403" count="1" type="cond" truecount="1" falsecount="1"/>
          <line num="404" count="1" type="stmt"/>
          <line num="409" count="0" type="stmt"/>
          <line num="412" count="1" type="cond" truecount="1" falsecount="1"/>
          <line num="413" count="1" type="stmt"/>
          <line num="418" count="0" type="stmt"/>
        </file>
        <file name="changePassword.js" path="/Users/andeladeveloper/Desktop/hellobooks-fix/HelloBooks/client/actions/changePassword.js">
          <metrics statements="9" coveredstatements="9" conditionals="4" coveredconditionals="2" methods="6" coveredmethods="4"/>
          <line num="11" count="2" type="stmt"/>
          <line num="20" count="2" type="stmt"/>
          <line num="21" count="2" type="stmt"/>
          <line num="24" count="2" type="stmt"/>
          <line num="26" count="1" type="cond" truecount="1" falsecount="1"/>
          <line num="27" count="1" type="stmt"/>
          <line num="33" count="1" type="cond" truecount="1" falsecount="1"/>
          <line num="34" count="1" type="stmt"/>
          <line num="48" count="2" type="stmt"/>
        </file>
        <file name="getPdf.js" path="/Users/andeladeveloper/Desktop/hellobooks-fix/HelloBooks/client/actions/getPdf.js">
          <metrics statements="10" coveredstatements="8" conditionals="4" coveredconditionals="2" methods="4" coveredmethods="4"/>
          <line num="10" count="1" type="stmt"/>
          <line num="18" count="2" type="stmt"/>
          <line num="19" count="2" type="stmt"/>
          <line num="20" count="2" type="stmt"/>
          <line num="22" count="1" type="cond" truecount="1" falsecount="1"/>
          <line num="23" count="1" type="stmt"/>
          <line num="28" count="0" type="stmt"/>
          <line num="30" count="1" type="cond" truecount="1" falsecount="1"/>
          <line num="31" count="1" type="stmt"/>
          <line num="36" count="0" type="stmt"/>
        </file>
        <file name="getUser.js" path="/Users/andeladeveloper/Desktop/hellobooks-fix/HelloBooks/client/actions/getUser.js">
          <metrics statements="10" coveredstatements="8" conditionals="4" coveredconditionals="2" methods="4" coveredmethods="4"/>
          <line num="10" count="1" type="stmt"/>
          <line num="18" count="2" type="stmt"/>
          <line num="19" count="2" type="stmt"/>
          <line num="22" count="2" type="stmt"/>
          <line num="24" count="1" type="cond" truecount="1" falsecount="1"/>
          <line num="25" count="1" type="stmt"/>
          <line num="30" count="0" type="stmt"/>
          <line num="32" count="1" type="cond" truecount="1" falsecount="1"/>
          <line num="33" count="1" type="stmt"/>
          <line num="38" count="0" type="stmt"/>
        </file>
        <file name="history.js" path="/Users/andeladeveloper/Desktop/hellobooks-fix/HelloBooks/client/actions/history.js">
          <metrics statements="19" coveredstatements="15" conditionals="8" coveredconditionals="4" methods="8" coveredmethods="8"/>
          <line num="14" count="4" type="stmt"/>
          <line num="22" count="4" type="stmt"/>
          <line num="23" count="2" type="stmt"/>
          <line num="24" count="2" type="stmt"/>
          <line num="26" count="1" type="cond" truecount="1" falsecount="1"/>
          <line num="27" count="1" type="stmt"/>
          <line num="32" count="0" type="stmt"/>
          <line num="34" count="1" type="cond" truecount="1" falsecount="1"/>
          <line num="35" count="1" type="stmt"/>
          <line num="40" count="0" type="stmt"/>
          <line num="51" count="4" type="stmt"/>
          <line num="52" count="2" type="stmt"/>
          <line num="53" count="2" type="stmt"/>
          <line num="55" count="1" type="cond" truecount="1" falsecount="1"/>
          <line num="56" count="1" type="stmt"/>
          <line num="61" count="0" type="stmt"/>
          <line num="63" count="1" type="cond" truecount="1" falsecount="1"/>
          <line num="64" count="1" type="stmt"/>
          <line num="69" count="0" type="stmt"/>
        </file>
        <file name="notification.js" path="/Users/andeladeveloper/Desktop/hellobooks-fix/HelloBooks/client/actions/notification.js">
          <metrics statements="15" coveredstatements="13" conditionals="6" coveredconditionals="4" methods="5" coveredmethods="5"/>
          <line num="10" count="3" type="stmt"/>
          <line num="20" count="3" type="stmt"/>
          <line num="21" count="3" type="stmt"/>
          <line num="22" count="3" type="cond" truecount="2" falsecount="0"/>
          <line num="23" count="1" type="stmt"/>
          <line num="25" count="2" type="stmt"/>
          <line num="27" count="3" type="stmt"/>
          <line num="28" count="3" type="stmt"/>
          <line num="29" count="3" type="stmt"/>
          <line num="31" count="2" type="cond" truecount="1" falsecount="1"/>
          <line num="32" count="2" type="stmt"/>
          <line num="37" count="0" type="stmt"/>
          <line num="39" count="1" type="cond" truecount="1" falsecount="1"/>
          <line num="40" count="1" type="stmt"/>
          <line num="45" count="0" type="stmt"/>
        </file>
        <file name="updateUser.js" path="/Users/andeladeveloper/Desktop/hellobooks-fix/HelloBooks/client/actions/updateUser.js">
          <metrics statements="11" coveredstatements="9" conditionals="4" coveredconditionals="2" methods="6" coveredmethods="6"/>
          <line num="11" count="1" type="stmt"/>
          <line num="20" count="2" type="stmt"/>
          <line num="21" count="2" type="stmt"/>
          <line num="24" count="2" type="stmt"/>
          <line num="26" count="1" type="cond" truecount="1" falsecount="1"/>
          <line num="27" count="1" type="stmt"/>
          <line num="32" count="0" type="stmt"/>
          <line num="34" count="1" type="cond" truecount="1" falsecount="1"/>
          <line num="35" count="1" type="stmt"/>
          <line num="40" count="0" type="stmt"/>
          <line num="48" count="1" type="stmt"/>
        </file>
        <file name="upload.js" path="/Users/andeladeveloper/Desktop/hellobooks-fix/HelloBooks/client/actions/upload.js">
          <metrics statements="26" coveredstatements="4" conditionals="8" coveredconditionals="0" methods="7" coveredmethods="0"/>
          <line num="14" count="3" type="stmt"/>
          <line num="22" count="3" type="stmt"/>
          <line num="23" count="0" type="stmt"/>
          <line num="24" count="0" type="stmt"/>
          <line num="25" count="0" type="stmt"/>
          <line num="26" count="0" type="stmt"/>
          <line num="28" count="0" type="stmt"/>
          <line num="29" count="0" type="stmt"/>
          <line num="35" count="0" type="stmt"/>
          <line num="36" count="0" type="stmt"/>
          <line num="37" count="0" type="stmt"/>
          <line num="38" count="0" type="stmt"/>
          <line num="40" count="0" type="stmt"/>
          <line num="50" count="3" type="stmt"/>
          <line num="51" count="0" type="cond" truecount="0" falsecount="2"/>
          <line num="52" count="0" type="stmt"/>
          <line num="54" count="0" type="stmt"/>
          <line num="56" count="0" type="stmt"/>
          <line num="57" count="0" type="cond" truecount="0" falsecount="2"/>
          <line num="58" count="0" type="cond" truecount="0" falsecount="2"/>
          <line num="59" count="0" type="stmt"/>
          <line num="64" count="0" type="stmt"/>
          <line num="69" count="0" type="cond" truecount="0" falsecount="2"/>
          <line num="70" count="0" type="stmt"/>
          <line num="75" count="0" type="stmt"/>
          <line num="86" count="3" type="stmt"/>
        </file>
        <file name="user.js" path="/Users/andeladeveloper/Desktop/hellobooks-fix/HelloBooks/client/actions/user.js">
          <metrics statements="58" coveredstatements="55" conditionals="20" coveredconditionals="10" methods="33" coveredmethods="25"/>
          <line num="32" count="4" type="stmt"/>
          <line num="41" count="4" type="stmt"/>
          <line num="52" count="4" type="stmt"/>
          <line num="53" count="2" type="stmt"/>
          <line num="54" count="2" type="stmt"/>
          <line num="55" count="2" type="stmt"/>
          <line num="57" count="1" type="cond" truecount="1" falsecount="1"/>
          <line num="58" count="1" type="stmt"/>
          <line num="64" count="1" type="cond" truecount="1" falsecount="1"/>
          <line num="65" count="1" type="stmt"/>
          <line num="79" count="4" type="stmt"/>
          <line num="80" count="2" type="stmt"/>
          <line num="81" count="2" type="stmt"/>
          <line num="82" count="2" type="stmt"/>
          <line num="84" count="1" type="cond" truecount="1" falsecount="1"/>
          <line num="85" count="1" type="stmt"/>
          <line num="89" count="1" type="stmt"/>
          <line num="90" count="1" type="stmt"/>
          <line num="91" count="1" type="stmt"/>
          <line num="92" count="1" type="stmt"/>
          <line num="96" count="1" type="cond" truecount="1" falsecount="1"/>
          <line num="97" count="1" type="stmt"/>
          <line num="109" count="4" type="stmt"/>
          <line num="119" count="4" type="stmt"/>
          <line num="120" count="2" type="stmt"/>
          <line num="121" count="2" type="stmt"/>
          <line num="122" count="2" type="stmt"/>
          <line num="124" count="1" type="cond" truecount="1" falsecount="1"/>
          <line num="125" count="1" type="stmt"/>
          <line num="129" count="1" type="stmt"/>
          <line num="130" count="1" type="stmt"/>
          <line num="131" count="1" type="stmt"/>
          <line num="134" count="1" type="cond" truecount="1" falsecount="1"/>
          <line num="135" count="1" type="stmt"/>
          <line num="149" count="4" type="stmt"/>
          <line num="159" count="4" type="stmt"/>
          <line num="169" count="4" type="stmt"/>
          <line num="170" count="2" type="stmt"/>
          <line num="171" count="2" type="stmt"/>
          <line num="172" count="2" type="stmt"/>
          <line num="174" count="1" type="cond" truecount="1" falsecount="1"/>
          <line num="175" count="1" type="stmt"/>
          <line num="181" count="1" type="cond" truecount="1" falsecount="1"/>
          <line num="182" count="1" type="stmt"/>
          <line num="197" count="4" type="stmt"/>
          <line num="198" count="2" type="stmt"/>
          <line num="199" count="2" type="stmt"/>
          <line num="200" count="2" type="stmt"/>
          <line num="202" count="1" type="cond" truecount="1" falsecount="1"/>
          <line num="203" count="1" type="stmt"/>
          <line num="209" count="1" type="cond" truecount="1" falsecount="1"/>
          <line num="210" count="1" type="stmt"/>
          <line num="222" count="4" type="stmt"/>
          <line num="230" count="4" type="stmt"/>
          <line num="238" count="4" type="stmt"/>
          <line num="239" count="0" type="stmt"/>
          <line num="240" count="0" type="stmt"/>
          <line num="241" count="0" type="stmt"/>
        </file>
      </package>
      <package name="components">
        <metrics statements="240" coveredstatements="226" conditionals="125" coveredconditionals="94" methods="77" coveredmethods="65"/>
        <file name="AllBorrowed.jsx" path="/Users/andeladeveloper/Desktop/hellobooks-fix/HelloBooks/client/components/AllBorrowed.jsx">
          <metrics statements="6" coveredstatements="5" conditionals="6" coveredconditionals="5" methods="5" coveredmethods="3"/>
          <line num="17" count="5" type="stmt"/>
          <line num="23" count="1" type="stmt"/>
          <line num="31" count="5" type="stmt"/>
          <line num="32" count="5" type="stmt"/>
          <line num="46" count="0" type="stmt"/>
          <line num="75" count="1" type="stmt"/>
        </file>
        <file name="AllNotReturned.jsx" path="/Users/andeladeveloper/Desktop/hellobooks-fix/HelloBooks/client/components/AllNotReturned.jsx">
          <metrics statements="6" coveredstatements="5" conditionals="6" coveredconditionals="5" methods="5" coveredmethods="3"/>
          <line num="21" count="5" type="stmt"/>
          <line num="29" count="2" type="stmt"/>
          <line num="37" count="5" type="stmt"/>
          <line num="38" count="5" type="stmt"/>
          <line num="53" count="0" type="cond" truecount="3" falsecount="1"/>
          <line num="84" count="1" type="stmt"/>
        </file>
        <file name="Books.jsx" path="/Users/andeladeveloper/Desktop/hellobooks-fix/HelloBooks/client/components/Books.jsx">
          <metrics statements="4" coveredstatements="4" conditionals="0" coveredconditionals="0" methods="1" coveredmethods="1"/>
          <line num="11" count="4" type="stmt"/>
          <line num="12" count="6" type="stmt"/>
          <line num="13" count="6" type="stmt"/>
          <line num="19" count="6" type="stmt"/>
        </file>
        <file name="ChangePassword.jsx" path="/Users/andeladeveloper/Desktop/hellobooks-fix/HelloBooks/client/components/ChangePassword.jsx">
          <metrics statements="20" coveredstatements="20" conditionals="6" coveredconditionals="4" methods="7" coveredmethods="6"/>
          <line num="22" count="8" type="stmt"/>
          <line num="23" count="8" type="stmt"/>
          <line num="29" count="8" type="stmt"/>
          <line num="30" count="8" type="stmt"/>
          <line num="40" count="1" type="cond" truecount="1" falsecount="1"/>
          <line num="41" count="1" type="stmt"/>
          <line num="42" count="1" type="stmt"/>
          <line num="45" count="1" type="stmt"/>
          <line num="47" count="1" type="cond" truecount="1" falsecount="1"/>
          <line num="48" count="1" type="stmt"/>
          <line num="49" count="1" type="stmt"/>
          <line num="60" count="1" type="stmt"/>
          <line num="70" count="1" type="stmt"/>
          <line num="82" count="1" type="stmt"/>
          <line num="83" count="1" type="stmt"/>
          <line num="86" count="1" type="stmt"/>
          <line num="87" count="1" type="stmt"/>
          <line num="95" count="12" type="stmt"/>
          <line num="101" count="12" type="stmt"/>
          <line num="141" count="1" type="stmt"/>
        </file>
        <file name="Confirm.jsx" path="/Users/andeladeveloper/Desktop/hellobooks-fix/HelloBooks/client/components/Confirm.jsx">
          <metrics statements="18" coveredstatements="18" conditionals="4" coveredconditionals="2" methods="7" coveredmethods="6"/>
          <line num="22" count="8" type="stmt"/>
          <line num="23" count="8" type="stmt"/>
          <line num="30" count="8" type="stmt"/>
          <line num="31" count="8" type="stmt"/>
          <line num="41" count="1" type="stmt"/>
          <line num="42" count="1" type="cond" truecount="1" falsecount="1"/>
          <line num="43" count="1" type="stmt"/>
          <line num="45" count="1" type="cond" truecount="1" falsecount="1"/>
          <line num="46" count="1" type="stmt"/>
          <line num="57" count="1" type="stmt"/>
          <line num="67" count="1" type="stmt"/>
          <line num="68" count="1" type="stmt"/>
          <line num="69" count="1" type="stmt"/>
          <line num="79" count="1" type="stmt"/>
          <line num="87" count="9" type="stmt"/>
          <line num="93" count="9" type="stmt"/>
          <line num="125" count="1" type="stmt"/>
          <line num="137" count="1" type="stmt"/>
        </file>
        <file name="EmailForm.jsx" path="/Users/andeladeveloper/Desktop/hellobooks-fix/HelloBooks/client/components/EmailForm.jsx">
          <metrics statements="2" coveredstatements="2" conditionals="0" coveredconditionals="0" methods="1" coveredmethods="1"/>
          <line num="10" count="2" type="stmt"/>
          <line num="11" count="11" type="stmt"/>
        </file>
        <file name="Home.jsx" path="/Users/andeladeveloper/Desktop/hellobooks-fix/HelloBooks/client/components/Home.jsx">
          <metrics statements="7" coveredstatements="7" conditionals="6" coveredconditionals="5" methods="4" coveredmethods="3"/>
          <line num="19" count="7" type="cond" truecount="1" falsecount="1"/>
          <line num="20" count="7" type="stmt"/>
          <line num="29" count="7" type="stmt"/>
          <line num="30" count="7" type="stmt"/>
          <line num="44" count="6" type="cond" truecount="2" falsecount="0"/>
          <line num="64" count="1" type="stmt"/>
          <line num="75" count="1" type="stmt"/>
        </file>
        <file name="Landing.jsx" path="/Users/andeladeveloper/Desktop/hellobooks-fix/HelloBooks/client/components/Landing.jsx">
          <metrics statements="3" coveredstatements="3" conditionals="0" coveredconditionals="0" methods="1" coveredmethods="1"/>
          <line num="4" count="1" type="stmt"/>
          <line num="17" count="1" type="stmt"/>
          <line num="18" count="1" type="stmt"/>
        </file>
        <file name="Notifications.jsx" path="/Users/andeladeveloper/Desktop/hellobooks-fix/HelloBooks/client/components/Notifications.jsx">
          <metrics statements="7" coveredstatements="7" conditionals="4" coveredconditionals="4" methods="4" coveredmethods="3"/>
          <line num="17" count="3" type="stmt"/>
          <line num="18" count="3" type="stmt"/>
          <line num="29" count="3" type="stmt"/>
          <line num="30" count="3" type="stmt"/>
          <line num="35" count="3" type="stmt"/>
          <line num="43" count="6" type="stmt"/>
          <line num="68" count="1" type="stmt"/>
        </file>
        <file name="PasswordForm.jsx" path="/Users/andeladeveloper/Desktop/hellobooks-fix/HelloBooks/client/components/PasswordForm.jsx">
          <metrics statements="2" coveredstatements="2" conditionals="0" coveredconditionals="0" methods="1" coveredmethods="1"/>
          <line num="10" count="2" type="stmt"/>
          <line num="11" count="6" type="stmt"/>
        </file>
        <file name="Signin.jsx" path="/Users/andeladeveloper/Desktop/hellobooks-fix/HelloBooks/client/components/Signin.jsx">
          <metrics statements="19" coveredstatements="19" conditionals="6" coveredconditionals="6" methods="6" coveredmethods="5"/>
          <line num="22" count="13" type="stmt"/>
          <line num="23" count="13" type="stmt"/>
          <line num="26" count="13" type="stmt"/>
          <line num="27" count="13" type="stmt"/>
          <line num="37" count="3" type="stmt"/>
          <line num="38" count="3" type="cond" truecount="4" falsecount="0"/>
          <line num="40" count="1" type="stmt"/>
          <line num="41" count="1" type="stmt"/>
          <line num="43" count="3" type="cond" truecount="2" falsecount="0"/>
          <line num="44" count="2" type="stmt"/>
          <line num="45" count="2" type="stmt"/>
          <line num="56" count="1" type="stmt"/>
          <line num="66" count="1" type="stmt"/>
          <line num="67" count="1" type="stmt"/>
          <line num="68" count="1" type="stmt"/>
          <line num="76" count="14" type="stmt"/>
          <line num="81" count="14" type="stmt"/>
          <line num="129" count="1" type="stmt"/>
          <line num="141" count="1" type="stmt"/>
        </file>
        <file name="Signup.jsx" path="/Users/andeladeveloper/Desktop/hellobooks-fix/HelloBooks/client/components/Signup.jsx">
          <metrics statements="17" coveredstatements="16" conditionals="6" coveredconditionals="5" methods="6" coveredmethods="5"/>
          <line num="22" count="11" type="stmt"/>
          <line num="23" count="11" type="stmt"/>
          <line num="24" count="11" type="stmt"/>
          <line num="34" count="2" type="stmt"/>
          <line num="35" count="2" type="cond" truecount="3" falsecount="1"/>
          <line num="36" count="0" type="stmt"/>
          <line num="38" count="2" type="cond" truecount="2" falsecount="0"/>
          <line num="39" count="1" type="stmt"/>
          <line num="50" count="1" type="stmt"/>
          <line num="60" count="1" type="stmt"/>
          <line num="61" count="1" type="stmt"/>
          <line num="62" count="1" type="stmt"/>
          <line num="70" count="12" type="stmt"/>
          <line num="71" count="12" type="stmt"/>
          <line num="77" count="12" type="stmt"/>
          <line num="111" count="1" type="stmt"/>
          <line num="122" count="1" type="stmt"/>
        </file>
        <file name="SingleNotification.jsx" path="/Users/andeladeveloper/Desktop/hellobooks-fix/HelloBooks/client/components/SingleNotification.jsx">
          <metrics statements="4" coveredstatements="4" conditionals="2" coveredconditionals="1" methods="1" coveredmethods="1"/>
          <line num="14" count="2" type="stmt"/>
          <line num="15" count="1" type="stmt"/>
          <line num="16" count="1" type="stmt"/>
          <line num="22" count="1" type="stmt"/>
        </file>
        <file name="UpdateBook.jsx" path="/Users/andeladeveloper/Desktop/hellobooks-fix/HelloBooks/client/components/UpdateBook.jsx">
          <metrics statements="52" coveredstatements="45" conditionals="37" coveredconditionals="29" methods="13" coveredmethods="12"/>
          <line num="24" count="9" type="stmt"/>
          <line num="25" count="9" type="stmt"/>
          <line num="35" count="9" type="stmt"/>
          <line num="36" count="9" type="stmt"/>
          <line num="37" count="9" type="stmt"/>
          <line num="38" count="9" type="stmt"/>
          <line num="39" count="9" type="stmt"/>
          <line num="40" count="9" type="stmt"/>
          <line num="48" count="9" type="stmt"/>
          <line num="49" count="9" type="stmt"/>
          <line num="64" count="1" type="stmt"/>
          <line num="65" count="1" type="cond" truecount="3" falsecount="1"/>
          <line num="66" count="1" type="stmt"/>
          <line num="78" count="1" type="cond" truecount="3" falsecount="1"/>
          <line num="79" count="0" type="stmt"/>
          <line num="85" count="0" type="stmt"/>
          <line num="87" count="1" type="cond" truecount="3" falsecount="1"/>
          <line num="88" count="0" type="stmt"/>
          <line num="94" count="0" type="stmt"/>
          <line num="96" count="1" type="cond" truecount="3" falsecount="1"/>
          <line num="97" count="1" type="stmt"/>
          <line num="102" count="1" type="cond" truecount="1" falsecount="1"/>
          <line num="103" count="1" type="stmt"/>
          <line num="118" count="9" type="stmt"/>
          <line num="119" count="9" type="cond" truecount="1" falsecount="1"/>
          <line num="120" count="0" type="stmt"/>
          <line num="121" count="0" type="stmt"/>
          <line num="123" count="9" type="cond" truecount="1" falsecount="1"/>
          <line num="124" count="0" type="stmt"/>
          <line num="135" count="1" type="stmt"/>
          <line num="136" count="1" type="stmt"/>
          <line num="137" count="1" type="stmt"/>
          <line num="149" count="1" type="stmt"/>
          <line num="150" count="1" type="stmt"/>
          <line num="162" count="1" type="stmt"/>
          <line num="163" count="1" type="stmt"/>
          <line num="164" count="1" type="stmt"/>
          <line num="177" count="1" type="stmt"/>
          <line num="178" count="1" type="stmt"/>
          <line num="179" count="1" type="stmt"/>
          <line num="192" count="1" type="stmt"/>
          <line num="193" count="1" type="stmt"/>
          <line num="194" count="1" type="stmt"/>
          <line num="207" count="1" type="stmt"/>
          <line num="208" count="1" type="stmt"/>
          <line num="209" count="1" type="stmt"/>
          <line num="220" count="18" type="stmt"/>
          <line num="224" count="18" type="stmt"/>
          <line num="225" count="18" type="stmt"/>
          <line num="226" count="18" type="stmt"/>
          <line num="280" count="12" type="stmt"/>
          <line num="371" count="1" type="stmt"/>
        </file>
        <file name="UploadBook.jsx" path="/Users/andeladeveloper/Desktop/hellobooks-fix/HelloBooks/client/components/UploadBook.jsx">
          <metrics statements="73" coveredstatements="69" conditionals="42" coveredconditionals="28" methods="15" coveredmethods="14"/>
          <line num="16" count="1" type="stmt"/>
          <line num="47" count="12" type="stmt"/>
          <line num="48" count="12" type="stmt"/>
          <line num="49" count="12" type="stmt"/>
          <line num="50" count="12" type="stmt"/>
          <line num="51" count="12" type="stmt"/>
          <line num="52" count="12" type="stmt"/>
          <line num="53" count="12" type="stmt"/>
          <line num="54" count="12" type="stmt"/>
          <line num="55" count="12" type="stmt"/>
          <line num="65" count="12" type="stmt"/>
          <line num="80" count="1" type="stmt"/>
          <line num="81" count="1" type="cond" truecount="1" falsecount="1"/>
          <line num="82" count="1" type="stmt"/>
          <line num="87" count="1" type="cond" truecount="1" falsecount="1"/>
          <line num="88" count="1" type="stmt"/>
          <line num="93" count="1" type="cond" truecount="3" falsecount="1"/>
          <line num="94" count="1" type="stmt"/>
          <line num="98" count="1" type="cond" truecount="1" falsecount="1"/>
          <line num="99" count="1" type="stmt"/>
          <line num="104" count="1" type="cond" truecount="1" falsecount="1"/>
          <line num="105" count="1" type="stmt"/>
          <line num="106" count="1" type="stmt"/>
          <line num="108" count="1" type="cond" truecount="1" falsecount="1"/>
          <line num="109" count="1" type="stmt"/>
          <line num="113" count="1" type="cond" truecount="1" falsecount="1"/>
          <line num="114" count="1" type="stmt"/>
          <line num="118" count="1" type="stmt"/>
          <line num="119" count="1" type="cond" truecount="1" falsecount="1"/>
          <line num="120" count="1" type="cond" truecount="1" falsecount="1"/>
          <line num="121" count="1" type="stmt"/>
          <line num="122" count="1" type="stmt"/>
          <line num="123" count="1" type="stmt"/>
          <line num="126" count="1" type="cond" truecount="1" falsecount="1"/>
          <line num="127" count="1" type="stmt"/>
          <line num="128" count="1" type="stmt"/>
          <line num="143" count="11" type="stmt"/>
          <line num="144" count="11" type="cond" truecount="1" falsecount="1"/>
          <line num="145" count="0" type="stmt"/>
          <line num="147" count="11" type="cond" truecount="1" falsecount="1"/>
          <line num="148" count="0" type="stmt"/>
          <line num="150" count="11" type="cond" truecount="1" falsecount="1"/>
          <line num="151" count="0" type="stmt"/>
          <line num="153" count="11" type="cond" truecount="1" falsecount="1"/>
          <line num="154" count="0" type="stmt"/>
          <line num="163" count="1" type="stmt"/>
          <line num="164" count="1" type="stmt"/>
          <line num="174" count="1" type="stmt"/>
          <line num="175" count="1" type="stmt"/>
          <line num="185" count="1" type="stmt"/>
          <line num="186" count="1" type="stmt"/>
          <line num="198" count="1" type="stmt"/>
          <line num="199" count="1" type="stmt"/>
          <line num="200" count="1" type="stmt"/>
          <line num="212" count="1" type="stmt"/>
          <line num="213" count="1" type="stmt"/>
          <line num="214" count="1" type="stmt"/>
          <line num="226" count="1" type="stmt"/>
          <line num="227" count="1" type="stmt"/>
          <line num="228" count="1" type="stmt"/>
          <line num="242" count="1" type="stmt"/>
          <line num="243" count="1" type="stmt"/>
          <line num="244" count="1" type="stmt"/>
          <line num="258" count="1" type="stmt"/>
          <line num="259" count="1" type="stmt"/>
          <line num="260" count="1" type="stmt"/>
          <line num="268" count="23" type="stmt"/>
          <line num="272" count="23" type="stmt"/>
          <line num="273" count="23" type="stmt"/>
          <line num="274" count="23" type="stmt"/>
          <line num="341" count="3" type="stmt"/>
          <line num="415" count="1" type="stmt"/>
          <line num="426" count="1" type="stmt"/>
        </file>
      </package>
      <package name="reducers">
        <metrics statements="204" coveredstatements="144" conditionals="171" coveredconditionals="86" methods="26" coveredmethods="26"/>
        <file name="auth.js" path="/Users/andeladeveloper/Desktop/hellobooks-fix/HelloBooks/client/reducers/auth.js">
          <metrics statements="5" coveredstatements="4" conditionals="4" coveredconditionals="3" methods="1" coveredmethods="1"/>
          <line num="7" count="14" type="stmt"/>
          <line num="9" count="14" type="stmt"/>
          <line num="22" count="104" type="cond" truecount="1" falsecount="1"/>
          <line num="24" count="0" type="stmt"/>
          <line num="28" count="104" type="stmt"/>
        </file>
        <file name="book.js" path="/Users/andeladeveloper/Desktop/hellobooks-fix/HelloBooks/client/reducers/book.js">
          <metrics statements="82" coveredstatements="62" conditionals="71" coveredconditionals="40" methods="11" coveredmethods="11"/>
          <line num="44" count="14" type="stmt"/>
          <line num="45" count="14" type="stmt"/>
          <line num="58" count="14" type="cond" truecount="1" falsecount="1"/>
          <line num="59" count="104" type="cond" truecount="3" falsecount="1"/>
          <line num="61" count="0" type="stmt"/>
          <line num="67" count="1" type="stmt"/>
          <line num="74" count="1" type="stmt"/>
          <line num="80" count="102" type="stmt"/>
          <line num="83" count="14" type="stmt"/>
          <line num="90" count="14" type="stmt"/>
          <line num="104" count="14" type="cond" truecount="1" falsecount="1"/>
          <line num="105" count="102" type="cond" truecount="1" falsecount="4"/>
          <line num="107" count="0" type="stmt"/>
          <line num="113" count="0" type="stmt"/>
          <line num="121" count="0" type="stmt"/>
          <line num="128" count="0" type="stmt"/>
          <line num="136" count="102" type="stmt"/>
          <line num="139" count="14" type="stmt"/>
          <line num="153" count="14" type="cond" truecount="1" falsecount="1"/>
          <line num="154" count="102" type="cond" truecount="1" falsecount="3"/>
          <line num="156" count="0" type="stmt"/>
          <line num="162" count="0" type="stmt"/>
          <line num="169" count="0" type="stmt"/>
          <line num="175" count="102" type="stmt"/>
          <line num="179" count="14" type="stmt"/>
          <line num="193" count="14" type="cond" truecount="1" falsecount="1"/>
          <line num="194" count="105" type="cond" truecount="4" falsecount="1"/>
          <line num="196" count="0" type="stmt"/>
          <line num="202" count="1" type="stmt"/>
          <line num="210" count="1" type="stmt"/>
          <line num="217" count="1" type="stmt"/>
          <line num="225" count="102" type="stmt"/>
          <line num="229" count="14" type="stmt"/>
          <line num="243" count="14" type="cond" truecount="1" falsecount="1"/>
          <line num="244" count="104" type="cond" truecount="3" falsecount="1"/>
          <line num="246" count="0" type="stmt"/>
          <line num="252" count="1" type="stmt"/>
          <line num="260" count="1" type="stmt"/>
          <line num="266" count="102" type="stmt"/>
          <line num="270" count="14" type="stmt"/>
          <line num="283" count="14" type="cond" truecount="1" falsecount="1"/>
          <line num="284" count="105" type="cond" truecount="4" falsecount="1"/>
          <line num="286" count="0" type="stmt"/>
          <line num="292" count="1" type="stmt"/>
          <line num="299" count="1" type="stmt"/>
          <line num="306" count="1" type="stmt"/>
          <line num="313" count="102" type="stmt"/>
          <line num="324" count="14" type="cond" truecount="1" falsecount="1"/>
          <line num="325" count="102" type="cond" truecount="1" falsecount="3"/>
          <line num="327" count="0" type="stmt"/>
          <line num="333" count="0" type="stmt"/>
          <line num="340" count="0" type="stmt"/>
          <line num="346" count="102" type="stmt"/>
          <line num="357" count="14" type="cond" truecount="1" falsecount="1"/>
          <line num="358" count="104" type="cond" truecount="3" falsecount="1"/>
          <line num="360" count="0" type="stmt"/>
          <line num="366" count="1" type="stmt"/>
          <line num="373" count="1" type="stmt"/>
          <line num="379" count="102" type="stmt"/>
          <line num="382" count="14" type="stmt"/>
          <line num="396" count="14" type="cond" truecount="1" falsecount="1"/>
          <line num="397" count="104" type="cond" truecount="3" falsecount="2"/>
          <line num="399" count="0" type="stmt"/>
          <line num="405" count="1" type="stmt"/>
          <line num="413" count="1" type="stmt"/>
          <line num="420" count="0" type="stmt"/>
          <line num="428" count="102" type="stmt"/>
          <line num="432" count="14" type="stmt"/>
          <line num="445" count="14" type="cond" truecount="1" falsecount="1"/>
          <line num="446" count="104" type="cond" truecount="3" falsecount="2"/>
          <line num="448" count="0" type="stmt"/>
          <line num="454" count="1" type="stmt"/>
          <line num="461" count="1" type="stmt"/>
          <line num="468" count="0" type="stmt"/>
          <line num="474" count="102" type="stmt"/>
          <line num="478" count="14" type="stmt"/>
          <line num="491" count="14" type="cond" truecount="1" falsecount="1"/>
          <line num="492" count="104" type="cond" truecount="3" falsecount="1"/>
          <line num="494" count="0" type="stmt"/>
          <line num="500" count="1" type="stmt"/>
          <line num="507" count="1" type="stmt"/>
          <line num="513" count="102" type="stmt"/>
        </file>
        <file name="changePassword.js" path="/Users/andeladeveloper/Desktop/hellobooks-fix/HelloBooks/client/reducers/changePassword.js">
          <metrics statements="8" coveredstatements="6" conditionals="7" coveredconditionals="4" methods="1" coveredmethods="1"/>
          <line num="8" count="14" type="stmt"/>
          <line num="10" count="14" type="stmt"/>
          <line num="24" count="104" type="cond" truecount="3" falsecount="2"/>
          <line num="26" count="0" type="stmt"/>
          <line num="32" count="1" type="stmt"/>
          <line num="39" count="1" type="stmt"/>
          <line num="46" count="0" type="stmt"/>
          <line num="53" count="102" type="stmt"/>
        </file>
        <file name="getPdf.js" path="/Users/andeladeveloper/Desktop/hellobooks-fix/HelloBooks/client/reducers/getPdf.js">
          <metrics statements="8" coveredstatements="7" conditionals="6" coveredconditionals="4" methods="1" coveredmethods="1"/>
          <line num="7" count="14" type="stmt"/>
          <line num="9" count="14" type="stmt"/>
          <line num="22" count="14" type="cond" truecount="1" falsecount="1"/>
          <line num="23" count="104" type="cond" truecount="3" falsecount="1"/>
          <line num="25" count="0" type="stmt"/>
          <line num="31" count="1" type="stmt"/>
          <line num="38" count="1" type="stmt"/>
          <line num="44" count="102" type="stmt"/>
        </file>
        <file name="getUser.js" path="/Users/andeladeveloper/Desktop/hellobooks-fix/HelloBooks/client/reducers/getUser.js">
          <metrics statements="8" coveredstatements="7" conditionals="6" coveredconditionals="4" methods="1" coveredmethods="1"/>
          <line num="7" count="14" type="stmt"/>
          <line num="9" count="14" type="stmt"/>
          <line num="22" count="14" type="cond" truecount="1" falsecount="1"/>
          <line num="23" count="104" type="cond" truecount="3" falsecount="1"/>
          <line num="25" count="0" type="stmt"/>
          <line num="31" count="1" type="stmt"/>
          <line num="38" count="1" type="stmt"/>
          <line num="44" count="102" type="stmt"/>
        </file>
        <file name="history.js" path="/Users/andeladeveloper/Desktop/hellobooks-fix/HelloBooks/client/reducers/history.js">
          <metrics statements="17" coveredstatements="11" conditionals="14" coveredconditionals="6" methods="2" coveredmethods="2"/>
          <line num="11" count="14" type="stmt"/>
          <line num="13" count="14" type="stmt"/>
          <line num="25" count="14" type="cond" truecount="1" falsecount="1"/>
          <line num="26" count="103" type="cond" truecount="2" falsecount="3"/>
          <line num="28" count="0" type="stmt"/>
          <line num="34" count="1" type="stmt"/>
          <line num="41" count="0" type="stmt"/>
          <line num="48" count="0" type="stmt"/>
          <line num="54" count="102" type="stmt"/>
          <line num="57" count="14" type="stmt"/>
          <line num="70" count="14" type="cond" truecount="1" falsecount="1"/>
          <line num="71" count="103" type="cond" truecount="2" falsecount="3"/>
          <line num="73" count="0" type="stmt"/>
          <line num="79" count="1" type="stmt"/>
          <line num="86" count="0" type="stmt"/>
          <line num="93" count="0" type="stmt"/>
          <line num="99" count="102" type="stmt"/>
        </file>
        <file name="index.js" path="/Users/andeladeveloper/Desktop/hellobooks-fix/HelloBooks/client/reducers/index.js">
          <metrics statements="1" coveredstatements="1" conditionals="0" coveredconditionals="0" methods="0" coveredmethods="0"/>
          <line num="27" count="13" type="stmt"/>
        </file>
        <file name="notification.js" path="/Users/andeladeveloper/Desktop/hellobooks-fix/HelloBooks/client/reducers/notification.js">
          <metrics statements="9" coveredstatements="7" conditionals="6" coveredconditionals="3" methods="1" coveredmethods="1"/>
          <line num="7" count="14" type="stmt"/>
          <line num="9" count="14" type="stmt"/>
          <line num="14" count="14" type="stmt"/>
          <line num="27" count="14" type="cond" truecount="1" falsecount="1"/>
          <line num="28" count="103" type="cond" truecount="2" falsecount="2"/>
          <line num="30" count="0" type="stmt"/>
          <line num="36" count="1" type="stmt"/>
          <line num="43" count="0" type="stmt"/>
          <line num="49" count="102" type="stmt"/>
        </file>
        <file name="updateUser.js" path="/Users/andeladeveloper/Desktop/hellobooks-fix/HelloBooks/client/reducers/updateUser.js">
          <metrics statements="9" coveredstatements="4" conditionals="8" coveredconditionals="2" methods="1" coveredmethods="1"/>
          <line num="9" count="14" type="stmt"/>
          <line num="11" count="14" type="stmt"/>
          <line num="25" count="102" type="cond" truecount="1" falsecount="5"/>
          <line num="27" count="0" type="stmt"/>
          <line num="33" count="0" type="stmt"/>
          <line num="40" count="0" type="stmt"/>
          <line num="47" count="0" type="stmt"/>
          <line num="54" count="0" type="stmt"/>
          <line num="61" count="102" type="stmt"/>
        </file>
        <file name="upload.js" path="/Users/andeladeveloper/Desktop/hellobooks-fix/HelloBooks/client/reducers/upload.js">
          <metrics statements="16" coveredstatements="10" conditionals="14" coveredconditionals="6" methods="2" coveredmethods="2"/>
          <line num="11" count="14" type="stmt"/>
          <line num="13" count="14" type="stmt"/>
          <line num="26" count="14" type="cond" truecount="1" falsecount="1"/>
          <line num="27" count="103" type="cond" truecount="2" falsecount="3"/>
          <line num="29" count="0" type="stmt"/>
          <line num="35" count="1" type="stmt"/>
          <line num="42" count="0" type="stmt"/>
          <line num="49" count="0" type="stmt"/>
          <line num="55" count="102" type="stmt"/>
          <line num="66" count="14" type="cond" truecount="1" falsecount="1"/>
          <line num="67" count="103" type="cond" truecount="2" falsecount="3"/>
          <line num="69" count="0" type="stmt"/>
          <line num="75" count="1" type="stmt"/>
          <line num="82" count="0" type="stmt"/>
          <line num="89" count="0" type="stmt"/>
          <line num="95" count="102" type="stmt"/>
        </file>
        <file name="user.js" path="/Users/andeladeveloper/Desktop/hellobooks-fix/HelloBooks/client/reducers/user.js">
          <metrics statements="41" coveredstatements="25" conditionals="35" coveredconditionals="14" methods="5" coveredmethods="5"/>
          <line num="26" count="14" type="stmt"/>
          <line num="28" count="14" type="stmt"/>
          <line num="42" count="14" type="cond" truecount="1" falsecount="1"/>
          <line num="43" count="103" type="cond" truecount="2" falsecount="3"/>
          <line num="45" count="0" type="stmt"/>
          <line num="51" count="1" type="stmt"/>
          <line num="58" count="0" type="stmt"/>
          <line num="65" count="0" type="stmt"/>
          <line num="72" count="102" type="stmt"/>
          <line num="76" count="14" type="stmt"/>
          <line num="89" count="14" type="cond" truecount="1" falsecount="1"/>
          <line num="90" count="103" type="cond" truecount="2" falsecount="3"/>
          <line num="92" count="0" type="stmt"/>
          <line num="98" count="1" type="stmt"/>
          <line num="105" count="0" type="stmt"/>
          <line num="112" count="0" type="stmt"/>
          <line num="118" count="102" type="stmt"/>
          <line num="121" count="14" type="stmt"/>
          <line num="134" count="14" type="cond" truecount="1" falsecount="1"/>
          <line num="135" count="102" type="cond" truecount="1" falsecount="4"/>
          <line num="137" count="0" type="stmt"/>
          <line num="143" count="0" type="stmt"/>
          <line num="150" count="0" type="stmt"/>
          <line num="157" count="0" type="stmt"/>
          <line num="163" count="102" type="stmt"/>
          <line num="166" count="14" type="stmt"/>
          <line num="179" count="14" type="cond" truecount="1" falsecount="1"/>
          <line num="180" count="103" type="cond" truecount="2" falsecount="3"/>
          <line num="182" count="0" type="stmt"/>
          <line num="188" count="1" type="stmt"/>
          <line num="195" count="0" type="stmt"/>
          <line num="202" count="0" type="stmt"/>
          <line num="208" count="102" type="stmt"/>
          <line num="211" count="14" type="stmt"/>
          <line num="224" count="14" type="cond" truecount="1" falsecount="1"/>
          <line num="225" count="103" type="cond" truecount="2" falsecount="3"/>
          <line num="227" count="0" type="stmt"/>
          <line num="233" count="1" type="stmt"/>
          <line num="240" count="0" type="stmt"/>
          <line num="247" count="0" type="stmt"/>
          <line num="254" count="102" type="stmt"/>
        </file>
      </package>
      <package name="store">
        <metrics statements="2" coveredstatements="2" conditionals="4" coveredconditionals="2" methods="2" coveredmethods="2"/>
        <file name="store.js" path="/Users/andeladeveloper/Desktop/hellobooks-fix/HelloBooks/client/store/store.js">
          <metrics statements="2" coveredstatements="2" conditionals="4" coveredconditionals="2" methods="2" coveredmethods="2"/>
          <line num="5" count="76" type="stmt"/>
          <line num="9" count="76" type="cond" truecount="2" falsecount="2"/>
        </file>
      </package>
      <package name="test">
        <metrics statements="73" coveredstatements="70" conditionals="0" coveredconditionals="0" methods="0" coveredmethods="0"/>
        <file name="apiEndPoints.js" path="/Users/andeladeveloper/Desktop/hellobooks-fix/HelloBooks/client/test/apiEndPoints.js">
          <metrics statements="24" coveredstatements="24" conditionals="0" coveredconditionals="0" methods="0" coveredmethods="0"/>
          <line num="3" count="1" type="stmt"/>
          <line num="4" count="1" type="stmt"/>
          <line num="5" count="1" type="stmt"/>
          <line num="6" count="1" type="stmt"/>
          <line num="7" count="1" type="stmt"/>
          <line num="8" count="1" type="stmt"/>
          <line num="9" count="1" type="stmt"/>
          <line num="10" count="1" type="stmt"/>
          <line num="11" count="1" type="stmt"/>
          <line num="12" count="1" type="stmt"/>
          <line num="13" count="1" type="stmt"/>
          <line num="14" count="1" type="stmt"/>
          <line num="15" count="1" type="stmt"/>
          <line num="16" count="1" type="stmt"/>
          <line num="17" count="1" type="stmt"/>
          <line num="18" count="1" type="stmt"/>
          <line num="19" count="1" type="stmt"/>
          <line num="20" count="1" type="stmt"/>
          <line num="21" count="1" type="stmt"/>
          <line num="22" count="1" type="stmt"/>
          <line num="23" count="1" type="stmt"/>
          <line num="24" count="1" type="stmt"/>
          <line num="25" count="1" type="stmt"/>
          <line num="26" count="1" type="stmt"/>
        </file>
        <file name="mockData.js" path="/Users/andeladeveloper/Desktop/hellobooks-fix/HelloBooks/client/test/mockData.js">
          <metrics statements="44" coveredstatements="44" conditionals="0" coveredconditionals="0" methods="0" coveredmethods="0"/>
          <line num="1" count="2" type="stmt"/>
          <line num="42" count="2" type="stmt"/>
          <line num="47" count="2" type="stmt"/>
          <line num="51" count="2" type="stmt"/>
          <line num="60" count="2" type="stmt"/>
          <line num="67" count="2" type="stmt"/>
          <line num="71" count="2" type="stmt"/>
          <line num="74" count="2" type="stmt"/>
          <line num="77" count="2" type="stmt"/>
          <line num="87" count="2" type="stmt"/>
          <line num="90" count="2" type="stmt"/>
          <line num="102" count="2" type="stmt"/>
          <line num="105" count="2" type="stmt"/>
          <line num="109" count="2" type="stmt"/>
          <line num="133" count="2" type="stmt"/>
          <line num="137" count="2" type="stmt"/>
          <line num="142" count="2" type="stmt"/>
          <line num="147" count="2" type="stmt"/>
          <line num="152" count="2" type="stmt"/>
          <line num="158" count="2" type="stmt"/>
          <line num="169" count="2" type="stmt"/>
          <line num="175" count="2" type="stmt"/>
          <line num="187" count="2" type="stmt"/>
          <line num="193" count="2" type="stmt"/>
          <line num="209" count="2" type="stmt"/>
          <line num="215" count="2" type="stmt"/>
          <line num="218" count="2" type="stmt"/>
          <line num="223" count="2" type="stmt"/>
          <line num="239" count="2" type="stmt"/>
          <line num="244" count="2" type="stmt"/>
          <line num="249" count="2" type="stmt"/>
          <line num="252" count="2" type="stmt"/>
          <line num="258" count="2" type="stmt"/>
          <line num="263" count="2" type="stmt"/>
          <line num="267" count="2" type="stmt"/>
          <line num="272" count="2" type="stmt"/>
          <line num="277" count="2" type="stmt"/>
          <line num="282" count="2" type="stmt"/>
          <line num="287" count="2" type="stmt"/>
          <line num="288" count="2" type="stmt"/>
          <line num="289" count="2" type="stmt"/>
          <line num="294" count="2" type="stmt"/>
          <line num="299" count="2" type="stmt"/>
          <line num="304" count="2" type="stmt"/>
        </file>
        <file name="mockDataStorage.js" path="/Users/andeladeveloper/Desktop/hellobooks-fix/HelloBooks/client/test/mockDataStorage.js">
          <metrics statements="5" coveredstatements="2" conditionals="0" coveredconditionals="0" methods="0" coveredmethods="0"/>
          <line num="1" count="1" type="stmt"/>
          <line num="5" count="1" type="stmt"/>
          <line num="11" count="0" type="stmt"/>
          <line num="14" count="0" type="stmt"/>
          <line num="17" count="0" type="stmt"/>
        </file>
      </package>
      <package name="test.__mock__">
        <metrics statements="2" coveredstatements="2" conditionals="0" coveredconditionals="0" methods="0" coveredmethods="0"/>
        <file name="browserHistory.js" path="/Users/andeladeveloper/Desktop/hellobooks-fix/HelloBooks/client/test/__mock__/browserHistory.js">
          <metrics statements="2" coveredstatements="2" conditionals="0" coveredconditionals="0" methods="0" coveredmethods="0"/>
          <line num="3" count="15" type="stmt"/>
          <line num="4" count="15" type="stmt"/>
        </file>
      </package>
      <package name="types">
        <metrics statements="0" coveredstatements="0" conditionals="0" coveredconditionals="0" methods="0" coveredmethods="0"/>
        <file name="types.js" path="/Users/andeladeveloper/Desktop/hellobooks-fix/HelloBooks/client/types/types.js">
          <metrics statements="0" coveredstatements="0" conditionals="0" coveredconditionals="0" methods="0" coveredmethods="0"/>
        </file>
      </package>
      <package name="utils">
        <metrics statements="5" coveredstatements="4" conditionals="2" coveredconditionals="1" methods="1" coveredmethods="1"/>
        <file name="setAuthToken.js" path="/Users/andeladeveloper/Desktop/hellobooks-fix/HelloBooks/client/utils/setAuthToken.js">
          <metrics statements="4" coveredstatements="3" conditionals="2" coveredconditionals="1" methods="1" coveredmethods="1"/>
          <line num="10" count="4" type="stmt"/>
          <line num="11" count="2" type="cond" truecount="1" falsecount="1"/>
          <line num="12" count="2" type="stmt"/>
          <line num="14" count="0" type="stmt"/>
        </file>
        <file name="url.js" path="/Users/andeladeveloper/Desktop/hellobooks-fix/HelloBooks/client/utils/url.js">
          <metrics statements="1" coveredstatements="1" conditionals="0" coveredconditionals="0" methods="0" coveredmethods="0"/>
          <line num="2" count="12" type="stmt"/>
        </file>
      </package>
    </metrics>
  </project>
</coverage>
