{"/Users/andeladeveloper/Desktop/hellobooks-fix/HelloBooks/client/actions/books.js": {"path":"/Users/andeladeveloper/Desktop/hellobooks-fix/HelloBooks/client/actions/books.js","statementMap":{"0":{"start":{"line":40,"column":4},"end":{"line":40,"column":9}},"1":{"start":{"line":45,"column":24},"end":{"line":67,"column":1}},"2":{"start":{"line":45,"column":30},"end":{"line":67,"column":1}},"3":{"start":{"line":46,"column":2},"end":{"line":46,"column":32}},"4":{"start":{"line":47,"column":2},"end":{"line":66,"column":7}},"5":{"start":{"line":49,"column":6},"end":{"line":56,"column":7}},"6":{"start":{"line":50,"column":8},"end":{"line":55,"column":9}},"7":{"start":{"line":51,"column":10},"end":{"line":54,"column":13}},"8":{"start":{"line":57,"column":6},"end":{"line":57,"column":18}},"9":{"start":{"line":59,"column":6},"end":{"line":64,"column":7}},"10":{"start":{"line":60,"column":8},"end":{"line":63,"column":11}},"11":{"start":{"line":65,"column":6},"end":{"line":65,"column":18}},"12":{"start":{"line":73,"column":36},"end":{"line":76,"column":4}},"13":{"start":{"line":73,"column":42},"end":{"line":76,"column":4}},"14":{"start":{"line":74,"column":2},"end":{"line":76,"column":4}},"15":{"start":{"line":83,"column":24},"end":{"line":103,"column":1}},"16":{"start":{"line":83,"column":30},"end":{"line":103,"column":1}},"17":{"start":{"line":84,"column":2},"end":{"line":84,"column":31}},"18":{"start":{"line":85,"column":2},"end":{"line":102,"column":7}},"19":{"start":{"line":87,"column":6},"end":{"line":92,"column":7}},"20":{"start":{"line":88,"column":8},"end":{"line":91,"column":11}},"21":{"start":{"line":93,"column":6},"end":{"line":93,"column":18}},"22":{"start":{"line":95,"column":6},"end":{"line":100,"column":7}},"23":{"start":{"line":96,"column":8},"end":{"line":99,"column":11}},"24":{"start":{"line":101,"column":6},"end":{"line":101,"column":18}},"25":{"start":{"line":108,"column":36},"end":{"line":110,"column":2}},"26":{"start":{"line":108,"column":42},"end":{"line":110,"column":2}},"27":{"start":{"line":108,"column":54},"end":{"line":110,"column":2}},"28":{"start":{"line":115,"column":37},"end":{"line":117,"column":2}},"29":{"start":{"line":115,"column":43},"end":{"line":117,"column":2}},"30":{"start":{"line":115,"column":55},"end":{"line":117,"column":2}},"31":{"start":{"line":122,"column":31},"end":{"line":124,"column":2}},"32":{"start":{"line":122,"column":37},"end":{"line":124,"column":2}},"33":{"start":{"line":122,"column":49},"end":{"line":124,"column":2}},"34":{"start":{"line":129,"column":36},"end":{"line":131,"column":2}},"35":{"start":{"line":129,"column":42},"end":{"line":131,"column":2}},"36":{"start":{"line":129,"column":54},"end":{"line":131,"column":2}},"37":{"start":{"line":138,"column":31},"end":{"line":158,"column":1}},"38":{"start":{"line":138,"column":47},"end":{"line":158,"column":1}},"39":{"start":{"line":139,"column":2},"end":{"line":139,"column":40}},"40":{"start":{"line":140,"column":2},"end":{"line":157,"column":7}},"41":{"start":{"line":142,"column":6},"end":{"line":147,"column":7}},"42":{"start":{"line":143,"column":8},"end":{"line":146,"column":11}},"43":{"start":{"line":148,"column":6},"end":{"line":148,"column":18}},"44":{"start":{"line":150,"column":6},"end":{"line":155,"column":7}},"45":{"start":{"line":151,"column":8},"end":{"line":154,"column":11}},"46":{"start":{"line":156,"column":6},"end":{"line":156,"column":18}},"47":{"start":{"line":164,"column":26},"end":{"line":184,"column":1}},"48":{"start":{"line":164,"column":32},"end":{"line":184,"column":1}},"49":{"start":{"line":165,"column":2},"end":{"line":165,"column":34}},"50":{"start":{"line":166,"column":2},"end":{"line":183,"column":7}},"51":{"start":{"line":168,"column":6},"end":{"line":173,"column":7}},"52":{"start":{"line":169,"column":8},"end":{"line":172,"column":11}},"53":{"start":{"line":174,"column":6},"end":{"line":174,"column":18}},"54":{"start":{"line":176,"column":6},"end":{"line":181,"column":7}},"55":{"start":{"line":177,"column":8},"end":{"line":180,"column":11}},"56":{"start":{"line":182,"column":6},"end":{"line":182,"column":18}},"57":{"start":{"line":192,"column":26},"end":{"line":212,"column":1}},"58":{"start":{"line":192,"column":42},"end":{"line":212,"column":1}},"59":{"start":{"line":193,"column":2},"end":{"line":193,"column":34}},"60":{"start":{"line":194,"column":2},"end":{"line":211,"column":7}},"61":{"start":{"line":196,"column":6},"end":{"line":201,"column":7}},"62":{"start":{"line":197,"column":8},"end":{"line":200,"column":11}},"63":{"start":{"line":202,"column":6},"end":{"line":202,"column":18}},"64":{"start":{"line":204,"column":6},"end":{"line":209,"column":7}},"65":{"start":{"line":205,"column":8},"end":{"line":208,"column":11}},"66":{"start":{"line":210,"column":6},"end":{"line":210,"column":18}},"67":{"start":{"line":221,"column":26},"end":{"line":241,"column":1}},"68":{"start":{"line":221,"column":42},"end":{"line":241,"column":1}},"69":{"start":{"line":222,"column":2},"end":{"line":222,"column":34}},"70":{"start":{"line":223,"column":2},"end":{"line":240,"column":7}},"71":{"start":{"line":225,"column":6},"end":{"line":230,"column":7}},"72":{"start":{"line":226,"column":8},"end":{"line":229,"column":11}},"73":{"start":{"line":231,"column":6},"end":{"line":231,"column":18}},"74":{"start":{"line":233,"column":6},"end":{"line":238,"column":7}},"75":{"start":{"line":234,"column":8},"end":{"line":237,"column":11}},"76":{"start":{"line":239,"column":6},"end":{"line":239,"column":18}},"77":{"start":{"line":248,"column":24},"end":{"line":268,"column":1}},"78":{"start":{"line":248,"column":32},"end":{"line":268,"column":1}},"79":{"start":{"line":249,"column":2},"end":{"line":249,"column":32}},"80":{"start":{"line":250,"column":2},"end":{"line":267,"column":7}},"81":{"start":{"line":252,"column":6},"end":{"line":257,"column":7}},"82":{"start":{"line":253,"column":8},"end":{"line":256,"column":11}},"83":{"start":{"line":258,"column":6},"end":{"line":258,"column":18}},"84":{"start":{"line":260,"column":6},"end":{"line":265,"column":7}},"85":{"start":{"line":261,"column":8},"end":{"line":264,"column":11}},"86":{"start":{"line":266,"column":6},"end":{"line":266,"column":18}},"87":{"start":{"line":275,"column":26},"end":{"line":295,"column":1}},"88":{"start":{"line":275,"column":34},"end":{"line":295,"column":1}},"89":{"start":{"line":276,"column":2},"end":{"line":276,"column":34}},"90":{"start":{"line":277,"column":2},"end":{"line":294,"column":7}},"91":{"start":{"line":279,"column":6},"end":{"line":284,"column":7}},"92":{"start":{"line":280,"column":8},"end":{"line":283,"column":11}},"93":{"start":{"line":285,"column":6},"end":{"line":285,"column":18}},"94":{"start":{"line":287,"column":6},"end":{"line":292,"column":7}},"95":{"start":{"line":288,"column":8},"end":{"line":291,"column":11}},"96":{"start":{"line":293,"column":6},"end":{"line":293,"column":18}},"97":{"start":{"line":303,"column":24},"end":{"line":324,"column":1}},"98":{"start":{"line":303,"column":42},"end":{"line":324,"column":1}},"99":{"start":{"line":304,"column":2},"end":{"line":304,"column":32}},"100":{"start":{"line":305,"column":2},"end":{"line":323,"column":7}},"101":{"start":{"line":307,"column":6},"end":{"line":312,"column":7}},"102":{"start":{"line":308,"column":8},"end":{"line":311,"column":11}},"103":{"start":{"line":313,"column":6},"end":{"line":313,"column":18}},"104":{"start":{"line":316,"column":6},"end":{"line":321,"column":7}},"105":{"start":{"line":317,"column":8},"end":{"line":320,"column":11}},"106":{"start":{"line":322,"column":6},"end":{"line":322,"column":18}}},"fnMap":{"0":{"name":"(anonymous_0)","decl":{"start":{"line":45,"column":24},"end":{"line":45,"column":25}},"loc":{"start":{"line":45,"column":30},"end":{"line":67,"column":1}},"line":45},"1":{"name":"(anonymous_1)","decl":{"start":{"line":45,"column":30},"end":{"line":45,"column":31}},"loc":{"start":{"line":45,"column":44},"end":{"line":67,"column":1}},"line":45},"2":{"name":"(anonymous_2)","decl":{"start":{"line":48,"column":10},"end":{"line":48,"column":11}},"loc":{"start":{"line":48,"column":24},"end":{"line":58,"column":5}},"line":48},"3":{"name":"(anonymous_3)","decl":{"start":{"line":58,"column":13},"end":{"line":58,"column":14}},"loc":{"start":{"line":58,"column":24},"end":{"line":66,"column":5}},"line":58},"4":{"name":"(anonymous_4)","decl":{"start":{"line":73,"column":36},"end":{"line":73,"column":37}},"loc":{"start":{"line":73,"column":42},"end":{"line":76,"column":4}},"line":73},"5":{"name":"(anonymous_5)","decl":{"start":{"line":73,"column":42},"end":{"line":73,"column":43}},"loc":{"start":{"line":74,"column":2},"end":{"line":76,"column":4}},"line":74},"6":{"name":"(anonymous_6)","decl":{"start":{"line":83,"column":24},"end":{"line":83,"column":25}},"loc":{"start":{"line":83,"column":30},"end":{"line":103,"column":1}},"line":83},"7":{"name":"(anonymous_7)","decl":{"start":{"line":83,"column":30},"end":{"line":83,"column":31}},"loc":{"start":{"line":83,"column":44},"end":{"line":103,"column":1}},"line":83},"8":{"name":"(anonymous_8)","decl":{"start":{"line":86,"column":10},"end":{"line":86,"column":11}},"loc":{"start":{"line":86,"column":24},"end":{"line":94,"column":5}},"line":86},"9":{"name":"(anonymous_9)","decl":{"start":{"line":94,"column":13},"end":{"line":94,"column":14}},"loc":{"start":{"line":94,"column":24},"end":{"line":102,"column":5}},"line":94},"10":{"name":"(anonymous_10)","decl":{"start":{"line":108,"column":36},"end":{"line":108,"column":37}},"loc":{"start":{"line":108,"column":42},"end":{"line":110,"column":2}},"line":108},"11":{"name":"(anonymous_11)","decl":{"start":{"line":108,"column":42},"end":{"line":108,"column":43}},"loc":{"start":{"line":108,"column":54},"end":{"line":110,"column":2}},"line":108},"12":{"name":"(anonymous_12)","decl":{"start":{"line":115,"column":37},"end":{"line":115,"column":38}},"loc":{"start":{"line":115,"column":43},"end":{"line":117,"column":2}},"line":115},"13":{"name":"(anonymous_13)","decl":{"start":{"line":115,"column":43},"end":{"line":115,"column":44}},"loc":{"start":{"line":115,"column":55},"end":{"line":117,"column":2}},"line":115},"14":{"name":"(anonymous_14)","decl":{"start":{"line":122,"column":31},"end":{"line":122,"column":32}},"loc":{"start":{"line":122,"column":37},"end":{"line":124,"column":2}},"line":122},"15":{"name":"(anonymous_15)","decl":{"start":{"line":122,"column":37},"end":{"line":122,"column":38}},"loc":{"start":{"line":122,"column":49},"end":{"line":124,"column":2}},"line":122},"16":{"name":"(anonymous_16)","decl":{"start":{"line":129,"column":36},"end":{"line":129,"column":37}},"loc":{"start":{"line":129,"column":42},"end":{"line":131,"column":2}},"line":129},"17":{"name":"(anonymous_17)","decl":{"start":{"line":129,"column":42},"end":{"line":129,"column":43}},"loc":{"start":{"line":129,"column":54},"end":{"line":131,"column":2}},"line":129},"18":{"name":"(anonymous_18)","decl":{"start":{"line":138,"column":31},"end":{"line":138,"column":32}},"loc":{"start":{"line":138,"column":47},"end":{"line":158,"column":1}},"line":138},"19":{"name":"(anonymous_19)","decl":{"start":{"line":138,"column":47},"end":{"line":138,"column":48}},"loc":{"start":{"line":138,"column":61},"end":{"line":158,"column":1}},"line":138},"20":{"name":"(anonymous_20)","decl":{"start":{"line":141,"column":10},"end":{"line":141,"column":11}},"loc":{"start":{"line":141,"column":24},"end":{"line":149,"column":5}},"line":141},"21":{"name":"(anonymous_21)","decl":{"start":{"line":149,"column":13},"end":{"line":149,"column":14}},"loc":{"start":{"line":149,"column":24},"end":{"line":157,"column":5}},"line":149},"22":{"name":"(anonymous_22)","decl":{"start":{"line":164,"column":26},"end":{"line":164,"column":27}},"loc":{"start":{"line":164,"column":32},"end":{"line":184,"column":1}},"line":164},"23":{"name":"(anonymous_23)","decl":{"start":{"line":164,"column":32},"end":{"line":164,"column":33}},"loc":{"start":{"line":164,"column":46},"end":{"line":184,"column":1}},"line":164},"24":{"name":"(anonymous_24)","decl":{"start":{"line":167,"column":10},"end":{"line":167,"column":11}},"loc":{"start":{"line":167,"column":24},"end":{"line":175,"column":5}},"line":167},"25":{"name":"(anonymous_25)","decl":{"start":{"line":175,"column":13},"end":{"line":175,"column":14}},"loc":{"start":{"line":175,"column":24},"end":{"line":183,"column":5}},"line":175},"26":{"name":"(anonymous_26)","decl":{"start":{"line":192,"column":26},"end":{"line":192,"column":27}},"loc":{"start":{"line":192,"column":42},"end":{"line":212,"column":1}},"line":192},"27":{"name":"(anonymous_27)","decl":{"start":{"line":192,"column":42},"end":{"line":192,"column":43}},"loc":{"start":{"line":192,"column":56},"end":{"line":212,"column":1}},"line":192},"28":{"name":"(anonymous_28)","decl":{"start":{"line":195,"column":10},"end":{"line":195,"column":11}},"loc":{"start":{"line":195,"column":24},"end":{"line":203,"column":5}},"line":195},"29":{"name":"(anonymous_29)","decl":{"start":{"line":203,"column":13},"end":{"line":203,"column":14}},"loc":{"start":{"line":203,"column":24},"end":{"line":211,"column":5}},"line":203},"30":{"name":"(anonymous_30)","decl":{"start":{"line":221,"column":26},"end":{"line":221,"column":27}},"loc":{"start":{"line":221,"column":42},"end":{"line":241,"column":1}},"line":221},"31":{"name":"(anonymous_31)","decl":{"start":{"line":221,"column":42},"end":{"line":221,"column":43}},"loc":{"start":{"line":221,"column":56},"end":{"line":241,"column":1}},"line":221},"32":{"name":"(anonymous_32)","decl":{"start":{"line":224,"column":10},"end":{"line":224,"column":11}},"loc":{"start":{"line":224,"column":24},"end":{"line":232,"column":5}},"line":224},"33":{"name":"(anonymous_33)","decl":{"start":{"line":232,"column":13},"end":{"line":232,"column":14}},"loc":{"start":{"line":232,"column":24},"end":{"line":240,"column":5}},"line":232},"34":{"name":"(anonymous_34)","decl":{"start":{"line":248,"column":24},"end":{"line":248,"column":25}},"loc":{"start":{"line":248,"column":32},"end":{"line":268,"column":1}},"line":248},"35":{"name":"(anonymous_35)","decl":{"start":{"line":248,"column":32},"end":{"line":248,"column":33}},"loc":{"start":{"line":248,"column":46},"end":{"line":268,"column":1}},"line":248},"36":{"name":"(anonymous_36)","decl":{"start":{"line":251,"column":10},"end":{"line":251,"column":11}},"loc":{"start":{"line":251,"column":24},"end":{"line":259,"column":5}},"line":251},"37":{"name":"(anonymous_37)","decl":{"start":{"line":259,"column":13},"end":{"line":259,"column":14}},"loc":{"start":{"line":259,"column":24},"end":{"line":267,"column":5}},"line":259},"38":{"name":"(anonymous_38)","decl":{"start":{"line":275,"column":26},"end":{"line":275,"column":27}},"loc":{"start":{"line":275,"column":34},"end":{"line":295,"column":1}},"line":275},"39":{"name":"(anonymous_39)","decl":{"start":{"line":275,"column":34},"end":{"line":275,"column":35}},"loc":{"start":{"line":275,"column":48},"end":{"line":295,"column":1}},"line":275},"40":{"name":"(anonymous_40)","decl":{"start":{"line":278,"column":10},"end":{"line":278,"column":11}},"loc":{"start":{"line":278,"column":24},"end":{"line":286,"column":5}},"line":278},"41":{"name":"(anonymous_41)","decl":{"start":{"line":286,"column":13},"end":{"line":286,"column":14}},"loc":{"start":{"line":286,"column":24},"end":{"line":294,"column":5}},"line":286},"42":{"name":"(anonymous_42)","decl":{"start":{"line":303,"column":24},"end":{"line":303,"column":25}},"loc":{"start":{"line":303,"column":42},"end":{"line":324,"column":1}},"line":303},"43":{"name":"(anonymous_43)","decl":{"start":{"line":303,"column":42},"end":{"line":303,"column":43}},"loc":{"start":{"line":303,"column":56},"end":{"line":324,"column":1}},"line":303},"44":{"name":"(anonymous_44)","decl":{"start":{"line":306,"column":10},"end":{"line":306,"column":11}},"loc":{"start":{"line":306,"column":24},"end":{"line":314,"column":5}},"line":306},"45":{"name":"(anonymous_45)","decl":{"start":{"line":315,"column":11},"end":{"line":315,"column":12}},"loc":{"start":{"line":315,"column":22},"end":{"line":323,"column":5}},"line":315}},"branchMap":{"0":{"loc":{"start":{"line":49,"column":6},"end":{"line":56,"column":7}},"type":"if","locations":[{"start":{"line":49,"column":6},"end":{"line":56,"column":7}},{"start":{"line":49,"column":6},"end":{"line":56,"column":7}}],"line":49},"1":{"loc":{"start":{"line":50,"column":8},"end":{"line":55,"column":9}},"type":"if","locations":[{"start":{"line":50,"column":8},"end":{"line":55,"column":9}},{"start":{"line":50,"column":8},"end":{"line":55,"column":9}}],"line":50},"2":{"loc":{"start":{"line":59,"column":6},"end":{"line":64,"column":7}},"type":"if","locations":[{"start":{"line":59,"column":6},"end":{"line":64,"column":7}},{"start":{"line":59,"column":6},"end":{"line":64,"column":7}}],"line":59},"3":{"loc":{"start":{"line":87,"column":6},"end":{"line":92,"column":7}},"type":"if","locations":[{"start":{"line":87,"column":6},"end":{"line":92,"column":7}},{"start":{"line":87,"column":6},"end":{"line":92,"column":7}}],"line":87},"4":{"loc":{"start":{"line":95,"column":6},"end":{"line":100,"column":7}},"type":"if","locations":[{"start":{"line":95,"column":6},"end":{"line":100,"column":7}},{"start":{"line":95,"column":6},"end":{"line":100,"column":7}}],"line":95},"5":{"loc":{"start":{"line":142,"column":6},"end":{"line":147,"column":7}},"type":"if","locations":[{"start":{"line":142,"column":6},"end":{"line":147,"column":7}},{"start":{"line":142,"column":6},"end":{"line":147,"column":7}}],"line":142},"6":{"loc":{"start":{"line":150,"column":6},"end":{"line":155,"column":7}},"type":"if","locations":[{"start":{"line":150,"column":6},"end":{"line":155,"column":7}},{"start":{"line":150,"column":6},"end":{"line":155,"column":7}}],"line":150},"7":{"loc":{"start":{"line":168,"column":6},"end":{"line":173,"column":7}},"type":"if","locations":[{"start":{"line":168,"column":6},"end":{"line":173,"column":7}},{"start":{"line":168,"column":6},"end":{"line":173,"column":7}}],"line":168},"8":{"loc":{"start":{"line":176,"column":6},"end":{"line":181,"column":7}},"type":"if","locations":[{"start":{"line":176,"column":6},"end":{"line":181,"column":7}},{"start":{"line":176,"column":6},"end":{"line":181,"column":7}}],"line":176},"9":{"loc":{"start":{"line":196,"column":6},"end":{"line":201,"column":7}},"type":"if","locations":[{"start":{"line":196,"column":6},"end":{"line":201,"column":7}},{"start":{"line":196,"column":6},"end":{"line":201,"column":7}}],"line":196},"10":{"loc":{"start":{"line":204,"column":6},"end":{"line":209,"column":7}},"type":"if","locations":[{"start":{"line":204,"column":6},"end":{"line":209,"column":7}},{"start":{"line":204,"column":6},"end":{"line":209,"column":7}}],"line":204},"11":{"loc":{"start":{"line":225,"column":6},"end":{"line":230,"column":7}},"type":"if","locations":[{"start":{"line":225,"column":6},"end":{"line":230,"column":7}},{"start":{"line":225,"column":6},"end":{"line":230,"column":7}}],"line":225},"12":{"loc":{"start":{"line":233,"column":6},"end":{"line":238,"column":7}},"type":"if","locations":[{"start":{"line":233,"column":6},"end":{"line":238,"column":7}},{"start":{"line":233,"column":6},"end":{"line":238,"column":7}}],"line":233},"13":{"loc":{"start":{"line":252,"column":6},"end":{"line":257,"column":7}},"type":"if","locations":[{"start":{"line":252,"column":6},"end":{"line":257,"column":7}},{"start":{"line":252,"column":6},"end":{"line":257,"column":7}}],"line":252},"14":{"loc":{"start":{"line":260,"column":6},"end":{"line":265,"column":7}},"type":"if","locations":[{"start":{"line":260,"column":6},"end":{"line":265,"column":7}},{"start":{"line":260,"column":6},"end":{"line":265,"column":7}}],"line":260},"15":{"loc":{"start":{"line":279,"column":6},"end":{"line":284,"column":7}},"type":"if","locations":[{"start":{"line":279,"column":6},"end":{"line":284,"column":7}},{"start":{"line":279,"column":6},"end":{"line":284,"column":7}}],"line":279},"16":{"loc":{"start":{"line":287,"column":6},"end":{"line":292,"column":7}},"type":"if","locations":[{"start":{"line":287,"column":6},"end":{"line":292,"column":7}},{"start":{"line":287,"column":6},"end":{"line":292,"column":7}}],"line":287},"17":{"loc":{"start":{"line":307,"column":6},"end":{"line":312,"column":7}},"type":"if","locations":[{"start":{"line":307,"column":6},"end":{"line":312,"column":7}},{"start":{"line":307,"column":6},"end":{"line":312,"column":7}}],"line":307},"18":{"loc":{"start":{"line":316,"column":6},"end":{"line":321,"column":7}},"type":"if","locations":[{"start":{"line":316,"column":6},"end":{"line":321,"column":7}},{"start":{"line":316,"column":6},"end":{"line":321,"column":7}}],"line":316}},"s":{"0":6,"1":6,"2":2,"3":2,"4":2,"5":1,"6":1,"7":1,"8":0,"9":1,"10":1,"11":0,"12":6,"13":0,"14":0,"15":6,"16":2,"17":2,"18":2,"19":1,"20":1,"21":0,"22":1,"23":1,"24":0,"25":6,"26":1,"27":1,"28":6,"29":1,"30":1,"31":6,"32":1,"33":1,"34":6,"35":1,"36":1,"37":6,"38":2,"39":2,"40":2,"41":1,"42":1,"43":0,"44":1,"45":1,"46":0,"47":6,"48":2,"49":2,"50":2,"51":1,"52":1,"53":0,"54":1,"55":1,"56":0,"57":6,"58":2,"59":2,"60":2,"61":1,"62":1,"63":0,"64":1,"65":1,"66":0,"67":6,"68":2,"69":2,"70":2,"71":1,"72":1,"73":0,"74":1,"75":1,"76":0,"77":6,"78":2,"79":2,"80":2,"81":1,"82":1,"83":0,"84":1,"85":1,"86":0,"87":6,"88":2,"89":2,"90":2,"91":1,"92":1,"93":0,"94":1,"95":1,"96":0,"97":6,"98":2,"99":2,"100":2,"101":1,"102":1,"103":0,"104":1,"105":1,"106":0},"f":{"0":2,"1":2,"2":1,"3":1,"4":0,"5":0,"6":2,"7":2,"8":1,"9":1,"10":1,"11":1,"12":1,"13":1,"14":1,"15":1,"16":1,"17":1,"18":2,"19":2,"20":1,"21":1,"22":2,"23":2,"24":1,"25":1,"26":2,"27":2,"28":1,"29":1,"30":2,"31":2,"32":1,"33":1,"34":2,"35":2,"36":1,"37":1,"38":2,"39":2,"40":1,"41":1,"42":2,"43":2,"44":1,"45":1},"b":{"0":[1,0],"1":[1,0],"2":[1,0],"3":[1,0],"4":[1,0],"5":[1,0],"6":[1,0],"7":[1,0],"8":[1,0],"9":[1,0],"10":[1,0],"11":[1,0],"12":[1,0],"13":[1,0],"14":[1,0],"15":[1,0],"16":[1,0],"17":[1,0],"18":[1,0]},"_coverageSchema":"332fd63041d2c1bcb487cc26dd0d5f7d97098a6c","hash":"53e3713dca4dced62d834a1f1e2d4de8b30f88f1"}
,"/Users/andeladeveloper/Desktop/hellobooks-fix/HelloBooks/client/actions/changePassword.js": {"path":"/Users/andeladeveloper/Desktop/hellobooks-fix/HelloBooks/client/actions/changePassword.js","statementMap":{"0":{"start":{"line":11,"column":4},"end":{"line":11,"column":9}},"1":{"start":{"line":17,"column":27},"end":{"line":37,"column":1}},"2":{"start":{"line":17,"column":45},"end":{"line":37,"column":1}},"3":{"start":{"line":18,"column":2},"end":{"line":20,"column":5}},"4":{"start":{"line":21,"column":2},"end":{"line":36,"column":7}},"5":{"start":{"line":23,"column":6},"end":{"line":28,"column":7}},"6":{"start":{"line":24,"column":8},"end":{"line":27,"column":11}},"7":{"start":{"line":30,"column":6},"end":{"line":35,"column":7}},"8":{"start":{"line":31,"column":8},"end":{"line":34,"column":11}},"9":{"start":{"line":38,"column":37},"end":{"line":40,"column":2}},"10":{"start":{"line":38,"column":43},"end":{"line":40,"column":2}},"11":{"start":{"line":38,"column":55},"end":{"line":40,"column":2}}},"fnMap":{"0":{"name":"(anonymous_0)","decl":{"start":{"line":17,"column":27},"end":{"line":17,"column":28}},"loc":{"start":{"line":17,"column":45},"end":{"line":37,"column":1}},"line":17},"1":{"name":"(anonymous_1)","decl":{"start":{"line":17,"column":45},"end":{"line":17,"column":46}},"loc":{"start":{"line":17,"column":59},"end":{"line":37,"column":1}},"line":17},"2":{"name":"(anonymous_2)","decl":{"start":{"line":22,"column":10},"end":{"line":22,"column":11}},"loc":{"start":{"line":22,"column":24},"end":{"line":29,"column":5}},"line":22},"3":{"name":"(anonymous_3)","decl":{"start":{"line":29,"column":13},"end":{"line":29,"column":14}},"loc":{"start":{"line":29,"column":24},"end":{"line":36,"column":5}},"line":29},"4":{"name":"(anonymous_4)","decl":{"start":{"line":38,"column":37},"end":{"line":38,"column":38}},"loc":{"start":{"line":38,"column":43},"end":{"line":40,"column":2}},"line":38},"5":{"name":"(anonymous_5)","decl":{"start":{"line":38,"column":43},"end":{"line":38,"column":44}},"loc":{"start":{"line":38,"column":55},"end":{"line":40,"column":2}},"line":38}},"branchMap":{"0":{"loc":{"start":{"line":23,"column":6},"end":{"line":28,"column":7}},"type":"if","locations":[{"start":{"line":23,"column":6},"end":{"line":28,"column":7}},{"start":{"line":23,"column":6},"end":{"line":28,"column":7}}],"line":23},"1":{"loc":{"start":{"line":30,"column":6},"end":{"line":35,"column":7}},"type":"if","locations":[{"start":{"line":30,"column":6},"end":{"line":35,"column":7}},{"start":{"line":30,"column":6},"end":{"line":35,"column":7}}],"line":30}},"s":{"0":2,"1":2,"2":2,"3":2,"4":2,"5":1,"6":1,"7":1,"8":1,"9":2,"10":0,"11":0},"f":{"0":2,"1":2,"2":1,"3":1,"4":0,"5":0},"b":{"0":[1,0],"1":[1,0]},"_coverageSchema":"332fd63041d2c1bcb487cc26dd0d5f7d97098a6c","hash":"06eba06ea4e40c711ec20c913f90fad7e05ca0dc"}
,"/Users/andeladeveloper/Desktop/hellobooks-fix/HelloBooks/client/actions/getPdf.js": {"path":"/Users/andeladeveloper/Desktop/hellobooks-fix/HelloBooks/client/actions/getPdf.js","statementMap":{"0":{"start":{"line":10,"column":4},"end":{"line":10,"column":9}},"1":{"start":{"line":15,"column":15},"end":{"line":35,"column":1}},"2":{"start":{"line":15,"column":21},"end":{"line":35,"column":1}},"3":{"start":{"line":16,"column":2},"end":{"line":16,"column":30}},"4":{"start":{"line":17,"column":2},"end":{"line":34,"column":7}},"5":{"start":{"line":19,"column":6},"end":{"line":24,"column":7}},"6":{"start":{"line":20,"column":8},"end":{"line":23,"column":11}},"7":{"start":{"line":25,"column":6},"end":{"line":25,"column":18}},"8":{"start":{"line":27,"column":6},"end":{"line":32,"column":7}},"9":{"start":{"line":28,"column":8},"end":{"line":31,"column":11}},"10":{"start":{"line":33,"column":6},"end":{"line":33,"column":18}}},"fnMap":{"0":{"name":"(anonymous_0)","decl":{"start":{"line":15,"column":15},"end":{"line":15,"column":16}},"loc":{"start":{"line":15,"column":21},"end":{"line":35,"column":1}},"line":15},"1":{"name":"(anonymous_1)","decl":{"start":{"line":15,"column":21},"end":{"line":15,"column":22}},"loc":{"start":{"line":15,"column":35},"end":{"line":35,"column":1}},"line":15},"2":{"name":"(anonymous_2)","decl":{"start":{"line":18,"column":10},"end":{"line":18,"column":11}},"loc":{"start":{"line":18,"column":24},"end":{"line":26,"column":5}},"line":18},"3":{"name":"(anonymous_3)","decl":{"start":{"line":26,"column":13},"end":{"line":26,"column":14}},"loc":{"start":{"line":26,"column":24},"end":{"line":34,"column":5}},"line":26}},"branchMap":{"0":{"loc":{"start":{"line":19,"column":6},"end":{"line":24,"column":7}},"type":"if","locations":[{"start":{"line":19,"column":6},"end":{"line":24,"column":7}},{"start":{"line":19,"column":6},"end":{"line":24,"column":7}}],"line":19},"1":{"loc":{"start":{"line":27,"column":6},"end":{"line":32,"column":7}},"type":"if","locations":[{"start":{"line":27,"column":6},"end":{"line":32,"column":7}},{"start":{"line":27,"column":6},"end":{"line":32,"column":7}}],"line":27}},"s":{"0":1,"1":1,"2":2,"3":2,"4":2,"5":1,"6":1,"7":0,"8":1,"9":1,"10":0},"f":{"0":2,"1":2,"2":1,"3":1},"b":{"0":[1,0],"1":[1,0]},"_coverageSchema":"332fd63041d2c1bcb487cc26dd0d5f7d97098a6c","hash":"30b8467d7a9cc9250628446b00c2f15047f25e03"}
,"/Users/andeladeveloper/Desktop/hellobooks-fix/HelloBooks/client/actions/getUser.js": {"path":"/Users/andeladeveloper/Desktop/hellobooks-fix/HelloBooks/client/actions/getUser.js","statementMap":{"0":{"start":{"line":10,"column":4},"end":{"line":10,"column":9}},"1":{"start":{"line":15,"column":16},"end":{"line":37,"column":1}},"2":{"start":{"line":15,"column":26},"end":{"line":37,"column":1}},"3":{"start":{"line":16,"column":2},"end":{"line":18,"column":5}},"4":{"start":{"line":19,"column":2},"end":{"line":36,"column":7}},"5":{"start":{"line":21,"column":6},"end":{"line":26,"column":7}},"6":{"start":{"line":22,"column":8},"end":{"line":25,"column":11}},"7":{"start":{"line":27,"column":6},"end":{"line":27,"column":18}},"8":{"start":{"line":29,"column":6},"end":{"line":34,"column":7}},"9":{"start":{"line":30,"column":8},"end":{"line":33,"column":11}},"10":{"start":{"line":35,"column":6},"end":{"line":35,"column":18}}},"fnMap":{"0":{"name":"(anonymous_0)","decl":{"start":{"line":15,"column":16},"end":{"line":15,"column":17}},"loc":{"start":{"line":15,"column":26},"end":{"line":37,"column":1}},"line":15},"1":{"name":"(anonymous_1)","decl":{"start":{"line":15,"column":26},"end":{"line":15,"column":27}},"loc":{"start":{"line":15,"column":40},"end":{"line":37,"column":1}},"line":15},"2":{"name":"(anonymous_2)","decl":{"start":{"line":20,"column":10},"end":{"line":20,"column":11}},"loc":{"start":{"line":20,"column":24},"end":{"line":28,"column":5}},"line":20},"3":{"name":"(anonymous_3)","decl":{"start":{"line":28,"column":13},"end":{"line":28,"column":14}},"loc":{"start":{"line":28,"column":24},"end":{"line":36,"column":5}},"line":28}},"branchMap":{"0":{"loc":{"start":{"line":21,"column":6},"end":{"line":26,"column":7}},"type":"if","locations":[{"start":{"line":21,"column":6},"end":{"line":26,"column":7}},{"start":{"line":21,"column":6},"end":{"line":26,"column":7}}],"line":21},"1":{"loc":{"start":{"line":29,"column":6},"end":{"line":34,"column":7}},"type":"if","locations":[{"start":{"line":29,"column":6},"end":{"line":34,"column":7}},{"start":{"line":29,"column":6},"end":{"line":34,"column":7}}],"line":29}},"s":{"0":1,"1":1,"2":2,"3":2,"4":2,"5":1,"6":1,"7":0,"8":1,"9":1,"10":0},"f":{"0":2,"1":2,"2":1,"3":1},"b":{"0":[1,0],"1":[1,0]},"_coverageSchema":"332fd63041d2c1bcb487cc26dd0d5f7d97098a6c","hash":"a5cd1d005cd9812ea84e78de883517cdc1cb07ea"}
,"/Users/andeladeveloper/Desktop/hellobooks-fix/HelloBooks/client/actions/history.js": {"path":"/Users/andeladeveloper/Desktop/hellobooks-fix/HelloBooks/client/actions/history.js","statementMap":{"0":{"start":{"line":14,"column":4},"end":{"line":14,"column":9}},"1":{"start":{"line":19,"column":30},"end":{"line":39,"column":1}},"2":{"start":{"line":19,"column":36},"end":{"line":39,"column":1}},"3":{"start":{"line":20,"column":2},"end":{"line":20,"column":45}},"4":{"start":{"line":21,"column":2},"end":{"line":38,"column":7}},"5":{"start":{"line":23,"column":6},"end":{"line":28,"column":7}},"6":{"start":{"line":24,"column":8},"end":{"line":27,"column":11}},"7":{"start":{"line":29,"column":6},"end":{"line":29,"column":18}},"8":{"start":{"line":31,"column":6},"end":{"line":36,"column":7}},"9":{"start":{"line":32,"column":8},"end":{"line":35,"column":11}},"10":{"start":{"line":37,"column":6},"end":{"line":37,"column":18}},"11":{"start":{"line":45,"column":30},"end":{"line":65,"column":1}},"12":{"start":{"line":45,"column":36},"end":{"line":65,"column":1}},"13":{"start":{"line":46,"column":2},"end":{"line":46,"column":45}},"14":{"start":{"line":47,"column":2},"end":{"line":64,"column":7}},"15":{"start":{"line":49,"column":6},"end":{"line":54,"column":7}},"16":{"start":{"line":50,"column":8},"end":{"line":53,"column":11}},"17":{"start":{"line":55,"column":6},"end":{"line":55,"column":18}},"18":{"start":{"line":57,"column":6},"end":{"line":62,"column":7}},"19":{"start":{"line":58,"column":8},"end":{"line":61,"column":11}},"20":{"start":{"line":63,"column":6},"end":{"line":63,"column":18}}},"fnMap":{"0":{"name":"(anonymous_0)","decl":{"start":{"line":19,"column":30},"end":{"line":19,"column":31}},"loc":{"start":{"line":19,"column":36},"end":{"line":39,"column":1}},"line":19},"1":{"name":"(anonymous_1)","decl":{"start":{"line":19,"column":36},"end":{"line":19,"column":37}},"loc":{"start":{"line":19,"column":50},"end":{"line":39,"column":1}},"line":19},"2":{"name":"(anonymous_2)","decl":{"start":{"line":22,"column":10},"end":{"line":22,"column":11}},"loc":{"start":{"line":22,"column":24},"end":{"line":30,"column":5}},"line":22},"3":{"name":"(anonymous_3)","decl":{"start":{"line":30,"column":13},"end":{"line":30,"column":14}},"loc":{"start":{"line":30,"column":24},"end":{"line":38,"column":5}},"line":30},"4":{"name":"(anonymous_4)","decl":{"start":{"line":45,"column":30},"end":{"line":45,"column":31}},"loc":{"start":{"line":45,"column":36},"end":{"line":65,"column":1}},"line":45},"5":{"name":"(anonymous_5)","decl":{"start":{"line":45,"column":36},"end":{"line":45,"column":37}},"loc":{"start":{"line":45,"column":50},"end":{"line":65,"column":1}},"line":45},"6":{"name":"(anonymous_6)","decl":{"start":{"line":48,"column":10},"end":{"line":48,"column":11}},"loc":{"start":{"line":48,"column":24},"end":{"line":56,"column":5}},"line":48},"7":{"name":"(anonymous_7)","decl":{"start":{"line":56,"column":13},"end":{"line":56,"column":14}},"loc":{"start":{"line":56,"column":24},"end":{"line":64,"column":5}},"line":56}},"branchMap":{"0":{"loc":{"start":{"line":23,"column":6},"end":{"line":28,"column":7}},"type":"if","locations":[{"start":{"line":23,"column":6},"end":{"line":28,"column":7}},{"start":{"line":23,"column":6},"end":{"line":28,"column":7}}],"line":23},"1":{"loc":{"start":{"line":31,"column":6},"end":{"line":36,"column":7}},"type":"if","locations":[{"start":{"line":31,"column":6},"end":{"line":36,"column":7}},{"start":{"line":31,"column":6},"end":{"line":36,"column":7}}],"line":31},"2":{"loc":{"start":{"line":49,"column":6},"end":{"line":54,"column":7}},"type":"if","locations":[{"start":{"line":49,"column":6},"end":{"line":54,"column":7}},{"start":{"line":49,"column":6},"end":{"line":54,"column":7}}],"line":49},"3":{"loc":{"start":{"line":57,"column":6},"end":{"line":62,"column":7}},"type":"if","locations":[{"start":{"line":57,"column":6},"end":{"line":62,"column":7}},{"start":{"line":57,"column":6},"end":{"line":62,"column":7}}],"line":57}},"s":{"0":4,"1":4,"2":2,"3":2,"4":2,"5":1,"6":1,"7":0,"8":1,"9":1,"10":0,"11":4,"12":2,"13":2,"14":2,"15":1,"16":1,"17":0,"18":1,"19":1,"20":0},"f":{"0":2,"1":2,"2":1,"3":1,"4":2,"5":2,"6":1,"7":1},"b":{"0":[1,0],"1":[1,0],"2":[1,0],"3":[1,0]},"_coverageSchema":"332fd63041d2c1bcb487cc26dd0d5f7d97098a6c","hash":"5b08ca4520dbd694d9102dc0b25d5cc8640282ea"}
,"/Users/andeladeveloper/Desktop/hellobooks-fix/HelloBooks/client/actions/notification.js": {"path":"/Users/andeladeveloper/Desktop/hellobooks-fix/HelloBooks/client/actions/notification.js","statementMap":{"0":{"start":{"line":10,"column":4},"end":{"line":10,"column":9}},"1":{"start":{"line":17,"column":31},"end":{"line":45,"column":1}},"2":{"start":{"line":18,"column":28},"end":{"line":23,"column":3}},"3":{"start":{"line":19,"column":4},"end":{"line":21,"column":5}},"4":{"start":{"line":20,"column":6},"end":{"line":20,"column":53}},"5":{"start":{"line":22,"column":4},"end":{"line":22,"column":56}},"6":{"start":{"line":24,"column":2},"end":{"line":44,"column":4}},"7":{"start":{"line":25,"column":4},"end":{"line":25,"column":41}},"8":{"start":{"line":26,"column":4},"end":{"line":43,"column":9}},"9":{"start":{"line":28,"column":8},"end":{"line":33,"column":9}},"10":{"start":{"line":29,"column":10},"end":{"line":32,"column":13}},"11":{"start":{"line":34,"column":8},"end":{"line":34,"column":20}},"12":{"start":{"line":36,"column":8},"end":{"line":41,"column":9}},"13":{"start":{"line":37,"column":10},"end":{"line":40,"column":13}},"14":{"start":{"line":42,"column":8},"end":{"line":42,"column":20}}},"fnMap":{"0":{"name":"(anonymous_0)","decl":{"start":{"line":17,"column":31},"end":{"line":17,"column":32}},"loc":{"start":{"line":17,"column":49},"end":{"line":45,"column":1}},"line":17},"1":{"name":"(anonymous_1)","decl":{"start":{"line":18,"column":28},"end":{"line":18,"column":29}},"loc":{"start":{"line":18,"column":34},"end":{"line":23,"column":3}},"line":18},"2":{"name":"(anonymous_2)","decl":{"start":{"line":24,"column":9},"end":{"line":24,"column":10}},"loc":{"start":{"line":24,"column":23},"end":{"line":44,"column":3}},"line":24},"3":{"name":"(anonymous_3)","decl":{"start":{"line":27,"column":12},"end":{"line":27,"column":13}},"loc":{"start":{"line":27,"column":26},"end":{"line":35,"column":7}},"line":27},"4":{"name":"(anonymous_4)","decl":{"start":{"line":35,"column":15},"end":{"line":35,"column":16}},"loc":{"start":{"line":35,"column":26},"end":{"line":43,"column":7}},"line":35}},"branchMap":{"0":{"loc":{"start":{"line":19,"column":4},"end":{"line":21,"column":5}},"type":"if","locations":[{"start":{"line":19,"column":4},"end":{"line":21,"column":5}},{"start":{"line":19,"column":4},"end":{"line":21,"column":5}}],"line":19},"1":{"loc":{"start":{"line":28,"column":8},"end":{"line":33,"column":9}},"type":"if","locations":[{"start":{"line":28,"column":8},"end":{"line":33,"column":9}},{"start":{"line":28,"column":8},"end":{"line":33,"column":9}}],"line":28},"2":{"loc":{"start":{"line":36,"column":8},"end":{"line":41,"column":9}},"type":"if","locations":[{"start":{"line":36,"column":8},"end":{"line":41,"column":9}},{"start":{"line":36,"column":8},"end":{"line":41,"column":9}}],"line":36}},"s":{"0":3,"1":3,"2":3,"3":3,"4":1,"5":2,"6":3,"7":3,"8":3,"9":2,"10":2,"11":0,"12":1,"13":1,"14":0},"f":{"0":3,"1":3,"2":3,"3":2,"4":1},"b":{"0":[1,2],"1":[2,0],"2":[1,0]},"_coverageSchema":"332fd63041d2c1bcb487cc26dd0d5f7d97098a6c","hash":"75fa57b1d4beaecaf6a702cfc3a919e80962edaf"}
,"/Users/andeladeveloper/Desktop/hellobooks-fix/HelloBooks/client/actions/updateUser.js": {"path":"/Users/andeladeveloper/Desktop/hellobooks-fix/HelloBooks/client/actions/updateUser.js","statementMap":{"0":{"start":{"line":11,"column":4},"end":{"line":11,"column":9}},"1":{"start":{"line":17,"column":19},"end":{"line":39,"column":1}},"2":{"start":{"line":17,"column":37},"end":{"line":39,"column":1}},"3":{"start":{"line":18,"column":2},"end":{"line":20,"column":5}},"4":{"start":{"line":21,"column":2},"end":{"line":38,"column":7}},"5":{"start":{"line":23,"column":6},"end":{"line":28,"column":7}},"6":{"start":{"line":24,"column":8},"end":{"line":27,"column":11}},"7":{"start":{"line":29,"column":6},"end":{"line":29,"column":18}},"8":{"start":{"line":31,"column":6},"end":{"line":36,"column":7}},"9":{"start":{"line":32,"column":8},"end":{"line":35,"column":11}},"10":{"start":{"line":37,"column":6},"end":{"line":37,"column":18}},"11":{"start":{"line":43,"column":29},"end":{"line":45,"column":2}},"12":{"start":{"line":43,"column":35},"end":{"line":45,"column":2}},"13":{"start":{"line":43,"column":47},"end":{"line":45,"column":2}}},"fnMap":{"0":{"name":"(anonymous_0)","decl":{"start":{"line":17,"column":19},"end":{"line":17,"column":20}},"loc":{"start":{"line":17,"column":37},"end":{"line":39,"column":1}},"line":17},"1":{"name":"(anonymous_1)","decl":{"start":{"line":17,"column":37},"end":{"line":17,"column":38}},"loc":{"start":{"line":17,"column":51},"end":{"line":39,"column":1}},"line":17},"2":{"name":"(anonymous_2)","decl":{"start":{"line":22,"column":10},"end":{"line":22,"column":11}},"loc":{"start":{"line":22,"column":24},"end":{"line":30,"column":5}},"line":22},"3":{"name":"(anonymous_3)","decl":{"start":{"line":30,"column":13},"end":{"line":30,"column":14}},"loc":{"start":{"line":30,"column":24},"end":{"line":38,"column":5}},"line":30},"4":{"name":"(anonymous_4)","decl":{"start":{"line":43,"column":29},"end":{"line":43,"column":30}},"loc":{"start":{"line":43,"column":35},"end":{"line":45,"column":2}},"line":43},"5":{"name":"(anonymous_5)","decl":{"start":{"line":43,"column":35},"end":{"line":43,"column":36}},"loc":{"start":{"line":43,"column":47},"end":{"line":45,"column":2}},"line":43}},"branchMap":{"0":{"loc":{"start":{"line":23,"column":6},"end":{"line":28,"column":7}},"type":"if","locations":[{"start":{"line":23,"column":6},"end":{"line":28,"column":7}},{"start":{"line":23,"column":6},"end":{"line":28,"column":7}}],"line":23},"1":{"loc":{"start":{"line":31,"column":6},"end":{"line":36,"column":7}},"type":"if","locations":[{"start":{"line":31,"column":6},"end":{"line":36,"column":7}},{"start":{"line":31,"column":6},"end":{"line":36,"column":7}}],"line":31}},"s":{"0":1,"1":1,"2":2,"3":2,"4":2,"5":1,"6":1,"7":0,"8":1,"9":1,"10":0,"11":1,"12":1,"13":1},"f":{"0":2,"1":2,"2":1,"3":1,"4":1,"5":1},"b":{"0":[1,0],"1":[1,0]},"_coverageSchema":"332fd63041d2c1bcb487cc26dd0d5f7d97098a6c","hash":"d4b73ec83d23ad949d7e60c97b0a930ce4b78b49"}
,"/Users/andeladeveloper/Desktop/hellobooks-fix/HelloBooks/client/actions/upload.js": {"path":"/Users/andeladeveloper/Desktop/hellobooks-fix/HelloBooks/client/actions/upload.js","statementMap":{"0":{"start":{"line":13,"column":4},"end":{"line":13,"column":9}},"1":{"start":{"line":19,"column":15},"end":{"line":38,"column":1}},"2":{"start":{"line":20,"column":20},"end":{"line":20,"column":32}},"3":{"start":{"line":21,"column":14},"end":{"line":21,"column":72}},"4":{"start":{"line":22,"column":20},"end":{"line":22,"column":37}},"5":{"start":{"line":23,"column":23},"end":{"line":23,"column":33}},"6":{"start":{"line":24,"column":20},"end":{"line":24,"column":101}},"7":{"start":{"line":25,"column":20},"end":{"line":25,"column":35}},"8":{"start":{"line":26,"column":17},"end":{"line":31,"column":3}},"9":{"start":{"line":32,"column":24},"end":{"line":32,"column":44}},"10":{"start":{"line":33,"column":2},"end":{"line":33,"column":37}},"11":{"start":{"line":34,"column":2},"end":{"line":36,"column":5}},"12":{"start":{"line":35,"column":4},"end":{"line":35,"column":42}},"13":{"start":{"line":37,"column":2},"end":{"line":37,"column":23}},"14":{"start":{"line":44,"column":17},"end":{"line":74,"column":1}},"15":{"start":{"line":44,"column":39},"end":{"line":74,"column":1}},"16":{"start":{"line":45,"column":2},"end":{"line":49,"column":3}},"17":{"start":{"line":46,"column":4},"end":{"line":46,"column":37}},"18":{"start":{"line":48,"column":4},"end":{"line":48,"column":35}},"19":{"start":{"line":50,"column":2},"end":{"line":73,"column":5}},"20":{"start":{"line":51,"column":4},"end":{"line":62,"column":5}},"21":{"start":{"line":52,"column":6},"end":{"line":57,"column":7}},"22":{"start":{"line":53,"column":8},"end":{"line":56,"column":11}},"23":{"start":{"line":58,"column":6},"end":{"line":61,"column":9}},"24":{"start":{"line":63,"column":4},"end":{"line":68,"column":5}},"25":{"start":{"line":64,"column":6},"end":{"line":67,"column":9}},"26":{"start":{"line":69,"column":4},"end":{"line":72,"column":7}}},"fnMap":{"0":{"name":"(anonymous_0)","decl":{"start":{"line":19,"column":15},"end":{"line":19,"column":16}},"loc":{"start":{"line":19,"column":25},"end":{"line":38,"column":1}},"line":19},"1":{"name":"(anonymous_1)","decl":{"start":{"line":34,"column":30},"end":{"line":34,"column":31}},"loc":{"start":{"line":34,"column":39},"end":{"line":36,"column":3}},"line":34},"2":{"name":"(anonymous_2)","decl":{"start":{"line":44,"column":17},"end":{"line":44,"column":18}},"loc":{"start":{"line":44,"column":39},"end":{"line":74,"column":1}},"line":44},"3":{"name":"(anonymous_3)","decl":{"start":{"line":44,"column":39},"end":{"line":44,"column":40}},"loc":{"start":{"line":44,"column":53},"end":{"line":74,"column":1}},"line":44},"4":{"name":"(anonymous_4)","decl":{"start":{"line":50,"column":19},"end":{"line":50,"column":20}},"loc":{"start":{"line":50,"column":40},"end":{"line":73,"column":3}},"line":50}},"branchMap":{"0":{"loc":{"start":{"line":45,"column":2},"end":{"line":49,"column":3}},"type":"if","locations":[{"start":{"line":45,"column":2},"end":{"line":49,"column":3}},{"start":{"line":45,"column":2},"end":{"line":49,"column":3}}],"line":45},"1":{"loc":{"start":{"line":51,"column":4},"end":{"line":62,"column":5}},"type":"if","locations":[{"start":{"line":51,"column":4},"end":{"line":62,"column":5}},{"start":{"line":51,"column":4},"end":{"line":62,"column":5}}],"line":51},"2":{"loc":{"start":{"line":52,"column":6},"end":{"line":57,"column":7}},"type":"if","locations":[{"start":{"line":52,"column":6},"end":{"line":57,"column":7}},{"start":{"line":52,"column":6},"end":{"line":57,"column":7}}],"line":52},"3":{"loc":{"start":{"line":63,"column":4},"end":{"line":68,"column":5}},"type":"if","locations":[{"start":{"line":63,"column":4},"end":{"line":68,"column":5}},{"start":{"line":63,"column":4},"end":{"line":68,"column":5}}],"line":63}},"s":{"0":3,"1":3,"2":0,"3":0,"4":0,"5":0,"6":0,"7":0,"8":0,"9":0,"10":0,"11":0,"12":0,"13":0,"14":3,"15":0,"16":0,"17":0,"18":0,"19":0,"20":0,"21":0,"22":0,"23":0,"24":0,"25":0,"26":0},"f":{"0":0,"1":0,"2":0,"3":0,"4":0},"b":{"0":[0,0],"1":[0,0],"2":[0,0],"3":[0,0]},"_coverageSchema":"332fd63041d2c1bcb487cc26dd0d5f7d97098a6c","hash":"c495d5cd38ca99dddb54ff552a35f207918700ad"}
,"/Users/andeladeveloper/Desktop/hellobooks-fix/HelloBooks/client/actions/user.js": {"path":"/Users/andeladeveloper/Desktop/hellobooks-fix/HelloBooks/client/actions/user.js","statementMap":{"0":{"start":{"line":32,"column":4},"end":{"line":32,"column":9}},"1":{"start":{"line":38,"column":30},"end":{"line":41,"column":2}},"2":{"start":{"line":38,"column":39},"end":{"line":41,"column":1}},"3":{"start":{"line":46,"column":26},"end":{"line":65,"column":3}},"4":{"start":{"line":47,"column":2},"end":{"line":65,"column":3}},"5":{"start":{"line":48,"column":4},"end":{"line":48,"column":35}},"6":{"start":{"line":49,"column":4},"end":{"line":64,"column":9}},"7":{"start":{"line":51,"column":8},"end":{"line":56,"column":9}},"8":{"start":{"line":52,"column":10},"end":{"line":55,"column":13}},"9":{"start":{"line":58,"column":8},"end":{"line":63,"column":9}},"10":{"start":{"line":59,"column":10},"end":{"line":62,"column":13}},"11":{"start":{"line":70,"column":39},"end":{"line":94,"column":3}},"12":{"start":{"line":71,"column":2},"end":{"line":94,"column":3}},"13":{"start":{"line":72,"column":4},"end":{"line":72,"column":35}},"14":{"start":{"line":73,"column":4},"end":{"line":93,"column":9}},"15":{"start":{"line":75,"column":8},"end":{"line":84,"column":9}},"16":{"start":{"line":76,"column":10},"end":{"line":79,"column":13}},"17":{"start":{"line":80,"column":24},"end":{"line":80,"column":45}},"18":{"start":{"line":81,"column":10},"end":{"line":81,"column":45}},"19":{"start":{"line":82,"column":10},"end":{"line":82,"column":30}},"20":{"start":{"line":83,"column":10},"end":{"line":83,"column":54}},"21":{"start":{"line":87,"column":8},"end":{"line":92,"column":9}},"22":{"start":{"line":88,"column":10},"end":{"line":91,"column":13}},"23":{"start":{"line":98,"column":42},"end":{"line":100,"column":2}},"24":{"start":{"line":98,"column":48},"end":{"line":100,"column":2}},"25":{"start":{"line":98,"column":60},"end":{"line":100,"column":2}},"26":{"start":{"line":105,"column":26},"end":{"line":127,"column":3}},"27":{"start":{"line":106,"column":2},"end":{"line":127,"column":3}},"28":{"start":{"line":107,"column":4},"end":{"line":107,"column":35}},"29":{"start":{"line":108,"column":4},"end":{"line":126,"column":9}},"30":{"start":{"line":110,"column":8},"end":{"line":118,"column":9}},"31":{"start":{"line":111,"column":10},"end":{"line":114,"column":13}},"32":{"start":{"line":115,"column":24},"end":{"line":115,"column":45}},"33":{"start":{"line":116,"column":10},"end":{"line":116,"column":30}},"34":{"start":{"line":117,"column":10},"end":{"line":117,"column":54}},"35":{"start":{"line":120,"column":8},"end":{"line":125,"column":9}},"36":{"start":{"line":121,"column":10},"end":{"line":124,"column":13}},"37":{"start":{"line":132,"column":32},"end":{"line":134,"column":2}},"38":{"start":{"line":132,"column":38},"end":{"line":134,"column":2}},"39":{"start":{"line":132,"column":50},"end":{"line":134,"column":2}},"40":{"start":{"line":139,"column":32},"end":{"line":141,"column":2}},"41":{"start":{"line":139,"column":38},"end":{"line":141,"column":2}},"42":{"start":{"line":139,"column":50},"end":{"line":141,"column":2}},"43":{"start":{"line":146,"column":37},"end":{"line":165,"column":3}},"44":{"start":{"line":147,"column":2},"end":{"line":165,"column":3}},"45":{"start":{"line":148,"column":4},"end":{"line":148,"column":40}},"46":{"start":{"line":149,"column":4},"end":{"line":164,"column":9}},"47":{"start":{"line":151,"column":8},"end":{"line":156,"column":9}},"48":{"start":{"line":152,"column":10},"end":{"line":155,"column":13}},"49":{"start":{"line":158,"column":8},"end":{"line":163,"column":9}},"50":{"start":{"line":159,"column":10},"end":{"line":162,"column":13}},"51":{"start":{"line":171,"column":33},"end":{"line":190,"column":3}},"52":{"start":{"line":172,"column":2},"end":{"line":190,"column":3}},"53":{"start":{"line":173,"column":4},"end":{"line":173,"column":39}},"54":{"start":{"line":174,"column":4},"end":{"line":189,"column":9}},"55":{"start":{"line":176,"column":8},"end":{"line":181,"column":9}},"56":{"start":{"line":177,"column":10},"end":{"line":180,"column":13}},"57":{"start":{"line":183,"column":8},"end":{"line":188,"column":9}},"58":{"start":{"line":184,"column":10},"end":{"line":187,"column":13}},"59":{"start":{"line":194,"column":47},"end":{"line":196,"column":2}},"60":{"start":{"line":194,"column":53},"end":{"line":196,"column":2}},"61":{"start":{"line":194,"column":65},"end":{"line":196,"column":2}},"62":{"start":{"line":200,"column":39},"end":{"line":202,"column":2}},"63":{"start":{"line":200,"column":45},"end":{"line":202,"column":2}},"64":{"start":{"line":200,"column":57},"end":{"line":202,"column":2}},"65":{"start":{"line":206,"column":22},"end":{"line":210,"column":1}},"66":{"start":{"line":206,"column":28},"end":{"line":210,"column":1}},"67":{"start":{"line":207,"column":2},"end":{"line":207,"column":33}},"68":{"start":{"line":208,"column":2},"end":{"line":208,"column":22}},"69":{"start":{"line":209,"column":2},"end":{"line":209,"column":31}}},"fnMap":{"0":{"name":"(anonymous_0)","decl":{"start":{"line":38,"column":30},"end":{"line":38,"column":31}},"loc":{"start":{"line":38,"column":39},"end":{"line":41,"column":1}},"line":38},"1":{"name":"(anonymous_1)","decl":{"start":{"line":46,"column":26},"end":{"line":46,"column":27}},"loc":{"start":{"line":47,"column":2},"end":{"line":65,"column":3}},"line":47},"2":{"name":"(anonymous_2)","decl":{"start":{"line":47,"column":2},"end":{"line":47,"column":3}},"loc":{"start":{"line":47,"column":16},"end":{"line":65,"column":3}},"line":47},"3":{"name":"(anonymous_3)","decl":{"start":{"line":50,"column":12},"end":{"line":50,"column":13}},"loc":{"start":{"line":50,"column":26},"end":{"line":57,"column":7}},"line":50},"4":{"name":"(anonymous_4)","decl":{"start":{"line":57,"column":15},"end":{"line":57,"column":16}},"loc":{"start":{"line":57,"column":26},"end":{"line":64,"column":7}},"line":57},"5":{"name":"(anonymous_5)","decl":{"start":{"line":70,"column":39},"end":{"line":70,"column":40}},"loc":{"start":{"line":71,"column":2},"end":{"line":94,"column":3}},"line":71},"6":{"name":"(anonymous_6)","decl":{"start":{"line":71,"column":2},"end":{"line":71,"column":3}},"loc":{"start":{"line":71,"column":16},"end":{"line":94,"column":3}},"line":71},"7":{"name":"(anonymous_7)","decl":{"start":{"line":74,"column":12},"end":{"line":74,"column":13}},"loc":{"start":{"line":74,"column":26},"end":{"line":85,"column":7}},"line":74},"8":{"name":"(anonymous_8)","decl":{"start":{"line":86,"column":13},"end":{"line":86,"column":14}},"loc":{"start":{"line":86,"column":24},"end":{"line":93,"column":7}},"line":86},"9":{"name":"(anonymous_9)","decl":{"start":{"line":98,"column":42},"end":{"line":98,"column":43}},"loc":{"start":{"line":98,"column":48},"end":{"line":100,"column":2}},"line":98},"10":{"name":"(anonymous_10)","decl":{"start":{"line":98,"column":48},"end":{"line":98,"column":49}},"loc":{"start":{"line":98,"column":60},"end":{"line":100,"column":2}},"line":98},"11":{"name":"(anonymous_11)","decl":{"start":{"line":105,"column":26},"end":{"line":105,"column":27}},"loc":{"start":{"line":106,"column":2},"end":{"line":127,"column":3}},"line":106},"12":{"name":"(anonymous_12)","decl":{"start":{"line":106,"column":2},"end":{"line":106,"column":3}},"loc":{"start":{"line":106,"column":16},"end":{"line":127,"column":3}},"line":106},"13":{"name":"(anonymous_13)","decl":{"start":{"line":109,"column":12},"end":{"line":109,"column":13}},"loc":{"start":{"line":109,"column":26},"end":{"line":119,"column":7}},"line":109},"14":{"name":"(anonymous_14)","decl":{"start":{"line":119,"column":15},"end":{"line":119,"column":16}},"loc":{"start":{"line":119,"column":26},"end":{"line":126,"column":7}},"line":119},"15":{"name":"(anonymous_15)","decl":{"start":{"line":132,"column":32},"end":{"line":132,"column":33}},"loc":{"start":{"line":132,"column":38},"end":{"line":134,"column":2}},"line":132},"16":{"name":"(anonymous_16)","decl":{"start":{"line":132,"column":38},"end":{"line":132,"column":39}},"loc":{"start":{"line":132,"column":50},"end":{"line":134,"column":2}},"line":132},"17":{"name":"(anonymous_17)","decl":{"start":{"line":139,"column":32},"end":{"line":139,"column":33}},"loc":{"start":{"line":139,"column":38},"end":{"line":141,"column":2}},"line":139},"18":{"name":"(anonymous_18)","decl":{"start":{"line":139,"column":38},"end":{"line":139,"column":39}},"loc":{"start":{"line":139,"column":50},"end":{"line":141,"column":2}},"line":139},"19":{"name":"(anonymous_19)","decl":{"start":{"line":146,"column":37},"end":{"line":146,"column":38}},"loc":{"start":{"line":147,"column":2},"end":{"line":165,"column":3}},"line":147},"20":{"name":"(anonymous_20)","decl":{"start":{"line":147,"column":2},"end":{"line":147,"column":3}},"loc":{"start":{"line":147,"column":16},"end":{"line":165,"column":3}},"line":147},"21":{"name":"(anonymous_21)","decl":{"start":{"line":150,"column":12},"end":{"line":150,"column":13}},"loc":{"start":{"line":150,"column":26},"end":{"line":157,"column":7}},"line":150},"22":{"name":"(anonymous_22)","decl":{"start":{"line":157,"column":15},"end":{"line":157,"column":16}},"loc":{"start":{"line":157,"column":26},"end":{"line":164,"column":7}},"line":157},"23":{"name":"(anonymous_23)","decl":{"start":{"line":171,"column":33},"end":{"line":171,"column":34}},"loc":{"start":{"line":172,"column":2},"end":{"line":190,"column":3}},"line":172},"24":{"name":"(anonymous_24)","decl":{"start":{"line":172,"column":2},"end":{"line":172,"column":3}},"loc":{"start":{"line":172,"column":16},"end":{"line":190,"column":3}},"line":172},"25":{"name":"(anonymous_25)","decl":{"start":{"line":175,"column":12},"end":{"line":175,"column":13}},"loc":{"start":{"line":175,"column":26},"end":{"line":182,"column":7}},"line":175},"26":{"name":"(anonymous_26)","decl":{"start":{"line":182,"column":15},"end":{"line":182,"column":16}},"loc":{"start":{"line":182,"column":26},"end":{"line":189,"column":7}},"line":182},"27":{"name":"(anonymous_27)","decl":{"start":{"line":194,"column":47},"end":{"line":194,"column":48}},"loc":{"start":{"line":194,"column":53},"end":{"line":196,"column":2}},"line":194},"28":{"name":"(anonymous_28)","decl":{"start":{"line":194,"column":53},"end":{"line":194,"column":54}},"loc":{"start":{"line":194,"column":65},"end":{"line":196,"column":2}},"line":194},"29":{"name":"(anonymous_29)","decl":{"start":{"line":200,"column":39},"end":{"line":200,"column":40}},"loc":{"start":{"line":200,"column":45},"end":{"line":202,"column":2}},"line":200},"30":{"name":"(anonymous_30)","decl":{"start":{"line":200,"column":45},"end":{"line":200,"column":46}},"loc":{"start":{"line":200,"column":57},"end":{"line":202,"column":2}},"line":200},"31":{"name":"(anonymous_31)","decl":{"start":{"line":206,"column":22},"end":{"line":206,"column":23}},"loc":{"start":{"line":206,"column":28},"end":{"line":210,"column":1}},"line":206},"32":{"name":"(anonymous_32)","decl":{"start":{"line":206,"column":28},"end":{"line":206,"column":29}},"loc":{"start":{"line":206,"column":42},"end":{"line":210,"column":1}},"line":206}},"branchMap":{"0":{"loc":{"start":{"line":51,"column":8},"end":{"line":56,"column":9}},"type":"if","locations":[{"start":{"line":51,"column":8},"end":{"line":56,"column":9}},{"start":{"line":51,"column":8},"end":{"line":56,"column":9}}],"line":51},"1":{"loc":{"start":{"line":58,"column":8},"end":{"line":63,"column":9}},"type":"if","locations":[{"start":{"line":58,"column":8},"end":{"line":63,"column":9}},{"start":{"line":58,"column":8},"end":{"line":63,"column":9}}],"line":58},"2":{"loc":{"start":{"line":75,"column":8},"end":{"line":84,"column":9}},"type":"if","locations":[{"start":{"line":75,"column":8},"end":{"line":84,"column":9}},{"start":{"line":75,"column":8},"end":{"line":84,"column":9}}],"line":75},"3":{"loc":{"start":{"line":87,"column":8},"end":{"line":92,"column":9}},"type":"if","locations":[{"start":{"line":87,"column":8},"end":{"line":92,"column":9}},{"start":{"line":87,"column":8},"end":{"line":92,"column":9}}],"line":87},"4":{"loc":{"start":{"line":110,"column":8},"end":{"line":118,"column":9}},"type":"if","locations":[{"start":{"line":110,"column":8},"end":{"line":118,"column":9}},{"start":{"line":110,"column":8},"end":{"line":118,"column":9}}],"line":110},"5":{"loc":{"start":{"line":120,"column":8},"end":{"line":125,"column":9}},"type":"if","locations":[{"start":{"line":120,"column":8},"end":{"line":125,"column":9}},{"start":{"line":120,"column":8},"end":{"line":125,"column":9}}],"line":120},"6":{"loc":{"start":{"line":151,"column":8},"end":{"line":156,"column":9}},"type":"if","locations":[{"start":{"line":151,"column":8},"end":{"line":156,"column":9}},{"start":{"line":151,"column":8},"end":{"line":156,"column":9}}],"line":151},"7":{"loc":{"start":{"line":158,"column":8},"end":{"line":163,"column":9}},"type":"if","locations":[{"start":{"line":158,"column":8},"end":{"line":163,"column":9}},{"start":{"line":158,"column":8},"end":{"line":163,"column":9}}],"line":158},"8":{"loc":{"start":{"line":176,"column":8},"end":{"line":181,"column":9}},"type":"if","locations":[{"start":{"line":176,"column":8},"end":{"line":181,"column":9}},{"start":{"line":176,"column":8},"end":{"line":181,"column":9}}],"line":176},"9":{"loc":{"start":{"line":183,"column":8},"end":{"line":188,"column":9}},"type":"if","locations":[{"start":{"line":183,"column":8},"end":{"line":188,"column":9}},{"start":{"line":183,"column":8},"end":{"line":188,"column":9}}],"line":183}},"s":{"0":4,"1":4,"2":2,"3":4,"4":2,"5":2,"6":2,"7":1,"8":1,"9":1,"10":1,"11":4,"12":2,"13":2,"14":2,"15":1,"16":1,"17":1,"18":1,"19":1,"20":1,"21":1,"22":1,"23":4,"24":0,"25":0,"26":4,"27":2,"28":2,"29":2,"30":1,"31":1,"32":1,"33":1,"34":1,"35":1,"36":1,"37":4,"38":0,"39":0,"40":4,"41":0,"42":0,"43":4,"44":2,"45":2,"46":2,"47":1,"48":1,"49":1,"50":1,"51":4,"52":2,"53":2,"54":2,"55":1,"56":1,"57":1,"58":1,"59":4,"60":1,"61":1,"62":4,"63":1,"64":1,"65":4,"66":0,"67":0,"68":0,"69":0},"f":{"0":2,"1":2,"2":2,"3":1,"4":1,"5":2,"6":2,"7":1,"8":1,"9":0,"10":0,"11":2,"12":2,"13":1,"14":1,"15":0,"16":0,"17":0,"18":0,"19":2,"20":2,"21":1,"22":1,"23":2,"24":2,"25":1,"26":1,"27":1,"28":1,"29":1,"30":1,"31":0,"32":0},"b":{"0":[1,0],"1":[1,0],"2":[1,0],"3":[1,0],"4":[1,0],"5":[1,0],"6":[1,0],"7":[1,0],"8":[1,0],"9":[1,0]},"_coverageSchema":"332fd63041d2c1bcb487cc26dd0d5f7d97098a6c","hash":"619572f204e230f7dab56be48d6d82ad0e2b6842"}
,"/Users/andeladeveloper/Desktop/hellobooks-fix/HelloBooks/client/components/AllBorrowed.jsx": {"path":"/Users/andeladeveloper/Desktop/hellobooks-fix/HelloBooks/client/components/AllBorrowed.jsx","statementMap":{"0":{"start":{"line":18,"column":4},"end":{"line":18,"column":55}},"1":{"start":{"line":24,"column":4},"end":{"line":24,"column":33}},"2":{"start":{"line":31,"column":18},"end":{"line":31,"column":62}},"3":{"start":{"line":32,"column":4},"end":{"line":65,"column":6}},"4":{"start":{"line":46,"column":42},"end":{"line":53,"column":16}},"5":{"start":{"line":73,"column":24},"end":{"line":76,"column":2}},"6":{"start":{"line":73,"column":34},"end":{"line":76,"column":1}}},"fnMap":{"0":{"name":"(anonymous_0)","decl":{"start":{"line":17,"column":2},"end":{"line":17,"column":3}},"loc":{"start":{"line":17,"column":23},"end":{"line":19,"column":3}},"line":17},"1":{"name":"(anonymous_1)","decl":{"start":{"line":23,"column":2},"end":{"line":23,"column":3}},"loc":{"start":{"line":23,"column":25},"end":{"line":25,"column":3}},"line":23},"2":{"name":"(anonymous_2)","decl":{"start":{"line":30,"column":2},"end":{"line":30,"column":3}},"loc":{"start":{"line":30,"column":11},"end":{"line":66,"column":3}},"line":30},"3":{"name":"(anonymous_3)","decl":{"start":{"line":46,"column":24},"end":{"line":46,"column":25}},"loc":{"start":{"line":46,"column":42},"end":{"line":53,"column":16}},"line":46},"4":{"name":"(anonymous_4)","decl":{"start":{"line":73,"column":24},"end":{"line":73,"column":25}},"loc":{"start":{"line":73,"column":34},"end":{"line":76,"column":1}},"line":73}},"branchMap":{"0":{"loc":{"start":{"line":43,"column":32},"end":{"line":43,"column":70}},"type":"cond-expr","locations":[{"start":{"line":43,"column":53},"end":{"line":43,"column":65}},{"start":{"line":43,"column":68},"end":{"line":43,"column":70}}],"line":43},"1":{"loc":{"start":{"line":45,"column":13},"end":{"line":56,"column":22}},"type":"cond-expr","locations":[{"start":{"line":46,"column":14},"end":{"line":53,"column":18}},{"start":{"line":54,"column":16},"end":{"line":56,"column":22}}],"line":45},"2":{"loc":{"start":{"line":45,"column":13},"end":{"line":45,"column":38}},"type":"binary-expr","locations":[{"start":{"line":45,"column":13},"end":{"line":45,"column":18}},{"start":{"line":45,"column":22},"end":{"line":45,"column":38}}],"line":45}},"s":{"0":5,"1":1,"2":5,"3":5,"4":0,"5":1,"6":0},"f":{"0":5,"1":1,"2":5,"3":0,"4":0},"b":{"0":[1,4],"1":[0,5],"2":[5,5]},"_coverageSchema":"332fd63041d2c1bcb487cc26dd0d5f7d97098a6c","hash":"a3ba72ffb64cd0a54851fe389215847c286a6a69"}
,"/Users/andeladeveloper/Desktop/hellobooks-fix/HelloBooks/client/components/AllNotReturned.jsx": {"path":"/Users/andeladeveloper/Desktop/hellobooks-fix/HelloBooks/client/components/AllNotReturned.jsx","statementMap":{"0":{"start":{"line":20,"column":4},"end":{"line":20,"column":55}},"1":{"start":{"line":26,"column":4},"end":{"line":26,"column":33}},"2":{"start":{"line":33,"column":18},"end":{"line":33,"column":52}},"3":{"start":{"line":34,"column":4},"end":{"line":68,"column":6}},"4":{"start":{"line":49,"column":61},"end":{"line":56,"column":14}},"5":{"start":{"line":76,"column":24},"end":{"line":79,"column":2}},"6":{"start":{"line":76,"column":34},"end":{"line":79,"column":1}}},"fnMap":{"0":{"name":"(anonymous_0)","decl":{"start":{"line":19,"column":2},"end":{"line":19,"column":3}},"loc":{"start":{"line":19,"column":23},"end":{"line":21,"column":3}},"line":19},"1":{"name":"(anonymous_1)","decl":{"start":{"line":25,"column":2},"end":{"line":25,"column":3}},"loc":{"start":{"line":25,"column":25},"end":{"line":27,"column":3}},"line":25},"2":{"name":"(anonymous_2)","decl":{"start":{"line":32,"column":2},"end":{"line":32,"column":3}},"loc":{"start":{"line":32,"column":11},"end":{"line":69,"column":3}},"line":32},"3":{"name":"(anonymous_3)","decl":{"start":{"line":49,"column":52},"end":{"line":49,"column":53}},"loc":{"start":{"line":49,"column":61},"end":{"line":56,"column":14}},"line":49},"4":{"name":"(anonymous_4)","decl":{"start":{"line":76,"column":24},"end":{"line":76,"column":25}},"loc":{"start":{"line":76,"column":34},"end":{"line":79,"column":1}},"line":76}},"branchMap":{"0":{"loc":{"start":{"line":47,"column":32},"end":{"line":47,"column":78}},"type":"cond-expr","locations":[{"start":{"line":47,"column":53},"end":{"line":47,"column":73}},{"start":{"line":47,"column":76},"end":{"line":47,"column":78}}],"line":47},"1":{"loc":{"start":{"line":49,"column":14},"end":{"line":59,"column":18}},"type":"cond-expr","locations":[{"start":{"line":49,"column":42},"end":{"line":56,"column":16}},{"start":{"line":57,"column":12},"end":{"line":59,"column":18}}],"line":49},"2":{"loc":{"start":{"line":49,"column":14},"end":{"line":49,"column":39}},"type":"binary-expr","locations":[{"start":{"line":49,"column":14},"end":{"line":49,"column":19}},{"start":{"line":49,"column":23},"end":{"line":49,"column":39}}],"line":49}},"s":{"0":5,"1":2,"2":5,"3":5,"4":0,"5":1,"6":0},"f":{"0":5,"1":2,"2":5,"3":0,"4":0},"b":{"0":[1,4],"1":[0,5],"2":[5,5]},"_coverageSchema":"332fd63041d2c1bcb487cc26dd0d5f7d97098a6c","hash":"ad77aa4abf2b9973b0a2767a7f816a886d8ba23f"}
,"/Users/andeladeveloper/Desktop/hellobooks-fix/HelloBooks/client/components/Books.jsx": {"path":"/Users/andeladeveloper/Desktop/hellobooks-fix/HelloBooks/client/components/Books.jsx","statementMap":{"0":{"start":{"line":9,"column":14},"end":{"line":35,"column":1}},"1":{"start":{"line":10,"column":19},"end":{"line":10,"column":24}},"2":{"start":{"line":11,"column":19},"end":{"line":16,"column":3}},"3":{"start":{"line":17,"column":2},"end":{"line":34,"column":4}}},"fnMap":{"0":{"name":"(anonymous_0)","decl":{"start":{"line":9,"column":14},"end":{"line":9,"column":15}},"loc":{"start":{"line":9,"column":25},"end":{"line":35,"column":1}},"line":9}},"branchMap":{},"s":{"0":4,"1":6,"2":6,"3":6},"f":{"0":6},"b":{},"_coverageSchema":"332fd63041d2c1bcb487cc26dd0d5f7d97098a6c","hash":"9619566cd96e37a279d26446b97a132c736f4a97"}
,"/Users/andeladeveloper/Desktop/hellobooks-fix/HelloBooks/client/components/ChangePassword.jsx": {"path":"/Users/andeladeveloper/Desktop/hellobooks-fix/HelloBooks/client/components/ChangePassword.jsx","statementMap":{"0":{"start":{"line":20,"column":4},"end":{"line":20,"column":17}},"1":{"start":{"line":21,"column":4},"end":{"line":26,"column":6}},"2":{"start":{"line":27,"column":4},"end":{"line":27,"column":45}},"3":{"start":{"line":28,"column":4},"end":{"line":28,"column":45}},"4":{"start":{"line":35,"column":4},"end":{"line":41,"column":5}},"5":{"start":{"line":36,"column":6},"end":{"line":36,"column":64}},"6":{"start":{"line":37,"column":6},"end":{"line":39,"column":9}},"7":{"start":{"line":40,"column":6},"end":{"line":40,"column":35}},"8":{"start":{"line":42,"column":4},"end":{"line":47,"column":5}},"9":{"start":{"line":43,"column":6},"end":{"line":43,"column":60}},"10":{"start":{"line":44,"column":6},"end":{"line":46,"column":9}},"11":{"start":{"line":54,"column":4},"end":{"line":54,"column":39}},"12":{"start":{"line":61,"column":4},"end":{"line":63,"column":7}},"13":{"start":{"line":70,"column":4},"end":{"line":70,"column":27}},"14":{"start":{"line":71,"column":4},"end":{"line":73,"column":7}},"15":{"start":{"line":74,"column":4},"end":{"line":74,"column":39}},"16":{"start":{"line":75,"column":4},"end":{"line":75,"column":64}},"17":{"start":{"line":82,"column":27},"end":{"line":87,"column":5}},"18":{"start":{"line":88,"column":4},"end":{"line":117,"column":6}},"19":{"start":{"line":124,"column":24},"end":{"line":127,"column":2}},"20":{"start":{"line":124,"column":34},"end":{"line":127,"column":1}}},"fnMap":{"0":{"name":"(anonymous_0)","decl":{"start":{"line":19,"column":2},"end":{"line":19,"column":3}},"loc":{"start":{"line":19,"column":21},"end":{"line":29,"column":3}},"line":19},"1":{"name":"(anonymous_1)","decl":{"start":{"line":34,"column":2},"end":{"line":34,"column":3}},"loc":{"start":{"line":34,"column":39},"end":{"line":48,"column":3}},"line":34},"2":{"name":"(anonymous_2)","decl":{"start":{"line":53,"column":2},"end":{"line":53,"column":3}},"loc":{"start":{"line":53,"column":25},"end":{"line":55,"column":3}},"line":53},"3":{"name":"(anonymous_3)","decl":{"start":{"line":60,"column":2},"end":{"line":60,"column":3}},"loc":{"start":{"line":60,"column":18},"end":{"line":64,"column":3}},"line":60},"4":{"name":"(anonymous_4)","decl":{"start":{"line":69,"column":2},"end":{"line":69,"column":3}},"loc":{"start":{"line":69,"column":18},"end":{"line":76,"column":3}},"line":69},"5":{"name":"(anonymous_5)","decl":{"start":{"line":81,"column":2},"end":{"line":81,"column":3}},"loc":{"start":{"line":81,"column":11},"end":{"line":118,"column":3}},"line":81},"6":{"name":"(anonymous_6)","decl":{"start":{"line":124,"column":24},"end":{"line":124,"column":25}},"loc":{"start":{"line":124,"column":34},"end":{"line":127,"column":1}},"line":124}},"branchMap":{"0":{"loc":{"start":{"line":35,"column":4},"end":{"line":41,"column":5}},"type":"if","locations":[{"start":{"line":35,"column":4},"end":{"line":41,"column":5}},{"start":{"line":35,"column":4},"end":{"line":41,"column":5}}],"line":35},"1":{"loc":{"start":{"line":42,"column":4},"end":{"line":47,"column":5}},"type":"if","locations":[{"start":{"line":42,"column":4},"end":{"line":47,"column":5}},{"start":{"line":42,"column":4},"end":{"line":47,"column":5}}],"line":42},"2":{"loc":{"start":{"line":91,"column":11},"end":{"line":91,"column":62}},"type":"cond-expr","locations":[{"start":{"line":91,"column":34},"end":{"line":91,"column":57}},{"start":{"line":91,"column":60},"end":{"line":91,"column":62}}],"line":91}},"s":{"0":8,"1":8,"2":8,"3":8,"4":1,"5":1,"6":1,"7":1,"8":1,"9":1,"10":1,"11":1,"12":1,"13":1,"14":1,"15":1,"16":1,"17":12,"18":12,"19":1,"20":0},"f":{"0":8,"1":1,"2":1,"3":1,"4":1,"5":12,"6":0},"b":{"0":[1,0],"1":[1,0],"2":[1,11]},"_coverageSchema":"332fd63041d2c1bcb487cc26dd0d5f7d97098a6c","hash":"543dd47f1c83fa6eea273851d23ab9b82037cf96"}
,"/Users/andeladeveloper/Desktop/hellobooks-fix/HelloBooks/client/components/Confirm.jsx": {"path":"/Users/andeladeveloper/Desktop/hellobooks-fix/HelloBooks/client/components/Confirm.jsx","statementMap":{"0":{"start":{"line":19,"column":4},"end":{"line":19,"column":17}},"1":{"start":{"line":20,"column":4},"end":{"line":26,"column":6}},"2":{"start":{"line":27,"column":4},"end":{"line":27,"column":45}},"3":{"start":{"line":28,"column":4},"end":{"line":28,"column":45}},"4":{"start":{"line":35,"column":47},"end":{"line":35,"column":76}},"5":{"start":{"line":36,"column":4},"end":{"line":38,"column":5}},"6":{"start":{"line":37,"column":6},"end":{"line":37,"column":35}},"7":{"start":{"line":39,"column":4},"end":{"line":41,"column":5}},"8":{"start":{"line":40,"column":6},"end":{"line":40,"column":35}},"9":{"start":{"line":48,"column":4},"end":{"line":48,"column":63}},"10":{"start":{"line":55,"column":4},"end":{"line":55,"column":27}},"11":{"start":{"line":56,"column":4},"end":{"line":56,"column":44}},"12":{"start":{"line":57,"column":4},"end":{"line":57,"column":51}},"13":{"start":{"line":64,"column":4},"end":{"line":64,"column":44}},"14":{"start":{"line":71,"column":28},"end":{"line":76,"column":5}},"15":{"start":{"line":77,"column":4},"end":{"line":106,"column":6}},"16":{"start":{"line":109,"column":0},"end":{"line":112,"column":2}},"17":{"start":{"line":117,"column":24},"end":{"line":120,"column":2}},"18":{"start":{"line":117,"column":34},"end":{"line":120,"column":1}}},"fnMap":{"0":{"name":"(anonymous_0)","decl":{"start":{"line":18,"column":2},"end":{"line":18,"column":3}},"loc":{"start":{"line":18,"column":21},"end":{"line":29,"column":3}},"line":18},"1":{"name":"(anonymous_1)","decl":{"start":{"line":34,"column":2},"end":{"line":34,"column":3}},"loc":{"start":{"line":34,"column":39},"end":{"line":42,"column":3}},"line":34},"2":{"name":"(anonymous_2)","decl":{"start":{"line":47,"column":2},"end":{"line":47,"column":3}},"loc":{"start":{"line":47,"column":18},"end":{"line":49,"column":3}},"line":47},"3":{"name":"(anonymous_3)","decl":{"start":{"line":54,"column":2},"end":{"line":54,"column":3}},"loc":{"start":{"line":54,"column":18},"end":{"line":58,"column":3}},"line":54},"4":{"name":"(anonymous_4)","decl":{"start":{"line":63,"column":2},"end":{"line":63,"column":3}},"loc":{"start":{"line":63,"column":25},"end":{"line":65,"column":3}},"line":63},"5":{"name":"(anonymous_5)","decl":{"start":{"line":70,"column":2},"end":{"line":70,"column":3}},"loc":{"start":{"line":70,"column":11},"end":{"line":107,"column":3}},"line":70},"6":{"name":"(anonymous_6)","decl":{"start":{"line":117,"column":24},"end":{"line":117,"column":25}},"loc":{"start":{"line":117,"column":34},"end":{"line":120,"column":1}},"line":117}},"branchMap":{"0":{"loc":{"start":{"line":36,"column":4},"end":{"line":38,"column":5}},"type":"if","locations":[{"start":{"line":36,"column":4},"end":{"line":38,"column":5}},{"start":{"line":36,"column":4},"end":{"line":38,"column":5}}],"line":36},"1":{"loc":{"start":{"line":39,"column":4},"end":{"line":41,"column":5}},"type":"if","locations":[{"start":{"line":39,"column":4},"end":{"line":41,"column":5}},{"start":{"line":39,"column":4},"end":{"line":41,"column":5}}],"line":39}},"s":{"0":8,"1":8,"2":8,"3":8,"4":1,"5":1,"6":1,"7":1,"8":1,"9":1,"10":1,"11":1,"12":1,"13":1,"14":9,"15":9,"16":1,"17":1,"18":0},"f":{"0":8,"1":1,"2":1,"3":1,"4":1,"5":9,"6":0},"b":{"0":[1,0],"1":[1,0]},"_coverageSchema":"332fd63041d2c1bcb487cc26dd0d5f7d97098a6c","hash":"9205180a5450b22cb9520a07daea93ea6f497ed2"}
,"/Users/andeladeveloper/Desktop/hellobooks-fix/HelloBooks/client/components/EditBook.jsx": {"path":"/Users/andeladeveloper/Desktop/hellobooks-fix/HelloBooks/client/components/EditBook.jsx","statementMap":{"0":{"start":{"line":18,"column":4},"end":{"line":18,"column":17}},"1":{"start":{"line":19,"column":4},"end":{"line":26,"column":6}},"2":{"start":{"line":27,"column":4},"end":{"line":27,"column":51}},"3":{"start":{"line":28,"column":4},"end":{"line":28,"column":45}},"4":{"start":{"line":29,"column":4},"end":{"line":29,"column":47}},"5":{"start":{"line":30,"column":4},"end":{"line":30,"column":45}},"6":{"start":{"line":31,"column":4},"end":{"line":31,"column":51}},"7":{"start":{"line":32,"column":4},"end":{"line":32,"column":47}},"8":{"start":{"line":38,"column":4},"end":{"line":38,"column":46}},"9":{"start":{"line":45,"column":33},"end":{"line":45,"column":42}},"10":{"start":{"line":46,"column":4},"end":{"line":57,"column":5}},"11":{"start":{"line":47,"column":6},"end":{"line":56,"column":9}},"12":{"start":{"line":58,"column":4},"end":{"line":65,"column":5}},"13":{"start":{"line":59,"column":6},"end":{"line":63,"column":9}},"14":{"start":{"line":64,"column":6},"end":{"line":64,"column":49}},"15":{"start":{"line":66,"column":4},"end":{"line":73,"column":5}},"16":{"start":{"line":67,"column":6},"end":{"line":71,"column":9}},"17":{"start":{"line":72,"column":6},"end":{"line":72,"column":51}},"18":{"start":{"line":74,"column":4},"end":{"line":79,"column":5}},"19":{"start":{"line":75,"column":6},"end":{"line":78,"column":9}},"20":{"start":{"line":87,"column":28},"end":{"line":87,"column":52}},"21":{"start":{"line":88,"column":4},"end":{"line":91,"column":5}},"22":{"start":{"line":89,"column":6},"end":{"line":89,"column":50}},"23":{"start":{"line":90,"column":6},"end":{"line":90,"column":41}},"24":{"start":{"line":92,"column":4},"end":{"line":94,"column":5}},"25":{"start":{"line":93,"column":6},"end":{"line":93,"column":54}},"26":{"start":{"line":101,"column":4},"end":{"line":101,"column":27}},"27":{"start":{"line":102,"column":4},"end":{"line":102,"column":58}},"28":{"start":{"line":103,"column":4},"end":{"line":105,"column":7}},"29":{"start":{"line":112,"column":4},"end":{"line":112,"column":27}},"30":{"start":{"line":113,"column":4},"end":{"line":115,"column":7}},"31":{"start":{"line":122,"column":4},"end":{"line":122,"column":27}},"32":{"start":{"line":123,"column":4},"end":{"line":123,"column":51}},"33":{"start":{"line":124,"column":4},"end":{"line":127,"column":7}},"34":{"start":{"line":134,"column":4},"end":{"line":134,"column":27}},"35":{"start":{"line":135,"column":4},"end":{"line":135,"column":47}},"36":{"start":{"line":136,"column":4},"end":{"line":139,"column":7}},"37":{"start":{"line":146,"column":4},"end":{"line":146,"column":27}},"38":{"start":{"line":147,"column":18},"end":{"line":147,"column":39}},"39":{"start":{"line":148,"column":4},"end":{"line":151,"column":7}},"40":{"start":{"line":158,"column":4},"end":{"line":158,"column":27}},"41":{"start":{"line":159,"column":16},"end":{"line":159,"column":37}},"42":{"start":{"line":160,"column":4},"end":{"line":163,"column":7}},"43":{"start":{"line":169,"column":22},"end":{"line":172,"column":5}},"44":{"start":{"line":173,"column":21},"end":{"line":173,"column":31}},"45":{"start":{"line":174,"column":46},"end":{"line":174,"column":56}},"46":{"start":{"line":175,"column":4},"end":{"line":293,"column":6}},"47":{"start":{"line":302,"column":24},"end":{"line":308,"column":2}},"48":{"start":{"line":302,"column":34},"end":{"line":308,"column":1}}},"fnMap":{"0":{"name":"(anonymous_0)","decl":{"start":{"line":17,"column":2},"end":{"line":17,"column":3}},"loc":{"start":{"line":17,"column":21},"end":{"line":33,"column":3}},"line":17},"1":{"name":"(anonymous_1)","decl":{"start":{"line":37,"column":2},"end":{"line":37,"column":3}},"loc":{"start":{"line":37,"column":23},"end":{"line":39,"column":3}},"line":37},"2":{"name":"(anonymous_2)","decl":{"start":{"line":44,"column":2},"end":{"line":44,"column":3}},"loc":{"start":{"line":44,"column":39},"end":{"line":80,"column":3}},"line":44},"3":{"name":"(anonymous_3)","decl":{"start":{"line":86,"column":2},"end":{"line":86,"column":3}},"loc":{"start":{"line":86,"column":43},"end":{"line":95,"column":3}},"line":86},"4":{"name":"(anonymous_4)","decl":{"start":{"line":100,"column":2},"end":{"line":100,"column":3}},"loc":{"start":{"line":100,"column":18},"end":{"line":106,"column":3}},"line":100},"5":{"name":"(anonymous_5)","decl":{"start":{"line":111,"column":2},"end":{"line":111,"column":3}},"loc":{"start":{"line":111,"column":18},"end":{"line":116,"column":3}},"line":111},"6":{"name":"(anonymous_6)","decl":{"start":{"line":121,"column":2},"end":{"line":121,"column":3}},"loc":{"start":{"line":121,"column":21},"end":{"line":128,"column":3}},"line":121},"7":{"name":"(anonymous_7)","decl":{"start":{"line":133,"column":2},"end":{"line":133,"column":3}},"loc":{"start":{"line":133,"column":19},"end":{"line":140,"column":3}},"line":133},"8":{"name":"(anonymous_8)","decl":{"start":{"line":145,"column":2},"end":{"line":145,"column":3}},"loc":{"start":{"line":145,"column":21},"end":{"line":152,"column":3}},"line":145},"9":{"name":"(anonymous_9)","decl":{"start":{"line":157,"column":2},"end":{"line":157,"column":3}},"loc":{"start":{"line":157,"column":19},"end":{"line":164,"column":3}},"line":157},"10":{"name":"(anonymous_10)","decl":{"start":{"line":168,"column":2},"end":{"line":168,"column":3}},"loc":{"start":{"line":168,"column":11},"end":{"line":294,"column":3}},"line":168},"11":{"name":"(anonymous_11)","decl":{"start":{"line":302,"column":24},"end":{"line":302,"column":25}},"loc":{"start":{"line":302,"column":34},"end":{"line":308,"column":1}},"line":302}},"branchMap":{"0":{"loc":{"start":{"line":46,"column":4},"end":{"line":57,"column":5}},"type":"if","locations":[{"start":{"line":46,"column":4},"end":{"line":57,"column":5}},{"start":{"line":46,"column":4},"end":{"line":57,"column":5}}],"line":46},"1":{"loc":{"start":{"line":58,"column":4},"end":{"line":65,"column":5}},"type":"if","locations":[{"start":{"line":58,"column":4},"end":{"line":65,"column":5}},{"start":{"line":58,"column":4},"end":{"line":65,"column":5}}],"line":58},"2":{"loc":{"start":{"line":66,"column":4},"end":{"line":73,"column":5}},"type":"if","locations":[{"start":{"line":66,"column":4},"end":{"line":73,"column":5}},{"start":{"line":66,"column":4},"end":{"line":73,"column":5}}],"line":66},"3":{"loc":{"start":{"line":74,"column":4},"end":{"line":79,"column":5}},"type":"if","locations":[{"start":{"line":74,"column":4},"end":{"line":79,"column":5}},{"start":{"line":74,"column":4},"end":{"line":79,"column":5}}],"line":74},"4":{"loc":{"start":{"line":74,"column":8},"end":{"line":74,"column":20}},"type":"binary-expr","locations":[{"start":{"line":74,"column":8},"end":{"line":74,"column":13}},{"start":{"line":74,"column":17},"end":{"line":74,"column":20}}],"line":74},"5":{"loc":{"start":{"line":88,"column":4},"end":{"line":91,"column":5}},"type":"if","locations":[{"start":{"line":88,"column":4},"end":{"line":91,"column":5}},{"start":{"line":88,"column":4},"end":{"line":91,"column":5}}],"line":88},"6":{"loc":{"start":{"line":92,"column":4},"end":{"line":94,"column":5}},"type":"if","locations":[{"start":{"line":92,"column":4},"end":{"line":94,"column":5}},{"start":{"line":92,"column":4},"end":{"line":94,"column":5}}],"line":92},"7":{"loc":{"start":{"line":178,"column":11},"end":{"line":178,"column":91}},"type":"cond-expr","locations":[{"start":{"line":178,"column":25},"end":{"line":178,"column":86}},{"start":{"line":178,"column":89},"end":{"line":178,"column":91}}],"line":178},"8":{"loc":{"start":{"line":179,"column":11},"end":{"line":179,"column":87}
[...]
,"/Users/andeladeveloper/Desktop/hellobooks-fix/HelloBooks/client/reducers/user.js": {"path":"/Users/andeladeveloper/Desktop/hellobooks-fix/HelloBooks/client/reducers/user.js","statementMap":{"0":{"start":{"line":26,"column":4},"end":{"line":26,"column":9}},"1":{"start":{"line":28,"column":27},"end":{"line":32,"column":1}},"2":{"start":{"line":39,"column":26},"end":{"line":71,"column":1}},"3":{"start":{"line":40,"column":2},"end":{"line":70,"column":3}},"4":{"start":{"line":42,"column":6},"end":{"line":45,"column":8}},"5":{"start":{"line":48,"column":6},"end":{"line":52,"column":8}},"6":{"start":{"line":55,"column":6},"end":{"line":59,"column":8}},"7":{"start":{"line":62,"column":6},"end":{"line":67,"column":8}},"8":{"start":{"line":69,"column":13},"end":{"line":69,"column":26}},"9":{"start":{"line":73,"column":32},"end":{"line":77,"column":1}},"10":{"start":{"line":83,"column":39},"end":{"line":114,"column":1}},"11":{"start":{"line":84,"column":2},"end":{"line":113,"column":3}},"12":{"start":{"line":86,"column":6},"end":{"line":89,"column":8}},"13":{"start":{"line":92,"column":6},"end":{"line":96,"column":8}},"14":{"start":{"line":99,"column":6},"end":{"line":103,"column":8}},"15":{"start":{"line":106,"column":6},"end":{"line":110,"column":8}},"16":{"start":{"line":112,"column":13},"end":{"line":112,"column":26}},"17":{"start":{"line":115,"column":34},"end":{"line":119,"column":1}},"18":{"start":{"line":125,"column":37},"end":{"line":156,"column":1}},"19":{"start":{"line":126,"column":2},"end":{"line":155,"column":3}},"20":{"start":{"line":128,"column":6},"end":{"line":131,"column":8}},"21":{"start":{"line":134,"column":6},"end":{"line":138,"column":8}},"22":{"start":{"line":141,"column":6},"end":{"line":145,"column":8}},"23":{"start":{"line":148,"column":6},"end":{"line":152,"column":8}},"24":{"start":{"line":154,"column":13},"end":{"line":154,"column":26}},"25":{"start":{"line":157,"column":26},"end":{"line":161,"column":1}},"26":{"start":{"line":167,"column":29},"end":{"line":198,"column":1}},"27":{"start":{"line":168,"column":2},"end":{"line":197,"column":3}},"28":{"start":{"line":170,"column":6},"end":{"line":173,"column":8}},"29":{"start":{"line":176,"column":6},"end":{"line":180,"column":8}},"30":{"start":{"line":183,"column":6},"end":{"line":187,"column":8}},"31":{"start":{"line":190,"column":6},"end":{"line":194,"column":8}},"32":{"start":{"line":196,"column":13},"end":{"line":196,"column":26}},"33":{"start":{"line":199,"column":27},"end":{"line":203,"column":1}},"34":{"start":{"line":209,"column":26},"end":{"line":241,"column":1}},"35":{"start":{"line":210,"column":2},"end":{"line":240,"column":3}},"36":{"start":{"line":212,"column":6},"end":{"line":215,"column":8}},"37":{"start":{"line":218,"column":6},"end":{"line":222,"column":8}},"38":{"start":{"line":225,"column":6},"end":{"line":229,"column":8}},"39":{"start":{"line":232,"column":6},"end":{"line":237,"column":8}},"40":{"start":{"line":239,"column":13},"end":{"line":239,"column":26}}},"fnMap":{"0":{"name":"(anonymous_0)","decl":{"start":{"line":39,"column":26},"end":{"line":39,"column":27}},"loc":{"start":{"line":39,"column":71},"end":{"line":71,"column":1}},"line":39},"1":{"name":"(anonymous_1)","decl":{"start":{"line":83,"column":39},"end":{"line":83,"column":40}},"loc":{"start":{"line":83,"column":89},"end":{"line":114,"column":1}},"line":83},"2":{"name":"(anonymous_2)","decl":{"start":{"line":125,"column":37},"end":{"line":125,"column":38}},"loc":{"start":{"line":125,"column":89},"end":{"line":156,"column":1}},"line":125},"3":{"name":"(anonymous_3)","decl":{"start":{"line":167,"column":29},"end":{"line":167,"column":30}},"loc":{"start":{"line":167,"column":73},"end":{"line":198,"column":1}},"line":167},"4":{"name":"(anonymous_4)","decl":{"start":{"line":209,"column":26},"end":{"line":209,"column":27}},"loc":{"start":{"line":209,"column":71},"end":{"line":241,"column":1}},"line":209}},"branchMap":{"0":{"loc":{"start":{"line":39,"column":27},"end":{"line":39,"column":53}},"type":"default-arg","locations":[{"start":{"line":39,"column":35},"end":{"line":39,"column":53}}],"line":39},"1":{"loc":{"start":{"line":39,"column":55},"end":{"line":39,"column":66}},"type":"default-arg","locations":[{"start":{"line":39,"column":64},"end":{"line":39,"column":66}}],"line":39},"2":{"loc":{"start":{"line":40,"column":2},"end":{"line":70,"column":3}},"type":"switch","locations":[{"start":{"line":41,"column":4},"end":{"line":46,"column":5}},{"start":{"line":47,"column":4},"end":{"line":53,"column":5}},{"start":{"line":54,"column":4},"end":{"line":60,"column":5}},{"start":{"line":61,"column":4},"end":{"line":68,"column":5}},{"start":{"line":69,"column":4},"end":{"line":69,"column":26}}],"line":40},"3":{"loc":{"start":{"line":83,"column":40},"end":{"line":83,"column":71}},"type":"default-arg","locations":[{"start":{"line":83,"column":48},"end":{"line":83,"column":71}}],"line":83},"4":{"loc":{"start":{"line":83,"column":73},"end":{"line":83,"column":84}},"type":"default-arg","locations":[{"start":{"line":83,"column":82},"end":{"line":83,"column":84}}],"line":83},"5":{"loc":{"start":{"line":84,"column":2},"end":{"line":113,"column":3}},"type":"switch","locations":[{"start":{"line":85,"column":4},"end":{"line":90,"column":5}},{"start":{"line":91,"column":4},"end":{"line":97,"column":5}},{"start":{"line":98,"column":4},"end":{"line":104,"column":5}},{"start":{"line":105,"column":4},"end":{"line":111,"column":5}},{"start":{"line":112,"column":4},"end":{"line":112,"column":26}}],"line":84},"6":{"loc":{"start":{"line":125,"column":38},"end":{"line":125,"column":71}},"type":"default-arg","locations":[{"start":{"line":125,"column":46},"end":{"line":125,"column":71}}],"line":125},"7":{"loc":{"start":{"line":125,"column":73},"end":{"line":125,"column":84}},"type":"default-arg","locations":[{"start":{"line":125,"column":82},"end":{"line":125,"column":84}}],"line":125},"8":{"loc":{"start":{"line":126,"column":2},"end":{"line":155,"column":3}},"type":"switch","locations":[{"start":{"line":127,"column":4},"end":{"line":132,"column":5}},{"start":{"line":133,"column":4},"end":{"line":139,"column":5}},{"start":{"line":140,"column":4},"end":{"line":146,"column":5}},{"start":{"line":147,"column":4},"end":{"line":153,"column":5}},{"start":{"line":154,"column":4},"end":{"line":154,"column":26}}],"line":126},"9":{"loc":{"start":{"line":167,"column":30},"end":{"line":167,"column":55}},"type":"default-arg","locations":[{"start":{"line":167,"column":38},"end":{"line":167,"column":55}}],"line":167},"10":{"loc":{"start":{"line":167,"column":57},"end":{"line":167,"column":68}},"type":"default-arg","locations":[{"start":{"line":167,"column":66},"end":{"line":167,"column":68}}],"line":167},"11":{"loc":{"start":{"line":168,"column":2},"end":{"line":197,"column":3}},"type":"switch","locations":[{"start":{"line":169,"column":4},"end":{"line":174,"column":5}},{"start":{"line":175,"column":4},"end":{"line":181,"column":5}},{"start":{"line":182,"column":4},"end":{"line":188,"column":5}},{"start":{"line":189,"column":4},"end":{"line":195,"column":5}},{"start":{"line":196,"column":4},"end":{"line":196,"column":26}}],"line":168},"12":{"loc":{"start":{"line":209,"column":27},"end":{"line":209,"column":53}},"type":"default-arg","locations":[{"start":{"line":209,"column":35},"end":{"line":209,"column":53}}],"line":209},"13":{"loc":{"start":{"line":209,"column":55},"end":{"line":209,"column":66}},"type":"default-arg","locations":[{"start":{"line":209,"column":64},"end":{"line":209,"column":66}}],"line":209},"14":{"loc":{"start":{"line":210,"column":2},"end":{"line":240,"column":3}},"type":"switch","locations":[{"start":{"line":211,"column":4},"end":{"line":216,"column":5}},{"start":{"line":217,"column":4},"end":{"line":223,"column":5}},{"start":{"line":224,"column":4},"end":{"line":230,"column":5}},{"start":{"line":231,"column":4},"end":{"line":238,"column":5}},{"start":{"line":239,"column":4},"end":{"line":239,"column":26}}],"line":210}},"s":{"0":14,"1":14,"2":14,"3":102,"4":0,"5":1,"6":0,"7":0,"8":101,"9":14,"10":14,"11":102,"12":0,"13":1,"14":0,"15":0,"16":101,"17":14,"18":14,"19":101,"20":0,"21":0,"22":0,"23":0,"24":101,"25":14,"26":14,"27":102,"28":0,"29":1,"30":0,"31":0,"32":101,"33":14,"34":14,"35":102,"36":0,"37":1,"38":0,"39":0,"40":101},"f":{"0":102,"1":102,"2":101,"3":102,"4":102},"b":{"0":[101],"1":[0],"2":[0,1,0,0,101],"3":[101],"4":[0],"5":[0,1,0,0,101],"6":[101],"7":[0],"8":[0,0,0,0,101],"9":[101],"10":[0],"11":[0,1,0,0,101],"12":[101],"13":[0],"14":[0,1,0,0,101]},"_coverageSchema":"332fd63041d2c1bcb487cc26dd0d5f7d97098a6c","hash":"702f655379ca4cd7ade1d391dfd020afe612f405"}
,"/Users/andeladeveloper/Desktop/hellobooks-fix/HelloBooks/client/store/store.js": {"path":"/Users/andeladeveloper/Desktop/hellobooks-fix/HelloBooks/client/store/store.js","statementMap":{"0":{"start":{"line":5,"column":23},"end":{"line":11,"column":1}},"1":{"start":{"line":5,"column":29},"end":{"line":11,"column":1}},"2":{"start":{"line":9,"column":65},"end":{"line":9,"column":66}}},"fnMap":{"0":{"name":"(anonymous_0)","decl":{"start":{"line":5,"column":23},"end":{"line":5,"column":24}},"loc":{"start":{"line":5,"column":29},"end":{"line":11,"column":1}},"line":5},"1":{"name":"(anonymous_1)","decl":{"start":{"line":9,"column":60},"end":{"line":9,"column":61}},"loc":{"start":{"line":9,"column":65},"end":{"line":9,"column":66}},"line":9}},"branchMap":{"0":{"loc":{"start":{"line":9,"column":4},"end":{"line":9,"column":66}},"type":"cond-expr","locations":[{"start":{"line":9,"column":31},"end":{"line":9,"column":57}},{"start":{"line":9,"column":60},"end":{"line":9,"column":66}}],"line":9}},"s":{"0":13,"1":75,"2":75},"f":{"0":75,"1":75},"b":{"0":[0,75]},"_coverageSchema":"332fd63041d2c1bcb487cc26dd0d5f7d97098a6c","hash":"eea2c0e7df9c9500235a3b9c097e8f56c988f148"}
,"/Users/andeladeveloper/Desktop/hellobooks-fix/HelloBooks/client/test/apiEndPoints.js": {"path":"/Users/andeladeveloper/Desktop/hellobooks-fix/HelloBooks/client/test/apiEndPoints.js","statementMap":{"0":{"start":{"line":3,"column":26},"end":{"line":3,"column":47}},"1":{"start":{"line":4,"column":39},"end":{"line":4,"column":111}},"2":{"start":{"line":5,"column":26},"end":{"line":5,"column":47}},"3":{"start":{"line":6,"column":29},"end":{"line":6,"column":68}},"4":{"start":{"line":7,"column":36},"end":{"line":7,"column":116}},"5":{"start":{"line":8,"column":23},"end":{"line":8,"column":39}},"6":{"start":{"line":9,"column":24},"end":{"line":9,"column":38}},"7":{"start":{"line":10,"column":31},"end":{"line":10,"column":48}},"8":{"start":{"line":11,"column":26},"end":{"line":11,"column":48}},"9":{"start":{"line":12,"column":26},"end":{"line":12,"column":50}},"10":{"start":{"line":13,"column":26},"end":{"line":13,"column":50}},"11":{"start":{"line":14,"column":24},"end":{"line":14,"column":38}},"12":{"start":{"line":15,"column":26},"end":{"line":15,"column":49}},"13":{"start":{"line":16,"column":24},"end":{"line":16,"column":40}},"14":{"start":{"line":17,"column":27},"end":{"line":17,"column":56}},"15":{"start":{"line":18,"column":22},"end":{"line":18,"column":38}},"16":{"start":{"line":19,"column":23},"end":{"line":19,"column":39}},"17":{"start":{"line":20,"column":30},"end":{"line":20,"column":65}},"18":{"start":{"line":21,"column":30},"end":{"line":21,"column":52}},"19":{"start":{"line":22,"column":31},"end":{"line":22,"column":60}},"20":{"start":{"line":23,"column":36},"end":{"line":23,"column":64}},"21":{"start":{"line":24,"column":26},"end":{"line":24,"column":54}},"22":{"start":{"line":25,"column":22},"end":{"line":25,"column":78}}},"fnMap":{},"branchMap":{},"s":{"0":1,"1":1,"2":1,"3":1,"4":1,"5":1,"6":1,"7":1,"8":1,"9":1,"10":1,"11":1,"12":1,"13":1,"14":1,"15":1,"16":1,"17":1,"18":1,"19":1,"20":1,"21":1,"22":1},"f":{},"b":{},"_coverageSchema":"332fd63041d2c1bcb487cc26dd0d5f7d97098a6c","hash":"191d0ebea091a34dc71ca8441e13e4d6858dc0c1"}
,"/Users/andeladeveloper/Desktop/hellobooks-fix/HelloBooks/client/test/mockData.js": {"path":"/Users/andeladeveloper/Desktop/hellobooks-fix/HelloBooks/client/test/mockData.js","statementMap":{"0":{"start":{"line":1,"column":27},"end":{"line":41,"column":1}},"1":{"start":{"line":43,"column":26},"end":{"line":46,"column":1}},"2":{"start":{"line":47,"column":40},"end":{"line":51,"column":1}},"3":{"start":{"line":53,"column":34},"end":{"line":56,"column":1}},"4":{"start":{"line":57,"column":37},"end":{"line":60,"column":1}},"5":{"start":{"line":61,"column":37},"end":{"line":63,"column":1}},"6":{"start":{"line":64,"column":28},"end":{"line":66,"column":1}},"7":{"start":{"line":67,"column":21},"end":{"line":76,"column":1}},"8":{"start":{"line":77,"column":38},"end":{"line":79,"column":1}},"9":{"start":{"line":80,"column":26},"end":{"line":91,"column":1}},"10":{"start":{"line":92,"column":26},"end":{"line":94,"column":1}},"11":{"start":{"line":95,"column":26},"end":{"line":98,"column":1}},"12":{"start":{"line":99,"column":28},"end":{"line":122,"column":1}},"13":{"start":{"line":123,"column":27},"end":{"line":126,"column":1}},"14":{"start":{"line":127,"column":34},"end":{"line":131,"column":1}},"15":{"start":{"line":132,"column":33},"end":{"line":136,"column":1}},"16":{"start":{"line":137,"column":32},"end":{"line":141,"column":1}},"17":{"start":{"line":142,"column":36},"end":{"line":147,"column":1}},"18":{"start":{"line":148,"column":33},"end":{"line":158,"column":1}},"19":{"start":{"line":159,"column":31},"end":{"line":164,"column":1}},"20":{"start":{"line":165,"column":33},"end":{"line":176,"column":1}},"21":{"start":{"line":177,"column":31},"end":{"line":182,"column":1}},"22":{"start":{"line":183,"column":27},"end":{"line":198,"column":1}},"23":{"start":{"line":199,"column":31},"end":{"line":204,"column":1}},"24":{"start":{"line":205,"column":34},"end":{"line":207,"column":1}},"25":{"start":{"line":208,"column":31},"end":{"line":212,"column":1}},"26":{"start":{"line":213,"column":32},"end":{"line":228,"column":1}},"27":{"start":{"line":229,"column":29},"end":{"line":233,"column":1}},"28":{"start":{"line":234,"column":32},"end":{"line":238,"column":1}},"29":{"start":{"line":239,"column":35},"end":{"line":241,"column":1}},"30":{"start":{"line":242,"column":27},"end":{"line":246,"column":1}},"31":{"start":{"line":248,"column":28},"end":{"line":252,"column":1}},"32":{"start":{"line":253,"column":38},"end":{"line":256,"column":1}},"33":{"start":{"line":257,"column":32},"end":{"line":261,"column":1}},"34":{"start":{"line":262,"column":33},"end":{"line":266,"column":1}},"35":{"start":{"line":267,"column":31},"end":{"line":271,"column":1}},"36":{"start":{"line":272,"column":38},"end":{"line":276,"column":1}},"37":{"start":{"line":277,"column":21},"end":{"line":277,"column":109}},"38":{"start":{"line":278,"column":19},"end":{"line":278,"column":107}},"39":{"start":{"line":279,"column":34},"end":{"line":283,"column":1}},"40":{"start":{"line":284,"column":39},"end":{"line":288,"column":1}},"41":{"start":{"line":289,"column":33},"end":{"line":293,"column":1}},"42":{"start":{"line":294,"column":34},"end":{"line":298,"column":1}}},"fnMap":{},"branchMap":{},"s":{"0":2,"1":2,"2":2,"3":2,"4":2,"5":2,"6":2,"7":2,"8":2,"9":2,"10":2,"11":2,"12":2,"13":2,"14":2,"15":2,"16":2,"17":2,"18":2,"19":2,"20":2,"21":2,"22":2,"23":2,"24":2,"25":2,"26":2,"27":2,"28":2,"29":2,"30":2,"31":2,"32":2,"33":2,"34":2,"35":2,"36":2,"37":2,"38":2,"39":2,"40":2,"41":2,"42":2},"f":{},"b":{},"_coverageSchema":"332fd63041d2c1bcb487cc26dd0d5f7d97098a6c","hash":"d83271dae108a9f01e5d16670ae5c8a794f54377"}
,"/Users/andeladeveloper/Desktop/hellobooks-fix/HelloBooks/client/test/mockDataStorage.js": {"path":"/Users/andeladeveloper/Desktop/hellobooks-fix/HelloBooks/client/test/mockDataStorage.js","statementMap":{"0":{"start":{"line":1,"column":19},"end":{"line":1,"column":21}},"1":{"start":{"line":5,"column":4},"end":{"line":8,"column":6}},"2":{"start":{"line":11,"column":4},"end":{"line":11,"column":29}},"3":{"start":{"line":14,"column":4},"end":{"line":14,"column":36}},"4":{"start":{"line":17,"column":4},"end":{"line":17,"column":22}}},"fnMap":{},"branchMap":{},"s":{"0":1,"1":1,"2":0,"3":0,"4":0},"f":{},"b":{},"_coverageSchema":"332fd63041d2c1bcb487cc26dd0d5f7d97098a6c","hash":"1481c5832e64d3b0db3ff4d6a37d68ab26dcf023"}
,"/Users/andeladeveloper/Desktop/hellobooks-fix/HelloBooks/client/test/__mock__/browserHistory.js": {"path":"/Users/andeladeveloper/Desktop/hellobooks-fix/HelloBooks/client/test/__mock__/browserHistory.js","statementMap":{"0":{"start":{"line":3,"column":0},"end":{"line":3,"column":26}},"1":{"start":{"line":4,"column":23},"end":{"line":4,"column":47}}},"fnMap":{},"branchMap":{},"s":{"0":15,"1":15},"f":{},"b":{},"_coverageSchema":"332fd63041d2c1bcb487cc26dd0d5f7d97098a6c","hash":"a4ade346f61bf22484c526fbee718e1e4b01ad60"}
,"/Users/andeladeveloper/Desktop/hellobooks-fix/HelloBooks/client/types/types.js": {"path":"/Users/andeladeveloper/Desktop/hellobooks-fix/HelloBooks/client/types/types.js","statementMap":{},"fnMap":{},"branchMap":{},"s":{},"f":{},"b":{},"_coverageSchema":"332fd63041d2c1bcb487cc26dd0d5f7d97098a6c","hash":"d0a6928f96ab1c5b68a07a304f94ae19c892ab68"}
,"/Users/andeladeveloper/Desktop/hellobooks-fix/HelloBooks/client/utils/setAuthToken.js": {"path":"/Users/andeladeveloper/Desktop/hellobooks-fix/HelloBooks/client/utils/setAuthToken.js","statementMap":{"0":{"start":{"line":7,"column":21},"end":{"line":13,"column":1}},"1":{"start":{"line":8,"column":2},"end":{"line":12,"column":3}},"2":{"start":{"line":9,"column":4},"end":{"line":9,"column":65}},"3":{"start":{"line":11,"column":4},"end":{"line":11,"column":59}}},"fnMap":{"0":{"name":"(anonymous_0)","decl":{"start":{"line":7,"column":21},"end":{"line":7,"column":22}},"loc":{"start":{"line":7,"column":32},"end":{"line":13,"column":1}},"line":7}},"branchMap":{"0":{"loc":{"start":{"line":8,"column":2},"end":{"line":12,"column":3}},"type":"if","locations":[{"start":{"line":8,"column":2},"end":{"line":12,"column":3}},{"start":{"line":8,"column":2},"end":{"line":12,"column":3}}],"line":8}},"s":{"0":4,"1":2,"2":2,"3":0},"f":{"0":2},"b":{"0":[2,0]},"_coverageSchema":"332fd63041d2c1bcb487cc26dd0d5f7d97098a6c","hash":"b8f5ad0479aaff9fa7ed5136cd633cc41aa091a6"}
,"/Users/andeladeveloper/Desktop/hellobooks-fix/HelloBooks/client/utils/url.js": {"path":"/Users/andeladeveloper/Desktop/hellobooks-fix/HelloBooks/client/utils/url.js","statementMap":{"0":{"start":{"line":1,"column":12},"end":{"line":1,"column":21}}},"fnMap":{},"branchMap":{},"s":{"0":12},"f":{},"b":{},"_coverageSchema":"332fd63041d2c1bcb487cc26dd0d5f7d97098a6c","hash":"4ffa4df5b69c3de5ef9548505e01250967984ebb"}
}
