TN:
SF:/Users/andeladeveloper/Desktop/hellobooks-fix/HelloBooks/client/actions/books.js
FN:45,(anonymous_0)
FN:45,(anonymous_1)
FN:48,(anonymous_2)
FN:58,(anonymous_3)
FN:73,(anonymous_4)
FN:73,(anonymous_5)
FN:83,(anonymous_6)
FN:83,(anonymous_7)
FN:86,(anonymous_8)
FN:94,(anonymous_9)
FN:108,(anonymous_10)
FN:108,(anonymous_11)
FN:115,(anonymous_12)
FN:115,(anonymous_13)
FN:122,(anonymous_14)
FN:122,(anonymous_15)
FN:129,(anonymous_16)
FN:129,(anonymous_17)
FN:138,(anonymous_18)
FN:138,(anonymous_19)
FN:141,(anonymous_20)
FN:149,(anonymous_21)
FN:164,(anonymous_22)
FN:164,(anonymous_23)
FN:167,(anonymous_24)
FN:175,(anonymous_25)
FN:192,(anonymous_26)
FN:192,(anonymous_27)
FN:195,(anonymous_28)
FN:203,(anonymous_29)
FN:221,(anonymous_30)
FN:221,(anonymous_31)
FN:224,(anonymous_32)
FN:232,(anonymous_33)
FN:248,(anonymous_34)
FN:248,(anonymous_35)
FN:251,(anonymous_36)
FN:259,(anonymous_37)
FN:275,(anonymous_38)
FN:275,(anonymous_39)
FN:278,(anonymous_40)
FN:286,(anonymous_41)
FN:303,(anonymous_42)
FN:303,(anonymous_43)
FN:306,(anonymous_44)
FN:315,(anonymous_45)
FNF:46
FNH:44
FNDA:2,(anonymous_0)
FNDA:2,(anonymous_1)
FNDA:1,(anonymous_2)
FNDA:1,(anonymous_3)
FNDA:0,(anonymous_4)
FNDA:0,(anonymous_5)
FNDA:2,(anonymous_6)
FNDA:2,(anonymous_7)
FNDA:1,(anonymous_8)
FNDA:1,(anonymous_9)
FNDA:1,(anonymous_10)
FNDA:1,(anonymous_11)
FNDA:1,(anonymous_12)
FNDA:1,(anonymous_13)
FNDA:1,(anonymous_14)
FNDA:1,(anonymous_15)
FNDA:1,(anonymous_16)
FNDA:1,(anonymous_17)
FNDA:2,(anonymous_18)
FNDA:2,(anonymous_19)
FNDA:1,(anonymous_20)
FNDA:1,(anonymous_21)
FNDA:2,(anonymous_22)
FNDA:2,(anonymous_23)
FNDA:1,(anonymous_24)
FNDA:1,(anonymous_25)
FNDA:2,(anonymous_26)
FNDA:2,(anonymous_27)
FNDA:1,(anonymous_28)
FNDA:1,(anonymous_29)
FNDA:2,(anonymous_30)
FNDA:2,(anonymous_31)
FNDA:1,(anonymous_32)
FNDA:1,(anonymous_33)
FNDA:2,(anonymous_34)
FNDA:2,(anonymous_35)
FNDA:1,(anonymous_36)
FNDA:1,(anonymous_37)
FNDA:2,(anonymous_38)
FNDA:2,(anonymous_39)
FNDA:1,(anonymous_40)
FNDA:1,(anonymous_41)
FNDA:2,(anonymous_42)
FNDA:2,(anonymous_43)
FNDA:1,(anonymous_44)
FNDA:1,(anonymous_45)
DA:40,6
DA:45,6
DA:46,2
DA:47,2
DA:49,1
DA:50,1
DA:51,1
DA:57,0
DA:59,1
DA:60,1
DA:65,0
DA:73,6
DA:74,0
DA:83,6
DA:84,2
DA:85,2
DA:87,1
DA:88,1
DA:93,0
DA:95,1
DA:96,1
DA:101,0
DA:108,6
DA:115,6
DA:122,6
DA:129,6
DA:138,6
DA:139,2
DA:140,2
DA:142,1
DA:143,1
DA:148,0
DA:150,1
DA:151,1
DA:156,0
DA:164,6
DA:165,2
DA:166,2
DA:168,1
DA:169,1
DA:174,0
DA:176,1
DA:177,1
DA:182,0
DA:192,6
DA:193,2
DA:194,2
DA:196,1
DA:197,1
DA:202,0
DA:204,1
DA:205,1
DA:210,0
DA:221,6
DA:222,2
DA:223,2
DA:225,1
DA:226,1
DA:231,0
DA:233,1
DA:234,1
DA:239,0
DA:248,6
DA:249,2
DA:250,2
DA:252,1
DA:253,1
DA:258,0
DA:260,1
DA:261,1
DA:266,0
DA:275,6
DA:276,2
DA:277,2
DA:279,1
DA:280,1
DA:285,0
DA:287,1
DA:288,1
DA:293,0
DA:303,6
DA:304,2
DA:305,2
DA:307,1
DA:308,1
DA:313,0
DA:316,1
DA:317,1
DA:322,0
LF:89
LH:70
BRDA:49,0,0,1
BRDA:49,0,1,0
BRDA:50,1,0,1
BRDA:50,1,1,0
BRDA:59,2,0,1
BRDA:59,2,1,0
BRDA:87,3,0,1
BRDA:87,3,1,0
BRDA:95,4,0,1
BRDA:95,4,1,0
BRDA:142,5,0,1
BRDA:142,5,1,0
BRDA:150,6,0,1
BRDA:150,6,1,0
BRDA:168,7,0,1
BRDA:168,7,1,0
BRDA:176,8,0,1
BRDA:176,8,1,0
BRDA:196,9,0,1
BRDA:196,9,1,0
BRDA:204,10,0,1
BRDA:204,10,1,0
BRDA:225,11,0,1
BRDA:225,11,1,0
BRDA:233,12,0,1
BRDA:233,12,1,0
BRDA:252,13,0,1
BRDA:252,13,1,0
BRDA:260,14,0,1
BRDA:260,14,1,0
BRDA:279,15,0,1
BRDA:279,15,1,0
BRDA:287,16,0,1
BRDA:287,16,1,0
BRDA:307,17,0,1
BRDA:307,17,1,0
BRDA:316,18,0,1
BRDA:316,18,1,0
BRF:38
BRH:19
end_of_record
TN:
SF:/Users/andeladeveloper/Desktop/hellobooks-fix/HelloBooks/client/actions/changePassword.js
FN:17,(anonymous_0)
FN:17,(anonymous_1)
FN:22,(anonymous_2)
FN:29,(anonymous_3)
FN:38,(anonymous_4)
FN:38,(anonymous_5)
FNF:6
FNH:4
FNDA:2,(anonymous_0)
FNDA:2,(anonymous_1)
FNDA:1,(anonymous_2)
FNDA:1,(anonymous_3)
FNDA:0,(anonymous_4)
FNDA:0,(anonymous_5)
DA:11,2
DA:17,2
DA:18,2
DA:21,2
DA:23,1
DA:24,1
DA:30,1
DA:31,1
DA:38,2
LF:9
LH:9
BRDA:23,0,0,1
BRDA:23,0,1,0
BRDA:30,1,0,1
BRDA:30,1,1,0
BRF:4
BRH:2
end_of_record
TN:
SF:/Users/andeladeveloper/Desktop/hellobooks-fix/HelloBooks/client/actions/getPdf.js
FN:15,(anonymous_0)
FN:15,(anonymous_1)
FN:18,(anonymous_2)
FN:26,(anonymous_3)
FNF:4
FNH:4
FNDA:2,(anonymous_0)
FNDA:2,(anonymous_1)
FNDA:1,(anonymous_2)
FNDA:1,(anonymous_3)
DA:10,1
DA:15,2
DA:16,2
DA:17,2
DA:19,1
DA:20,1
DA:25,0
DA:27,1
DA:28,1
DA:33,0
LF:10
LH:8
BRDA:19,0,0,1
BRDA:19,0,1,0
BRDA:27,1,0,1
BRDA:27,1,1,0
BRF:4
BRH:2
end_of_record
TN:
SF:/Users/andeladeveloper/Desktop/hellobooks-fix/HelloBooks/client/actions/getUser.js
FN:15,(anonymous_0)
FN:15,(anonymous_1)
FN:20,(anonymous_2)
FN:28,(anonymous_3)
FNF:4
FNH:4
FNDA:2,(anonymous_0)
FNDA:2,(anonymous_1)
FNDA:1,(anonymous_2)
FNDA:1,(anonymous_3)
DA:10,1
DA:15,2
DA:16,2
DA:19,2
DA:21,1
DA:22,1
DA:27,0
DA:29,1
DA:30,1
DA:35,0
LF:10
LH:8
BRDA:21,0,0,1
BRDA:21,0,1,0
BRDA:29,1,0,1
BRDA:29,1,1,0
BRF:4
BRH:2
end_of_record
TN:
SF:/Users/andeladeveloper/Desktop/hellobooks-fix/HelloBooks/client/actions/history.js
FN:19,(anonymous_0)
FN:19,(anonymous_1)
FN:22,(anonymous_2)
FN:30,(anonymous_3)
FN:45,(anonymous_4)
FN:45,(anonymous_5)
FN:48,(anonymous_6)
FN:56,(anonymous_7)
FNF:8
FNH:8
FNDA:2,(anonymous_0)
FNDA:2,(anonymous_1)
FNDA:1,(anonymous_2)
FNDA:1,(anonymous_3)
FNDA:2,(anonymous_4)
FNDA:2,(anonymous_5)
FNDA:1,(anonymous_6)
FNDA:1,(anonymous_7)
DA:14,4
DA:19,4
DA:20,2
DA:21,2
DA:23,1
DA:24,1
DA:29,0
DA:31,1
DA:32,1
DA:37,0
DA:45,4
DA:46,2
DA:47,2
DA:49,1
DA:50,1
DA:55,0
DA:57,1
DA:58,1
DA:63,0
LF:19
LH:15
BRDA:23,0,0,1
BRDA:23,0,1,0
BRDA:31,1,0,1
BRDA:31,1,1,0
BRDA:49,2,0,1
BRDA:49,2,1,0
BRDA:57,3,0,1
BRDA:57,3,1,0
BRF:8
BRH:4
end_of_record
TN:
SF:/Users/andeladeveloper/Desktop/hellobooks-fix/HelloBooks/client/actions/notification.js
FN:17,(anonymous_0)
FN:18,(anonymous_1)
FN:24,(anonymous_2)
FN:27,(anonymous_3)
FN:35,(anonymous_4)
FNF:5
FNH:5
FNDA:3,(anonymous_0)
FNDA:3,(anonymous_1)
FNDA:3,(anonymous_2)
FNDA:2,(anonymous_3)
FNDA:1,(anonymous_4)
DA:10,3
DA:17,3
DA:18,3
DA:19,3
DA:20,1
DA:22,2
DA:24,3
DA:25,3
DA:26,3
DA:28,2
DA:29,2
DA:34,0
DA:36,1
DA:37,1
DA:42,0
LF:15
LH:13
BRDA:19,0,0,1
BRDA:19,0,1,2
BRDA:28,1,0,2
BRDA:28,1,1,0
BRDA:36,2,0,1
BRDA:36,2,1,0
BRF:6
BRH:4
end_of_record
TN:
SF:/Users/andeladeveloper/Desktop/hellobooks-fix/HelloBooks/client/actions/updateUser.js
FN:17,(anonymous_0)
FN:17,(anonymous_1)
FN:22,(anonymous_2)
FN:30,(anonymous_3)
FN:43,(anonymous_4)
FN:43,(anonymous_5)
FNF:6
FNH:6
FNDA:2,(anonymous_0)
FNDA:2,(anonymous_1)
FNDA:1,(anonymous_2)
FNDA:1,(anonymous_3)
FNDA:1,(anonymous_4)
FNDA:1,(anonymous_5)
DA:11,1
DA:17,2
DA:18,2
DA:21,2
DA:23,1
DA:24,1
DA:29,0
DA:31,1
DA:32,1
DA:37,0
DA:43,1
LF:11
LH:9
BRDA:23,0,0,1
BRDA:23,0,1,0
BRDA:31,1,0,1
BRDA:31,1,1,0
BRF:4
BRH:2
end_of_record
TN:
SF:/Users/andeladeveloper/Desktop/hellobooks-fix/HelloBooks/client/actions/upload.js
FN:19,(anonymous_0)
FN:34,(anonymous_1)
FN:44,(anonymous_2)
FN:44,(anonymous_3)
FN:50,(anonymous_4)
FNF:5
FNH:0
FNDA:0,(anonymous_0)
FNDA:0,(anonymous_1)
FNDA:0,(anonymous_2)
FNDA:0,(anonymous_3)
FNDA:0,(anonymous_4)
DA:13,3
DA:19,3
DA:20,0
DA:21,0
DA:22,0
DA:23,0
DA:24,0
DA:25,0
DA:26,0
DA:32,0
DA:33,0
DA:34,0
DA:35,0
DA:37,0
DA:44,3
DA:45,0
DA:46,0
DA:48,0
DA:50,0
DA:51,0
DA:52,0
DA:53,0
DA:58,0
DA:63,0
DA:64,0
DA:69,0
LF:26
LH:3
BRDA:45,0,0,0
BRDA:45,0,1,0
BRDA:51,1,0,0
BRDA:51,1,1,0
BRDA:52,2,0,0
BRDA:52,2,1,0
BRDA:63,3,0,0
BRDA:63,3,1,0
BRF:8
BRH:0
end_of_record
TN:
SF:/Users/andeladeveloper/Desktop/hellobooks-fix/HelloBooks/client/actions/user.js
FN:38,(anonymous_0)
FN:46,(anonymous_1)
FN:47,(anonymous_2)
FN:50,(anonymous_3)
FN:57,(anonymous_4)
FN:70,(anonymous_5)
FN:71,(anonymous_6)
FN:74,(anonymous_7)
FN:86,(anonymous_8)
FN:98,(anonymous_9)
FN:98,(anonymous_10)
FN:105,(anonymous_11)
FN:106,(anonymous_12)
FN:109,(anonymous_13)
FN:119,(anonymous_14)
FN:132,(anonymous_15)
FN:132,(anonymous_16)
FN:139,(anonymous_17)
FN:139,(anonymous_18)
FN:146,(anonymous_19)
FN:147,(anonymous_20)
FN:150,(anonymous_21)
FN:157,(anonymous_22)
FN:171,(anonymous_23)
FN:172,(anonymous_24)
FN:175,(anonymous_25)
FN:182,(anonymous_26)
FN:194,(anonymous_27)
FN:194,(anonymous_28)
FN:200,(anonymous_29)
FN:200,(anonymous_30)
FN:206,(anonymous_31)
FN:206,(anonymous_32)
FNF:33
FNH:25
FNDA:2,(anonymous_0)
FNDA:2,(anonymous_1)
FNDA:2,(anonymous_2)
FNDA:1,(anonymous_3)
FNDA:1,(anonymous_4)
FNDA:2,(anonymous_5)
FNDA:2,(anonymous_6)
FNDA:1,(anonymous_7)
FNDA:1,(anonymous_8)
FNDA:0,(anonymous_9)
FNDA:0,(anonymous_10)
FNDA:2,(anonymous_11)
FNDA:2,(anonymous_12)
FNDA:1,(anonymous_13)
FNDA:1,(anonymous_14)
FNDA:0,(anonymous_15)
FNDA:0,(anonymous_16)
FNDA:0,(anonymous_17)
FNDA:0,(anonymous_18)
FNDA:2,(anonymous_19)
FNDA:2,(anonymous_20)
FNDA:1,(anonymous_21)
FNDA:1,(anonymous_22)
FNDA:2,(anonymous_23)
FNDA:2,(anonymous_24)
FNDA:1,(anonymous_25)
FNDA:1,(anonymous_26)
FNDA:1,(anonymous_27)
FNDA:1,(anonymous_28)
FNDA:1,(anonymous_29)
FNDA:1,(anonymous_30)
FNDA:0,(anonymous_31)
FNDA:0,(anonymous_32)
DA:32,4
DA:38,4
DA:46,4
DA:47,2
DA:48,2
DA:49,2
DA:51,1
DA:52,1
DA:58,1
DA:59,1
DA:70,4
DA:71,2
DA:72,2
DA:73,2
DA:75,1
DA:76,1
DA:80,1
DA:81,1
DA:82,1
DA:83,1
DA:87,1
DA:88,1
DA:98,4
DA:105,4
DA:106,2
DA:107,2
DA:108,2
DA:110,1
DA:111,1
DA:115,1
DA:116,1
DA:117,1
DA:120,1
DA:121,1
DA:132,4
DA:139,4
DA:146,4
DA:147,2
DA:148,2
DA:149,2
DA:151,1
DA:152,1
DA:158,1
DA:159,1
DA:171,4
DA:172,2
DA:173,2
DA:174,2
DA:176,1
DA:177,1
DA:183,1
DA:184,1
DA:194,4
DA:200,4
DA:206,4
DA:207,0
DA:208,0
DA:209,0
LF:58
LH:55
BRDA:51,0,0,1
BRDA:51,0,1,0
BRDA:58,1,0,1
BRDA:58,1,1,0
BRDA:75,2,0,1
BRDA:75,2,1,0
BRDA:87,3,0,1
BRDA:87,3,1,0
BRDA:110,4,0,1
BRDA:110,4,1,0
BRDA:120,5,0,1
BRDA:120,5,1,0
BRDA:151,6,0,1
BRDA:151,6,1,0
BRDA:158,7,0,1
BRDA:158,7,1,0
BRDA:176,8,0,1
BRDA:176,8,1,0
BRDA:183,9,0,1
BRDA:183,9,1,0
BRF:20
BRH:10
end_of_record
TN:
SF:/Users/andeladeveloper/Desktop/hellobooks-fix/HelloBooks/client/components/AllBorrowed.jsx
FN:17,(anonymous_0)
FN:23,(anonymous_1)
FN:30,(anonymous_2)
FN:46,(anonymous_3)
FN:73,(anonymous_4)
FNF:5
FNH:3
FNDA:5,(anonymous_0)
FNDA:1,(anonymous_1)
FNDA:5,(anonymous_2)
FNDA:0,(anonymous_3)
FNDA:0,(anonymous_4)
DA:18,5
DA:24,1
DA:31,5
DA:32,5
DA:46,0
DA:73,1
LF:6
LH:5
BRDA:43,0,0,1
BRDA:43,0,1,4
BRDA:45,1,0,0
BRDA:45,1,1,5
BRDA:45,2,0,5
BRDA:45,2,1,5
BRF:6
BRH:5
end_of_record
TN:
SF:/Users/andeladeveloper/Desktop/hellobooks-fix/HelloBooks/client/components/AllNotReturned.jsx
FN:19,(anonymous_0)
FN:25,(anonymous_1)
FN:32,(anonymous_2)
FN:49,(anonymous_3)
FN:76,(anonymous_4)
FNF:5
FNH:3
FNDA:5,(anonymous_0)
FNDA:2,(anonymous_1)
FNDA:5,(anonymous_2)
FNDA:0,(anonymous_3)
FNDA:0,(anonymous_4)
DA:20,5
DA:26,2
DA:33,5
DA:34,5
DA:49,0
DA:76,1
LF:6
LH:5
BRDA:47,0,0,1
BRDA:47,0,1,4
BRDA:49,1,0,0
BRDA:49,1,1,5
BRDA:49,2,0,5
BRDA:49,2,1,5
BRF:6
BRH:5
end_of_record
TN:
SF:/Users/andeladeveloper/Desktop/hellobooks-fix/HelloBooks/client/components/Books.jsx
FN:9,(anonymous_0)
FNF:1
FNH:1
FNDA:6,(anonymous_0)
DA:9,4
DA:10,6
DA:11,6
DA:17,6
LF:4
LH:4
BRF:0
BRH:0
end_of_record
TN:
SF:/Users/andeladeveloper/Desktop/hellobooks-fix/HelloBooks/client/components/ChangePassword.jsx
FN:19,(anonymous_0)
FN:34,(anonymous_1)
FN:53,(anonymous_2)
FN:60,(anonymous_3)
FN:69,(anonymous_4)
FN:81,(anonymous_5)
FN:124,(anonymous_6)
FNF:7
FNH:6
FNDA:8,(anonymous_0)
FNDA:1,(anonymous_1)
FNDA:1,(anonymous_2)
FNDA:1,(anonymous_3)
FNDA:1,(anonymous_4)
FNDA:12,(anonymous_5)
FNDA:0,(anonymous_6)
DA:20,8
DA:21,8
DA:27,8
DA:28,8
DA:35,1
DA:36,1
DA:37,1
DA:40,1
DA:42,1
DA:43,1
DA:44,1
DA:54,1
DA:61,1
DA:70,1
DA:71,1
DA:74,1
DA:75,1
DA:82,12
DA:88,12
DA:124,1
LF:20
LH:20
BRDA:35,0,0,1
BRDA:35,0,1,0
BRDA:42,1,0,1
BRDA:42,1,1,0
BRDA:91,2,0,1
BRDA:91,2,1,11
BRF:6
BRH:4
end_of_record
TN:
SF:/Users/andeladeveloper/Desktop/hellobooks-fix/HelloBooks/client/components/Confirm.jsx
FN:18,(anonymous_0)
FN:34,(anonymous_1)
FN:47,(anonymous_2)
FN:54,(anonymous_3)
FN:63,(anonymous_4)
FN:70,(anonymous_5)
FN:117,(anonymous_6)
FNF:7
FNH:6
FNDA:8,(anonymous_0)
FNDA:1,(anonymous_1)
FNDA:1,(anonymous_2)
FNDA:1,(anonymous_3)
FNDA:1,(anonymous_4)
FNDA:9,(anonymous_5)
FNDA:0,(anonymous_6)
DA:19,8
DA:20,8
DA:27,8
DA:28,8
DA:35,1
DA:36,1
DA:37,1
DA:39,1
DA:40,1
DA:48,1
DA:55,1
DA:56,1
DA:57,1
DA:64,1
DA:71,9
DA:77,9
DA:109,1
DA:117,1
LF:18
LH:18
BRDA:36,0,0,1
BRDA:36,0,1,0
BRDA:39,1,0,1
BRDA:39,1,1,0
BRF:4
BRH:2
end_of_record
TN:
SF:/Users/andeladeveloper/Desktop/hellobooks-fix/HelloBooks/client/components/EditBook.jsx
FN:17,(anonymous_0)
FN:37,(anonymous_1)
FN:44,(anonymous_2)
FN:86,(anonymous_3)
FN:100,(anonymous_4)
FN:111,(anonymous_5)
FN:121,(anonymous_6)
FN:133,(anonymous_7)
FN:145,(anonymous_8)
FN:157,(anonymous_9)
FN:168,(anonymous_10)
FN:302,(anonymous_11)
FNF:12
FNH:11
FNDA:9,(anonymous_0)
FNDA:9,(anonymous_1)
FNDA:1,(anonymous_2)
FNDA:10,(anonymous_3)
FNDA:1,(anonymous_4)
FNDA:1,(anonymous_5)
FNDA:1,(anonymous_6)
FNDA:1,(anonymous_7)
FNDA:1,(anonymous_8)
FNDA:1,(anonymous_9)
FNDA:19,(anonymous_10)
FNDA:0,(anonymous_11)
DA:18,9
DA:19,9
DA:27,9
DA:28,9
DA:29,9
DA:30,9
DA:31,9
DA:32,9
DA:38,9
DA:45,1
DA:46,1
DA:47,1
DA:58,1
DA:59,1
DA:64,1
DA:66,1
DA:67,1
DA:72,1
DA:74,1
DA:75,1
DA:87,10
DA:88,10
DA:89,0
DA:90,0
DA:92,10
DA:93,0
DA:101,1
DA:102,1
DA:103,1
DA:112,1
DA:113,1
DA:122,1
DA:123,1
DA:124,1
DA:134,1
DA:135,1
DA:136,1
DA:146,1
DA:147,1
DA:148,1
DA:158,1
DA:159,1
DA:160,1
DA:169,19
DA:173,19
DA:174,19
DA:175,19
DA:302,1
LF:48
LH:45
BRDA:46,0,0,1
BRDA:46,0,1,0
BRDA:58,1,0,1
BRDA:58,1,1,0
BRDA:66,2,0,1
BRDA:66,2,1,0
BRDA:74,3,0,1
BRDA:74,3,1,0
BRDA:74,4,0,1
BRDA:74,4,1,1
BRDA:88,5,0,0
BRDA:88,5,1,10
BRDA:92,6,0,0
BRDA:92,6,1,10
BRDA:178,7,0,1
BRDA:178,7,1,18
BRDA:179,8,0,1
BRDA:179,8,1,18
BRDA:180,9,0,19
BRDA:180,9,1,0
BRDA:260,10,0,1
BRDA:260,10,1,18
BRDA:270,11,0,1
BRDA:270,11,1,18
BRF:24
BRH:17
end_of_record
TN:
SF:/Users/andeladeveloper/Desktop/hellobooks-fix/HelloBooks/client/components/EmailForm.jsx
FN:7,(anonymous_0)
FNF:1
FNH:1
FNDA:11,(anonymous_0)
DA:7,2
DA:8,11
LF:2
LH:2
BRF:0
BRH:0
end_of_record
TN:
SF:/Users/andeladeveloper/Desktop/hellobooks-fix/HelloBooks/client/components/Home.jsx
FN:17,(anonymous_0)
FN:26,(anonymous_1)
FN:41,(anonymous_2)
FN:69,(anonymous_3)
FNF:4
FNH:3
FNDA:7,(anonymous_0)
FNDA:7,(anonymous_1)
FNDA:6,(anonymous_2)
FNDA:0,(anonymous_3)
DA:18,7
DA:19,7
DA:27,7
DA:28,7
DA:41,6
DA:61,1
DA:69,1
LF:7
LH:7
BRDA:18,0,0,7
BRDA:18,0,1,0
BRDA:39,1,0,3
BRDA:39,1,1,4
BRDA:41,2,0,6
BRDA:41,2,1,1
BRF:6
BRH:5
end_of_record
TN:
SF:/Users/andeladeveloper/Desktop/hellobooks-fix/HelloBooks/client/components/Landing.jsx
FN:15,(anonymous_0)
FNF:1
FNH:1
FNDA:1,(anonymous_0)
DA:4,1
DA:15,1
DA:16,1
LF:3
LH:3
BRF:0
BRH:0
end_of_record
TN:
SF:/Users/andeladeveloper/Desktop/hellobooks-fix/HelloBooks/client/components/Notification.jsx
FN:11,(anonymous_0)
FNF:1
FNH:1
FNDA:1,(anonymous_0)
DA:11,2
DA:12,1
DA:13,1
DA:19,1
LF:4
LH:4
BRDA:24,0,0,1
BRDA:24,0,1,0
BRF:2
BRH:1
end_of_record
TN:
SF:/Users/andeladeveloper/Desktop/hellobooks-fix/HelloBooks/client/components/Notifications.jsx
FN:15,(anonymous_0)
FN:25,(anonymous_1)
FN:40,(anonymous_2)
FN:61,(anonymous_3)
FNF:4
FNH:3
FNDA:3,(anonymous_0)
FNDA:3,(anonymous_1)
FNDA:6,(anonymous_2)
FNDA:0,(anonymous_3)
DA:16,3
DA:17,3
DA:26,3
DA:27,3
DA:32,3
DA:40,6
DA:61,1
LF:7
LH:7
BRDA:38,0,0,2
BRDA:38,0,1,1
BRDA:38,1,0,3
BRDA:38,1,1,3
BRF:4
BRH:4
end_of_record
TN:
SF:/Users/andeladeveloper/Desktop/hellobooks-fix/HelloBooks/client/components/PasswordForm.jsx
FN:7,(anonymous_0)
FNF:1
FNH:1
FNDA:6,(anonymous_0)
DA:7,2
DA:8,6
LF:2
LH:2
BRF:0
BRH:0
end_of_record
TN:
SF:/Users/andeladeveloper/Desktop/hellobooks-fix/HelloBooks/client/components/Signin.jsx
FN:18,(anonymous_0)
FN:30,(anonymous_1)
FN:45,(anonymous_2)
FN:52,(anonymous_3)
FN:60,(anonymous_4)
FN:123,(anonymous_5)
FNF:6
FNH:5
FNDA:13,(anonymous_0)
FNDA:3,(anonymous_1)
FNDA:1,(anonymous_2)
FNDA:1,(anonymous_3)
FNDA:14,(anonymous_4)
FNDA:0,(anonymous_5)
DA:19,13
DA:20,13
DA:23,13
DA:24,13
DA:31,3
DA:32,3
DA:34,1
DA:35,1
DA:37,3
DA:38,2
DA:46,1
DA:53,1
DA:54,1
DA:55,1
DA:61,14
DA:66,14
DA:114,1
DA:123,1
LF:18
LH:18
BRDA:32,0,0,1
BRDA:32,0,1,2
BRDA:32,1,0,3
BRDA:32,1,1,1
BRDA:37,2,0,2
BRDA:37,2,1,1
BRF:6
BRH:6
end_of_record
TN:
SF:/Users/andeladeveloper/Desktop/hellobooks-fix/HelloBooks/client/components/Signup.jsx
FN:19,(anonymous_0)
FN:28,(anonymous_1)
FN:41,(anonymous_2)
FN:48,(anonymous_3)
FN:56,(anonymous_4)
FN:105,(anonymous_5)
FNF:6
FNH:5
FNDA:11,(anonymous_0)
FNDA:2,(anonymous_1)
FNDA:1,(anonymous_2)
FNDA:1,(anonymous_3)
FNDA:12,(anonymous_4)
FNDA:0,(anonymous_5)
DA:20,11
DA:21,11
DA:22,11
DA:29,2
DA:30,2
DA:31,0
DA:33,2
DA:34,1
DA:42,1
DA:49,1
DA:50,1
DA:51,1
DA:57,12
DA:58,12
DA:64,12
DA:98,1
DA:105,1
LF:17
LH:16
BRDA:30,0,0,0
BRDA:30,0,1,2
BRDA:30,1,0,2
BRDA:30,1,1,2
BRDA:33,2,0,1
BRDA:33,2,1,1
BRF:6
BRH:5
end_of_record
TN:
SF:/Users/andeladeveloper/Desktop/hellobooks-fix/HelloBooks/client/components/UploadBook.jsx
FN:36,(anonymous_0)
FN:50,(anonymous_1)
FN:93,(anonymous_2)
FN:110,(anonymous_3)
FN:116,(anonymous_4)
FN:120,(anonymous_5)
FN:126,(anonymous_6)
FN:133,(anonymous_7)
FN:140,(anonymous_8)
FN:149,(anonymous_9)
FN:161,(anonymous_10)
FN:288,(anonymous_11)
FNF:12
FNH:11
FNDA:11,(anonymous_0)
FNDA:1,(anonymous_1)
FNDA:10,(anonymous_2)
FNDA:1,(anonymous_3)
FNDA:1,(anonymous_4)
FNDA:1,(anonymous_5)
FNDA:1,(anonymous_6)
FNDA:1,(anonymous_7)
FNDA:1,(anonymous_8)
FNDA:1,(anonymous_9)
FNDA:21,(anonymous_10)
FNDA:0,(anonymous_11)
DA:10,1
DA:37,11
DA:38,11
DA:39,11
DA:40,11
DA:41,11
DA:42,11
DA:43,11
DA:44,11
DA:53,1
DA:54,1
DA:55,1
DA:60,1
DA:61,1
DA:66,1
DA:67,1
DA:71,1
DA:72,1
DA:77,1
DA:78,0
DA:79,0
DA:81,1
DA:82,0
DA:96,10
DA:97,10
DA:98,0
DA:100,10
DA:101,0
DA:103,10
DA:104,0
DA:106,10
DA:107,0
DA:111,1
DA:112,1
DA:117,1
DA:118,1
DA:121,1
DA:122,1
DA:127,1
DA:128,1
DA:129,1
DA:134,1
DA:135,1
DA:136,1
DA:141,1
DA:142,1
DA:143,1
DA:150,1
DA:151,1
DA:152,1
DA:162,21
DA:166,21
DA:167,21
DA:168,21
DA:285,1
DA:288,1
LF:56
LH:49
BRDA:54,0,0,1
BRDA:54,0,1,0
BRDA:60,1,0,1
BRDA:60,1,1,0
BRDA:66,2,0,1
BRDA:66,2,1,0
BRDA:66,3,0,1
BRDA:66,3,1,1
BRDA:71,4,0,1
BRDA:71,4,1,0
BRDA:77,5,0,0
BRDA:77,5,1,1
BRDA:81,6,0,0
BRDA:81,6,1,1
BRDA:97,7,0,0
BRDA:97,7,1,10
BRDA:100,8,0,0
BRDA:100,8,1,10
BRDA:103,9,0,0
BRDA:103,9,1,10
BRDA:106,10,0,0
BRDA:106,10,1,10
BRDA:171,11,0,21
BRDA:171,11,1,0
BRDA:172,12,0,1
BRDA:172,12,1,20
BRDA:173,13,0,1
BRDA:173,13,1,20
BRDA:250,14,0,1
BRDA:250,14,1,20
BRDA:260,15,0,1
BRDA:260,15,1,20
BRF:32
BRH:21
end_of_record
TN:
SF:/Users/andeladeveloper/Desktop/hellobooks-fix/HelloBooks/client/reducers/auth.js
FN:18,(anonymous_0)
FNF:1
FNH:1
FNDA:103,(anonymous_0)
DA:7,14
DA:9,14
DA:19,103
DA:21,0
DA:25,103
LF:5
LH:4
BRDA:18,0,0,102
BRDA:18,1,0,1
BRDA:19,2,0,0
BRDA:19,2,1,103
BRF:4
BRH:3
end_of_record
TN:
SF:/Users/andeladeveloper/Desktop/hellobooks-fix/HelloBooks/client/reducers/book.js
FN:43,(anonymous_0)
FN:81,(anonymous_1)
FN:123,(anonymous_2)
FN:155,(anonymous_3)
FN:197,(anonymous_4)
FN:224,(anonymous_5)
FN:256,(anonymous_6)
FN:302,(anonymous_7)
FN:345,(anonymous_8)
FNF:9
FNH:9
FNDA:103,(anonymous_0)
FNDA:101,(anonymous_1)
FNDA:101,(anonymous_2)
FNDA:104,(anonymous_3)
FNDA:103,(anonymous_4)
FNDA:103,(anonymous_5)
FNDA:103,(anonymous_6)
FNDA:103,(anonymous_7)
FNDA:103,(anonymous_8)
DA:37,14
DA:38,14
DA:43,14
DA:44,103
DA:46,0
DA:52,1
DA:59,1
DA:65,101
DA:68,14
DA:75,14
DA:81,14
DA:82,101
DA:84,0
DA:90,0
DA:98,0
DA:105,0
DA:113,101
DA:116,14
DA:123,14
DA:124,101
DA:126,0
DA:132,0
DA:139,0
DA:145,101
DA:149,14
DA:155,14
DA:156,104
DA:158,0
DA:164,1
DA:172,1
DA:179,1
DA:187,101
DA:191,14
DA:197,14
DA:198,103
DA:200,0
DA:206,1
DA:214,1
DA:220,101
DA:224,14
DA:225,103
DA:227,0
DA:233,1
DA:240,1
DA:246,101
DA:249,14
DA:256,14
DA:257,103
DA:259,0
DA:265,1
DA:273,1
DA:280,0
DA:288,101
DA:292,14
DA:302,14
DA:303,103
DA:305,0
DA:311,1
DA:318,1
DA:325,0
DA:331,101
DA:335,14
DA:345,14
DA:346,103
DA:348,0
DA:354,1
DA:361,1
DA:367,101
LF:68
LH:52
BRDA:43,0,0,101
BRDA:43,1,0,0
BRDA:44,2,0,0
BRDA:44,2,1,1
BRDA:44,2,2,1
BRDA:44,2,3,101
BRDA:81,3,0,101
BRDA:81,4,0,0
BRDA:82,5,0,0
BRDA:82,5,1,0
BRDA:82,5,2,0
BRDA:82,5,3,0
BRDA:82,5,4,101
BRDA:123,6,0,101
BRDA:123,7,0,0
BRDA:124,8,0,0
BRDA:124,8,1,0
BRDA:124,8,2,0
BRDA:124,8,3,101
BRDA:155,9,0,101
BRDA:155,10,0,0
BRDA:156,11,0,0
BRDA:156,11,1,1
BRDA:156,11,2,1
BRDA:156,11,3,1
BRDA:156,11,4,101
BRDA:197,12,0,103
BRDA:197,13,0,0
BRDA:198,14,0,0
BRDA:198,14,1,1
BRDA:198,14,2,1
BRDA:198,14,3,101
BRDA:224,15,0,101
BRDA:224,16,0,0
BRDA:225,17,0,0
BRDA:225,17,1,1
BRDA:225,17,2,1
BRDA:225,17,3,101
BRDA:256,18,0,101
BRDA:256,19,0,0
BRDA:257,20,0,0
BRDA:257,20,1,1
BRDA:257,20,2,1
BRDA:257,20,3,0
BRDA:257,20,4,101
BRDA:302,21,0,101
BRDA:302,22,0,0
BRDA:303,23,0,0
BRDA:303,23,1,1
BRDA:303,23,2,1
BRDA:303,23,3,0
BRDA:303,23,4,101
BRDA:345,24,0,101
BRDA:345,25,0,0
BRDA:346,26,0,0
BRDA:346,26,1,1
BRDA:346,26,2,1
BRDA:346,26,3,101
BRF:58
BRH:33
end_of_record
TN:
SF:/Users/andeladeveloper/Desktop/hellobooks-fix/HelloBooks/client/reducers/changePassword.js
FN:20,(anonymous_0)
FNF:1
FNH:1
FNDA:103,(anonymous_0)
DA:8,14
DA:10,14
DA:21,103
DA:23,0
DA:29,1
DA:36,1
DA:43,0
DA:50,101
LF:8
LH:6
BRDA:20,0,0,101
BRDA:20,1,0,0
BRDA:21,2,0,0
BRDA:21,2,1,1
BRDA:21,2,2,1
BRDA:21,2,3,0
BRDA:21,2,4,101
BRF:7
BRH:4
end_of_record
TN:
SF:/Users/andeladeveloper/Desktop/hellobooks-fix/HelloBooks/client/reducers/getPdf.js
FN:19,(anonymous_0)
FNF:1
FNH:1
FNDA:103,(anonymous_0)
DA:7,14
DA:9,14
DA:19,14
DA:20,103
DA:22,0
DA:28,1
DA:35,1
DA:41,101
LF:8
LH:7
BRDA:19,0,0,101
BRDA:19,1,0,0
BRDA:20,2,0,0
BRDA:20,2,1,1
BRDA:20,2,2,1
BRDA:20,2,3,101
BRF:6
BRH:4
end_of_record
TN:
SF:/Users/andeladeveloper/Desktop/hellobooks-fix/HelloBooks/client/reducers/getUser.js
FN:19,(anonymous_0)
FNF:1
FNH:1
FNDA:103,(anonymous_0)
DA:7,14
DA:9,14
DA:19,14
DA:20,103
DA:22,0
DA:28,1
DA:35,1
DA:41,101
LF:8
LH:7
BRDA:19,0,0,101
BRDA:19,1,0,0
BRDA:20,2,0,0
BRDA:20,2,1,1
BRDA:20,2,2,1
BRDA:20,2,3,101
BRF:6
BRH:4
end_of_record
TN:
SF:/Users/andeladeveloper/Desktop/hellobooks-fix/HelloBooks/client/reducers/history.js
FN:22,(anonymous_0)
FN:59,(anonymous_1)
FNF:2
FNH:2
FNDA:102,(anonymous_0)
FNDA:102,(anonymous_1)
DA:11,14
DA:13,14
DA:22,14
DA:23,102
DA:25,0
DA:31,1
DA:38,0
DA:45,0
DA:51,101
DA:54,14
DA:59,14
DA:60,102
DA:62,0
DA:68,1
DA:75,0
DA:82,0
DA:88,101
LF:17
LH:11
BRDA:22,0,0,101
BRDA:22,1,0,0
BRDA:23,2,0,0
BRDA:23,2,1,1
BRDA:23,2,2,0
BRDA:23,2,3,0
BRDA:23,2,4,101
BRDA:59,3,0,101
BRDA:59,4,0,0
BRDA:60,5,0,0
BRDA:60,5,1,1
BRDA:60,5,2,0
BRDA:60,5,3,0
BRDA:60,5,4,101
BRF:14
BRH:6
end_of_record
TN:
SF:/Users/andeladeveloper/Desktop/hellobooks-fix/HelloBooks/client/reducers/index.js
FNF:0
FNH:0
DA:26,13
LF:1
LH:1
BRF:0
BRH:0
end_of_record
TN:
SF:/Users/andeladeveloper/Desktop/hellobooks-fix/HelloBooks/client/reducers/notification.js
FN:30,(anonymous_0)
FNF:1
FNH:1
FNDA:102,(anonymous_0)
DA:7,14
DA:9,14
DA:20,14
DA:30,14
DA:31,102
DA:33,0
DA:39,1
DA:46,0
DA:52,101
LF:9
LH:7
BRDA:30,0,0,101
BRDA:30,1,0,0
BRDA:31,2,0,0
BRDA:31,2,1,1
BRDA:31,2,2,0
BRDA:31,2,3,101
BRF:6
BRH:3
end_of_record
TN:
SF:/Users/andeladeveloper/Desktop/hellobooks-fix/HelloBooks/client/reducers/updateUser.js
FN:20,(anonymous_0)
FNF:1
FNH:1
FNDA:101,(anonymous_0)
DA:8,14
DA:10,14
DA:21,101
DA:23,0
DA:29,0
DA:36,0
DA:43,0
DA:49,101
LF:8
LH:4
BRDA:20,0,0,101
BRDA:20,1,0,0
BRDA:21,2,0,0
BRDA:21,2,1,0
BRDA:21,2,2,0
BRDA:21,2,3,0
BRDA:21,2,4,101
BRF:7
BRH:2
end_of_record
TN:
SF:/Users/andeladeveloper/Desktop/hellobooks-fix/HelloBooks/client/reducers/upload.js
FN:22,(anonymous_0)
FN:52,(anonymous_1)
FNF:2
FNH:2
FNDA:102,(anonymous_0)
FNDA:102,(anonymous_1)
DA:10,14
DA:12,14
DA:22,14
DA:23,102
DA:25,0
DA:31,1
DA:38,0
DA:44,101
DA:52,14
DA:53,102
DA:55,0
DA:61,1
DA:68,0
DA:74,101
LF:14
LH:10
BRDA:22,0,0,101
BRDA:22,1,0,0
BRDA:23,2,0,0
BRDA:23,2,1,1
BRDA:23,2,2,0
BRDA:23,2,3,101
BRDA:52,3,0,101
BRDA:52,4,0,0
BRDA:53,5,0,0
BRDA:53,5,1,1
BRDA:53,5,2,0
BRDA:53,5,3,101
BRF:12
BRH:6
end_of_record
TN:
SF:/Users/andeladeveloper/Desktop/hellobooks-fix/HelloBooks/client/reducers/user.js
FN:39,(anonymous_0)
FN:83,(anonymous_1)
FN:125,(anonymous_2)
FN:167,(anonymous_3)
FN:209,(anonymous_4)
FNF:5
FNH:5
FNDA:102,(anonymous_0)
FNDA:102,(anonymous_1)
FNDA:101,(anonymous_2)
FNDA:102,(anonymous_3)
FNDA:102,(anonymous_4)
DA:26,14
DA:28,14
DA:39,14
DA:40,102
DA:42,0
DA:48,1
DA:55,0
DA:62,0
DA:69,101
DA:73,14
DA:83,14
DA:84,102
DA:86,0
DA:92,1
DA:99,0
DA:106,0
DA:112,101
DA:115,14
DA:125,14
DA:126,101
DA:128,0
DA:134,0
DA:141,0
DA:148,0
DA:154,101
DA:157,14
DA:167,14
DA:168,102
DA:170,0
DA:176,1
DA:183,0
DA:190,0
DA:196,101
DA:199,14
DA:209,14
DA:210,102
DA:212,0
DA:218,1
DA:225,0
DA:232,0
DA:239,101
LF:41
LH:25
BRDA:39,0,0,101
BRDA:39,1,0,0
BRDA:40,2,0,0
BRDA:40,2,1,1
BRDA:40,2,2,0
BRDA:40,2,3,0
BRDA:40,2,4,101
BRDA:83,3,0,101
BRDA:83,4,0,0
BRDA:84,5,0,0
BRDA:84,5,1,1
BRDA:84,5,2,0
BRDA:84,5,3,0
BRDA:84,5,4,101
BRDA:125,6,0,101
BRDA:125,7,0,0
BRDA:126,8,0,0
BRDA:126,8,1,0
BRDA:126,8,2,0
BRDA:126,8,3,0
BRDA:126,8,4,101
BRDA:167,9,0,101
BRDA:167,10,0,0
BRDA:168,11,0,0
BRDA:168,11,1,1
BRDA:168,11,2,0
BRDA:168,11,3,0
BRDA:168,11,4,101
BRDA:209,12,0,101
BRDA:209,13,0,0
BRDA:210,14,0,0
BRDA:210,14,1,1
BRDA:210,14,2,0
BRDA:210,14,3,0
BRDA:210,14,4,101
BRF:35
BRH:14
end_of_record
TN:
SF:/Users/andeladeveloper/Desktop/hellobooks-fix/HelloBooks/client/store/store.js
FN:5,(anonymous_0)
FN:9,(anonymous_1)
FNF:2
FNH:2
FNDA:75,(anonymous_0)
FNDA:75,(anonymous_1)
DA:5,75
DA:9,75
LF:2
LH:2
BRDA:9,0,0,0
BRDA:9,0,1,75
BRF:2
BRH:1
end_of_record
TN:
SF:/Users/andeladeveloper/Desktop/hellobooks-fix/HelloBooks/client/test/apiEndPoints.js
FNF:0
FNH:0
DA:3,1
DA:4,1
DA:5,1
DA:6,1
DA:7,1
DA:8,1
DA:9,1
DA:10,1
DA:11,1
DA:12,1
DA:13,1
DA:14,1
DA:15,1
DA:16,1
DA:17,1
DA:18,1
DA:19,1
DA:20,1
DA:21,1
DA:22,1
DA:23,1
DA:24,1
DA:25,1
LF:23
LH:23
BRF:0
BRH:0
end_of_record
TN:
SF:/Users/andeladeveloper/Desktop/hellobooks-fix/HelloBooks/client/test/mockData.js
FNF:0
FNH:0
DA:1,2
DA:43,2
DA:47,2
DA:53,2
DA:57,2
DA:61,2
DA:64,2
DA:67,2
DA:77,2
DA:80,2
DA:92,2
DA:95,2
DA:99,2
DA:123,2
DA:127,2
DA:132,2
DA:137,2
DA:142,2
DA:148,2
DA:159,2
DA:165,2
DA:177,2
DA:183,2
DA:199,2
DA:205,2
DA:208,2
DA:213,2
DA:229,2
DA:234,2
DA:239,2
DA:242,2
DA:248,2
DA:253,2
DA:257,2
DA:262,2
DA:267,2
DA:272,2
DA:277,2
DA:278,2
DA:279,2
DA:284,2
DA:289,2
DA:294,2
LF:43
LH:43
BRF:0
BRH:0
end_of_record
TN:
SF:/Users/andeladeveloper/Desktop/hellobooks-fix/HelloBooks/client/test/mockDataStorage.js
FNF:0
FNH:0
DA:1,1
DA:5,1
DA:11,0
DA:14,0
DA:17,0
LF:5
LH:2
BRF:0
BRH:0
end_of_record
TN:
SF:/Users/andeladeveloper/Desktop/hellobooks-fix/HelloBooks/client/test/__mock__/browserHistory.js
FNF:0
FNH:0
DA:3,15
DA:4,15
LF:2
LH:2
BRF:0
BRH:0
end_of_record
TN:
SF:/Users/andeladeveloper/Desktop/hellobooks-fix/HelloBooks/client/types/types.js
FNF:0
FNH:0
LF:0
LH:0
BRF:0
BRH:0
end_of_record
TN:
SF:/Users/andeladeveloper/Desktop/hellobooks-fix/HelloBooks/client/utils/setAuthToken.js
FN:7,(anonymous_0)
FNF:1
FNH:1
FNDA:2,(anonymous_0)
DA:7,4
DA:8,2
DA:9,2
DA:11,0
LF:4
LH:3
BRDA:8,0,0,2
BRDA:8,0,1,0
BRF:2
BRH:1
end_of_record
TN:
SF:/Users/andeladeveloper/Desktop/hellobooks-fix/HelloBooks/client/utils/url.js
FNF:0
FNH:0
DA:1,12
LF:1
LH:1
BRF:0
BRH:0
end_of_record
