TN:
SF:/Users/andeladeveloper/Desktop/hellobooks-fix/HelloBooks/client/actions/books.js
FN:55,(anonymous_0)
FN:55,(anonymous_1)
FN:58,(anonymous_2)
FN:68,(anonymous_3)
FN:85,(anonymous_4)
FN:85,(anonymous_5)
FN:97,(anonymous_6)
FN:97,(anonymous_7)
FN:100,(anonymous_8)
FN:108,(anonymous_9)
FN:125,(anonymous_10)
FN:125,(anonymous_11)
FN:133,(anonymous_12)
FN:133,(anonymous_13)
FN:141,(anonymous_14)
FN:141,(anonymous_15)
FN:149,(anonymous_16)
FN:149,(anonymous_17)
FN:157,(anonymous_18)
FN:157,(anonymous_19)
FN:168,(anonymous_20)
FN:168,(anonymous_21)
FN:171,(anonymous_22)
FN:179,(anonymous_23)
FN:196,(anonymous_24)
FN:196,(anonymous_25)
FN:199,(anonymous_26)
FN:207,(anonymous_27)
FN:226,(anonymous_28)
FN:226,(anonymous_29)
FN:229,(anonymous_30)
FN:237,(anonymous_31)
FN:254,(anonymous_32)
FN:254,(anonymous_33)
FN:257,(anonymous_34)
FN:265,(anonymous_35)
FN:282,(anonymous_36)
FN:282,(anonymous_37)
FN:285,(anonymous_38)
FN:293,(anonymous_39)
FN:311,(anonymous_40)
FN:311,(anonymous_41)
FN:314,(anonymous_42)
FN:322,(anonymous_43)
FN:340,(anonymous_44)
FN:340,(anonymous_45)
FN:343,(anonymous_46)
FN:351,(anonymous_47)
FN:369,(anonymous_48)
FN:369,(anonymous_49)
FN:372,(anonymous_50)
FN:380,(anonymous_51)
FN:399,(anonymous_52)
FN:399,(anonymous_53)
FN:402,(anonymous_54)
FN:411,(anonymous_55)
FNF:56
FNH:50
FNDA:2,(anonymous_0)
FNDA:2,(anonymous_1)
FNDA:1,(anonymous_2)
FNDA:1,(anonymous_3)
FNDA:0,(anonymous_4)
FNDA:0,(anonymous_5)
FNDA:2,(anonymous_6)
FNDA:2,(anonymous_7)
FNDA:1,(anonymous_8)
FNDA:1,(anonymous_9)
FNDA:1,(anonymous_10)
FNDA:1,(anonymous_11)
FNDA:1,(anonymous_12)
FNDA:1,(anonymous_13)
FNDA:1,(anonymous_14)
FNDA:1,(anonymous_15)
FNDA:1,(anonymous_16)
FNDA:1,(anonymous_17)
FNDA:1,(anonymous_18)
FNDA:1,(anonymous_19)
FNDA:2,(anonymous_20)
FNDA:2,(anonymous_21)
FNDA:1,(anonymous_22)
FNDA:1,(anonymous_23)
FNDA:2,(anonymous_24)
FNDA:2,(anonymous_25)
FNDA:1,(anonymous_26)
FNDA:1,(anonymous_27)
FNDA:2,(anonymous_28)
FNDA:2,(anonymous_29)
FNDA:1,(anonymous_30)
FNDA:1,(anonymous_31)
FNDA:2,(anonymous_32)
FNDA:2,(anonymous_33)
FNDA:1,(anonymous_34)
FNDA:1,(anonymous_35)
FNDA:0,(anonymous_36)
FNDA:0,(anonymous_37)
FNDA:0,(anonymous_38)
FNDA:0,(anonymous_39)
FNDA:2,(anonymous_40)
FNDA:2,(anonymous_41)
FNDA:1,(anonymous_42)
FNDA:1,(anonymous_43)
FNDA:2,(anonymous_44)
FNDA:2,(anonymous_45)
FNDA:1,(anonymous_46)
FNDA:1,(anonymous_47)
FNDA:2,(anonymous_48)
FNDA:2,(anonymous_49)
FNDA:1,(anonymous_50)
FNDA:1,(anonymous_51)
FNDA:2,(anonymous_52)
FNDA:2,(anonymous_53)
FNDA:1,(anonymous_54)
FNDA:1,(anonymous_55)
DA:47,6
DA:55,6
DA:56,2
DA:57,2
DA:59,1
DA:60,1
DA:61,1
DA:67,0
DA:69,1
DA:70,1
DA:75,0
DA:85,6
DA:86,0
DA:97,6
DA:98,2
DA:99,2
DA:101,1
DA:102,1
DA:107,0
DA:109,1
DA:110,1
DA:111,1
DA:117,0
DA:125,6
DA:133,6
DA:141,6
DA:149,6
DA:157,6
DA:168,6
DA:169,2
DA:170,2
DA:172,1
DA:173,1
DA:178,0
DA:180,1
DA:181,1
DA:186,0
DA:196,6
DA:197,2
DA:198,2
DA:200,1
DA:201,1
DA:206,0
DA:208,1
DA:209,1
DA:214,0
DA:226,6
DA:227,2
DA:228,2
DA:230,1
DA:231,1
DA:236,0
DA:238,1
DA:239,1
DA:244,0
DA:254,6
DA:255,2
DA:256,2
DA:258,1
DA:259,1
DA:264,0
DA:266,1
DA:267,1
DA:272,0
DA:282,6
DA:283,0
DA:284,0
DA:286,0
DA:287,0
DA:292,0
DA:294,0
DA:295,0
DA:300,0
DA:311,6
DA:312,2
DA:313,2
DA:315,1
DA:316,1
DA:321,0
DA:323,1
DA:324,1
DA:329,0
DA:340,6
DA:341,2
DA:342,2
DA:344,1
DA:345,1
DA:350,0
DA:352,1
DA:353,1
DA:358,0
DA:369,6
DA:370,2
DA:371,2
DA:373,1
DA:374,1
DA:379,0
DA:381,1
DA:382,1
DA:387,0
DA:399,6
DA:400,2
DA:401,2
DA:403,1
DA:404,1
DA:409,0
DA:412,1
DA:413,1
DA:418,0
LF:109
LH:80
BRDA:59,0,0,1
BRDA:59,0,1,0
BRDA:60,1,0,1
BRDA:60,1,1,0
BRDA:69,2,0,1
BRDA:69,2,1,0
BRDA:101,3,0,1
BRDA:101,3,1,0
BRDA:109,4,0,1
BRDA:109,4,1,0
BRDA:110,5,0,1
BRDA:110,5,1,0
BRDA:172,6,0,1
BRDA:172,6,1,0
BRDA:180,7,0,1
BRDA:180,7,1,0
BRDA:200,8,0,1
BRDA:200,8,1,0
BRDA:208,9,0,1
BRDA:208,9,1,0
BRDA:230,10,0,1
BRDA:230,10,1,0
BRDA:238,11,0,1
BRDA:238,11,1,0
BRDA:258,12,0,1
BRDA:258,12,1,0
BRDA:266,13,0,1
BRDA:266,13,1,0
BRDA:286,14,0,0
BRDA:286,14,1,0
BRDA:294,15,0,0
BRDA:294,15,1,0
BRDA:315,16,0,1
BRDA:315,16,1,0
BRDA:323,17,0,1
BRDA:323,17,1,0
BRDA:344,18,0,1
BRDA:344,18,1,0
BRDA:352,19,0,1
BRDA:352,19,1,0
BRDA:373,20,0,1
BRDA:373,20,1,0
BRDA:381,21,0,1
BRDA:381,21,1,0
BRDA:403,22,0,1
BRDA:403,22,1,0
BRDA:412,23,0,1
BRDA:412,23,1,0
BRF:48
BRH:22
end_of_record
TN:
SF:/Users/andeladeveloper/Desktop/hellobooks-fix/HelloBooks/client/actions/changePassword.js
FN:20,(anonymous_0)
FN:20,(anonymous_1)
FN:25,(anonymous_2)
FN:32,(anonymous_3)
FN:48,(anonymous_4)
FN:48,(anonymous_5)
FNF:6
FNH:4
FNDA:2,(anonymous_0)
FNDA:2,(anonymous_1)
FNDA:1,(anonymous_2)
FNDA:1,(anonymous_3)
FNDA:0,(anonymous_4)
FNDA:0,(anonymous_5)
DA:11,2
DA:20,2
DA:21,2
DA:24,2
DA:26,1
DA:27,1
DA:33,1
DA:34,1
DA:48,2
LF:9
LH:9
BRDA:26,0,0,1
BRDA:26,0,1,0
BRDA:33,1,0,1
BRDA:33,1,1,0
BRF:4
BRH:2
end_of_record
TN:
SF:/Users/andeladeveloper/Desktop/hellobooks-fix/HelloBooks/client/actions/getPdf.js
FN:18,(anonymous_0)
FN:18,(anonymous_1)
FN:21,(anonymous_2)
FN:29,(anonymous_3)
FNF:4
FNH:4
FNDA:2,(anonymous_0)
FNDA:2,(anonymous_1)
FNDA:1,(anonymous_2)
FNDA:1,(anonymous_3)
DA:10,1
DA:18,2
DA:19,2
DA:20,2
DA:22,1
DA:23,1
DA:28,0
DA:30,1
DA:31,1
DA:36,0
LF:10
LH:8
BRDA:22,0,0,1
BRDA:22,0,1,0
BRDA:30,1,0,1
BRDA:30,1,1,0
BRF:4
BRH:2
end_of_record
TN:
SF:/Users/andeladeveloper/Desktop/hellobooks-fix/HelloBooks/client/actions/getUser.js
FN:18,(anonymous_0)
FN:18,(anonymous_1)
FN:23,(anonymous_2)
FN:31,(anonymous_3)
FNF:4
FNH:4
FNDA:2,(anonymous_0)
FNDA:2,(anonymous_1)
FNDA:1,(anonymous_2)
FNDA:1,(anonymous_3)
DA:10,1
DA:18,2
DA:19,2
DA:22,2
DA:24,1
DA:25,1
DA:30,0
DA:32,1
DA:33,1
DA:38,0
LF:10
LH:8
BRDA:24,0,0,1
BRDA:24,0,1,0
BRDA:32,1,0,1
BRDA:32,1,1,0
BRF:4
BRH:2
end_of_record
TN:
SF:/Users/andeladeveloper/Desktop/hellobooks-fix/HelloBooks/client/actions/history.js
FN:22,(anonymous_0)
FN:22,(anonymous_1)
FN:25,(anonymous_2)
FN:33,(anonymous_3)
FN:51,(anonymous_4)
FN:51,(anonymous_5)
FN:54,(anonymous_6)
FN:62,(anonymous_7)
FNF:8
FNH:8
FNDA:2,(anonymous_0)
FNDA:2,(anonymous_1)
FNDA:1,(anonymous_2)
FNDA:1,(anonymous_3)
FNDA:2,(anonymous_4)
FNDA:2,(anonymous_5)
FNDA:1,(anonymous_6)
FNDA:1,(anonymous_7)
DA:14,4
DA:22,4
DA:23,2
DA:24,2
DA:26,1
DA:27,1
DA:32,0
DA:34,1
DA:35,1
DA:40,0
DA:51,4
DA:52,2
DA:53,2
DA:55,1
DA:56,1
DA:61,0
DA:63,1
DA:64,1
DA:69,0
LF:19
LH:15
BRDA:26,0,0,1
BRDA:26,0,1,0
BRDA:34,1,0,1
BRDA:34,1,1,0
BRDA:55,2,0,1
BRDA:55,2,1,0
BRDA:63,3,0,1
BRDA:63,3,1,0
BRF:8
BRH:4
end_of_record
TN:
SF:/Users/andeladeveloper/Desktop/hellobooks-fix/HelloBooks/client/actions/notification.js
FN:20,(anonymous_0)
FN:21,(anonymous_1)
FN:27,(anonymous_2)
FN:30,(anonymous_3)
FN:38,(anonymous_4)
FNF:5
FNH:5
FNDA:3,(anonymous_0)
FNDA:3,(anonymous_1)
FNDA:3,(anonymous_2)
FNDA:2,(anonymous_3)
FNDA:1,(anonymous_4)
DA:10,3
DA:20,3
DA:21,3
DA:22,3
DA:23,1
DA:25,2
DA:27,3
DA:28,3
DA:29,3
DA:31,2
DA:32,2
DA:37,0
DA:39,1
DA:40,1
DA:45,0
LF:15
LH:13
BRDA:22,0,0,1
BRDA:22,0,1,2
BRDA:31,1,0,2
BRDA:31,1,1,0
BRDA:39,2,0,1
BRDA:39,2,1,0
BRF:6
BRH:4
end_of_record
TN:
SF:/Users/andeladeveloper/Desktop/hellobooks-fix/HelloBooks/client/actions/updateUser.js
FN:20,(anonymous_0)
FN:20,(anonymous_1)
FN:25,(anonymous_2)
FN:33,(anonymous_3)
FN:48,(anonymous_4)
FN:48,(anonymous_5)
FNF:6
FNH:6
FNDA:2,(anonymous_0)
FNDA:2,(anonymous_1)
FNDA:1,(anonymous_2)
FNDA:1,(anonymous_3)
FNDA:1,(anonymous_4)
FNDA:1,(anonymous_5)
DA:11,1
DA:20,2
DA:21,2
DA:24,2
DA:26,1
DA:27,1
DA:32,0
DA:34,1
DA:35,1
DA:40,0
DA:48,1
LF:11
LH:9
BRDA:26,0,0,1
BRDA:26,0,1,0
BRDA:34,1,0,1
BRDA:34,1,1,0
BRF:4
BRH:2
end_of_record
TN:
SF:/Users/andeladeveloper/Desktop/hellobooks-fix/HelloBooks/client/actions/upload.js
FN:22,(anonymous_0)
FN:37,(anonymous_1)
FN:50,(anonymous_2)
FN:50,(anonymous_3)
FN:56,(anonymous_4)
FN:86,(anonymous_5)
FN:86,(anonymous_6)
FNF:7
FNH:0
FNDA:0,(anonymous_0)
FNDA:0,(anonymous_1)
FNDA:0,(anonymous_2)
FNDA:0,(anonymous_3)
FNDA:0,(anonymous_4)
FNDA:0,(anonymous_5)
FNDA:0,(anonymous_6)
DA:14,3
DA:22,3
DA:23,0
DA:24,0
DA:25,0
DA:26,0
DA:28,0
DA:29,0
DA:35,0
DA:36,0
DA:37,0
DA:38,0
DA:40,0
DA:50,3
DA:51,0
DA:52,0
DA:54,0
DA:56,0
DA:57,0
DA:58,0
DA:59,0
DA:64,0
DA:69,0
DA:70,0
DA:75,0
DA:86,3
LF:26
LH:4
BRDA:51,0,0,0
BRDA:51,0,1,0
BRDA:57,1,0,0
BRDA:57,1,1,0
BRDA:58,2,0,0
BRDA:58,2,1,0
BRDA:69,3,0,0
BRDA:69,3,1,0
BRF:8
BRH:0
end_of_record
TN:
SF:/Users/andeladeveloper/Desktop/hellobooks-fix/HelloBooks/client/actions/user.js
FN:41,(anonymous_0)
FN:52,(anonymous_1)
FN:53,(anonymous_2)
FN:56,(anonymous_3)
FN:63,(anonymous_4)
FN:79,(anonymous_5)
FN:80,(anonymous_6)
FN:83,(anonymous_7)
FN:95,(anonymous_8)
FN:109,(anonymous_9)
FN:109,(anonymous_10)
FN:119,(anonymous_11)
FN:120,(anonymous_12)
FN:123,(anonymous_13)
FN:133,(anonymous_14)
FN:149,(anonymous_15)
FN:149,(anonymous_16)
FN:159,(anonymous_17)
FN:159,(anonymous_18)
FN:169,(anonymous_19)
FN:170,(anonymous_20)
FN:173,(anonymous_21)
FN:180,(anonymous_22)
FN:197,(anonymous_23)
FN:198,(anonymous_24)
FN:201,(anonymous_25)
FN:208,(anonymous_26)
FN:222,(anonymous_27)
FN:222,(anonymous_28)
FN:230,(anonymous_29)
FN:230,(anonymous_30)
FN:238,(anonymous_31)
FN:238,(anonymous_32)
FNF:33
FNH:25
FNDA:2,(anonymous_0)
FNDA:2,(anonymous_1)
FNDA:2,(anonymous_2)
FNDA:1,(anonymous_3)
FNDA:1,(anonymous_4)
FNDA:2,(anonymous_5)
FNDA:2,(anonymous_6)
FNDA:1,(anonymous_7)
FNDA:1,(anonymous_8)
FNDA:0,(anonymous_9)
FNDA:0,(anonymous_10)
FNDA:2,(anonymous_11)
FNDA:2,(anonymous_12)
FNDA:1,(anonymous_13)
FNDA:1,(anonymous_14)
FNDA:0,(anonymous_15)
FNDA:0,(anonymous_16)
FNDA:0,(anonymous_17)
FNDA:0,(anonymous_18)
FNDA:2,(anonymous_19)
FNDA:2,(anonymous_20)
FNDA:1,(anonymous_21)
FNDA:1,(anonymous_22)
FNDA:2,(anonymous_23)
FNDA:2,(anonymous_24)
FNDA:1,(anonymous_25)
FNDA:1,(anonymous_26)
FNDA:1,(anonymous_27)
FNDA:1,(anonymous_28)
FNDA:1,(anonymous_29)
FNDA:1,(anonymous_30)
FNDA:0,(anonymous_31)
FNDA:0,(anonymous_32)
DA:32,4
DA:41,4
DA:52,4
DA:53,2
DA:54,2
DA:55,2
DA:57,1
DA:58,1
DA:64,1
DA:65,1
DA:79,4
DA:80,2
DA:81,2
DA:82,2
DA:84,1
DA:85,1
DA:89,1
DA:90,1
DA:91,1
DA:92,1
DA:96,1
DA:97,1
DA:109,4
DA:119,4
DA:120,2
DA:121,2
DA:122,2
DA:124,1
DA:125,1
DA:129,1
DA:130,1
DA:131,1
DA:134,1
DA:135,1
DA:149,4
DA:159,4
DA:169,4
DA:170,2
DA:171,2
DA:172,2
DA:174,1
DA:175,1
DA:181,1
DA:182,1
DA:197,4
DA:198,2
DA:199,2
DA:200,2
DA:202,1
DA:203,1
DA:209,1
DA:210,1
DA:222,4
DA:230,4
DA:238,4
DA:239,0
DA:240,0
DA:241,0
LF:58
LH:55
BRDA:57,0,0,1
BRDA:57,0,1,0
BRDA:64,1,0,1
BRDA:64,1,1,0
BRDA:84,2,0,1
BRDA:84,2,1,0
BRDA:96,3,0,1
BRDA:96,3,1,0
BRDA:124,4,0,1
BRDA:124,4,1,0
BRDA:134,5,0,1
BRDA:134,5,1,0
BRDA:174,6,0,1
BRDA:174,6,1,0
BRDA:181,7,0,1
BRDA:181,7,1,0
BRDA:202,8,0,1
BRDA:202,8,1,0
BRDA:209,9,0,1
BRDA:209,9,1,0
BRF:20
BRH:10
end_of_record
TN:
SF:/Users/andeladeveloper/Desktop/hellobooks-fix/HelloBooks/client/components/AllBorrowed.jsx
FN:16,(anonymous_0)
FN:22,(anonymous_1)
FN:30,(anonymous_2)
FN:46,(anonymous_3)
FN:75,(anonymous_4)
FNF:5
FNH:3
FNDA:5,(anonymous_0)
FNDA:1,(anonymous_1)
FNDA:5,(anonymous_2)
FNDA:0,(anonymous_3)
FNDA:0,(anonymous_4)
DA:17,5
DA:23,1
DA:31,5
DA:32,5
DA:46,0
DA:75,1
LF:6
LH:5
BRDA:43,0,0,1
BRDA:43,0,1,4
BRDA:45,1,0,0
BRDA:45,1,1,5
BRDA:45,2,0,5
BRDA:45,2,1,5
BRF:6
BRH:5
end_of_record
TN:
SF:/Users/andeladeveloper/Desktop/hellobooks-fix/HelloBooks/client/components/AllNotReturned.jsx
FN:20,(anonymous_0)
FN:28,(anonymous_1)
FN:36,(anonymous_2)
FN:53,(anonymous_3)
FN:84,(anonymous_4)
FNF:5
FNH:3
FNDA:5,(anonymous_0)
FNDA:2,(anonymous_1)
FNDA:5,(anonymous_2)
FNDA:0,(anonymous_3)
FNDA:0,(anonymous_4)
DA:21,5
DA:29,2
DA:37,5
DA:38,5
DA:53,0
DA:84,1
LF:6
LH:5
BRDA:51,0,0,1
BRDA:51,0,1,4
BRDA:53,1,0,0
BRDA:53,1,1,5
BRDA:53,2,0,5
BRDA:53,2,1,5
BRF:6
BRH:5
end_of_record
TN:
SF:/Users/andeladeveloper/Desktop/hellobooks-fix/HelloBooks/client/components/Books.jsx
FN:11,(anonymous_0)
FNF:1
FNH:1
FNDA:6,(anonymous_0)
DA:11,4
DA:12,6
DA:13,6
DA:19,6
LF:4
LH:4
BRF:0
BRH:0
end_of_record
TN:
SF:/Users/andeladeveloper/Desktop/hellobooks-fix/HelloBooks/client/components/ChangePassword.jsx
FN:21,(anonymous_0)
FN:39,(anonymous_1)
FN:59,(anonymous_2)
FN:69,(anonymous_3)
FN:81,(anonymous_4)
FN:94,(anonymous_5)
FN:141,(anonymous_6)
FNF:7
FNH:6
FNDA:8,(anonymous_0)
FNDA:1,(anonymous_1)
FNDA:1,(anonymous_2)
FNDA:1,(anonymous_3)
FNDA:1,(anonymous_4)
FNDA:12,(anonymous_5)
FNDA:0,(anonymous_6)
DA:22,8
DA:23,8
DA:29,8
DA:30,8
DA:40,1
DA:41,1
DA:42,1
DA:45,1
DA:47,1
DA:48,1
DA:49,1
DA:60,1
DA:70,1
DA:82,1
DA:83,1
DA:86,1
DA:87,1
DA:95,12
DA:101,12
DA:141,1
LF:20
LH:20
BRDA:40,0,0,1
BRDA:40,0,1,0
BRDA:47,1,0,1
BRDA:47,1,1,0
BRDA:104,2,0,1
BRDA:104,2,1,11
BRF:6
BRH:4
end_of_record
TN:
SF:/Users/andeladeveloper/Desktop/hellobooks-fix/HelloBooks/client/components/Confirm.jsx
FN:21,(anonymous_0)
FN:40,(anonymous_1)
FN:56,(anonymous_2)
FN:66,(anonymous_3)
FN:78,(anonymous_4)
FN:86,(anonymous_5)
FN:137,(anonymous_6)
FNF:7
FNH:6
FNDA:8,(anonymous_0)
FNDA:1,(anonymous_1)
FNDA:1,(anonymous_2)
FNDA:1,(anonymous_3)
FNDA:1,(anonymous_4)
FNDA:9,(anonymous_5)
FNDA:0,(anonymous_6)
DA:22,8
DA:23,8
DA:30,8
DA:31,8
DA:41,1
DA:42,1
DA:43,1
DA:45,1
DA:46,1
DA:57,1
DA:67,1
DA:68,1
DA:69,1
DA:79,1
DA:87,9
DA:93,9
DA:125,1
DA:137,1
LF:18
LH:18
BRDA:42,0,0,1
BRDA:42,0,1,0
BRDA:45,1,0,1
BRDA:45,1,1,0
BRF:4
BRH:2
end_of_record
TN:
SF:/Users/andeladeveloper/Desktop/hellobooks-fix/HelloBooks/client/components/EmailForm.jsx
FN:10,(anonymous_0)
FNF:1
FNH:1
FNDA:11,(anonymous_0)
DA:10,2
DA:11,11
LF:2
LH:2
BRF:0
BRH:0
end_of_record
TN:
SF:/Users/andeladeveloper/Desktop/hellobooks-fix/HelloBooks/client/components/Home.jsx
FN:18,(anonymous_0)
FN:28,(anonymous_1)
FN:44,(anonymous_2)
FN:75,(anonymous_3)
FNF:4
FNH:3
FNDA:7,(anonymous_0)
FNDA:7,(anonymous_1)
FNDA:6,(anonymous_2)
FNDA:0,(anonymous_3)
DA:19,7
DA:20,7
DA:29,7
DA:30,7
DA:44,6
DA:64,1
DA:75,1
LF:7
LH:7
BRDA:19,0,0,7
BRDA:19,0,1,0
BRDA:42,1,0,3
BRDA:42,1,1,4
BRDA:44,2,0,6
BRDA:44,2,1,1
BRF:6
BRH:5
end_of_record
TN:
SF:/Users/andeladeveloper/Desktop/hellobooks-fix/HelloBooks/client/components/Landing.jsx
FN:17,(anonymous_0)
FNF:1
FNH:1
FNDA:1,(anonymous_0)
DA:4,1
DA:17,1
DA:18,1
LF:3
LH:3
BRF:0
BRH:0
end_of_record
TN:
SF:/Users/andeladeveloper/Desktop/hellobooks-fix/HelloBooks/client/components/Notifications.jsx
FN:16,(anonymous_0)
FN:28,(anonymous_1)
FN:43,(anonymous_2)
FN:68,(anonymous_3)
FNF:4
FNH:3
FNDA:3,(anonymous_0)
FNDA:3,(anonymous_1)
FNDA:6,(anonymous_2)
FNDA:0,(anonymous_3)
DA:17,3
DA:18,3
DA:29,3
DA:30,3
DA:35,3
DA:43,6
DA:68,1
LF:7
LH:7
BRDA:41,0,0,2
BRDA:41,0,1,1
BRDA:41,1,0,3
BRDA:41,1,1,3
BRF:4
BRH:4
end_of_record
TN:
SF:/Users/andeladeveloper/Desktop/hellobooks-fix/HelloBooks/client/components/PasswordForm.jsx
FN:10,(anonymous_0)
FNF:1
FNH:1
FNDA:6,(anonymous_0)
DA:10,2
DA:11,6
LF:2
LH:2
BRF:0
BRH:0
end_of_record
TN:
SF:/Users/andeladeveloper/Desktop/hellobooks-fix/HelloBooks/client/components/Signin.jsx
FN:21,(anonymous_0)
FN:36,(anonymous_1)
FN:55,(anonymous_2)
FN:65,(anonymous_3)
FN:75,(anonymous_4)
FN:141,(anonymous_5)
FNF:6
FNH:5
FNDA:13,(anonymous_0)
FNDA:3,(anonymous_1)
FNDA:1,(anonymous_2)
FNDA:1,(anonymous_3)
FNDA:14,(anonymous_4)
FNDA:0,(anonymous_5)
DA:22,13
DA:23,13
DA:26,13
DA:27,13
DA:37,3
DA:38,3
DA:40,1
DA:41,1
DA:43,3
DA:44,2
DA:45,2
DA:56,1
DA:66,1
DA:67,1
DA:68,1
DA:76,14
DA:81,14
DA:129,1
DA:141,1
LF:19
LH:19
BRDA:38,0,0,1
BRDA:38,0,1,2
BRDA:38,1,0,3
BRDA:38,1,1,1
BRDA:43,2,0,2
BRDA:43,2,1,1
BRF:6
BRH:6
end_of_record
TN:
SF:/Users/andeladeveloper/Desktop/hellobooks-fix/HelloBooks/client/components/Signup.jsx
FN:21,(anonymous_0)
FN:33,(anonymous_1)
FN:49,(anonymous_2)
FN:59,(anonymous_3)
FN:69,(anonymous_4)
FN:122,(anonymous_5)
FNF:6
FNH:5
FNDA:11,(anonymous_0)
FNDA:2,(anonymous_1)
FNDA:1,(anonymous_2)
FNDA:1,(anonymous_3)
FNDA:12,(anonymous_4)
FNDA:0,(anonymous_5)
DA:22,11
DA:23,11
DA:24,11
DA:34,2
DA:35,2
DA:36,0
DA:38,2
DA:39,1
DA:50,1
DA:60,1
DA:61,1
DA:62,1
DA:70,12
DA:71,12
DA:77,12
DA:111,1
DA:122,1
LF:17
LH:16
BRDA:35,0,0,0
BRDA:35,0,1,2
BRDA:35,1,0,2
BRDA:35,1,1,2
BRDA:38,2,0,1
BRDA:38,2,1,1
BRF:6
BRH:5
end_of_record
TN:
SF:/Users/andeladeveloper/Desktop/hellobooks-fix/HelloBooks/client/components/SingleNotification.jsx
FN:14,(anonymous_0)
FNF:1
FNH:1
FNDA:1,(anonymous_0)
DA:14,2
DA:15,1
DA:16,1
DA:22,1
LF:4
LH:4
BRDA:27,0,0,1
BRDA:27,0,1,0
BRF:2
BRH:1
end_of_record
TN:
SF:/Users/andeladeveloper/Desktop/hellobooks-fix/HelloBooks/client/components/UpdateBook.jsx
FN:23,(anonymous_0)
FN:48,(anonymous_1)
FN:59,(anonymous_2)
FN:119,(anonymous_3)
FN:136,(anonymous_4)
FN:150,(anonymous_5)
FN:163,(anonymous_6)
FN:178,(anonymous_7)
FN:193,(anonymous_8)
FN:208,(anonymous_9)
FN:221,(anonymous_10)
FN:282,(anonymous_11)
FN:374,(anonymous_12)
FNF:13
FNH:12
FNDA:9,(anonymous_0)
FNDA:9,(anonymous_1)
FNDA:1,(anonymous_2)
FNDA:9,(anonymous_3)
FNDA:1,(anonymous_4)
FNDA:1,(anonymous_5)
FNDA:1,(anonymous_6)
FNDA:1,(anonymous_7)
FNDA:1,(anonymous_8)
FNDA:1,(anonymous_9)
FNDA:18,(anonymous_10)
FNDA:12,(anonymous_11)
FNDA:0,(anonymous_12)
DA:24,9
DA:25,9
DA:36,9
DA:37,9
DA:38,9
DA:39,9
DA:40,9
DA:41,9
DA:49,9
DA:50,9
DA:65,1
DA:66,1
DA:67,1
DA:80,1
DA:81,0
DA:87,0
DA:89,1
DA:90,0
DA:96,0
DA:98,1
DA:99,1
DA:104,1
DA:105,1
DA:120,9
DA:121,9
DA:122,0
DA:123,0
DA:125,9
DA:126,0
DA:137,1
DA:138,1
DA:139,1
DA:151,1
DA:152,1
DA:164,1
DA:165,1
DA:166,1
DA:179,1
DA:180,1
DA:181,1
DA:194,1
DA:195,1
DA:196,1
DA:209,1
DA:210,1
DA:211,1
DA:222,18
DA:226,18
DA:227,18
DA:228,18
DA:283,12
DA:374,1
LF:52
LH:45
BRDA:66,0,0,1
BRDA:66,0,1,0
BRDA:66,1,0,1
BRDA:66,1,1,1
BRDA:80,2,0,0
BRDA:80,2,1,1
BRDA:80,3,0,1
BRDA:80,3,1,1
BRDA:89,4,0,0
BRDA:89,4,1,1
BRDA:89,5,0,1
BRDA:89,5,1,1
BRDA:98,6,0,1
BRDA:98,6,1,0
BRDA:98,7,0,1
BRDA:98,7,1,1
BRDA:104,8,0,1
BRDA:104,8,1,0
BRDA:121,9,0,0
BRDA:121,9,1,9
BRDA:125,10,0,0
BRDA:125,10,1,9
BRDA:231,11,0,1
BRDA:231,11,1,17
BRDA:232,12,0,1
BRDA:232,12,1,17
BRDA:233,13,0,15
BRDA:233,13,1,3
BRDA:235,14,0,4
BRDA:235,14,1,14
BRDA:235,15,0,18
BRDA:235,15,1,18
BRDA:235,15,2,18
BRDA:235,15,3,4
BRDA:235,15,4,4
BRDA:329,16,0,0
BRDA:329,16,1,4
BRDA:339,17,0,1
BRDA:339,17,1,3
BRF:39
BRH:31
end_of_record
TN:
SF:/Users/andeladeveloper/Desktop/hellobooks-fix/HelloBooks/client/components/UploadBook.jsx
FN:46,(anonymous_0)
FN:64,(anonymous_1)
FN:74,(anonymous_2)
FN:140,(anonymous_3)
FN:162,(anonymous_4)
FN:173,(anonymous_5)
FN:184,(anonymous_6)
FN:197,(anonymous_7)
FN:211,(anonymous_8)
FN:225,(anonymous_9)
FN:241,(anonymous_10)
FN:257,(anonymous_11)
FN:267,(anonymous_12)
FN:340,(anonymous_13)
FN:426,(anonymous_14)
FNF:15
FNH:14
FNDA:12,(anonymous_0)
FNDA:12,(anonymous_1)
FNDA:1,(anonymous_2)
FNDA:11,(anonymous_3)
FNDA:1,(anonymous_4)
FNDA:1,(anonymous_5)
FNDA:1,(anonymous_6)
FNDA:1,(anonymous_7)
FNDA:1,(anonymous_8)
FNDA:1,(anonymous_9)
FNDA:1,(anonymous_10)
FNDA:1,(anonymous_11)
FNDA:23,(anonymous_12)
FNDA:3,(anonymous_13)
FNDA:0,(anonymous_14)
DA:16,1
DA:47,12
DA:48,12
DA:49,12
DA:50,12
DA:51,12
DA:52,12
DA:53,12
DA:54,12
DA:55,12
DA:65,12
DA:80,1
DA:81,1
DA:82,1
DA:87,1
DA:88,1
DA:93,1
DA:94,1
DA:98,1
DA:99,1
DA:104,1
DA:105,1
DA:106,1
DA:108,1
DA:109,1
DA:113,1
DA:114,1
DA:118,1
DA:119,1
DA:120,1
DA:121,1
DA:122,1
DA:123,1
DA:126,1
DA:127,1
DA:128,1
DA:143,11
DA:144,11
DA:145,0
DA:147,11
DA:148,0
DA:150,11
DA:151,0
DA:153,11
DA:154,0
DA:163,1
DA:164,1
DA:174,1
DA:175,1
DA:185,1
DA:186,1
DA:198,1
DA:199,1
DA:200,1
DA:212,1
DA:213,1
DA:214,1
DA:226,1
DA:227,1
DA:228,1
DA:242,1
DA:243,1
DA:244,1
DA:258,1
DA:259,1
DA:260,1
DA:268,23
DA:272,23
DA:273,23
DA:274,23
DA:341,3
DA:415,1
DA:426,1
LF:73
LH:69
BRDA:81,0,0,1
BRDA:81,0,1,0
BRDA:87,1,0,1
BRDA:87,1,1,0
BRDA:93,2,0,1
BRDA:93,2,1,0
BRDA:93,3,0,1
BRDA:93,3,1,1
BRDA:98,4,0,1
BRDA:98,4,1,0
BRDA:104,5,0,1
BRDA:104,5,1,0
BRDA:108,6,0,1
BRDA:108,6,1,0
BRDA:113,7,0,1
BRDA:113,7,1,0
BRDA:119,8,0,1
BRDA:119,8,1,0
BRDA:120,9,0,1
BRDA:120,9,1,0
BRDA:126,10,0,1
BRDA:126,10,1,0
BRDA:144,11,0,0
BRDA:144,11,1,11
BRDA:147,12,0,0
BRDA:147,12,1,11
BRDA:150,13,0,0
BRDA:150,13,1,11
BRDA:153,14,0,0
BRDA:153,14,1,11
BRDA:294,15,0,23
BRDA:294,15,1,2
BRDA:295,16,0,1
BRDA:295,16,1,22
BRDA:296,17,0,1
BRDA:296,17,1,22
BRDA:340,18,0,23
BRDA:340,18,1,23
BRDA:380,19,0,1
BRDA:380,19,1,22
BRDA:390,20,0,1
BRDA:390,20,1,22
BRF:42
BRH:28
end_of_record
TN:
SF:/Users/andeladeveloper/Desktop/hellobooks-fix/HelloBooks/client/reducers/auth.js
FN:21,(anonymous_0)
FNF:1
FNH:1
FNDA:104,(anonymous_0)
DA:7,14
DA:9,14
DA:22,104
DA:24,0
DA:28,104
LF:5
LH:4
BRDA:21,0,0,103
BRDA:21,1,0,1
BRDA:22,2,0,0
BRDA:22,2,1,104
BRF:4
BRH:3
end_of_record
TN:
SF:/Users/andeladeveloper/Desktop/hellobooks-fix/HelloBooks/client/reducers/book.js
FN:58,(anonymous_0)
FN:104,(anonymous_1)
FN:153,(anonymous_2)
FN:193,(anonymous_3)
FN:243,(anonymous_4)
FN:283,(anonymous_5)
FN:324,(anonymous_6)
FN:357,(anonymous_7)
FN:396,(anonymous_8)
FN:445,(anonymous_9)
FN:491,(anonymous_10)
FNF:11
FNH:11
FNDA:104,(anonymous_0)
FNDA:102,(anonymous_1)
FNDA:102,(anonymous_2)
FNDA:105,(anonymous_3)
FNDA:104,(anonymous_4)
FNDA:105,(anonymous_5)
FNDA:102,(anonymous_6)
FNDA:104,(anonymous_7)
FNDA:104,(anonymous_8)
FNDA:104,(anonymous_9)
FNDA:104,(anonymous_10)
DA:44,14
DA:45,14
DA:58,14
DA:59,104
DA:61,0
DA:67,1
DA:74,1
DA:80,102
DA:83,14
DA:90,14
DA:104,14
DA:105,102
DA:107,0
DA:113,0
DA:121,0
DA:128,0
DA:136,102
DA:139,14
DA:153,14
DA:154,102
DA:156,0
DA:162,0
DA:169,0
DA:175,102
DA:179,14
DA:193,14
DA:194,105
DA:196,0
DA:202,1
DA:210,1
DA:217,1
DA:225,102
DA:229,14
DA:243,14
DA:244,104
DA:246,0
DA:252,1
DA:260,1
DA:266,102
DA:270,14
DA:283,14
DA:284,105
DA:286,0
DA:292,1
DA:299,1
DA:306,1
DA:313,102
DA:324,14
DA:325,102
DA:327,0
DA:333,0
DA:340,0
DA:346,102
DA:357,14
DA:358,104
DA:360,0
DA:366,1
DA:373,1
DA:379,102
DA:382,14
DA:396,14
DA:397,104
DA:399,0
DA:405,1
DA:413,1
DA:420,0
DA:428,102
DA:432,14
DA:445,14
DA:446,104
DA:448,0
DA:454,1
DA:461,1
DA:468,0
DA:474,102
DA:478,14
DA:491,14
DA:492,104
DA:494,0
DA:500,1
DA:507,1
DA:513,102
LF:82
LH:62
BRDA:58,0,0,102
BRDA:58,1,0,0
BRDA:59,2,0,0
BRDA:59,2,1,1
BRDA:59,2,2,1
BRDA:59,2,3,102
BRDA:104,3,0,102
BRDA:104,4,0,0
BRDA:105,5,0,0
BRDA:105,5,1,0
BRDA:105,5,2,0
BRDA:105,5,3,0
BRDA:105,5,4,102
BRDA:153,6,0,102
BRDA:153,7,0,0
BRDA:154,8,0,0
BRDA:154,8,1,0
BRDA:154,8,2,0
BRDA:154,8,3,102
BRDA:193,9,0,102
BRDA:193,10,0,0
BRDA:194,11,0,0
BRDA:194,11,1,1
BRDA:194,11,2,1
BRDA:194,11,3,1
BRDA:194,11,4,102
BRDA:243,12,0,104
BRDA:243,13,0,0
BRDA:244,14,0,0
BRDA:244,14,1,1
BRDA:244,14,2,1
BRDA:244,14,3,102
BRDA:283,15,0,102
BRDA:283,16,0,0
BRDA:284,17,0,0
BRDA:284,17,1,1
BRDA:284,17,2,1
BRDA:284,17,3,1
BRDA:284,17,4,102
BRDA:324,18,0,102
BRDA:324,19,0,0
BRDA:325,20,0,0
BRDA:325,20,1,0
BRDA:325,20,2,0
BRDA:325,20,3,102
BRDA:357,21,0,102
BRDA:357,22,0,0
BRDA:358,23,0,0
BRDA:358,23,1,1
BRDA:358,23,2,1
BRDA:358,23,3,102
BRDA:396,24,0,102
BRDA:396,25,0,0
BRDA:397,26,0,0
BRDA:397,26,1,1
BRDA:397,26,2,1
BRDA:397,26,3,0
BRDA:397,26,4,102
BRDA:445,27,0,102
BRDA:445,28,0,0
BRDA:446,29,0,0
BRDA:446,29,1,1
BRDA:446,29,2,1
BRDA:446,29,3,0
BRDA:446,29,4,102
BRDA:491,30,0,102
BRDA:491,31,0,0
BRDA:492,32,0,0
BRDA:492,32,1,1
BRDA:492,32,2,1
BRDA:492,32,3,102
BRF:71
BRH:40
end_of_record
TN:
SF:/Users/andeladeveloper/Desktop/hellobooks-fix/HelloBooks/client/reducers/changePassword.js
FN:23,(anonymous_0)
FNF:1
FNH:1
FNDA:104,(anonymous_0)
DA:8,14
DA:10,14
DA:24,104
DA:26,0
DA:32,1
DA:39,1
DA:46,0
DA:53,102
LF:8
LH:6
BRDA:23,0,0,102
BRDA:23,1,0,0
BRDA:24,2,0,0
BRDA:24,2,1,1
BRDA:24,2,2,1
BRDA:24,2,3,0
BRDA:24,2,4,102
BRF:7
BRH:4
end_of_record
TN:
SF:/Users/andeladeveloper/Desktop/hellobooks-fix/HelloBooks/client/reducers/getPdf.js
FN:22,(anonymous_0)
FNF:1
FNH:1
FNDA:104,(anonymous_0)
DA:7,14
DA:9,14
DA:22,14
DA:23,104
DA:25,0
DA:31,1
DA:38,1
DA:44,102
LF:8
LH:7
BRDA:22,0,0,102
BRDA:22,1,0,0
BRDA:23,2,0,0
BRDA:23,2,1,1
BRDA:23,2,2,1
BRDA:23,2,3,102
BRF:6
BRH:4
end_of_record
TN:
SF:/Users/andeladeveloper/Desktop/hellobooks-fix/HelloBooks/client/reducers/getUser.js
FN:22,(anonymous_0)
FNF:1
FNH:1
FNDA:104,(anonymous_0)
DA:7,14
DA:9,14
DA:22,14
DA:23,104
DA:25,0
DA:31,1
DA:38,1
DA:44,102
LF:8
LH:7
BRDA:22,0,0,102
BRDA:22,1,0,0
BRDA:23,2,0,0
BRDA:23,2,1,1
BRDA:23,2,2,1
BRDA:23,2,3,102
BRF:6
BRH:4
end_of_record
TN:
SF:/Users/andeladeveloper/Desktop/hellobooks-fix/HelloBooks/client/reducers/history.js
FN:25,(anonymous_0)
FN:70,(anonymous_1)
FNF:2
FNH:2
FNDA:103,(anonymous_0)
FNDA:103,(anonymous_1)
DA:11,14
DA:13,14
DA:25,14
DA:26,103
DA:28,0
DA:34,1
DA:41,0
DA:48,0
DA:54,102
DA:57,14
DA:70,14
DA:71,103
DA:73,0
DA:79,1
DA:86,0
DA:93,0
DA:99,102
LF:17
LH:11
BRDA:25,0,0,102
BRDA:25,1,0,0
BRDA:26,2,0,0
BRDA:26,2,1,1
BRDA:26,2,2,0
BRDA:26,2,3,0
BRDA:26,2,4,102
BRDA:70,3,0,102
BRDA:70,4,0,0
BRDA:71,5,0,0
BRDA:71,5,1,1
BRDA:71,5,2,0
BRDA:71,5,3,0
BRDA:71,5,4,102
BRF:14
BRH:6
end_of_record
TN:
SF:/Users/andeladeveloper/Desktop/hellobooks-fix/HelloBooks/client/reducers/index.js
FNF:0
FNH:0
DA:27,13
LF:1
LH:1
BRF:0
BRH:0
end_of_record
TN:
SF:/Users/andeladeveloper/Desktop/hellobooks-fix/HelloBooks/client/reducers/notification.js
FN:27,(anonymous_0)
FNF:1
FNH:1
FNDA:103,(anonymous_0)
DA:7,14
DA:9,14
DA:14,14
DA:27,14
DA:28,103
DA:30,0
DA:36,1
DA:43,0
DA:49,102
LF:9
LH:7
BRDA:27,0,0,102
BRDA:27,1,0,0
BRDA:28,2,0,0
BRDA:28,2,1,1
BRDA:28,2,2,0
BRDA:28,2,3,102
BRF:6
BRH:3
end_of_record
TN:
SF:/Users/andeladeveloper/Desktop/hellobooks-fix/HelloBooks/client/reducers/updateUser.js
FN:24,(anonymous_0)
FNF:1
FNH:1
FNDA:102,(anonymous_0)
DA:9,14
DA:11,14
DA:25,102
DA:27,0
DA:33,0
DA:40,0
DA:47,0
DA:54,0
DA:61,102
LF:9
LH:4
BRDA:24,0,0,102
BRDA:24,1,0,0
BRDA:25,2,0,0
BRDA:25,2,1,0
BRDA:25,2,2,0
BRDA:25,2,3,0
BRDA:25,2,4,0
BRDA:25,2,5,102
BRF:8
BRH:2
end_of_record
TN:
SF:/Users/andeladeveloper/Desktop/hellobooks-fix/HelloBooks/client/reducers/upload.js
FN:26,(anonymous_0)
FN:66,(anonymous_1)
FNF:2
FNH:2
FNDA:103,(anonymous_0)
FNDA:103,(anonymous_1)
DA:11,14
DA:13,14
DA:26,14
DA:27,103
DA:29,0
DA:35,1
DA:42,0
DA:49,0
DA:55,102
DA:66,14
DA:67,103
DA:69,0
DA:75,1
DA:82,0
DA:89,0
DA:95,102
LF:16
LH:10
BRDA:26,0,0,102
BRDA:26,1,0,0
BRDA:27,2,0,0
BRDA:27,2,1,1
BRDA:27,2,2,0
BRDA:27,2,3,0
BRDA:27,2,4,102
BRDA:66,3,0,102
BRDA:66,4,0,0
BRDA:67,5,0,0
BRDA:67,5,1,1
BRDA:67,5,2,0
BRDA:67,5,3,0
BRDA:67,5,4,102
BRF:14
BRH:6
end_of_record
TN:
SF:/Users/andeladeveloper/Desktop/hellobooks-fix/HelloBooks/client/reducers/user.js
FN:42,(anonymous_0)
FN:89,(anonymous_1)
FN:134,(anonymous_2)
FN:179,(anonymous_3)
FN:224,(anonymous_4)
FNF:5
FNH:5
FNDA:103,(anonymous_0)
FNDA:103,(anonymous_1)
FNDA:102,(anonymous_2)
FNDA:103,(anonymous_3)
FNDA:103,(anonymous_4)
DA:26,14
DA:28,14
DA:42,14
DA:43,103
DA:45,0
DA:51,1
DA:58,0
DA:65,0
DA:72,102
DA:76,14
DA:89,14
DA:90,103
DA:92,0
DA:98,1
DA:105,0
DA:112,0
DA:118,102
DA:121,14
DA:134,14
DA:135,102
DA:137,0
DA:143,0
DA:150,0
DA:157,0
DA:163,102
DA:166,14
DA:179,14
DA:180,103
DA:182,0
DA:188,1
DA:195,0
DA:202,0
DA:208,102
DA:211,14
DA:224,14
DA:225,103
DA:227,0
DA:233,1
DA:240,0
DA:247,0
DA:254,102
LF:41
LH:25
BRDA:42,0,0,102
BRDA:42,1,0,0
BRDA:43,2,0,0
BRDA:43,2,1,1
BRDA:43,2,2,0
BRDA:43,2,3,0
BRDA:43,2,4,102
BRDA:89,3,0,102
BRDA:89,4,0,0
BRDA:90,5,0,0
BRDA:90,5,1,1
BRDA:90,5,2,0
BRDA:90,5,3,0
BRDA:90,5,4,102
BRDA:134,6,0,102
BRDA:134,7,0,0
BRDA:135,8,0,0
BRDA:135,8,1,0
BRDA:135,8,2,0
BRDA:135,8,3,0
BRDA:135,8,4,102
BRDA:179,9,0,102
BRDA:179,10,0,0
BRDA:180,11,0,0
BRDA:180,11,1,1
BRDA:180,11,2,0
BRDA:180,11,3,0
BRDA:180,11,4,102
BRDA:224,12,0,102
BRDA:224,13,0,0
BRDA:225,14,0,0
BRDA:225,14,1,1
BRDA:225,14,2,0
BRDA:225,14,3,0
BRDA:225,14,4,102
BRF:35
BRH:14
end_of_record
TN:
SF:/Users/andeladeveloper/Desktop/hellobooks-fix/HelloBooks/client/store/store.js
FN:5,(anonymous_0)
FN:9,(anonymous_1)
FNF:2
FNH:2
FNDA:76,(anonymous_0)
FNDA:76,(anonymous_1)
DA:5,76
DA:9,76
LF:2
LH:2
BRDA:9,0,0,0
BRDA:9,0,1,76
BRDA:9,1,0,76
BRDA:9,1,1,0
BRF:4
BRH:2
end_of_record
TN:
SF:/Users/andeladeveloper/Desktop/hellobooks-fix/HelloBooks/client/test/apiEndPoints.js
FNF:0
FNH:0
DA:3,1
DA:4,1
DA:5,1
DA:6,1
DA:7,1
DA:8,1
DA:9,1
DA:10,1
DA:11,1
DA:12,1
DA:13,1
DA:14,1
DA:15,1
DA:16,1
DA:17,1
DA:18,1
DA:19,1
DA:20,1
DA:21,1
DA:22,1
DA:23,1
DA:24,1
DA:25,1
DA:26,1
LF:24
LH:24
BRF:0
BRH:0
end_of_record
TN:
SF:/Users/andeladeveloper/Desktop/hellobooks-fix/HelloBooks/client/test/mockData.js
FNF:0
FNH:0
DA:1,2
DA:42,2
DA:47,2
DA:51,2
DA:60,2
DA:67,2
DA:71,2
DA:74,2
DA:77,2
DA:87,2
DA:90,2
DA:102,2
DA:105,2
DA:109,2
DA:133,2
DA:137,2
DA:142,2
DA:147,2
DA:152,2
DA:158,2
DA:169,2
DA:175,2
DA:187,2
DA:193,2
DA:209,2
DA:215,2
DA:218,2
DA:223,2
DA:239,2
DA:244,2
DA:249,2
DA:252,2
DA:258,2
DA:263,2
DA:267,2
DA:272,2
DA:277,2
DA:282,2
DA:287,2
DA:288,2
DA:289,2
DA:294,2
DA:299,2
DA:304,2
LF:44
LH:44
BRF:0
BRH:0
end_of_record
TN:
SF:/Users/andeladeveloper/Desktop/hellobooks-fix/HelloBooks/client/test/mockDataStorage.js
FNF:0
FNH:0
DA:1,1
DA:5,1
DA:11,0
DA:14,0
DA:17,0
LF:5
LH:2
BRF:0
BRH:0
end_of_record
TN:
SF:/Users/andeladeveloper/Desktop/hellobooks-fix/HelloBooks/client/test/__mock__/browserHistory.js
FNF:0
FNH:0
DA:3,15
DA:4,15
LF:2
LH:2
BRF:0
BRH:0
end_of_record
TN:
SF:/Users/andeladeveloper/Desktop/hellobooks-fix/HelloBooks/client/types/types.js
FNF:0
FNH:0
LF:0
LH:0
BRF:0
BRH:0
end_of_record
TN:
SF:/Users/andeladeveloper/Desktop/hellobooks-fix/HelloBooks/client/utils/setAuthToken.js
FN:10,(anonymous_0)
FNF:1
FNH:1
FNDA:2,(anonymous_0)
DA:10,4
DA:11,2
DA:12,2
DA:14,0
LF:4
LH:3
BRDA:11,0,0,2
BRDA:11,0,1,0
BRF:2
BRH:1
end_of_record
TN:
SF:/Users/andeladeveloper/Desktop/hellobooks-fix/HelloBooks/client/utils/url.js
FNF:0
FNH:0
DA:2,12
LF:1
LH:1
BRF:0
BRH:0
end_of_record
