<?xml version="1.0" encoding="UTF-8"?>
<coverage generated="1515059013231" clover="3.2.0">
  <project timestamp="1515059013232" name="All files">
    <metrics statements="481" coveredstatements="311" conditionals="245" coveredconditionals="55" methods="137" coveredmethods="80" elements="863" coveredelements="446" complexity="0" loc="481" ncloc="481" packages="5" files="24" classes="24">
      <package name="actions">
        <metrics statements="221" coveredstatements="136" conditionals="88" coveredconditionals="21" methods="112" coveredmethods="59"/>
        <file name="books.js" path="/Users/andeladeveloper/Documents/Andela/webpack-tut/hellobooks-client/HelloBooks/client/actions/books.js">
          <metrics statements="89" coveredstatements="48" conditionals="38" coveredconditionals="9" methods="46" coveredmethods="24"/>
          <line num="40" count="1" type="stmt"/>
          <line num="45" count="1" type="stmt"/>
          <line num="46" count="1" type="stmt"/>
          <line num="47" count="1" type="stmt"/>
          <line num="49" count="1" type="cond" truecount="1" falsecount="1"/>
          <line num="50" count="1" type="cond" truecount="1" falsecount="1"/>
          <line num="51" count="1" type="stmt"/>
          <line num="57" count="0" type="stmt"/>
          <line num="59" count="0" type="cond" truecount="0" falsecount="2"/>
          <line num="60" count="0" type="stmt"/>
          <line num="65" count="0" type="stmt"/>
          <line num="73" count="1" type="stmt"/>
          <line num="74" count="0" type="stmt"/>
          <line num="83" count="1" type="stmt"/>
          <line num="84" count="1" type="stmt"/>
          <line num="85" count="1" type="stmt"/>
          <line num="87" count="1" type="cond" truecount="1" falsecount="1"/>
          <line num="88" count="1" type="stmt"/>
          <line num="93" count="0" type="stmt"/>
          <line num="95" count="0" type="cond" truecount="0" falsecount="2"/>
          <line num="96" count="0" type="stmt"/>
          <line num="101" count="0" type="stmt"/>
          <line num="108" count="1" type="stmt"/>
          <line num="115" count="1" type="stmt"/>
          <line num="122" count="1" type="stmt"/>
          <line num="129" count="1" type="stmt"/>
          <line num="138" count="1" type="stmt"/>
          <line num="139" count="1" type="stmt"/>
          <line num="140" count="1" type="stmt"/>
          <line num="142" count="1" type="cond" truecount="1" falsecount="1"/>
          <line num="143" count="1" type="stmt"/>
          <line num="148" count="0" type="stmt"/>
          <line num="150" count="0" type="cond" truecount="0" falsecount="2"/>
          <line num="151" count="0" type="stmt"/>
          <line num="156" count="0" type="stmt"/>
          <line num="164" count="2" type="stmt"/>
          <line num="165" count="2" type="stmt"/>
          <line num="166" count="2" type="stmt"/>
          <line num="168" count="2" type="cond" truecount="1" falsecount="1"/>
          <line num="169" count="2" type="stmt"/>
          <line num="174" count="0" type="stmt"/>
          <line num="176" count="0" type="cond" truecount="0" falsecount="2"/>
          <line num="177" count="0" type="stmt"/>
          <line num="182" count="0" type="stmt"/>
          <line num="192" count="1" type="stmt"/>
          <line num="193" count="0" type="stmt"/>
          <line num="194" count="0" type="stmt"/>
          <line num="196" count="0" type="cond" truecount="0" falsecount="2"/>
          <line num="197" count="0" type="stmt"/>
          <line num="202" count="0" type="stmt"/>
          <line num="204" count="0" type="cond" truecount="0" falsecount="2"/>
          <line num="205" count="0" type="stmt"/>
          <line num="210" count="0" type="stmt"/>
          <line num="221" count="1" type="stmt"/>
          <line num="222" count="1" type="stmt"/>
          <line num="223" count="1" type="stmt"/>
          <line num="225" count="1" type="cond" truecount="1" falsecount="1"/>
          <line num="226" count="1" type="stmt"/>
          <line num="231" count="0" type="stmt"/>
          <line num="233" count="0" type="cond" truecount="0" falsecount="2"/>
          <line num="234" count="0" type="stmt"/>
          <line num="239" count="0" type="stmt"/>
          <line num="248" count="1" type="stmt"/>
          <line num="249" count="1" type="stmt"/>
          <line num="250" count="1" type="stmt"/>
          <line num="252" count="1" type="cond" truecount="1" falsecount="1"/>
          <line num="253" count="1" type="stmt"/>
          <line num="258" count="0" type="stmt"/>
          <line num="260" count="0" type="cond" truecount="0" falsecount="2"/>
          <line num="261" count="0" type="stmt"/>
          <line num="266" count="0" type="stmt"/>
          <line num="275" count="1" type="stmt"/>
          <line num="276" count="1" type="stmt"/>
          <line num="277" count="1" type="stmt"/>
          <line num="279" count="1" type="cond" truecount="1" falsecount="1"/>
          <line num="280" count="1" type="stmt"/>
          <line num="285" count="0" type="stmt"/>
          <line num="287" count="0" type="cond" truecount="0" falsecount="2"/>
          <line num="288" count="0" type="stmt"/>
          <line num="293" count="0" type="stmt"/>
          <line num="303" count="1" type="stmt"/>
          <line num="304" count="1" type="stmt"/>
          <line num="305" count="1" type="stmt"/>
          <line num="307" count="1" type="cond" truecount="1" falsecount="1"/>
          <line num="308" count="1" type="stmt"/>
          <line num="313" count="0" type="stmt"/>
          <line num="316" count="0" type="cond" truecount="0" falsecount="2"/>
          <line num="317" count="0" type="stmt"/>
          <line num="322" count="0" type="stmt"/>
        </file>
        <file name="changePassword.js" path="/Users/andeladeveloper/Documents/Andela/webpack-tut/hellobooks-client/HelloBooks/client/actions/changePassword.js">
          <metrics statements="9" coveredstatements="7" conditionals="4" coveredconditionals="1" methods="6" coveredmethods="3"/>
          <line num="11" count="1" type="stmt"/>
          <line num="17" count="1" type="stmt"/>
          <line num="18" count="1" type="stmt"/>
          <line num="21" count="1" type="stmt"/>
          <line num="23" count="1" type="cond" truecount="1" falsecount="1"/>
          <line num="24" count="1" type="stmt"/>
          <line num="30" count="0" type="cond" truecount="0" falsecount="2"/>
          <line num="31" count="0" type="stmt"/>
          <line num="38" count="1" type="stmt"/>
        </file>
        <file name="getPdf.js" path="/Users/andeladeveloper/Documents/Andela/webpack-tut/hellobooks-client/HelloBooks/client/actions/getPdf.js">
          <metrics statements="10" coveredstatements="6" conditionals="4" coveredconditionals="1" methods="4" coveredmethods="3"/>
          <line num="10" count="1" type="stmt"/>
          <line num="15" count="1" type="stmt"/>
          <line num="16" count="1" type="stmt"/>
          <line num="17" count="1" type="stmt"/>
          <line num="19" count="1" type="cond" truecount="1" falsecount="1"/>
          <line num="20" count="1" type="stmt"/>
          <line num="25" count="0" type="stmt"/>
          <line num="27" count="0" type="cond" truecount="0" falsecount="2"/>
          <line num="28" count="0" type="stmt"/>
          <line num="33" count="0" type="stmt"/>
        </file>
        <file name="getUser.js" path="/Users/andeladeveloper/Documents/Andela/webpack-tut/hellobooks-client/HelloBooks/client/actions/getUser.js">
          <metrics statements="10" coveredstatements="6" conditionals="4" coveredconditionals="1" methods="4" coveredmethods="3"/>
          <line num="10" count="1" type="stmt"/>
          <line num="15" count="1" type="stmt"/>
          <line num="16" count="1" type="stmt"/>
          <line num="19" count="1" type="stmt"/>
          <line num="21" count="1" type="cond" truecount="1" falsecount="1"/>
          <line num="22" count="1" type="stmt"/>
          <line num="27" count="0" type="stmt"/>
          <line num="29" count="0" type="cond" truecount="0" falsecount="2"/>
          <line num="30" count="0" type="stmt"/>
          <line num="35" count="0" type="stmt"/>
        </file>
        <file name="history.js" path="/Users/andeladeveloper/Documents/Andela/webpack-tut/hellobooks-client/HelloBooks/client/actions/history.js">
          <metrics statements="19" coveredstatements="7" conditionals="8" coveredconditionals="1" methods="8" coveredmethods="3"/>
          <line num="14" count="1" type="stmt"/>
          <line num="19" count="1" type="stmt"/>
          <line num="20" count="1" type="stmt"/>
          <line num="21" count="1" type="stmt"/>
          <line num="23" count="1" type="cond" truecount="1" falsecount="1"/>
          <line num="24" count="1" type="stmt"/>
          <line num="29" count="0" type="stmt"/>
          <line num="31" count="0" type="cond" truecount="0" falsecount="2"/>
          <line num="32" count="0" type="stmt"/>
          <line num="37" count="0" type="stmt"/>
          <line num="45" count="1" type="stmt"/>
          <line num="46" count="0" type="stmt"/>
          <line num="47" count="0" type="stmt"/>
          <line num="49" count="0" type="cond" truecount="0" falsecount="2"/>
          <line num="50" count="0" type="stmt"/>
          <line num="55" count="0" type="stmt"/>
          <line num="57" count="0" type="cond" truecount="0" falsecount="2"/>
          <line num="58" count="0" type="stmt"/>
          <line num="63" count="0" type="stmt"/>
        </file>
        <file name="notification.js" path="/Users/andeladeveloper/Documents/Andela/webpack-tut/hellobooks-client/HelloBooks/client/actions/notification.js">
          <metrics statements="15" coveredstatements="10" conditionals="6" coveredconditionals="2" methods="5" coveredmethods="4"/>
          <line num="10" count="1" type="stmt"/>
          <line num="17" count="1" type="stmt"/>
          <line num="18" count="1" type="stmt"/>
          <line num="19" count="1" type="cond" truecount="1" falsecount="1"/>
          <line num="20" count="0" type="stmt"/>
          <line num="22" count="1" type="stmt"/>
          <line num="24" count="1" type="stmt"/>
          <line num="25" count="1" type="stmt"/>
          <line num="26" count="1" type="stmt"/>
          <line num="28" count="1" type="cond" truecount="1" falsecount="1"/>
          <line num="29" count="1" type="stmt"/>
          <line num="34" count="0" type="stmt"/>
          <line num="36" count="0" type="cond" truecount="0" falsecount="2"/>
          <line num="37" count="0" type="stmt"/>
          <line num="42" count="0" type="stmt"/>
        </file>
        <file name="updateUser.js" path="/Users/andeladeveloper/Documents/Andela/webpack-tut/hellobooks-client/HelloBooks/client/actions/updateUser.js">
          <metrics statements="11" coveredstatements="7" conditionals="4" coveredconditionals="1" methods="6" coveredmethods="3"/>
          <line num="11" count="1" type="stmt"/>
          <line num="17" count="1" type="stmt"/>
          <line num="18" count="1" type="stmt"/>
          <line num="21" count="1" type="stmt"/>
          <line num="23" count="1" type="cond" truecount="1" falsecount="1"/>
          <line num="24" count="1" type="stmt"/>
          <line num="29" count="0" type="stmt"/>
          <line num="31" count="0" type="cond" truecount="0" falsecount="2"/>
          <line num="32" count="0" type="stmt"/>
          <line num="37" count="0" type="stmt"/>
          <line num="43" count="1" type="stmt"/>
        </file>
        <file name="user.js" path="/Users/andeladeveloper/Documents/Andela/webpack-tut/hellobooks-client/HelloBooks/client/actions/user.js">
          <metrics statements="58" coveredstatements="45" conditionals="20" coveredconditionals="5" methods="33" coveredmethods="16"/>
          <line num="32" count="1" type="stmt"/>
          <line num="38" count="2" type="stmt"/>
          <line num="46" count="1" type="stmt"/>
          <line num="47" count="1" type="stmt"/>
          <line num="48" count="1" type="stmt"/>
          <line num="49" count="1" type="stmt"/>
          <line num="51" count="1" type="cond" truecount="1" falsecount="1"/>
          <line num="52" count="1" type="stmt"/>
          <line num="58" count="0" type="cond" truecount="0" falsecount="2"/>
          <line num="59" count="0" type="stmt"/>
          <line num="70" count="1" type="stmt"/>
          <line num="71" count="1" type="stmt"/>
          <line num="72" count="1" type="stmt"/>
          <line num="73" count="1" type="stmt"/>
          <line num="75" count="1" type="cond" truecount="1" falsecount="1"/>
          <line num="76" count="1" type="stmt"/>
          <line num="80" count="1" type="stmt"/>
          <line num="81" count="1" type="stmt"/>
          <line num="82" count="1" type="stmt"/>
          <line num="83" count="1" type="stmt"/>
          <line num="87" count="0" type="cond" truecount="0" falsecount="2"/>
          <line num="88" count="0" type="stmt"/>
          <line num="98" count="1" type="stmt"/>
          <line num="105" count="1" type="stmt"/>
          <line num="106" count="1" type="stmt"/>
          <line num="107" count="1" type="stmt"/>
          <line num="108" count="1" type="stmt"/>
          <line num="110" count="1" type="cond" truecount="1" falsecount="1"/>
          <line num="111" count="1" type="stmt"/>
          <line num="115" count="1" type="stmt"/>
          <line num="116" count="1" type="stmt"/>
          <line num="117" count="1" type="stmt"/>
          <line num="120" count="0" type="cond" truecount="0" falsecount="2"/>
          <line num="121" count="0" type="stmt"/>
          <line num="132" count="1" type="stmt"/>
          <line num="139" count="1" type="stmt"/>
          <line num="146" count="1" type="stmt"/>
          <line num="147" count="1" type="stmt"/>
          <line num="148" count="1" type="stmt"/>
          <line num="149" count="1" type="stmt"/>
          <line num="151" count="1" type="cond" truecount="1" falsecount="1"/>
          <line num="152" count="1" type="stmt"/>
          <line num="158" count="0" type="cond" truecount="0" falsecount="2"/>
          <line num="159" count="0" type="stmt"/>
          <line num="171" count="1" type="stmt"/>
          <line num="172" count="1" type="stmt"/>
          <line num="173" count="1" type="stmt"/>
          <line num="174" count="1" type="stmt"/>
          <line num="176" count="1" type="cond" truecount="1" falsecount="1"/>
          <line num="177" count="1" type="stmt"/>
          <line num="183" count="0" type="cond" truecount="0" falsecount="2"/>
          <line num="184" count="0" type="stmt"/>
          <line num="194" count="1" type="stmt"/>
          <line num="200" count="1" type="stmt"/>
          <line num="206" count="1" type="stmt"/>
          <line num="207" count="0" type="stmt"/>
          <line num="208" count="0" type="stmt"/>
          <line num="209" count="0" type="stmt"/>
        </file>
      </package>
      <package name="reducers">
        <metrics statements="187" coveredstatements="106" conditionals="155" coveredconditionals="33" methods="24" coveredmethods="20"/>
        <file name="auth.js" path="/Users/andeladeveloper/Documents/Andela/webpack-tut/hellobooks-client/HelloBooks/client/reducers/auth.js">
          <metrics statements="6" coveredstatements="5" conditionals="4" coveredconditionals="3" methods="1" coveredmethods="1"/>
          <line num="7" count="1" type="stmt"/>
          <line num="9" count="1" type="stmt"/>
          <line num="18" count="1" type="cond" truecount="2" falsecount="0"/>
          <line num="19" count="2" type="cond" truecount="1" falsecount="1"/>
          <line num="21" count="0" type="stmt"/>
          <line num="25" count="2" type="stmt"/>
        </file>
        <file name="book.js" path="/Users/andeladeveloper/Documents/Andela/webpack-tut/hellobooks-client/HelloBooks/client/reducers/book.js">
          <metrics statements="68" coveredstatements="40" conditionals="58" coveredconditionals="15" methods="9" coveredmethods="7"/>
          <line num="37" count="1" type="stmt"/>
          <line num="38" count="1" type="stmt"/>
          <line num="43" count="1" type="cond" truecount="0" falsecount="2"/>
          <line num="44" count="2" type="cond" truecount="2" falsecount="2"/>
          <line num="46" count="0" type="stmt"/>
          <line num="52" count="1" type="stmt"/>
          <line num="59" count="1" type="stmt"/>
          <line num="65" count="0" type="stmt"/>
          <line num="68" count="1" type="stmt"/>
          <line num="75" count="1" type="stmt"/>
          <line num="81" count="1" type="cond" truecount="0" falsecount="2"/>
          <line num="82" count="0" type="cond" truecount="0" falsecount="5"/>
          <line num="84" count="0" type="stmt"/>
          <line num="90" count="0" type="stmt"/>
          <line num="98" count="0" type="stmt"/>
          <line num="105" count="0" type="stmt"/>
          <line num="113" count="0" type="stmt"/>
          <line num="116" count="1" type="stmt"/>
          <line num="123" count="1" type="cond" truecount="0" falsecount="2"/>
          <line num="124" count="0" type="cond" truecount="0" falsecount="4"/>
          <line num="126" count="0" type="stmt"/>
          <line num="132" count="0" type="stmt"/>
          <line num="139" count="0" type="stmt"/>
          <line num="145" count="0" type="stmt"/>
          <line num="149" count="1" type="stmt"/>
          <line num="155" count="1" type="cond" truecount="0" falsecount="2"/>
          <line num="156" count="3" type="cond" truecount="3" falsecount="2"/>
          <line num="158" count="0" type="stmt"/>
          <line num="164" count="1" type="stmt"/>
          <line num="172" count="1" type="stmt"/>
          <line num="179" count="1" type="stmt"/>
          <line num="187" count="0" type="stmt"/>
          <line num="191" count="1" type="stmt"/>
          <line num="197" count="1" type="cond" truecount="1" falsecount="1"/>
          <line num="198" count="2" type="cond" truecount="2" falsecount="2"/>
          <line num="200" count="0" type="stmt"/>
          <line num="206" count="1" type="stmt"/>
          <line num="214" count="1" type="stmt"/>
          <line num="220" count="0" type="stmt"/>
          <line num="224" count="1" type="cond" truecount="0" falsecount="2"/>
          <line num="225" count="2" type="cond" truecount="2" falsecount="2"/>
          <line num="227" count="0" type="stmt"/>
          <line num="233" count="1" type="stmt"/>
          <line num="240" count="1" type="stmt"/>
          <line num="246" count="0" type="stmt"/>
          <line num="249" count="1" type="stmt"/>
          <line num="256" count="1" type="cond" truecount="0" falsecount="2"/>
          <line num="257" count="2" type="cond" truecount="2" falsecount="3"/>
          <line num="259" count="0" type="stmt"/>
          <line num="265" count="1" type="stmt"/>
          <line num="273" count="1" type="stmt"/>
          <line num="280" count="0" type="stmt"/>
          <line num="288" count="0" type="stmt"/>
          <line num="292" count="1" type="stmt"/>
          <line num="302" count="1" type="cond" truecount="0" falsecount="2"/>
          <line num="303" count="1" type="cond" truecount="1" falsecount="4"/>
          <line num="305" count="0" type="stmt"/>
          <line num="311" count="1" type="stmt"/>
          <line num="318" count="0" type="stmt"/>
          <line num="325" count="0" type="stmt"/>
          <line num="331" count="0" type="stmt"/>
          <line num="335" count="1" type="stmt"/>
          <line num="345" count="1" type="cond" truecount="0" falsecount="2"/>
          <line num="346" count="2" type="cond" truecount="2" falsecount="2"/>
          <line num="348" count="0" type="stmt"/>
          <line num="354" count="1" type="stmt"/>
          <line num="361" count="1" type="stmt"/>
          <line num="367" count="0" type="stmt"/>
        </file>
        <file name="changePassword.js" path="/Users/andeladeveloper/Documents/Andela/webpack-tut/hellobooks-client/HelloBooks/client/reducers/changePassword.js">
          <metrics statements="8" coveredstatements="5" conditionals="7" coveredconditionals="2" methods="1" coveredmethods="1"/>
          <line num="8" count="1" type="stmt"/>
          <line num="10" count="1" type="stmt"/>
          <line num="21" count="2" type="cond" truecount="2" falsecount="3"/>
          <line num="23" count="0" type="stmt"/>
          <line num="29" count="1" type="stmt"/>
          <line num="36" count="1" type="stmt"/>
          <line num="43" count="0" type="stmt"/>
          <line num="50" count="0" type="stmt"/>
        </file>
        <file name="getPdf.js" path="/Users/andeladeveloper/Documents/Andela/webpack-tut/hellobooks-client/HelloBooks/client/reducers/getPdf.js">
          <metrics statements="8" coveredstatements="6" conditionals="6" coveredconditionals="2" methods="1" coveredmethods="1"/>
          <line num="7" count="1" type="stmt"/>
          <line num="9" count="1" type="stmt"/>
          <line num="19" count="1" type="cond" truecount="0" falsecount="2"/>
          <line num="20" count="2" type="cond" truecount="2" falsecount="2"/>
          <line num="22" count="0" type="stmt"/>
          <line num="28" count="1" type="stmt"/>
          <line num="35" count="1" type="stmt"/>
          <line num="41" count="0" type="stmt"/>
        </file>
        <file name="getUser.js" path="/Users/andeladeveloper/Documents/Andela/webpack-tut/hellobooks-client/HelloBooks/client/reducers/getUser.js">
          <metrics statements="8" coveredstatements="6" conditionals="6" coveredconditionals="2" methods="1" coveredmethods="1"/>
          <line num="7" count="1" type="stmt"/>
          <line num="9" count="1" type="stmt"/>
          <line num="19" count="1" type="cond" truecount="0" falsecount="2"/>
          <line num="20" count="2" type="cond" truecount="2" falsecount="2"/>
          <line num="22" count="0" type="stmt"/>
          <line num="28" count="1" type="stmt"/>
          <line num="35" count="1" type="stmt"/>
          <line num="41" count="0" type="stmt"/>
        </file>
        <file name="history.js" path="/Users/andeladeveloper/Documents/Andela/webpack-tut/hellobooks-client/HelloBooks/client/reducers/history.js">
          <metrics statements="17" coveredstatements="9" conditionals="14" coveredconditionals="2" methods="2" coveredmethods="2"/>
          <line num="11" count="1" type="stmt"/>
          <line num="13" count="1" type="stmt"/>
          <line num="22" count="1" type="cond" truecount="0" falsecount="2"/>
          <line num="23" count="1" type="cond" truecount="1" falsecount="4"/>
          <line num="25" count="0" type="stmt"/>
          <line num="31" count="1" type="stmt"/>
          <line num="38" count="0" type="stmt"/>
          <line num="45" count="0" type="stmt"/>
          <line num="51" count="0" type="stmt"/>
          <line num="54" count="1" type="stmt"/>
          <line num="59" count="1" type="cond" truecount="0" falsecount="2"/>
          <line num="60" count="1" type="cond" truecount="1" falsecount="4"/>
          <line num="62" count="0" type="stmt"/>
          <line num="68" count="1" type="stmt"/>
          <line num="75" count="0" type="stmt"/>
          <line num="82" count="0" type="stmt"/>
          <line num="88" count="0" type="stmt"/>
        </file>
        <file name="notification.js" path="/Users/andeladeveloper/Documents/Andela/webpack-tut/hellobooks-client/HelloBooks/client/reducers/notification.js">
          <metrics statements="9" coveredstatements="6" conditionals="6" coveredconditionals="1" methods="1" coveredmethods="1"/>
          <line num="7" count="1" type="stmt"/>
          <line num="9" count="1" type="stmt"/>
          <line num="20" count="1" type="stmt"/>
          <line num="30" count="1" type="cond" truecount="0" falsecount="2"/>
          <line num="31" count="1" type="cond" truecount="1" falsecount="3"/>
          <line num="33" count="0" type="stmt"/>
          <line num="39" count="1" type="stmt"/>
          <line num="46" count="0" type="stmt"/>
          <line num="52" count="0" type="stmt"/>
        </file>
        <file name="updateUser.js" path="/Users/andeladeveloper/Documents/Andela/webpack-tut/hellobooks-client/HelloBooks/client/reducers/updateUser.js">
          <metrics statements="8" coveredstatements="2" conditionals="7" coveredconditionals="0" methods="1" coveredmethods="0"/>
          <line num="8" count="1" type="stmt"/>
          <line num="10" count="1" type="stmt"/>
          <line num="21" count="0" type="cond" truecount="0" falsecount="5"/>
          <line num="23" count="0" type="stmt"/>
          <line num="29" count="0" type="stmt"/>
          <line num="36" count="0" type="stmt"/>
          <line num="43" count="0" type="stmt"/>
          <line num="49" count="0" type="stmt"/>
        </file>
        <file name="upload.js" path="/Users/andeladeveloper/Documents/Andela/webpack-tut/hellobooks-client/HelloBooks/client/reducers/upload.js">
          <metrics statements="14" coveredstatements="8" conditionals="12" coveredconditionals="2" methods="2" coveredmethods="2"/>
          <line num="10" count="1" type="stmt"/>
          <line num="12" count="1" type="stmt"/>
          <line num="22" count="1" type="cond" truecount="0" falsecount="2"/>
          <line num="23" count="1" type="cond" truecount="1" falsecount="3"/>
          <line num="25" count="0" type="stmt"/>
          <line num="31" count="1" type="stmt"/>
          <line num="38" count="0" type="stmt"/>
          <line num="44" count="0" type="stmt"/>
          <line num="52" count="1" type="cond" truecount="0" falsecount="2"/>
          <line num="53" count="1" type="cond" truecount="1" falsecount="3"/>
          <line num="55" count="0" type="stmt"/>
          <line num="61" count="1" type="stmt"/>
          <line num="68" count="0" type="stmt"/>
          <line num="74" count="0" type="stmt"/>
        </file>
        <file name="user.js" path="/Users/andeladeveloper/Documents/Andela/webpack-tut/hellobooks-client/HelloBooks/client/reducers/user.js">
          <metrics statements="41" coveredstatements="19" conditionals="35" coveredconditionals="4" methods="5" coveredmethods="4"/>
          <line num="26" count="1" type="stmt"/>
          <line num="28" count="1" type="stmt"/>
          <line num="39" count="1" type="cond" truecount="0" falsecount="2"/>
          <line num="40" count="1" type="cond" truecount="1" falsecount="4"/>
          <line num="42" count="0" type="stmt"/>
          <line num="48" count="1" type="stmt"/>
          <line num="55" count="0" type="stmt"/>
          <line num="62" count="0" type="stmt"/>
          <line num="69" count="0" type="stmt"/>
          <line num="73" count="1" type="stmt"/>
          <line num="83" count="1" type="cond" truecount="0" falsecount="2"/>
          <line num="84" count="1" type="cond" truecount="1" falsecount="4"/>
          <line num="86" count="0" type="stmt"/>
          <line num="92" count="1" type="stmt"/>
          <line num="99" count="0" type="stmt"/>
          <line num="106" count="0" type="stmt"/>
          <line num="112" count="0" type="stmt"/>
          <line num="115" count="1" type="stmt"/>
          <line num="125" count="1" type="cond" truecount="0" falsecount="2"/>
          <line num="126" count="0" type="cond" truecount="0" falsecount="5"/>
          <line num="128" count="0" type="stmt"/>
          <line num="134" count="0" type="stmt"/>
          <line num="141" count="0" type="stmt"/>
          <line num="148" count="0" type="stmt"/>
          <line num="154" count="0" type="stmt"/>
          <line num="157" count="1" type="stmt"/>
          <line num="167" count="1" type="cond" truecount="0" falsecount="2"/>
          <line num="168" count="1" type="cond" truecount="1" falsecount="4"/>
          <line num="170" count="0" type="stmt"/>
          <line num="176" count="1" type="stmt"/>
          <line num="183" count="0" type="stmt"/>
          <line num="190" count="0" type="stmt"/>
          <line num="196" count="0" type="stmt"/>
          <line num="199" count="1" type="stmt"/>
          <line num="209" count="1" type="cond" truecount="0" falsecount="2"/>
          <line num="210" count="1" type="cond" truecount="1" falsecount="4"/>
          <line num="212" count="0" type="stmt"/>
          <line num="218" count="1" type="stmt"/>
          <line num="225" count="0" type="stmt"/>
          <line num="232" count="0" type="stmt"/>
          <line num="239" count="0" type="stmt"/>
        </file>
      </package>
      <package name="test">
        <metrics statements="68" coveredstatements="65" conditionals="0" coveredconditionals="0" methods="0" coveredmethods="0"/>
        <file name="apiEndPoints.js" path="/Users/andeladeveloper/Documents/Andela/webpack-tut/hellobooks-client/HelloBooks/client/test/apiEndPoints.js">
          <metrics statements="20" coveredstatements="20" conditionals="0" coveredconditionals="0" methods="0" coveredmethods="0"/>
          <line num="3" count="1" type="stmt"/>
          <line num="4" count="1" type="stmt"/>
          <line num="5" count="1" type="stmt"/>
          <line num="6" count="1" type="stmt"/>
          <line num="7" count="1" type="stmt"/>
          <line num="8" count="1" type="stmt"/>
          <line num="9" count="1" type="stmt"/>
          <line num="10" count="1" type="stmt"/>
          <line num="11" count="1" type="stmt"/>
          <line num="12" count="1" type="stmt"/>
          <line num="13" count="1" type="stmt"/>
          <line num="14" count="1" type="stmt"/>
          <line num="15" count="1" type="stmt"/>
          <line num="16" count="1" type="stmt"/>
          <line num="17" count="1" type="stmt"/>
          <line num="18" count="1" type="stmt"/>
          <line num="19" count="1" type="stmt"/>
          <line num="20" count="1" type="stmt"/>
          <line num="21" count="1" type="stmt"/>
          <line num="22" count="1" type="stmt"/>
        </file>
        <file name="mockData.js" path="/Users/andeladeveloper/Documents/Andela/webpack-tut/hellobooks-client/HelloBooks/client/test/mockData.js">
          <metrics statements="43" coveredstatements="43" conditionals="0" coveredconditionals="0" methods="0" coveredmethods="0"/>
          <line num="1" count="2" type="stmt"/>
          <line num="43" count="2" type="stmt"/>
          <line num="47" count="2" type="stmt"/>
          <line num="53" count="2" type="stmt"/>
          <line num="57" count="2" type="stmt"/>
          <line num="61" count="2" type="stmt"/>
          <line num="64" count="2" type="stmt"/>
          <line num="67" count="2" type="stmt"/>
          <line num="77" count="2" type="stmt"/>
          <line num="80" count="2" type="stmt"/>
          <line num="92" count="2" type="stmt"/>
          <line num="95" count="2" type="stmt"/>
          <line num="99" count="2" type="stmt"/>
          <line num="123" count="2" type="stmt"/>
          <line num="127" count="2" type="stmt"/>
          <line num="132" count="2" type="stmt"/>
          <line num="137" count="2" type="stmt"/>
          <line num="142" count="2" type="stmt"/>
          <line num="148" count="2" type="stmt"/>
          <line num="159" count="2" type="stmt"/>
          <line num="165" count="2" type="stmt"/>
          <line num="177" count="2" type="stmt"/>
          <line num="183" count="2" type="stmt"/>
          <line num="199" count="2" type="stmt"/>
          <line num="205" count="2" type="stmt"/>
          <line num="208" count="2" type="stmt"/>
          <line num="213" count="2" type="stmt"/>
          <line num="229" count="2" type="stmt"/>
          <line num="234" count="2" type="stmt"/>
          <line num="239" count="2" type="stmt"/>
          <line num="242" count="2" type="stmt"/>
          <line num="248" count="2" type="stmt"/>
          <line num="253" count="2" type="stmt"/>
          <line num="257" count="2" type="stmt"/>
          <line num="262" count="2" type="stmt"/>
          <line num="267" count="2" type="stmt"/>
          <line num="272" count="2" type="stmt"/>
          <line num="277" count="2" type="stmt"/>
          <line num="278" count="2" type="stmt"/>
          <line num="279" count="2" type="stmt"/>
          <line num="284" count="2" type="stmt"/>
          <line num="289" count="2" type="stmt"/>
          <line num="294" count="2" type="stmt"/>
        </file>
        <file name="mockDataStorage.js" path="/Users/andeladeveloper/Documents/Andela/webpack-tut/hellobooks-client/HelloBooks/client/test/mockDataStorage.js">
          <metrics statements="5" coveredstatements="2" conditionals="0" coveredconditionals="0" methods="0" coveredmethods="0"/>
          <line num="1" count="1" type="stmt"/>
          <line num="5" count="1" type="stmt"/>
          <line num="11" count="0" type="stmt"/>
          <line num="14" count="0" type="stmt"/>
          <line num="17" count="0" type="stmt"/>
        </file>
      </package>
      <package name="types">
        <metrics statements="0" coveredstatements="0" conditionals="0" coveredconditionals="0" methods="0" coveredmethods="0"/>
        <file name="types.js" path="/Users/andeladeveloper/Documents/Andela/webpack-tut/hellobooks-client/HelloBooks/client/types/types.js">
          <metrics statements="0" coveredstatements="0" conditionals="0" coveredconditionals="0" methods="0" coveredmethods="0"/>
        </file>
      </package>
      <package name="utils">
        <metrics statements="5" coveredstatements="4" conditionals="2" coveredconditionals="1" methods="1" coveredmethods="1"/>
        <file name="setAuthToken.js" path="/Users/andeladeveloper/Documents/Andela/webpack-tut/hellobooks-client/HelloBooks/client/utils/setAuthToken.js">
          <metrics statements="4" coveredstatements="3" conditionals="2" coveredconditionals="1" methods="1" coveredmethods="1"/>
          <line num="7" count="1" type="stmt"/>
          <line num="8" count="2" type="cond" truecount="1" falsecount="1"/>
          <line num="9" count="2" type="stmt"/>
          <line num="11" count="0" type="stmt"/>
        </file>
        <file name="url.js" path="/Users/andeladeveloper/Documents/Andela/webpack-tut/hellobooks-client/HelloBooks/client/utils/url.js">
          <metrics statements="1" coveredstatements="1" conditionals="0" coveredconditionals="0" methods="0" coveredmethods="0"/>
          <line num="1" count="1" type="stmt"/>
        </file>
      </package>
    </metrics>
  </project>
</coverage>
