TN:
SF:/Users/andeladeveloper/Documents/Andela/webpack-tut/hellobooks-client/HelloBooks/client/actions/books.js
FN:45,(anonymous_0)
FN:45,(anonymous_1)
FN:48,(anonymous_2)
FN:58,(anonymous_3)
FN:73,(anonymous_4)
FN:73,(anonymous_5)
FN:83,(anonymous_6)
FN:83,(anonymous_7)
FN:86,(anonymous_8)
FN:94,(anonymous_9)
FN:108,(anonymous_10)
FN:108,(anonymous_11)
FN:115,(anonymous_12)
FN:115,(anonymous_13)
FN:122,(anonymous_14)
FN:122,(anonymous_15)
FN:129,(anonymous_16)
FN:129,(anonymous_17)
FN:138,(anonymous_18)
FN:138,(anonymous_19)
FN:141,(anonymous_20)
FN:149,(anonymous_21)
FN:164,(anonymous_22)
FN:164,(anonymous_23)
FN:167,(anonymous_24)
FN:175,(anonymous_25)
FN:192,(anonymous_26)
FN:192,(anonymous_27)
FN:195,(anonymous_28)
FN:203,(anonymous_29)
FN:221,(anonymous_30)
FN:221,(anonymous_31)
FN:224,(anonymous_32)
FN:232,(anonymous_33)
FN:248,(anonymous_34)
FN:248,(anonymous_35)
FN:251,(anonymous_36)
FN:259,(anonymous_37)
FN:275,(anonymous_38)
FN:275,(anonymous_39)
FN:278,(anonymous_40)
FN:286,(anonymous_41)
FN:303,(anonymous_42)
FN:303,(anonymous_43)
FN:306,(anonymous_44)
FN:315,(anonymous_45)
FNF:46
FNH:24
FNDA:1,(anonymous_0)
FNDA:1,(anonymous_1)
FNDA:1,(anonymous_2)
FNDA:0,(anonymous_3)
FNDA:0,(anonymous_4)
FNDA:0,(anonymous_5)
FNDA:1,(anonymous_6)
FNDA:1,(anonymous_7)
FNDA:1,(anonymous_8)
FNDA:0,(anonymous_9)
FNDA:0,(anonymous_10)
FNDA:0,(anonymous_11)
FNDA:0,(anonymous_12)
FNDA:0,(anonymous_13)
FNDA:0,(anonymous_14)
FNDA:0,(anonymous_15)
FNDA:0,(anonymous_16)
FNDA:0,(anonymous_17)
FNDA:1,(anonymous_18)
FNDA:1,(anonymous_19)
FNDA:1,(anonymous_20)
FNDA:0,(anonymous_21)
FNDA:2,(anonymous_22)
FNDA:2,(anonymous_23)
FNDA:2,(anonymous_24)
FNDA:0,(anonymous_25)
FNDA:0,(anonymous_26)
FNDA:0,(anonymous_27)
FNDA:0,(anonymous_28)
FNDA:0,(anonymous_29)
FNDA:1,(anonymous_30)
FNDA:1,(anonymous_31)
FNDA:1,(anonymous_32)
FNDA:0,(anonymous_33)
FNDA:1,(anonymous_34)
FNDA:1,(anonymous_35)
FNDA:1,(anonymous_36)
FNDA:0,(anonymous_37)
FNDA:1,(anonymous_38)
FNDA:1,(anonymous_39)
FNDA:1,(anonymous_40)
FNDA:0,(anonymous_41)
FNDA:1,(anonymous_42)
FNDA:1,(anonymous_43)
FNDA:1,(anonymous_44)
FNDA:0,(anonymous_45)
DA:40,1
DA:45,1
DA:46,1
DA:47,1
DA:49,1
DA:50,1
DA:51,1
DA:57,0
DA:59,0
DA:60,0
DA:65,0
DA:73,1
DA:74,0
DA:83,1
DA:84,1
DA:85,1
DA:87,1
DA:88,1
DA:93,0
DA:95,0
DA:96,0
DA:101,0
DA:108,1
DA:115,1
DA:122,1
DA:129,1
DA:138,1
DA:139,1
DA:140,1
DA:142,1
DA:143,1
DA:148,0
DA:150,0
DA:151,0
DA:156,0
DA:164,2
DA:165,2
DA:166,2
DA:168,2
DA:169,2
DA:174,0
DA:176,0
DA:177,0
DA:182,0
DA:192,1
DA:193,0
DA:194,0
DA:196,0
DA:197,0
DA:202,0
DA:204,0
DA:205,0
DA:210,0
DA:221,1
DA:222,1
DA:223,1
DA:225,1
DA:226,1
DA:231,0
DA:233,0
DA:234,0
DA:239,0
DA:248,1
DA:249,1
DA:250,1
DA:252,1
DA:253,1
DA:258,0
DA:260,0
DA:261,0
DA:266,0
DA:275,1
DA:276,1
DA:277,1
DA:279,1
DA:280,1
DA:285,0
DA:287,0
DA:288,0
DA:293,0
DA:303,1
DA:304,1
DA:305,1
DA:307,1
DA:308,1
DA:313,0
DA:316,0
DA:317,0
DA:322,0
LF:89
LH:48
BRDA:49,0,0,1
BRDA:49,0,1,0
BRDA:50,1,0,1
BRDA:50,1,1,0
BRDA:59,2,0,0
BRDA:59,2,1,0
BRDA:87,3,0,1
BRDA:87,3,1,0
BRDA:95,4,0,0
BRDA:95,4,1,0
BRDA:142,5,0,1
BRDA:142,5,1,0
BRDA:150,6,0,0
BRDA:150,6,1,0
BRDA:168,7,0,2
BRDA:168,7,1,0
BRDA:176,8,0,0
BRDA:176,8,1,0
BRDA:196,9,0,0
BRDA:196,9,1,0
BRDA:204,10,0,0
BRDA:204,10,1,0
BRDA:225,11,0,1
BRDA:225,11,1,0
BRDA:233,12,0,0
BRDA:233,12,1,0
BRDA:252,13,0,1
BRDA:252,13,1,0
BRDA:260,14,0,0
BRDA:260,14,1,0
BRDA:279,15,0,1
BRDA:279,15,1,0
BRDA:287,16,0,0
BRDA:287,16,1,0
BRDA:307,17,0,1
BRDA:307,17,1,0
BRDA:316,18,0,0
BRDA:316,18,1,0
BRF:38
BRH:9
end_of_record
TN:
SF:/Users/andeladeveloper/Documents/Andela/webpack-tut/hellobooks-client/HelloBooks/client/actions/changePassword.js
FN:17,(anonymous_0)
FN:17,(anonymous_1)
FN:22,(anonymous_2)
FN:29,(anonymous_3)
FN:38,(anonymous_4)
FN:38,(anonymous_5)
FNF:6
FNH:3
FNDA:1,(anonymous_0)
FNDA:1,(anonymous_1)
FNDA:1,(anonymous_2)
FNDA:0,(anonymous_3)
FNDA:0,(anonymous_4)
FNDA:0,(anonymous_5)
DA:11,1
DA:17,1
DA:18,1
DA:21,1
DA:23,1
DA:24,1
DA:30,0
DA:31,0
DA:38,1
LF:9
LH:7
BRDA:23,0,0,1
BRDA:23,0,1,0
BRDA:30,1,0,0
BRDA:30,1,1,0
BRF:4
BRH:1
end_of_record
TN:
SF:/Users/andeladeveloper/Documents/Andela/webpack-tut/hellobooks-client/HelloBooks/client/actions/getPdf.js
FN:15,(anonymous_0)
FN:15,(anonymous_1)
FN:18,(anonymous_2)
FN:26,(anonymous_3)
FNF:4
FNH:3
FNDA:1,(anonymous_0)
FNDA:1,(anonymous_1)
FNDA:1,(anonymous_2)
FNDA:0,(anonymous_3)
DA:10,1
DA:15,1
DA:16,1
DA:17,1
DA:19,1
DA:20,1
DA:25,0
DA:27,0
DA:28,0
DA:33,0
LF:10
LH:6
BRDA:19,0,0,1
BRDA:19,0,1,0
BRDA:27,1,0,0
BRDA:27,1,1,0
BRF:4
BRH:1
end_of_record
TN:
SF:/Users/andeladeveloper/Documents/Andela/webpack-tut/hellobooks-client/HelloBooks/client/actions/getUser.js
FN:15,(anonymous_0)
FN:15,(anonymous_1)
FN:20,(anonymous_2)
FN:28,(anonymous_3)
FNF:4
FNH:3
FNDA:1,(anonymous_0)
FNDA:1,(anonymous_1)
FNDA:1,(anonymous_2)
FNDA:0,(anonymous_3)
DA:10,1
DA:15,1
DA:16,1
DA:19,1
DA:21,1
DA:22,1
DA:27,0
DA:29,0
DA:30,0
DA:35,0
LF:10
LH:6
BRDA:21,0,0,1
BRDA:21,0,1,0
BRDA:29,1,0,0
BRDA:29,1,1,0
BRF:4
BRH:1
end_of_record
TN:
SF:/Users/andeladeveloper/Documents/Andela/webpack-tut/hellobooks-client/HelloBooks/client/actions/history.js
FN:19,(anonymous_0)
FN:19,(anonymous_1)
FN:22,(anonymous_2)
FN:30,(anonymous_3)
FN:45,(anonymous_4)
FN:45,(anonymous_5)
FN:48,(anonymous_6)
FN:56,(anonymous_7)
FNF:8
FNH:3
FNDA:1,(anonymous_0)
FNDA:1,(anonymous_1)
FNDA:1,(anonymous_2)
FNDA:0,(anonymous_3)
FNDA:0,(anonymous_4)
FNDA:0,(anonymous_5)
FNDA:0,(anonymous_6)
FNDA:0,(anonymous_7)
DA:14,1
DA:19,1
DA:20,1
DA:21,1
DA:23,1
DA:24,1
DA:29,0
DA:31,0
DA:32,0
DA:37,0
DA:45,1
DA:46,0
DA:47,0
DA:49,0
DA:50,0
DA:55,0
DA:57,0
DA:58,0
DA:63,0
LF:19
LH:7
BRDA:23,0,0,1
BRDA:23,0,1,0
BRDA:31,1,0,0
BRDA:31,1,1,0
BRDA:49,2,0,0
BRDA:49,2,1,0
BRDA:57,3,0,0
BRDA:57,3,1,0
BRF:8
BRH:1
end_of_record
TN:
SF:/Users/andeladeveloper/Documents/Andela/webpack-tut/hellobooks-client/HelloBooks/client/actions/notification.js
FN:17,(anonymous_0)
FN:18,(anonymous_1)
FN:24,(anonymous_2)
FN:27,(anonymous_3)
FN:35,(anonymous_4)
FNF:5
FNH:4
FNDA:1,(anonymous_0)
FNDA:1,(anonymous_1)
FNDA:1,(anonymous_2)
FNDA:1,(anonymous_3)
FNDA:0,(anonymous_4)
DA:10,1
DA:17,1
DA:18,1
DA:19,1
DA:20,0
DA:22,1
DA:24,1
DA:25,1
DA:26,1
DA:28,1
DA:29,1
DA:34,0
DA:36,0
DA:37,0
DA:42,0
LF:15
LH:10
BRDA:19,0,0,0
BRDA:19,0,1,1
BRDA:28,1,0,1
BRDA:28,1,1,0
BRDA:36,2,0,0
BRDA:36,2,1,0
BRF:6
BRH:2
end_of_record
TN:
SF:/Users/andeladeveloper/Documents/Andela/webpack-tut/hellobooks-client/HelloBooks/client/actions/updateUser.js
FN:17,(anonymous_0)
FN:17,(anonymous_1)
FN:22,(anonymous_2)
FN:30,(anonymous_3)
FN:43,(anonymous_4)
FN:43,(anonymous_5)
FNF:6
FNH:3
FNDA:1,(anonymous_0)
FNDA:1,(anonymous_1)
FNDA:1,(anonymous_2)
FNDA:0,(anonymous_3)
FNDA:0,(anonymous_4)
FNDA:0,(anonymous_5)
DA:11,1
DA:17,1
DA:18,1
DA:21,1
DA:23,1
DA:24,1
DA:29,0
DA:31,0
DA:32,0
DA:37,0
DA:43,1
LF:11
LH:7
BRDA:23,0,0,1
BRDA:23,0,1,0
BRDA:31,1,0,0
BRDA:31,1,1,0
BRF:4
BRH:1
end_of_record
TN:
SF:/Users/andeladeveloper/Documents/Andela/webpack-tut/hellobooks-client/HelloBooks/client/actions/user.js
FN:38,(anonymous_0)
FN:46,(anonymous_1)
FN:47,(anonymous_2)
FN:50,(anonymous_3)
FN:57,(anonymous_4)
FN:70,(anonymous_5)
FN:71,(anonymous_6)
FN:74,(anonymous_7)
FN:86,(anonymous_8)
FN:98,(anonymous_9)
FN:98,(anonymous_10)
FN:105,(anonymous_11)
FN:106,(anonymous_12)
FN:109,(anonymous_13)
FN:119,(anonymous_14)
FN:132,(anonymous_15)
FN:132,(anonymous_16)
FN:139,(anonymous_17)
FN:139,(anonymous_18)
FN:146,(anonymous_19)
FN:147,(anonymous_20)
FN:150,(anonymous_21)
FN:157,(anonymous_22)
FN:171,(anonymous_23)
FN:172,(anonymous_24)
FN:175,(anonymous_25)
FN:182,(anonymous_26)
FN:194,(anonymous_27)
FN:194,(anonymous_28)
FN:200,(anonymous_29)
FN:200,(anonymous_30)
FN:206,(anonymous_31)
FN:206,(anonymous_32)
FNF:33
FNH:16
FNDA:2,(anonymous_0)
FNDA:1,(anonymous_1)
FNDA:1,(anonymous_2)
FNDA:1,(anonymous_3)
FNDA:0,(anonymous_4)
FNDA:1,(anonymous_5)
FNDA:1,(anonymous_6)
FNDA:1,(anonymous_7)
FNDA:0,(anonymous_8)
FNDA:0,(anonymous_9)
FNDA:0,(anonymous_10)
FNDA:1,(anonymous_11)
FNDA:1,(anonymous_12)
FNDA:1,(anonymous_13)
FNDA:0,(anonymous_14)
FNDA:0,(anonymous_15)
FNDA:0,(anonymous_16)
FNDA:0,(anonymous_17)
FNDA:0,(anonymous_18)
FNDA:1,(anonymous_19)
FNDA:1,(anonymous_20)
FNDA:1,(anonymous_21)
FNDA:0,(anonymous_22)
FNDA:1,(anonymous_23)
FNDA:1,(anonymous_24)
FNDA:1,(anonymous_25)
FNDA:0,(anonymous_26)
FNDA:0,(anonymous_27)
FNDA:0,(anonymous_28)
FNDA:0,(anonymous_29)
FNDA:0,(anonymous_30)
FNDA:0,(anonymous_31)
FNDA:0,(anonymous_32)
DA:32,1
DA:38,2
DA:46,1
DA:47,1
DA:48,1
DA:49,1
DA:51,1
DA:52,1
DA:58,0
DA:59,0
DA:70,1
DA:71,1
DA:72,1
DA:73,1
DA:75,1
DA:76,1
DA:80,1
DA:81,1
DA:82,1
DA:83,1
DA:87,0
DA:88,0
DA:98,1
DA:105,1
DA:106,1
DA:107,1
DA:108,1
DA:110,1
DA:111,1
DA:115,1
DA:116,1
DA:117,1
DA:120,0
DA:121,0
DA:132,1
DA:139,1
DA:146,1
DA:147,1
DA:148,1
DA:149,1
DA:151,1
DA:152,1
DA:158,0
DA:159,0
DA:171,1
DA:172,1
DA:173,1
DA:174,1
DA:176,1
DA:177,1
DA:183,0
DA:184,0
DA:194,1
DA:200,1
DA:206,1
DA:207,0
DA:208,0
DA:209,0
LF:58
LH:45
BRDA:51,0,0,1
BRDA:51,0,1,0
BRDA:58,1,0,0
BRDA:58,1,1,0
BRDA:75,2,0,1
BRDA:75,2,1,0
BRDA:87,3,0,0
BRDA:87,3,1,0
BRDA:110,4,0,1
BRDA:110,4,1,0
BRDA:120,5,0,0
BRDA:120,5,1,0
BRDA:151,6,0,1
BRDA:151,6,1,0
BRDA:158,7,0,0
BRDA:158,7,1,0
BRDA:176,8,0,1
BRDA:176,8,1,0
BRDA:183,9,0,0
BRDA:183,9,1,0
BRF:20
BRH:5
end_of_record
TN:
SF:/Users/andeladeveloper/Documents/Andela/webpack-tut/hellobooks-client/HelloBooks/client/reducers/auth.js
FN:18,(anonymous_0)
FNF:1
FNH:1
FNDA:2,(anonymous_0)
DA:7,1
DA:9,1
DA:18,1
DA:19,2
DA:21,0
DA:25,2
LF:6
LH:5
BRDA:18,0,0,1
BRDA:18,1,0,1
BRDA:19,2,0,0
BRDA:19,2,1,2
BRF:4
BRH:3
end_of_record
TN:
SF:/Users/andeladeveloper/Documents/Andela/webpack-tut/hellobooks-client/HelloBooks/client/reducers/book.js
FN:43,(anonymous_0)
FN:81,(anonymous_1)
FN:123,(anonymous_2)
FN:155,(anonymous_3)
FN:197,(anonymous_4)
FN:224,(anonymous_5)
FN:256,(anonymous_6)
FN:302,(anonymous_7)
FN:345,(anonymous_8)
FNF:9
FNH:7
FNDA:2,(anonymous_0)
FNDA:0,(anonymous_1)
FNDA:0,(anonymous_2)
FNDA:3,(anonymous_3)
FNDA:2,(anonymous_4)
FNDA:2,(anonymous_5)
FNDA:2,(anonymous_6)
FNDA:1,(anonymous_7)
FNDA:2,(anonymous_8)
DA:37,1
DA:38,1
DA:43,1
DA:44,2
DA:46,0
DA:52,1
DA:59,1
DA:65,0
DA:68,1
DA:75,1
DA:81,1
DA:82,0
DA:84,0
DA:90,0
DA:98,0
DA:105,0
DA:113,0
DA:116,1
DA:123,1
DA:124,0
DA:126,0
DA:132,0
DA:139,0
DA:145,0
DA:149,1
DA:155,1
DA:156,3
DA:158,0
DA:164,1
DA:172,1
DA:179,1
DA:187,0
DA:191,1
DA:197,1
DA:198,2
DA:200,0
DA:206,1
DA:214,1
DA:220,0
DA:224,1
DA:225,2
DA:227,0
DA:233,1
DA:240,1
DA:246,0
DA:249,1
DA:256,1
DA:257,2
DA:259,0
DA:265,1
DA:273,1
DA:280,0
DA:288,0
DA:292,1
DA:302,1
DA:303,1
DA:305,0
DA:311,1
DA:318,0
DA:325,0
DA:331,0
DA:335,1
DA:345,1
DA:346,2
DA:348,0
DA:354,1
DA:361,1
DA:367,0
LF:68
LH:40
BRDA:43,0,0,0
BRDA:43,1,0,0
BRDA:44,2,0,0
BRDA:44,2,1,1
BRDA:44,2,2,1
BRDA:44,2,3,0
BRDA:81,3,0,0
BRDA:81,4,0,0
BRDA:82,5,0,0
BRDA:82,5,1,0
BRDA:82,5,2,0
BRDA:82,5,3,0
BRDA:82,5,4,0
BRDA:123,6,0,0
BRDA:123,7,0,0
BRDA:124,8,0,0
BRDA:124,8,1,0
BRDA:124,8,2,0
BRDA:124,8,3,0
BRDA:155,9,0,0
BRDA:155,10,0,0
BRDA:156,11,0,0
BRDA:156,11,1,1
BRDA:156,11,2,1
BRDA:156,11,3,1
BRDA:156,11,4,0
BRDA:197,12,0,2
BRDA:197,13,0,0
BRDA:198,14,0,0
BRDA:198,14,1,1
BRDA:198,14,2,1
BRDA:198,14,3,0
BRDA:224,15,0,0
BRDA:224,16,0,0
BRDA:225,17,0,0
BRDA:225,17,1,1
BRDA:225,17,2,1
BRDA:225,17,3,0
BRDA:256,18,0,0
BRDA:256,19,0,0
BRDA:257,20,0,0
BRDA:257,20,1,1
BRDA:257,20,2,1
BRDA:257,20,3,0
BRDA:257,20,4,0
BRDA:302,21,0,0
BRDA:302,22,0,0
BRDA:303,23,0,0
BRDA:303,23,1,1
BRDA:303,23,2,0
BRDA:303,23,3,0
BRDA:303,23,4,0
BRDA:345,24,0,0
BRDA:345,25,0,0
BRDA:346,26,0,0
BRDA:346,26,1,1
BRDA:346,26,2,1
BRDA:346,26,3,0
BRF:58
BRH:15
end_of_record
TN:
SF:/Users/andeladeveloper/Documents/Andela/webpack-tut/hellobooks-client/HelloBooks/client/reducers/changePassword.js
FN:20,(anonymous_0)
FNF:1
FNH:1
FNDA:2,(anonymous_0)
DA:8,1
DA:10,1
DA:21,2
DA:23,0
DA:29,1
DA:36,1
DA:43,0
DA:50,0
LF:8
LH:5
BRDA:20,0,0,0
BRDA:20,1,0,0
BRDA:21,2,0,0
BRDA:21,2,1,1
BRDA:21,2,2,1
BRDA:21,2,3,0
BRDA:21,2,4,0
BRF:7
BRH:2
end_of_record
TN:
SF:/Users/andeladeveloper/Documents/Andela/webpack-tut/hellobooks-client/HelloBooks/client/reducers/getPdf.js
FN:19,(anonymous_0)
FNF:1
FNH:1
FNDA:2,(anonymous_0)
DA:7,1
DA:9,1
DA:19,1
DA:20,2
DA:22,0
DA:28,1
DA:35,1
DA:41,0
LF:8
LH:6
BRDA:19,0,0,0
BRDA:19,1,0,0
BRDA:20,2,0,0
BRDA:20,2,1,1
BRDA:20,2,2,1
BRDA:20,2,3,0
BRF:6
BRH:2
end_of_record
TN:
SF:/Users/andeladeveloper/Documents/Andela/webpack-tut/hellobooks-client/HelloBooks/client/reducers/getUser.js
FN:19,(anonymous_0)
FNF:1
FNH:1
FNDA:2,(anonymous_0)
DA:7,1
DA:9,1
DA:19,1
DA:20,2
DA:22,0
DA:28,1
DA:35,1
DA:41,0
LF:8
LH:6
BRDA:19,0,0,0
BRDA:19,1,0,0
BRDA:20,2,0,0
BRDA:20,2,1,1
BRDA:20,2,2,1
BRDA:20,2,3,0
BRF:6
BRH:2
end_of_record
TN:
SF:/Users/andeladeveloper/Documents/Andela/webpack-tut/hellobooks-client/HelloBooks/client/reducers/history.js
FN:22,(anonymous_0)
FN:59,(anonymous_1)
FNF:2
FNH:2
FNDA:1,(anonymous_0)
FNDA:1,(anonymous_1)
DA:11,1
DA:13,1
DA:22,1
DA:23,1
DA:25,0
DA:31,1
DA:38,0
DA:45,0
DA:51,0
DA:54,1
DA:59,1
DA:60,1
DA:62,0
DA:68,1
DA:75,0
DA:82,0
DA:88,0
LF:17
LH:9
BRDA:22,0,0,0
BRDA:22,1,0,0
BRDA:23,2,0,0
BRDA:23,2,1,1
BRDA:23,2,2,0
BRDA:23,2,3,0
BRDA:23,2,4,0
BRDA:59,3,0,0
BRDA:59,4,0,0
BRDA:60,5,0,0
BRDA:60,5,1,1
BRDA:60,5,2,0
BRDA:60,5,3,0
BRDA:60,5,4,0
BRF:14
BRH:2
end_of_record
TN:
SF:/Users/andeladeveloper/Documents/Andela/webpack-tut/hellobooks-client/HelloBooks/client/reducers/notification.js
FN:30,(anonymous_0)
FNF:1
FNH:1
FNDA:1,(anonymous_0)
DA:7,1
DA:9,1
DA:20,1
DA:30,1
DA:31,1
DA:33,0
DA:39,1
DA:46,0
DA:52,0
LF:9
LH:6
BRDA:30,0,0,0
BRDA:30,1,0,0
BRDA:31,2,0,0
BRDA:31,2,1,1
BRDA:31,2,2,0
BRDA:31,2,3,0
BRF:6
BRH:1
end_of_record
TN:
SF:/Users/andeladeveloper/Documents/Andela/webpack-tut/hellobooks-client/HelloBooks/client/reducers/updateUser.js
FN:20,(anonymous_0)
FNF:1
FNH:0
FNDA:0,(anonymous_0)
DA:8,1
DA:10,1
DA:21,0
DA:23,0
DA:29,0
DA:36,0
DA:43,0
DA:49,0
LF:8
LH:2
BRDA:20,0,0,0
BRDA:20,1,0,0
BRDA:21,2,0,0
BRDA:21,2,1,0
BRDA:21,2,2,0
BRDA:21,2,3,0
BRDA:21,2,4,0
BRF:7
BRH:0
end_of_record
TN:
SF:/Users/andeladeveloper/Documents/Andela/webpack-tut/hellobooks-client/HelloBooks/client/reducers/upload.js
FN:22,(anonymous_0)
FN:52,(anonymous_1)
FNF:2
FNH:2
FNDA:1,(anonymous_0)
FNDA:1,(anonymous_1)
DA:10,1
DA:12,1
DA:22,1
DA:23,1
DA:25,0
DA:31,1
DA:38,0
DA:44,0
DA:52,1
DA:53,1
DA:55,0
DA:61,1
DA:68,0
DA:74,0
LF:14
LH:8
BRDA:22,0,0,0
BRDA:22,1,0,0
BRDA:23,2,0,0
BRDA:23,2,1,1
BRDA:23,2,2,0
BRDA:23,2,3,0
BRDA:52,3,0,0
BRDA:52,4,0,0
BRDA:53,5,0,0
BRDA:53,5,1,1
BRDA:53,5,2,0
BRDA:53,5,3,0
BRF:12
BRH:2
end_of_record
TN:
SF:/Users/andeladeveloper/Documents/Andela/webpack-tut/hellobooks-client/HelloBooks/client/reducers/user.js
FN:39,(anonymous_0)
FN:83,(anonymous_1)
FN:125,(anonymous_2)
FN:167,(anonymous_3)
FN:209,(anonymous_4)
FNF:5
FNH:4
FNDA:1,(anonymous_0)
FNDA:1,(anonymous_1)
FNDA:0,(anonymous_2)
FNDA:1,(anonymous_3)
FNDA:1,(anonymous_4)
DA:26,1
DA:28,1
DA:39,1
DA:40,1
DA:42,0
DA:48,1
DA:55,0
DA:62,0
DA:69,0
DA:73,1
DA:83,1
DA:84,1
DA:86,0
DA:92,1
DA:99,0
DA:106,0
DA:112,0
DA:115,1
DA:125,1
DA:126,0
DA:128,0
DA:134,0
DA:141,0
DA:148,0
DA:154,0
DA:157,1
DA:167,1
DA:168,1
DA:170,0
DA:176,1
DA:183,0
DA:190,0
DA:196,0
DA:199,1
DA:209,1
DA:210,1
DA:212,0
DA:218,1
DA:225,0
DA:232,0
DA:239,0
LF:41
LH:19
BRDA:39,0,0,0
BRDA:39,1,0,0
BRDA:40,2,0,0
BRDA:40,2,1,1
BRDA:40,2,2,0
BRDA:40,2,3,0
BRDA:40,2,4,0
BRDA:83,3,0,0
BRDA:83,4,0,0
BRDA:84,5,0,0
BRDA:84,5,1,1
BRDA:84,5,2,0
BRDA:84,5,3,0
BRDA:84,5,4,0
BRDA:125,6,0,0
BRDA:125,7,0,0
BRDA:126,8,0,0
BRDA:126,8,1,0
BRDA:126,8,2,0
BRDA:126,8,3,0
BRDA:126,8,4,0
BRDA:167,9,0,0
BRDA:167,10,0,0
BRDA:168,11,0,0
BRDA:168,11,1,1
BRDA:168,11,2,0
BRDA:168,11,3,0
BRDA:168,11,4,0
BRDA:209,12,0,0
BRDA:209,13,0,0
BRDA:210,14,0,0
BRDA:210,14,1,1
BRDA:210,14,2,0
BRDA:210,14,3,0
BRDA:210,14,4,0
BRF:35
BRH:4
end_of_record
TN:
SF:/Users/andeladeveloper/Documents/Andela/webpack-tut/hellobooks-client/HelloBooks/client/test/apiEndPoints.js
FNF:0
FNH:0
DA:3,1
DA:4,1
DA:5,1
DA:6,1
DA:7,1
DA:8,1
DA:9,1
DA:10,1
DA:11,1
DA:12,1
DA:13,1
DA:14,1
DA:15,1
DA:16,1
DA:17,1
DA:18,1
DA:19,1
DA:20,1
DA:21,1
DA:22,1
LF:20
LH:20
BRF:0
BRH:0
end_of_record
TN:
SF:/Users/andeladeveloper/Documents/Andela/webpack-tut/hellobooks-client/HelloBooks/client/test/mockData.js
FNF:0
FNH:0
DA:1,2
DA:43,2
DA:47,2
DA:53,2
DA:57,2
DA:61,2
DA:64,2
DA:67,2
DA:77,2
DA:80,2
DA:92,2
DA:95,2
DA:99,2
DA:123,2
DA:127,2
DA:132,2
DA:137,2
DA:142,2
DA:148,2
DA:159,2
DA:165,2
DA:177,2
DA:183,2
DA:199,2
DA:205,2
DA:208,2
DA:213,2
DA:229,2
DA:234,2
DA:239,2
DA:242,2
DA:248,2
DA:253,2
DA:257,2
DA:262,2
DA:267,2
DA:272,2
DA:277,2
DA:278,2
DA:279,2
DA:284,2
DA:289,2
DA:294,2
LF:43
LH:43
BRF:0
BRH:0
end_of_record
TN:
SF:/Users/andeladeveloper/Documents/Andela/webpack-tut/hellobooks-client/HelloBooks/client/test/mockDataStorage.js
FNF:0
FNH:0
DA:1,1
DA:5,1
DA:11,0
DA:14,0
DA:17,0
LF:5
LH:2
BRF:0
BRH:0
end_of_record
TN:
SF:/Users/andeladeveloper/Documents/Andela/webpack-tut/hellobooks-client/HelloBooks/client/types/types.js
FNF:0
FNH:0
LF:0
LH:0
BRF:0
BRH:0
end_of_record
TN:
SF:/Users/andeladeveloper/Documents/Andela/webpack-tut/hellobooks-client/HelloBooks/client/utils/setAuthToken.js
FN:7,(anonymous_0)
FNF:1
FNH:1
FNDA:2,(anonymous_0)
DA:7,1
DA:8,2
DA:9,2
DA:11,0
LF:4
LH:3
BRDA:8,0,0,2
BRDA:8,0,1,0
BRF:2
BRH:1
end_of_record
TN:
SF:/Users/andeladeveloper/Documents/Andela/webpack-tut/hellobooks-client/HelloBooks/client/utils/url.js
FNF:0
FNH:0
DA:1,1
LF:1
LH:1
BRF:0
BRH:0
end_of_record
